#
# There is insufficient memory for the Java Runtime Environment to continue.
# Native memory allocation (malloc) failed to allocate 32744 bytes for ChunkPool::allocate
# Possible reasons:
#   The system is out of physical RAM or swap space
#   The process is running with CompressedOops enabled, and the Java Heap may be blocking the growth of the native heap
# Possible solutions:
#   Reduce memory load on the system
#   Increase physical memory or swap space
#   Check if swap backing store is full
#   Decrease Java heap size (-Xmx/-Xms)
#   Decrease number of Java threads
#   Decrease Java thread stack sizes (-Xss)
#   Set larger code cache with -XX:ReservedCodeCacheSize=
#   JVM is running with Unscaled Compressed Oops mode in which the Java heap is
#     placed in the first 4GB address space. The Java Heap base address is the
#     maximum limit for the native heap growth. Please use -XX:HeapBaseMinAddress
#     to set the Java Heap base and to place the Java Heap above 4GB virtual address.
# This output file may be truncated or incomplete.
#
#  Out of Memory Error (allocation.cpp:272), pid=5760, tid=0x0000000000003b58
#
# JRE version: OpenJDK Runtime Environment (8.0_242-b01) (build 1.8.0_242-release-1644-b01)
# Java VM: OpenJDK 64-Bit Server VM (25.242-b01 mixed mode windows-amd64 compressed oops)
# Failed to write core dump. Minidumps are not enabled by default on client versions of Windows
#

---------------  T H R E A D  ---------------

Current thread (0x0000000015e88000):  JavaThread "C2 CompilerThread0" daemon [_thread_in_native, id=15192, stack(0x00000000174d0000,0x00000000175d0000)]

Stack: [0x00000000174d0000,0x00000000175d0000]
[error occurred during error reporting (printing stack bounds), id 0xc0000005]

Native frames: (J=compiled Java code, j=interpreted, Vv=VM code, C=native code)


Current CompileTask:
C2:  12576 4491       4       com.sun.beans.TypeResolver::resolve (37 bytes)


---------------  P R O C E S S  ---------------

Java Threads: ( => current thread )
  0x0000000017ab1000 JavaThread "Cache worker for Build Output Cleanup Cache (C:\Users\Sezgin\Desktop\Android\MilkDoser\.gradle\buildOutputCleanup)" [_thread_blocked, id=14612, stack(0x0000000022360000,0x0000000022460000)]
  0x0000000017ab1800 JavaThread "pool-1-thread-1" [_thread_blocked, id=11436, stack(0x0000000022140000,0x0000000022240000)]
  0x0000000017ab5800 JavaThread "Build operations Thread 4" [_thread_blocked, id=10804, stack(0x0000000020930000,0x0000000020a30000)]
  0x0000000017ab4800 JavaThread "Build operations Thread 3" [_thread_blocked, id=188, stack(0x0000000020830000,0x0000000020930000)]
  0x0000000017aad000 JavaThread "Build operations Thread 2" [_thread_blocked, id=15220, stack(0x0000000020730000,0x0000000020830000)]
  0x0000000017aae000 JavaThread "Build operations" [_thread_blocked, id=7508, stack(0x0000000020630000,0x0000000020730000)]
  0x0000000019a4e800 JavaThread "Cache worker for execution history cache (C:\Users\Sezgin\.gradle\caches\6.1.1\executionHistory)" [_thread_blocked, id=7796, stack(0x000000001f5c0000,0x000000001f6c0000)]
  0x0000000019a4a800 JavaThread "Cache worker for cache directory md-rule (C:\Users\Sezgin\.gradle\caches\6.1.1\md-rule)" [_thread_blocked, id=13364, stack(0x000000001f4c0000,0x000000001f5c0000)]
  0x0000000019a4d000 JavaThread "Cache worker for cache directory md-supplier (C:\Users\Sezgin\.gradle\caches\6.1.1\md-supplier)" [_thread_blocked, id=14208, stack(0x000000001f3c0000,0x000000001f4c0000)]
  0x0000000019a4c000 JavaThread "Cache worker for file hash cache (C:\Users\Sezgin\Desktop\Android\MilkDoser\.gradle\6.1.1\fileHashes)" [_thread_blocked, id=4132, stack(0x000000001f930000,0x000000001fa30000)]
  0x0000000019a4b800 JavaThread "Cache worker for checksums cache (C:\Users\Sezgin\Desktop\Android\MilkDoser\.gradle\checksums)" [_thread_blocked, id=10204, stack(0x000000001e240000,0x000000001e340000)]
  0x0000000019a4d800 JavaThread "Cache worker for file hash cache (C:\Users\Sezgin\.gradle\caches\6.1.1\fileHashes)" [_thread_blocked, id=13536, stack(0x000000001bbf0000,0x000000001bcf0000)]
  0x0000000019a49000 JavaThread "File lock request listener" [_thread_in_native, id=13776, stack(0x000000001baf0000,0x000000001bbf0000)]
  0x0000000018164000 JavaThread "Cache worker for journal cache (C:\Users\Sezgin\.gradle\caches\journal-1)" [_thread_blocked, id=13940, stack(0x000000001b9f0000,0x000000001baf0000)]
  0x0000000017eb7800 JavaThread "Thread-9" [_thread_blocked, id=12148, stack(0x000000001b6f0000,0x000000001b7f0000)]
  0x0000000017eaa800 JavaThread "Stdin handler" [_thread_blocked, id=9996, stack(0x000000001b5f0000,0x000000001b6f0000)]
  0x0000000017899000 JavaThread "Asynchronous log dispatcher for DefaultDaemonConnection: socket connection from /127.0.0.1:56066 to /127.0.0.1:56067" [_thread_blocked, id=16256, stack(0x000000001b4f0000,0x000000001b5f0000)]
  0x0000000017f72000 JavaThread "Daemon worker" [_thread_in_vm, id=14144, stack(0x000000001b3f0000,0x000000001b4f0000)]
  0x000000001782f000 JavaThread "Cancel handler" [_thread_blocked, id=5708, stack(0x000000001b2f0000,0x000000001b3f0000)]
  0x00000000198fe000 JavaThread "Handler for socket connection from /127.0.0.1:56066 to /127.0.0.1:56067" [_thread_in_native, id=12992, stack(0x000000001aff0000,0x000000001b0f0000)]
  0x00000000198fd800 JavaThread "Daemon" [_thread_blocked, id=548, stack(0x000000001aef0000,0x000000001aff0000)]
  0x00000000198f8800 JavaThread "Daemon periodic checks" [_thread_blocked, id=8272, stack(0x000000001adf0000,0x000000001aef0000)]
  0x000000001987f800 JavaThread "Incoming local TCP Connector on port 56066" [_thread_in_native, id=11372, stack(0x000000001abb0000,0x000000001acb0000)]
  0x00000000197c9000 JavaThread "Daemon health stats" [_thread_blocked, id=8656, stack(0x000000001a570000,0x000000001a670000)]
  0x0000000017812000 JavaThread "Service Thread" daemon [_thread_blocked, id=10492, stack(0x0000000017bd0000,0x0000000017cd0000)]
  0x0000000015e9c800 JavaThread "C1 CompilerThread2" daemon [_thread_blocked, id=4988, stack(0x00000000176d0000,0x00000000177d0000)]
  0x0000000015e8c800 JavaThread "C2 CompilerThread1" daemon [_thread_in_native, id=13976, stack(0x00000000175d0000,0x00000000176d0000)]
=>0x0000000015e88000 JavaThread "C2 CompilerThread0" daemon [_thread_in_native, id=15192, stack(0x00000000174d0000,0x00000000175d0000)]
  0x0000000015e86800 JavaThread "Attach Listener" daemon [_thread_blocked, id=9328, stack(0x00000000173d0000,0x00000000174d0000)]
  0x0000000015e85000 JavaThread "Signal Dispatcher" daemon [_thread_blocked, id=1084, stack(0x00000000172d0000,0x00000000173d0000)]
  0x000000000250c000 JavaThread "Finalizer" daemon [_thread_blocked, id=15696, stack(0x00000000170e0000,0x00000000171e0000)]
  0x0000000015e69000 JavaThread "Reference Handler" daemon [_thread_blocked, id=3452, stack(0x0000000016fe0000,0x00000000170e0000)]
  0x0000000002413000 JavaThread "main" [_thread_blocked, id=3668, stack(0x0000000002310000,0x0000000002410000)]

Other Threads:
  0x0000000015e47000 VMThread [stack: 0x0000000016ee0000,0x0000000016fe0000] [id=14080]
  0x0000000017812800 WatcherThread [stack: 0x0000000017cd0000,0x0000000017dd0000] [id=11888]

VM state:not at safepoint (normal execution)

VM Mutex/Monitor currently owned by a thread: None

heap address: 0x00000000a0000000, size: 1536 MB, Compressed Oops mode: 32-bit
Narrow klass base: 0x0000000000000000, Narrow klass shift: 3
Compressed class space size: 1073741824 Address: 0x0000000100000000

Heap:
 PSYoungGen      total 294400K, used 94381K [0x00000000e0000000, 0x00000000f4600000, 0x0000000100000000)
  eden space 281088K, 33% used [0x00000000e0000000,0x00000000e5c2b4e0,0x00000000f1280000)
  from space 13312K, 0% used [0x00000000f3900000,0x00000000f3900000,0x00000000f4600000)
  to   space 14848K, 0% used [0x00000000f2900000,0x00000000f2900000,0x00000000f3780000)
 ParOldGen       total 68608K, used 24822K [0x00000000a0000000, 0x00000000a4300000, 0x00000000e0000000)
  object space 68608K, 36% used [0x00000000a0000000,0x00000000a183d908,0x00000000a4300000)
 Metaspace       used 51190K, capacity 52898K, committed 53160K, reserved 1095680K
  class space    used 6859K, capacity 7248K, committed 7344K, reserved 1048576K

Card table byte_map: [0x00000000118d0000,0x0000000011be0000] byte_map_base: 0x00000000113d0000

Marking Bits: (ParMarkBitMap*) 0x000000005527f030
 Begin Bits: [0x00000000121e0000, 0x00000000139e0000)
 End Bits:   [0x00000000139e0000, 0x00000000151e0000)

Polling page: 0x0000000000730000

CodeCache: size=245760Kb used=14816Kb max_used=14816Kb free=230943Kb
 bounds [0x0000000002510000, 0x00000000033a0000, 0x0000000011510000]
 total_blobs=5059 nmethods=4286 adapters=685
 compilation: enabled

Compilation events (10 events):
Event: 12.548 Thread 0x0000000015e9c800 4634       3       org.gradle.api.internal.attributes.DefaultMutableAttributeContainer::assertAttributeConstraints (89 bytes)
Event: 12.550 Thread 0x0000000015e9c800 nmethod 4634 0x000000000338e990 code [0x000000000338ec40, 0x000000000338ff38]
Event: 12.551 Thread 0x0000000015e9c800 4635       3       com.google.common.collect.Iterators$9::next (25 bytes)
Event: 12.551 Thread 0x0000000015e9c800 nmethod 4635 0x0000000003390690 code [0x0000000003390800, 0x0000000003390a68]
Event: 12.555 Thread 0x0000000015e9c800 4636   !   3       org.gradle.cache.internal.DefaultCrossBuildInMemoryCacheFactory$AbstractCrossBuildInMemoryCache::get (65 bytes)
Event: 12.556 Thread 0x0000000015e9c800 nmethod 4636 0x0000000003390b50 code [0x0000000003390d00, 0x0000000003391338]
Event: 12.558 Thread 0x0000000015e9c800 4637       3       com.google.common.collect.AbstractMapBasedMultimap::get (31 bytes)
Event: 12.559 Thread 0x0000000015e9c800 nmethod 4637 0x00000000033915d0 code [0x0000000003391760, 0x0000000003391c68]
Event: 12.562 Thread 0x0000000015e9c800 4638       3       org.gradle.api.internal.tasks.DefaultTaskContainer_Decorated::getMutationGuard (39 bytes)
Event: 12.563 Thread 0x0000000015e9c800 nmethod 4638 0x0000000003391d90 code [0x0000000003391f80, 0x0000000003392928]

GC Heap History (10 events):
Event: 6.692 GC heap before
{Heap before GC invocations=7 (full 1):
 PSYoungGen      total 106496K, used 98304K [0x00000000e0000000, 0x00000000ed700000, 0x0000000100000000)
  eden space 98304K, 100% used [0x00000000e0000000,0x00000000e6000000,0x00000000e6000000)
  from space 8192K, 0% used [0x00000000e6000000,0x00000000e6000000,0x00000000e6800000)
  to   space 11776K, 0% used [0x00000000ecb80000,0x00000000ecb80000,0x00000000ed700000)
 ParOldGen       total 68608K, used 7655K [0x00000000a0000000, 0x00000000a4300000, 0x00000000e0000000)
  object space 68608K, 11% used [0x00000000a0000000,0x00000000a0779e50,0x00000000a4300000)
 Metaspace       used 31241K, capacity 32022K, committed 32176K, reserved 1077248K
  class space    used 4250K, capacity 4504K, committed 4528K, reserved 1048576K
Event: 6.707 GC heap after
Heap after GC invocations=7 (full 1):
 PSYoungGen      total 186368K, used 11163K [0x00000000e0000000, 0x00000000ed680000, 0x0000000100000000)
  eden space 175104K, 0% used [0x00000000e0000000,0x00000000e0000000,0x00000000eab00000)
  from space 11264K, 99% used [0x00000000ecb80000,0x00000000ed666f88,0x00000000ed680000)
  to   space 13312K, 0% used [0x00000000ebc80000,0x00000000ebc80000,0x00000000ec980000)
 ParOldGen       total 68608K, used 7663K [0x00000000a0000000, 0x00000000a4300000, 0x00000000e0000000)
  object space 68608K, 11% used [0x00000000a0000000,0x00000000a077be50,0x00000000a4300000)
 Metaspace       used 31241K, capacity 32022K, committed 32176K, reserved 1077248K
  class space    used 4250K, capacity 4504K, committed 4528K, reserved 1048576K
}
Event: 7.722 GC heap before
{Heap before GC invocations=8 (full 1):
 PSYoungGen      total 186368K, used 86744K [0x00000000e0000000, 0x00000000ed680000, 0x0000000100000000)
  eden space 175104K, 43% used [0x00000000e0000000,0x00000000e49cf1e0,0x00000000eab00000)
  from space 11264K, 99% used [0x00000000ecb80000,0x00000000ed666f88,0x00000000ed680000)
  to   space 13312K, 0% used [0x00000000ebc80000,0x00000000ebc80000,0x00000000ec980000)
 ParOldGen       total 68608K, used 7663K [0x00000000a0000000, 0x00000000a4300000, 0x00000000e0000000)
  object space 68608K, 11% used [0x00000000a0000000,0x00000000a077be50,0x00000000a4300000)
 Metaspace       used 34521K, capacity 35386K, committed 35496K, reserved 1079296K
  class space    used 4731K, capacity 4970K, committed 5040K, reserved 1048576K
Event: 7.738 GC heap after
Heap after GC invocations=8 (full 1):
 PSYoungGen      total 206336K, used 9693K [0x00000000e0000000, 0x00000000f4600000, 0x0000000100000000)
  eden space 193024K, 0% used [0x00000000e0000000,0x00000000e0000000,0x00000000ebc80000)
  from space 13312K, 72% used [0x00000000ebc80000,0x00000000ec5f74b8,0x00000000ec980000)
  to   space 13312K, 0% used [0x00000000f3900000,0x00000000f3900000,0x00000000f4600000)
 ParOldGen       total 68608K, used 7671K [0x00000000a0000000, 0x00000000a4300000, 0x00000000e0000000)
  object space 68608K, 11% used [0x00000000a0000000,0x00000000a077de50,0x00000000a4300000)
 Metaspace       used 34521K, capacity 35386K, committed 35496K, reserved 1079296K
  class space    used 4731K, capacity 4970K, committed 5040K, reserved 1048576K
}
Event: 7.738 GC heap before
{Heap before GC invocations=9 (full 2):
 PSYoungGen      total 206336K, used 9693K [0x00000000e0000000, 0x00000000f4600000, 0x0000000100000000)
  eden space 193024K, 0% used [0x00000000e0000000,0x00000000e0000000,0x00000000ebc80000)
  from space 13312K, 72% used [0x00000000ebc80000,0x00000000ec5f74b8,0x00000000ec980000)
  to   space 13312K, 0% used [0x00000000f3900000,0x00000000f3900000,0x00000000f4600000)
 ParOldGen       total 68608K, used 7671K [0x00000000a0000000, 0x00000000a4300000, 0x00000000e0000000)
  object space 68608K, 11% used [0x00000000a0000000,0x00000000a077de50,0x00000000a4300000)
 Metaspace       used 34521K, capacity 35386K, committed 35496K, reserved 1079296K
  class space    used 4731K, capacity 4970K, committed 5040K, reserved 1048576K
Event: 7.870 GC heap after
Heap after GC invocations=9 (full 2):
 PSYoungGen      total 206336K, used 0K [0x00000000e0000000, 0x00000000f4600000, 0x0000000100000000)
  eden space 193024K, 0% used [0x00000000e0000000,0x00000000e0000000,0x00000000ebc80000)
  from space 13312K, 0% used [0x00000000ebc80000,0x00000000ebc80000,0x00000000ec980000)
  to   space 13312K, 0% used [0x00000000f3900000,0x00000000f3900000,0x00000000f4600000)
 ParOldGen       total 68608K, used 16130K [0x00000000a0000000, 0x00000000a4300000, 0x00000000e0000000)
  object space 68608K, 23% used [0x00000000a0000000,0x00000000a0fc0848,0x00000000a4300000)
 Metaspace       used 34521K, capacity 35386K, committed 35496K, reserved 1079296K
  class space    used 4731K, capacity 4970K, committed 5040K, reserved 1048576K
}
Event: 10.186 GC heap before
{Heap before GC invocations=10 (full 2):
 PSYoungGen      total 206336K, used 109868K [0x00000000e0000000, 0x00000000f4600000, 0x0000000100000000)
  eden space 193024K, 56% used [0x00000000e0000000,0x00000000e6b4b3b8,0x00000000ebc80000)
  from space 13312K, 0% used [0x00000000ebc80000,0x00000000ebc80000,0x00000000ec980000)
  to   space 13312K, 0% used [0x00000000f3900000,0x00000000f3900000,0x00000000f4600000)
 ParOldGen       total 68608K, used 16130K [0x00000000a0000000, 0x00000000a4300000, 0x00000000e0000000)
  object space 68608K, 23% used [0x00000000a0000000,0x00000000a0fc0848,0x00000000a4300000)
 Metaspace       used 43705K, capacity 45116K, committed 45224K, reserved 1087488K
  class space    used 5935K, capacity 6292K, committed 6320K, reserved 1048576K
Event: 10.203 GC heap after
Heap after GC invocations=10 (full 2):
 PSYoungGen      total 294400K, used 12883K [0x00000000e0000000, 0x00000000f4600000, 0x0000000100000000)
  eden space 281088K, 0% used [0x00000000e0000000,0x00000000e0000000,0x00000000f1280000)
  from space 13312K, 96% used [0x00000000f3900000,0x00000000f4594cc8,0x00000000f4600000)
  to   space 14848K, 0% used [0x00000000f2900000,0x00000000f2900000,0x00000000f3780000)
 ParOldGen       total 68608K, used 16138K [0x00000000a0000000, 0x00000000a4300000, 0x00000000e0000000)
  object space 68608K, 23% used [0x00000000a0000000,0x00000000a0fc2848,0x00000000a4300000)
 Metaspace       used 43705K, capacity 45116K, committed 45224K, reserved 1087488K
  class space    used 5935K, capacity 6292K, committed 6320K, reserved 1048576K
}
Event: 10.203 GC heap before
{Heap before GC invocations=11 (full 3):
 PSYoungGen      total 294400K, used 12883K [0x00000000e0000000, 0x00000000f4600000, 0x0000000100000000)
  eden space 281088K, 0% used [0x00000000e0000000,0x00000000e0000000,0x00000000f1280000)
  from space 13312K, 96% used [0x00000000f3900000,0x00000000f4594cc8,0x00000000f4600000)
  to   space 14848K, 0% used [0x00000000f2900000,0x00000000f2900000,0x00000000f3780000)
 ParOldGen       total 68608K, used 16138K [0x00000000a0000000, 0x00000000a4300000, 0x00000000e0000000)
  object space 68608K, 23% used [0x00000000a0000000,0x00000000a0fc2848,0x00000000a4300000)
 Metaspace       used 43705K, capacity 45116K, committed 45224K, reserved 1087488K
  class space    used 5935K, capacity 6292K, committed 6320K, reserved 1048576K
Event: 10.443 GC heap after
Heap after GC invocations=11 (full 3):
 PSYoungGen      total 294400K, used 0K [0x00000000e0000000, 0x00000000f4600000, 0x0000000100000000)
  eden space 281088K, 0% used [0x00000000e0000000,0x00000000e0000000,0x00000000f1280000)
  from space 13312K, 0% used [0x00000000f3900000,0x00000000f3900000,0x00000000f4600000)
  to   space 14848K, 0% used [0x00000000f2900000,0x00000000f2900000,0x00000000f3780000)
 ParOldGen       total 68608K, used 24822K [0x00000000a0000000, 0x00000000a4300000, 0x00000000e0000000)
  object space 68608K, 36% used [0x00000000a0000000,0x00000000a183d908,0x00000000a4300000)
 Metaspace       used 43695K, capacity 45080K, committed 45224K, reserved 1087488K
  class space    used 5931K, capacity 6286K, committed 6320K, reserved 1048576K
}

Deoptimization events (10 events):
Event: 10.692 Thread 0x0000000017f72000 Uncommon trap: reason=range_check action=make_not_entrant pc=0x00000000031950bc method=java.lang.String.charAt(I)C @ 27
Event: 10.780 Thread 0x0000000017f72000 Uncommon trap: reason=unstable_if action=reinterpret pc=0x0000000002bc23e8 method=org.objectweb.asm.ByteVector.putUTF8(Ljava/lang/String;)Lorg/objectweb/asm/ByteVector; @ 93
Event: 11.005 Thread 0x0000000017f72000 Uncommon trap: reason=unstable_if action=reinterpret pc=0x0000000003137d70 method=java.util.concurrent.ConcurrentHashMap.addCount(JI)V @ 110
Event: 11.005 Thread 0x0000000017f72000 Uncommon trap: reason=unstable_if action=reinterpret pc=0x00000000028454ac method=java.util.concurrent.ConcurrentHashMap.addCount(JI)V @ 110
Event: 11.029 Thread 0x0000000017f72000 Uncommon trap: reason=unstable_if action=reinterpret pc=0x000000000318829c method=org.objectweb.asm.ByteVector.putUTF8(Ljava/lang/String;)Lorg/objectweb/asm/ByteVector; @ 100
Event: 11.455 Thread 0x0000000017f72000 Uncommon trap: reason=unstable_if action=reinterpret pc=0x000000000284e130 method=org.gradle.internal.reflect.PropertyAccessorType.of(Ljava/lang/reflect/Method;)Lorg/gradle/internal/reflect/PropertyAccessorType; @ 56
Event: 11.463 Thread 0x0000000017f72000 Uncommon trap: reason=unstable_if action=reinterpret pc=0x0000000002725d6c method=org.objectweb.asm.ByteVector.putUTF8(Ljava/lang/String;)Lorg/objectweb/asm/ByteVector; @ 100
Event: 11.659 Thread 0x0000000017f72000 Uncommon trap: reason=unstable_if action=reinterpret pc=0x000000000327dfc0 method=com.sun.org.apache.xerces.internal.util.SymbolTable.addSymbol([CII)Ljava/lang/String; @ 38
Event: 11.659 Thread 0x0000000017f72000 Uncommon trap: reason=unstable_if action=reinterpret pc=0x0000000003294590 method=com.sun.org.apache.xerces.internal.impl.XMLEntityScanner.skipSpaces()Z @ 72
Event: 11.938 Thread 0x0000000017f72000 Uncommon trap: reason=unstable_if action=reinterpret pc=0x000000000269f600 method=java.lang.CharacterData.of(I)Ljava/lang/CharacterData; @ 4

Classes redefined (0 events):
No events

Internal exceptions (10 events):
Event: 11.991 Thread 0x0000000017f72000 Exception <a 'java/lang/ClassNotFoundException': org/gradle/api/internal/file/AbstractFileCollectionBeanInfo> (0x00000000e4bd17c8) thrown at [C:\src\AOSP-openjdk-git\hotspot\src\share\vm\classfile\systemDictionary.cpp, line 210]
Event: 11.992 Thread 0x0000000017f72000 Exception <a 'java/lang/ClassNotFoundException': org/gradle/api/internal/file/AbstractFileCollectionCustomizer> (0x00000000e4c10e10) thrown at [C:\src\AOSP-openjdk-git\hotspot\src\share\vm\classfile\systemDictionary.cpp, line 210]
Event: 11.996 Thread 0x0000000017f72000 Exception <a 'java/lang/ClassNotFoundException': org/gradle/api/internal/file/CompositeFileCollectionCustomizer> (0x00000000e4c61aa0) thrown at [C:\src\AOSP-openjdk-git\hotspot\src\share\vm\classfile\systemDictionary.cpp, line 210]
Event: 12.000 Thread 0x0000000017f72000 Exception <a 'java/lang/ClassNotFoundException': org/gradle/api/internal/file/CompositeFileTreeCustomizer> (0x00000000e4cac468) thrown at [C:\src\AOSP-openjdk-git\hotspot\src\share\vm\classfile\systemDictionary.cpp, line 210]
Event: 12.002 Thread 0x0000000017f72000 Exception <a 'java/lang/ClassNotFoundException': org/gradle/api/internal/file/collections/DefaultConfigurableFileTreeCustomizer> (0x00000000e4d03498) thrown at [C:\src\AOSP-openjdk-git\hotspot\src\share\vm\classfile\systemDictionary.cpp, line 210]
Event: 12.249 Thread 0x0000000017f72000 Exception <a 'java/lang/ClassNotFoundException': org/gradle/api/plugins/internal/DefaultBasePluginConventionBeanInfo> (0x00000000e54ab060) thrown at [C:\src\AOSP-openjdk-git\hotspot\src\share\vm\classfile\systemDictionary.cpp, line 210]
Event: 12.250 Thread 0x0000000017f72000 Exception <a 'java/lang/ClassNotFoundException': org/gradle/api/plugins/BasePluginConventionBeanInfo> (0x00000000e54d6ac8) thrown at [C:\src\AOSP-openjdk-git\hotspot\src\share\vm\classfile\systemDictionary.cpp, line 210]
Event: 12.251 Thread 0x0000000017f72000 Exception <a 'java/lang/ClassNotFoundException': org/gradle/api/plugins/BasePluginConventionCustomizer> (0x00000000e5502c68) thrown at [C:\src\AOSP-openjdk-git\hotspot\src\share\vm\classfile\systemDictionary.cpp, line 210]
Event: 12.252 Thread 0x0000000017f72000 Exception <a 'java/lang/ClassNotFoundException': org/gradle/api/plugins/internal/DefaultBasePluginConventionCustomizer> (0x00000000e554c5e8) thrown at [C:\src\AOSP-openjdk-git\hotspot\src\share\vm\classfile\systemDictionary.cpp, line 210]
Event: 12.269 Thread 0x0000000017f72000 Exception <a 'java/lang/NoSuchMethodError': java.lang.Object.lambda$comparingInt$7b0bb60$1(Ljava/util/function/ToIntFunction;Ljava/lang/Object;Ljava/lang/Object;)I> (0x00000000e55c2648) thrown at [C:\src\AOSP-openjdk-git\hotspot\src\share\vm\interpreter\l

Events (10 events):
Event: 12.569 loading class com/android/build/gradle/internal/scope/VariantScope
Event: 12.569 loading class com/android/build/gradle/internal/scope/VariantScope done
Event: 12.569 loading class com/android/build/gradle/internal/scope/VariantScope
Event: 12.569 loading class com/android/build/gradle/internal/scope/VariantScope done
Event: 12.570 loading class com/android/build/gradle/internal/scope/VariantScope
Event: 12.570 loading class com/android/build/gradle/internal/scope/VariantScope done
Event: 12.570 loading class com/android/build/gradle/internal/scope/VariantScope
Event: 12.570 loading class com/android/build/gradle/internal/scope/VariantScope done
Event: 12.571 loading class com/android/build/gradle/internal/tasks/AppPreBuildTask
Event: 12.571 loading class com/android/build/gradle/internal/tasks/AppPreBuildTask done


Dynamic libraries:
0x00007ff677460000 - 0x00007ff677491000 	C:\Program Files\Android\Android Studio\jre\bin\java.exe
0x00007ffbc2640000 - 0x00007ffbc2830000 	C:\WINDOWS\SYSTEM32\ntdll.dll
0x00007ffbc2360000 - 0x00007ffbc2412000 	C:\WINDOWS\System32\KERNEL32.DLL
0x00007ffbc0130000 - 0x00007ffbc03d5000 	C:\WINDOWS\System32\KERNELBASE.dll
0x00007ffbc22b0000 - 0x00007ffbc2353000 	C:\WINDOWS\System32\ADVAPI32.dll
0x00007ffbc1bd0000 - 0x00007ffbc1c6e000 	C:\WINDOWS\System32\msvcrt.dll
0x00007ffbc2210000 - 0x00007ffbc22a7000 	C:\WINDOWS\System32\sechost.dll
0x00007ffbc06f0000 - 0x00007ffbc0810000 	C:\WINDOWS\System32\RPCRT4.dll
0x00007ffbc2430000 - 0x00007ffbc25c4000 	C:\WINDOWS\System32\USER32.dll
0x00007ffbbf6d0000 - 0x00007ffbbf6f1000 	C:\WINDOWS\System32\win32u.dll
0x00007ffbc14f0000 - 0x00007ffbc1516000 	C:\WINDOWS\System32\GDI32.dll
0x00007ffbc0550000 - 0x00007ffbc06e6000 	C:\WINDOWS\System32\gdi32full.dll
0x00007ffbc0460000 - 0x00007ffbc04fe000 	C:\WINDOWS\System32\msvcp_win.dll
0x00007ffbbf5d0000 - 0x00007ffbbf6ca000 	C:\WINDOWS\System32\ucrtbase.dll
0x00007ffbac010000 - 0x00007ffbac294000 	C:\WINDOWS\WinSxS\amd64_microsoft.windows.common-controls_6595b64144ccf1df_6.0.18362.1139_none_9e7bf2d3e4605ac6\COMCTL32.dll
0x00007ffbc1eb0000 - 0x00007ffbc21e5000 	C:\WINDOWS\System32\combase.dll
0x00007ffbc03e0000 - 0x00007ffbc0460000 	C:\WINDOWS\System32\bcryptPrimitives.dll
0x00007ffbc25d0000 - 0x00007ffbc25fe000 	C:\WINDOWS\System32\IMM32.DLL
0x00000000548f0000 - 0x00000000549c2000 	C:\Program Files\Android\Android Studio\jre\jre\bin\msvcr100.dll
0x0000000054ab0000 - 0x00000000552fb000 	C:\Program Files\Android\Android Studio\jre\jre\bin\server\jvm.dll
0x00007ffbc1ea0000 - 0x00007ffbc1ea8000 	C:\WINDOWS\System32\PSAPI.DLL
0x00007ffba8b20000 - 0x00007ffba8b29000 	C:\WINDOWS\SYSTEM32\WSOCK32.dll
0x00007ffbc1b60000 - 0x00007ffbc1bcf000 	C:\WINDOWS\System32\WS2_32.dll
0x00007ffbb7130000 - 0x00007ffbb7154000 	C:\WINDOWS\SYSTEM32\WINMM.dll
0x00007ffbb7780000 - 0x00007ffbb778a000 	C:\WINDOWS\SYSTEM32\VERSION.dll
0x00007ffbb70e0000 - 0x00007ffbb710d000 	C:\WINDOWS\SYSTEM32\winmmbase.dll
0x00007ffbc0500000 - 0x00007ffbc054a000 	C:\WINDOWS\System32\cfgmgr32.dll
0x00007ffbbbe60000 - 0x00007ffbbbe6f000 	C:\Program Files\Android\Android Studio\jre\jre\bin\verify.dll
0x00007ffb9bbd0000 - 0x00007ffb9bbf9000 	C:\Program Files\Android\Android Studio\jre\jre\bin\java.dll
0x00007ffbad440000 - 0x00007ffbad456000 	C:\Program Files\Android\Android Studio\jre\jre\bin\zip.dll
0x00007ffbc09e0000 - 0x00007ffbc10c7000 	C:\WINDOWS\System32\SHELL32.dll
0x00007ffbc1c70000 - 0x00007ffbc1d19000 	C:\WINDOWS\System32\shcore.dll
0x00007ffbbf700000 - 0x00007ffbbfe80000 	C:\WINDOWS\System32\windows.storage.dll
0x00007ffbbf580000 - 0x00007ffbbf5a3000 	C:\WINDOWS\System32\profapi.dll
0x00007ffbbf510000 - 0x00007ffbbf55a000 	C:\WINDOWS\System32\powrprof.dll
0x00007ffbbf500000 - 0x00007ffbbf510000 	C:\WINDOWS\System32\UMPDC.dll
0x00007ffbc1130000 - 0x00007ffbc1182000 	C:\WINDOWS\System32\shlwapi.dll
0x00007ffbbf5b0000 - 0x00007ffbbf5c1000 	C:\WINDOWS\System32\kernel.appcore.dll
0x00007ffbbfee0000 - 0x00007ffbbfef7000 	C:\WINDOWS\System32\cryptsp.dll
0x00007ffb9b610000 - 0x00007ffb9b62a000 	C:\Program Files\Android\Android Studio\jre\jre\bin\net.dll
0x00007ffbbed50000 - 0x00007ffbbedb7000 	C:\WINDOWS\system32\mswsock.dll
0x00007ffb9b050000 - 0x00007ffb9b063000 	C:\Program Files\Android\Android Studio\jre\jre\bin\nio.dll
0x00007ffbad250000 - 0x00007ffbad276000 	C:\Users\Sezgin\.gradle\native\31\windows-amd64\native-platform.dll
0x00007ffbbbe00000 - 0x00007ffbbbe0d000 	C:\Program Files\Android\Android Studio\jre\jre\bin\management.dll
0x00007ffbbe8c0000 - 0x00007ffbbe8f3000 	C:\WINDOWS\system32\rsaenh.dll
0x00007ffbc0050000 - 0x00007ffbc0076000 	C:\WINDOWS\System32\bcrypt.dll
0x00007ffbbf420000 - 0x00007ffbbf445000 	C:\WINDOWS\SYSTEM32\USERENV.dll
0x00007ffbbef20000 - 0x00007ffbbef2c000 	C:\WINDOWS\SYSTEM32\CRYPTBASE.dll
0x00007ffbbea60000 - 0x00007ffbbea9a000 	C:\WINDOWS\SYSTEM32\IPHLPAPI.DLL
0x00007ffbc2420000 - 0x00007ffbc2428000 	C:\WINDOWS\System32\NSI.dll
0x00007ffbb7e50000 - 0x00007ffbb7e66000 	C:\WINDOWS\SYSTEM32\dhcpcsvc6.DLL
0x00007ffbb7e30000 - 0x00007ffbb7e4c000 	C:\WINDOWS\SYSTEM32\dhcpcsvc.DLL
0x00007ffbbeaa0000 - 0x00007ffbbeb6b000 	C:\WINDOWS\SYSTEM32\DNSAPI.dll

VM Arguments:
jvm_args: -Xmx1536m -Dfile.encoding=windows-1254 -Duser.country=TR -Duser.language=tr -Duser.variant 
java_command: org.gradle.launcher.daemon.bootstrap.GradleDaemon 6.1.1
java_class_path (initial): C:\Users\Sezgin\.gradle\wrapper\dists\gradle-6.1.1-all\cfmwm155h49vnt3hynmlrsdst\gradle-6.1.1\lib\gradle-launcher-6.1.1.jar
Launcher Type: SUN_STANDARD

Environment Variables:
USERNAME=Sezgin
OS=Windows_NT
PROCESSOR_IDENTIFIER=Intel64 Family 6 Model 69 Stepping 1, GenuineIntel



---------------  S Y S T E M  ---------------

OS: Windows 10.0 , 64 bit Build 18362 (10.0.18362.1110)

CPU:total 4 (initial active 4) (2 cores per cpu, 2 threads per core) family 6 model 69 stepping 1, cmov, cx8, fxsr, mmx, sse, sse2, sse3, ssse3, sse4.1, sse4.2, popcnt, avx, avx2, aes, clmul, erms, lzcnt, ht, tsc, tscinvbit, bmi1, bmi2

Memory: 4k page, physical 12472600k(1588336k free), swap 12472600k(4536k free)

vm_info: OpenJDK 64-Bit Server VM (25.242-b01) for windows-amd64 JRE (1.8.0_242-release-1644-b01), built by "builder" with MS VC++ 10.0 (VS2010)

time: Tue Oct 20 15:17:12 2020
timezone: Türkiye Standart Saati
elapsed time: 12 seconds (0d 0h 0m 12s)

