#
# There is insufficient memory for the Java Runtime Environment to continue.
# Native memory allocation (malloc) failed to allocate 2188176 bytes for Chunk::new
# Possible reasons:
#   The system is out of physical RAM or swap space
#   The process is running with CompressedOops enabled, and the Java Heap may be blocking the growth of the native heap
# Possible solutions:
#   Reduce memory load on the system
#   Increase physical memory or swap space
#   Check if swap backing store is full
#   Decrease Java heap size (-Xmx/-Xms)
#   Decrease number of Java threads
#   Decrease Java thread stack sizes (-Xss)
#   Set larger code cache with -XX:ReservedCodeCacheSize=
#   JVM is running with Unscaled Compressed Oops mode in which the Java heap is
#     placed in the first 4GB address space. The Java Heap base address is the
#     maximum limit for the native heap growth. Please use -XX:HeapBaseMinAddress
#     to set the Java Heap base and to place the Java Heap above 4GB virtual address.
# This output file may be truncated or incomplete.
#
#  Out of Memory Error (allocation.cpp:389), pid=2436, tid=0x0000000000003edc
#
# JRE version: OpenJDK Runtime Environment (8.0_242-b01) (build 1.8.0_242-release-1644-b01)
# Java VM: OpenJDK 64-Bit Server VM (25.242-b01 mixed mode windows-amd64 compressed oops)
# Failed to write core dump. Minidumps are not enabled by default on client versions of Windows
#

---------------  T H R E A D  ---------------

Current thread (0x000000001602c800):  JavaThread "C2 CompilerThread1" daemon [_thread_in_native, id=16092, stack(0x0000000017760000,0x0000000017860000)]

Stack: [0x0000000017760000,0x0000000017860000]
[error occurred during error reporting (printing stack bounds), id 0xc0000005]

Native frames: (J=compiled Java code, j=interpreted, Vv=VM code, C=native code)


Current CompileTask:
C2:   3998 1533       4       java.net.URLClassLoader$1::run (5 bytes)


---------------  P R O C E S S  ---------------

Java Threads: ( => current thread )
  0x0000000019b6b800 JavaThread "Cache worker for file hash cache (C:\Users\Sezgin\.gradle\caches\6.1.1\fileHashes)" [_thread_blocked, id=13216, stack(0x000000001bd80000,0x000000001be80000)]
  0x0000000019b68800 JavaThread "File lock request listener" [_thread_in_native, id=12080, stack(0x000000001bc80000,0x000000001bd80000)]
  0x0000000019b7e000 JavaThread "Cache worker for journal cache (C:\Users\Sezgin\.gradle\caches\journal-1)" [_thread_blocked, id=14872, stack(0x000000001bb80000,0x000000001bc80000)]
  0x000000001806d000 JavaThread "Thread-9" [_thread_blocked, id=10276, stack(0x000000001b880000,0x000000001b980000)]
  0x0000000017ff9000 JavaThread "Stdin handler" [_thread_blocked, id=4628, stack(0x000000001b780000,0x000000001b880000)]
  0x0000000017fea000 JavaThread "Asynchronous log dispatcher for DefaultDaemonConnection: socket connection from /127.0.0.1:54454 to /127.0.0.1:54455" [_thread_blocked, id=1532, stack(0x000000001b680000,0x000000001b780000)]
  0x0000000017d39800 JavaThread "Daemon worker" [_thread_in_vm, id=10320, stack(0x000000001b580000,0x000000001b680000)]
  0x0000000017a43800 JavaThread "Cancel handler" [_thread_blocked, id=11088, stack(0x000000001b480000,0x000000001b580000)]
  0x0000000019aca800 JavaThread "Handler for socket connection from /127.0.0.1:54454 to /127.0.0.1:54455" [_thread_in_native, id=9612, stack(0x000000001b180000,0x000000001b280000)]
  0x0000000019ac2800 JavaThread "Daemon" [_thread_blocked, id=8124, stack(0x000000001b080000,0x000000001b180000)]
  0x0000000019ae0000 JavaThread "Daemon periodic checks" [_thread_blocked, id=16276, stack(0x000000001af80000,0x000000001b080000)]
  0x0000000019acf000 JavaThread "Incoming local TCP Connector on port 54454" [_thread_in_native, id=1856, stack(0x000000001ad40000,0x000000001ae40000)]
  0x00000000199c3000 JavaThread "Daemon health stats" [_thread_blocked, id=4336, stack(0x000000001a700000,0x000000001a800000)]
  0x000000001607e800 JavaThread "Service Thread" daemon [_thread_blocked, id=2016, stack(0x0000000017d60000,0x0000000017e60000)]
  0x000000001603a000 JavaThread "C1 CompilerThread2" daemon [_thread_blocked, id=16372, stack(0x0000000017860000,0x0000000017960000)]
=>0x000000001602c800 JavaThread "C2 CompilerThread1" daemon [_thread_in_native, id=16092, stack(0x0000000017760000,0x0000000017860000)]
  0x0000000016028000 JavaThread "C2 CompilerThread0" daemon [_thread_in_native, id=1248, stack(0x0000000017660000,0x0000000017760000)]
  0x0000000016026800 JavaThread "Attach Listener" daemon [_thread_blocked, id=15212, stack(0x0000000017560000,0x0000000017660000)]
  0x0000000016025800 JavaThread "Signal Dispatcher" daemon [_thread_blocked, id=13060, stack(0x0000000017460000,0x0000000017560000)]
  0x000000000266c000 JavaThread "Finalizer" daemon [_thread_blocked, id=12176, stack(0x0000000017270000,0x0000000017370000)]
  0x0000000016009000 JavaThread "Reference Handler" daemon [_thread_blocked, id=9804, stack(0x0000000017170000,0x0000000017270000)]
  0x0000000002573000 JavaThread "main" [_thread_blocked, id=6336, stack(0x0000000002450000,0x0000000002550000)]

Other Threads:
  0x0000000015fe7000 VMThread [stack: 0x0000000017070000,0x0000000017170000] [id=6440]
  0x00000000179a3800 WatcherThread [stack: 0x0000000017e60000,0x0000000017f60000] [id=10020]

VM state:not at safepoint (normal execution)

VM Mutex/Monitor currently owned by a thread: None

heap address: 0x00000000a0000000, size: 1536 MB, Compressed Oops mode: 32-bit
Narrow klass base: 0x0000000000000000, Narrow klass shift: 3
Compressed class space size: 1073741824 Address: 0x0000000100000000

Heap:
 PSYoungGen      total 57344K, used 25191K [0x00000000e0000000, 0x00000000e4000000, 0x0000000100000000)
  eden space 49152K, 34% used [0x00000000e0000000,0x00000000e109a818,0x00000000e3000000)
  from space 8192K, 99% used [0x00000000e3000000,0x00000000e37ff590,0x00000000e3800000)
  to   space 8192K, 0% used [0x00000000e3800000,0x00000000e3800000,0x00000000e4000000)
 ParOldGen       total 131072K, used 467K [0x00000000a0000000, 0x00000000a8000000, 0x00000000e0000000)
  object space 131072K, 0% used [0x00000000a0000000,0x00000000a0074e18,0x00000000a8000000)
 Metaspace       used 17524K, capacity 18056K, committed 18304K, reserved 1064960K
  class space    used 2385K, capacity 2562K, committed 2688K, reserved 1048576K

Card table byte_map: [0x0000000011a70000,0x0000000011d80000] byte_map_base: 0x0000000011570000

Marking Bits: (ParMarkBitMap*) 0x0000000077f7f030
 Begin Bits: [0x0000000012380000, 0x0000000013b80000)
 End Bits:   [0x0000000013b80000, 0x0000000015380000)

Polling page: 0x0000000000760000

CodeCache: size=245760Kb used=5748Kb max_used=5748Kb free=240011Kb
 bounds [0x00000000026b0000, 0x0000000002c60000, 0x00000000116b0000]
 total_blobs=2070 nmethods=1666 adapters=317
 compilation: enabled

Compilation events (10 events):
Event: 3.984 Thread 0x000000001603a000 1671       3       java.lang.Enum::<init> (15 bytes)
Event: 3.984 Thread 0x000000001603a000 nmethod 1671 0x0000000002c4e9d0 code [0x0000000002c4eb20, 0x0000000002c4ecf0]
Event: 3.984 Thread 0x000000001603a000 1672       3       sun.misc.ProxyGenerator::code_aload (11 bytes)
Event: 3.984 Thread 0x000000001603a000 nmethod 1672 0x0000000002c4ed90 code [0x0000000002c4ef00, 0x0000000002c4f0a8]
Event: 3.984 Thread 0x000000001603a000 1673       3       java.util.HashMap$ValueIterator::next (8 bytes)
Event: 3.984 Thread 0x000000001603a000 nmethod 1673 0x0000000002c4f150 code [0x0000000002c4f2c0, 0x0000000002c4f4c8]
Event: 3.986 Thread 0x000000001603a000 1674       3       com.google.common.base.Preconditions::checkPositionIndex (8 bytes)
Event: 3.986 Thread 0x000000001603a000 nmethod 1674 0x0000000002c4f590 code [0x0000000002c4f720, 0x0000000002c4fa18]
Event: 3.986 Thread 0x000000001603a000 1675       3       com.google.common.base.Preconditions::checkPositionIndex (25 bytes)
Event: 3.987 Thread 0x000000001603a000 nmethod 1675 0x0000000002c4fb90 code [0x0000000002c4fd00, 0x0000000002c4ff98]

GC Heap History (6 events):
Event: 1.196 GC heap before
{Heap before GC invocations=1 (full 0):
 PSYoungGen      total 57344K, used 49152K [0x00000000e0000000, 0x00000000e4000000, 0x0000000100000000)
  eden space 49152K, 100% used [0x00000000e0000000,0x00000000e3000000,0x00000000e3000000)
  from space 8192K, 0% used [0x00000000e3800000,0x00000000e3800000,0x00000000e4000000)
  to   space 8192K, 0% used [0x00000000e3000000,0x00000000e3000000,0x00000000e3800000)
 ParOldGen       total 131072K, used 0K [0x00000000a0000000, 0x00000000a8000000, 0x00000000e0000000)
  object space 131072K, 0% used [0x00000000a0000000,0x00000000a0000000,0x00000000a8000000)
 Metaspace       used 7551K, capacity 7770K, committed 8064K, reserved 1056768K
  class space    used 925K, capacity 1034K, committed 1152K, reserved 1048576K
Event: 1.204 GC heap after
Heap after GC invocations=1 (full 0):
 PSYoungGen      total 57344K, used 4684K [0x00000000e0000000, 0x00000000e4000000, 0x0000000100000000)
  eden space 49152K, 0% used [0x00000000e0000000,0x00000000e0000000,0x00000000e3000000)
  from space 8192K, 57% used [0x00000000e3000000,0x00000000e34930c8,0x00000000e3800000)
  to   space 8192K, 0% used [0x00000000e3800000,0x00000000e3800000,0x00000000e4000000)
 ParOldGen       total 131072K, used 16K [0x00000000a0000000, 0x00000000a8000000, 0x00000000e0000000)
  object space 131072K, 0% used [0x00000000a0000000,0x00000000a0004000,0x00000000a8000000)
 Metaspace       used 7551K, capacity 7770K, committed 8064K, reserved 1056768K
  class space    used 925K, capacity 1034K, committed 1152K, reserved 1048576K
}
Event: 3.031 GC heap before
{Heap before GC invocations=2 (full 0):
 PSYoungGen      total 57344K, used 53836K [0x00000000e0000000, 0x00000000e4000000, 0x0000000100000000)
  eden space 49152K, 100% used [0x00000000e0000000,0x00000000e3000000,0x00000000e3000000)
  from space 8192K, 57% used [0x00000000e3000000,0x00000000e34930c8,0x00000000e3800000)
  to   space 8192K, 0% used [0x00000000e3800000,0x00000000e3800000,0x00000000e4000000)
 ParOldGen       total 131072K, used 16K [0x00000000a0000000, 0x00000000a8000000, 0x00000000e0000000)
  object space 131072K, 0% used [0x00000000a0000000,0x00000000a0004000,0x00000000a8000000)
 Metaspace       used 11494K, capacity 11750K, committed 11904K, reserved 1058816K
  class space    used 1521K, capacity 1639K, committed 1664K, reserved 1048576K
Event: 3.043 GC heap after
Heap after GC invocations=2 (full 0):
 PSYoungGen      total 57344K, used 6257K [0x00000000e0000000, 0x00000000e4000000, 0x0000000100000000)
  eden space 49152K, 0% used [0x00000000e0000000,0x00000000e0000000,0x00000000e3000000)
  from space 8192K, 76% used [0x00000000e3800000,0x00000000e3e1c568,0x00000000e4000000)
  to   space 8192K, 0% used [0x00000000e3000000,0x00000000e3000000,0x00000000e3800000)
 ParOldGen       total 131072K, used 24K [0x00000000a0000000, 0x00000000a8000000, 0x00000000e0000000)
  object space 131072K, 0% used [0x00000000a0000000,0x00000000a0006000,0x00000000a8000000)
 Metaspace       used 11494K, capacity 11750K, committed 11904K, reserved 1058816K
  class space    used 1521K, capacity 1639K, committed 1664K, reserved 1048576K
}
Event: 3.628 GC heap before
{Heap before GC invocations=3 (full 0):
 PSYoungGen      total 57344K, used 55409K [0x00000000e0000000, 0x00000000e4000000, 0x0000000100000000)
  eden space 49152K, 100% used [0x00000000e0000000,0x00000000e3000000,0x00000000e3000000)
  from space 8192K, 76% used [0x00000000e3800000,0x00000000e3e1c568,0x00000000e4000000)
  to   space 8192K, 0% used [0x00000000e3000000,0x00000000e3000000,0x00000000e3800000)
 ParOldGen       total 131072K, used 24K [0x00000000a0000000, 0x00000000a8000000, 0x00000000e0000000)
  object space 131072K, 0% used [0x00000000a0000000,0x00000000a0006000,0x00000000a8000000)
 Metaspace       used 15749K, capacity 16220K, committed 16384K, reserved 1062912K
  class space    used 2124K, capacity 2288K, committed 2304K, reserved 1048576K
Event: 3.638 GC heap after
Heap after GC invocations=3 (full 0):
 PSYoungGen      total 57344K, used 8189K [0x00000000e0000000, 0x00000000e4000000, 0x0000000100000000)
  eden space 49152K, 0% used [0x00000000e0000000,0x00000000e0000000,0x00000000e3000000)
  from space 8192K, 99% used [0x00000000e3000000,0x00000000e37ff590,0x00000000e3800000)
  to   space 8192K, 0% used [0x00000000e3800000,0x00000000e3800000,0x00000000e4000000)
 ParOldGen       total 131072K, used 467K [0x00000000a0000000, 0x00000000a8000000, 0x00000000e0000000)
  object space 131072K, 0% used [0x00000000a0000000,0x00000000a0074e18,0x00000000a8000000)
 Metaspace       used 15749K, capacity 16220K, committed 16384K, reserved 1062912K
  class space    used 2124K, capacity 2288K, committed 2304K, reserved 1048576K
}

Deoptimization events (10 events):
Event: 3.102 Thread 0x0000000019aca800 Uncommon trap: reason=unstable_if action=reinterpret pc=0x00000000029d5414 method=java.lang.String.substring(I)Ljava/lang/String; @ 35
Event: 3.156 Thread 0x0000000017d39800 Uncommon trap: reason=bimorphic action=maybe_recompile pc=0x00000000029740cc method=java.util.HashMap.putVal(ILjava/lang/Object;Ljava/lang/Object;ZZ)Ljava/lang/Object; @ 253
Event: 3.156 Thread 0x0000000017d39800 Uncommon trap: reason=bimorphic action=maybe_recompile pc=0x00000000029740cc method=java.util.HashMap.putVal(ILjava/lang/Object;Ljava/lang/Object;ZZ)Ljava/lang/Object; @ 253
Event: 3.156 Thread 0x0000000017d39800 Uncommon trap: reason=bimorphic action=maybe_recompile pc=0x00000000029740cc method=java.util.HashMap.putVal(ILjava/lang/Object;Ljava/lang/Object;ZZ)Ljava/lang/Object; @ 253
Event: 3.395 Thread 0x0000000017d39800 Uncommon trap: reason=class_check action=maybe_recompile pc=0x00000000029ee8d8 method=java.util.regex.Matcher.match(II)Z @ 86
Event: 3.395 Thread 0x0000000017d39800 Uncommon trap: reason=class_check action=maybe_recompile pc=0x00000000029ee8d8 method=java.util.regex.Matcher.match(II)Z @ 86
Event: 3.396 Thread 0x0000000017d39800 Uncommon trap: reason=class_check action=maybe_recompile pc=0x00000000029ee8d8 method=java.util.regex.Matcher.match(II)Z @ 86
Event: 3.396 Thread 0x0000000017d39800 Uncommon trap: reason=class_check action=maybe_recompile pc=0x00000000029aacdc method=java.util.regex.Matcher.match(II)Z @ 86
Event: 3.701 Thread 0x0000000017d39800 Uncommon trap: reason=unstable_if action=reinterpret pc=0x00000000029ed08c method=java.io.File.getName()Ljava/lang/String; @ 16
Event: 3.718 Thread 0x0000000017d39800 Uncommon trap: reason=unstable_if action=reinterpret pc=0x0000000002a8c544 method=java.lang.String.toUpperCase(Ljava/util/Locale;)Ljava/lang/String; @ 130

Classes redefined (0 events):
No events

Internal exceptions (10 events):
Event: 3.096 Thread 0x0000000019aca800 Exception <a 'java/lang/NoSuchMethodError': <clinit>> (0x00000000e00e45a0) thrown at [C:\src\AOSP-openjdk-git\hotspot\src\share\vm\prims\jni.cpp, line 1615]
Event: 3.097 Thread 0x0000000019aca800 Exception <a 'java/lang/NoSuchMethodError': <clinit>> (0x00000000e00ed140) thrown at [C:\src\AOSP-openjdk-git\hotspot\src\share\vm\prims\jni.cpp, line 1615]
Event: 3.099 Thread 0x0000000019aca800 Exception <a 'java/lang/NoSuchMethodError': <clinit>> (0x00000000e0103538) thrown at [C:\src\AOSP-openjdk-git\hotspot\src\share\vm\prims\jni.cpp, line 1615]
Event: 3.109 Thread 0x0000000019aca800 Exception <a 'java/lang/NoSuchMethodError': <clinit>> (0x00000000e015ddc8) thrown at [C:\src\AOSP-openjdk-git\hotspot\src\share\vm\prims\jni.cpp, line 1615]
Event: 3.115 Thread 0x0000000019aca800 Exception <a 'java/lang/NoSuchMethodError': <clinit>> (0x00000000e018a708) thrown at [C:\src\AOSP-openjdk-git\hotspot\src\share\vm\prims\jni.cpp, line 1615]
Event: 3.126 Thread 0x0000000019aca800 Exception <a 'java/lang/NoSuchMethodError': <clinit>> (0x00000000e01b7920) thrown at [C:\src\AOSP-openjdk-git\hotspot\src\share\vm\prims\jni.cpp, line 1615]
Event: 3.127 Thread 0x0000000019aca800 Exception <a 'java/lang/NoSuchMethodError': <clinit>> (0x00000000e01c29e0) thrown at [C:\src\AOSP-openjdk-git\hotspot\src\share\vm\prims\jni.cpp, line 1615]
Event: 3.773 Thread 0x0000000017d39800 Exception <a 'java/lang/NoSuchMethodError': java.lang.Object.lambda$and$0(Ljava/util/function/Predicate;Ljava/lang/Object;)Z> (0x00000000e0605ce8) thrown at [C:\src\AOSP-openjdk-git\hotspot\src\share\vm\interpreter\linkResolver.cpp, line 620]
Event: 3.784 Thread 0x0000000017d39800 Exception <a 'java/lang/IncompatibleClassChangeError': Found class java.lang.Object, but interface was expected> (0x00000000e0616538) thrown at [C:\src\AOSP-openjdk-git\hotspot\src\share\vm\interpreter\linkResolver.cpp, line 653]
Event: 3.789 Thread 0x0000000017d39800 Exception <a 'java/lang/NoSuchMethodError': java.lang.Object.lambda$or$2(Ljava/util/function/Predicate;Ljava/lang/Object;)Z> (0x00000000e061b458) thrown at [C:\src\AOSP-openjdk-git\hotspot\src\share\vm\interpreter\linkResolver.cpp, line 620]

Events (10 events):
Event: 3.987 loading class groovy/lang/Closure
Event: 3.987 loading class groovy/lang/Closure done
Event: 3.988 loading class groovy/lang/GroovyCallable
Event: 3.988 loading class groovy/lang/GroovyCallable done
Event: 3.989 loading class groovy/lang/GroovyObjectSupport
Event: 3.989 loading class groovy/lang/GroovyObjectSupport done
Event: 3.989 loading class org/gradle/internal/MutableActionSet
Event: 3.989 loading class org/gradle/internal/MutableActionSet done
Event: 3.990 loading class org/gradle/internal/instantiation/generator/AsmBackedClassGenerator$ClassBuilderImpl
Event: 3.990 loading class org/gradle/internal/instantiation/generator/AsmBackedClassGenerator$ClassBuilderImpl done


Dynamic libraries:
0x00007ff70dc20000 - 0x00007ff70dc51000 	C:\Program Files\Android\Android Studio\jre\bin\java.exe
0x00007ffec5380000 - 0x00007ffec5570000 	C:\WINDOWS\SYSTEM32\ntdll.dll
0x00007ffec3430000 - 0x00007ffec34e2000 	C:\WINDOWS\System32\KERNEL32.DLL
0x00007ffec23b0000 - 0x00007ffec2655000 	C:\WINDOWS\System32\KERNELBASE.dll
0x00007ffec51b0000 - 0x00007ffec5253000 	C:\WINDOWS\System32\ADVAPI32.dll
0x00007ffec3890000 - 0x00007ffec392e000 	C:\WINDOWS\System32\msvcrt.dll
0x00007ffec48c0000 - 0x00007ffec4957000 	C:\WINDOWS\System32\sechost.dll
0x00007ffec4c80000 - 0x00007ffec4da0000 	C:\WINDOWS\System32\RPCRT4.dll
0x00007ffec39a0000 - 0x00007ffec3b35000 	C:\WINDOWS\System32\USER32.dll
0x00007ffec2310000 - 0x00007ffec2331000 	C:\WINDOWS\System32\win32u.dll
0x00007ffec4af0000 - 0x00007ffec4b16000 	C:\WINDOWS\System32\GDI32.dll
0x00007ffec2b10000 - 0x00007ffec2ca6000 	C:\WINDOWS\System32\gdi32full.dll
0x00007ffec2660000 - 0x00007ffec26fe000 	C:\WINDOWS\System32\msvcp_win.dll
0x00007ffec2980000 - 0x00007ffec2a7a000 	C:\WINDOWS\System32\ucrtbase.dll
0x00007ffeb09e0000 - 0x00007ffeb0c64000 	C:\WINDOWS\WinSxS\amd64_microsoft.windows.common-controls_6595b64144ccf1df_6.0.18362.1082_none_9e8193e1e45b25c1\COMCTL32.dll
0x00007ffec34f0000 - 0x00007ffec3825000 	C:\WINDOWS\System32\combase.dll
0x00007ffec27b0000 - 0x00007ffec2830000 	C:\WINDOWS\System32\bcryptPrimitives.dll
0x00007ffec50a0000 - 0x00007ffec50ce000 	C:\WINDOWS\System32\IMM32.DLL
0x0000000052cc0000 - 0x0000000052d92000 	C:\Program Files\Android\Android Studio\jre\jre\bin\msvcr100.dll
0x00000000777b0000 - 0x0000000077ffb000 	C:\Program Files\Android\Android Studio\jre\jre\bin\server\jvm.dll
0x00007ffec50d0000 - 0x00007ffec50d8000 	C:\WINDOWS\System32\PSAPI.DLL
0x00007ffeab6f0000 - 0x00007ffeab6f9000 	C:\WINDOWS\SYSTEM32\WSOCK32.dll
0x00007ffeb99b0000 - 0x00007ffeb99d4000 	C:\WINDOWS\SYSTEM32\WINMM.dll
0x00007ffec5260000 - 0x00007ffec52cf000 	C:\WINDOWS\System32\WS2_32.dll
0x00007ffeba880000 - 0x00007ffeba88a000 	C:\WINDOWS\SYSTEM32\VERSION.dll
0x00007ffeb9910000 - 0x00007ffeb993d000 	C:\WINDOWS\SYSTEM32\WINMMBASE.dll
0x00007ffec2360000 - 0x00007ffec23aa000 	C:\WINDOWS\System32\cfgmgr32.dll
0x00007ffebece0000 - 0x00007ffebecef000 	C:\Program Files\Android\Android Studio\jre\jre\bin\verify.dll
0x00007ffeb0cd0000 - 0x00007ffeb0cf9000 	C:\Program Files\Android\Android Studio\jre\jre\bin\java.dll
0x00007ffebecc0000 - 0x00007ffebecd6000 	C:\Program Files\Android\Android Studio\jre\jre\bin\zip.dll
0x00007ffec3ba0000 - 0x00007ffec4287000 	C:\WINDOWS\System32\SHELL32.dll
0x00007ffec4a30000 - 0x00007ffec4ad9000 	C:\WINDOWS\System32\shcore.dll
0x00007ffec2cb0000 - 0x00007ffec3430000 	C:\WINDOWS\System32\windows.storage.dll
0x00007ffec22e0000 - 0x00007ffec2303000 	C:\WINDOWS\System32\profapi.dll
0x00007ffec2290000 - 0x00007ffec22da000 	C:\WINDOWS\System32\powrprof.dll
0x00007ffec2240000 - 0x00007ffec2250000 	C:\WINDOWS\System32\UMPDC.dll
0x00007ffec3830000 - 0x00007ffec3882000 	C:\WINDOWS\System32\shlwapi.dll
0x00007ffec2270000 - 0x00007ffec2281000 	C:\WINDOWS\System32\kernel.appcore.dll
0x00007ffec2340000 - 0x00007ffec2357000 	C:\WINDOWS\System32\cryptsp.dll
0x00007ffeb0930000 - 0x00007ffeb094a000 	C:\Program Files\Android\Android Studio\jre\jre\bin\net.dll
0x00007ffec1a90000 - 0x00007ffec1af7000 	C:\WINDOWS\system32\mswsock.dll
0x00007ffeb0910000 - 0x00007ffeb0923000 	C:\Program Files\Android\Android Studio\jre\jre\bin\nio.dll
0x00007ffeb6100000 - 0x00007ffeb6126000 	C:\Users\Sezgin\.gradle\native\31\windows-amd64\native-platform.dll
0x00007ffeb0900000 - 0x00007ffeb090d000 	C:\Program Files\Android\Android Studio\jre\jre\bin\management.dll
0x00007ffec1600000 - 0x00007ffec1633000 	C:\WINDOWS\system32\rsaenh.dll
0x00007ffec2ae0000 - 0x00007ffec2b06000 	C:\WINDOWS\System32\bcrypt.dll
0x00007ffec2160000 - 0x00007ffec2185000 	C:\WINDOWS\SYSTEM32\USERENV.dll
0x00007ffec1c60000 - 0x00007ffec1c6c000 	C:\WINDOWS\SYSTEM32\CRYPTBASE.dll
0x00007ffec17a0000 - 0x00007ffec17da000 	C:\WINDOWS\SYSTEM32\IPHLPAPI.DLL
0x00007ffec5330000 - 0x00007ffec5338000 	C:\WINDOWS\System32\NSI.dll
0x00007ffebb3d0000 - 0x00007ffebb3e6000 	C:\WINDOWS\SYSTEM32\dhcpcsvc6.DLL
0x00007ffebb3b0000 - 0x00007ffebb3cc000 	C:\WINDOWS\SYSTEM32\dhcpcsvc.DLL
0x00007ffec17e0000 - 0x00007ffec18ab000 	C:\WINDOWS\SYSTEM32\DNSAPI.dll

VM Arguments:
jvm_args: -Xmx1536m -Dfile.encoding=windows-1254 -Duser.country=TR -Duser.language=tr -Duser.variant 
java_command: org.gradle.launcher.daemon.bootstrap.GradleDaemon 6.1.1
java_class_path (initial): C:\Users\Sezgin\.gradle\wrapper\dists\gradle-6.1.1-all\cfmwm155h49vnt3hynmlrsdst\gradle-6.1.1\lib\gradle-launcher-6.1.1.jar
Launcher Type: SUN_STANDARD

Environment Variables:
USERNAME=Sezgin
OS=Windows_NT
PROCESSOR_IDENTIFIER=Intel64 Family 6 Model 69 Stepping 1, GenuineIntel



---------------  S Y S T E M  ---------------

OS: Windows 10.0 , 64 bit Build 18362 (10.0.18362.1082)

CPU:total 4 (initial active 4) (2 cores per cpu, 2 threads per core) family 6 model 69 stepping 1, cmov, cx8, fxsr, mmx, sse, sse2, sse3, ssse3, sse4.1, sse4.2, popcnt, avx, avx2, aes, clmul, erms, lzcnt, ht, tsc, tscinvbit, bmi1, bmi2

Memory: 4k page, physical 12472600k(1238324k free), swap 12472600k(2088k free)

vm_info: OpenJDK 64-Bit Server VM (25.242-b01) for windows-amd64 JRE (1.8.0_242-release-1644-b01), built by "builder" with MS VC++ 10.0 (VS2010)

time: Fri Oct 02 10:03:08 2020
timezone: Türkiye Standart Saati
elapsed time: 4 seconds (0d 0h 0m 4s)

