#
# There is insufficient memory for the Java Runtime Environment to continue.
# Native memory allocation (malloc) failed to allocate 1097776 bytes for Chunk::new
# Possible reasons:
#   The system is out of physical RAM or swap space
#   The process is running with CompressedOops enabled, and the Java Heap may be blocking the growth of the native heap
# Possible solutions:
#   Reduce memory load on the system
#   Increase physical memory or swap space
#   Check if swap backing store is full
#   Decrease Java heap size (-Xmx/-Xms)
#   Decrease number of Java threads
#   Decrease Java thread stack sizes (-Xss)
#   Set larger code cache with -XX:ReservedCodeCacheSize=
#   JVM is running with Unscaled Compressed Oops mode in which the Java heap is
#     placed in the first 4GB address space. The Java Heap base address is the
#     maximum limit for the native heap growth. Please use -XX:HeapBaseMinAddress
#     to set the Java Heap base and to place the Java Heap above 4GB virtual address.
# This output file may be truncated or incomplete.
#
#  Out of Memory Error (allocation.cpp:389), pid=11808, tid=0x00000000000003d4
#
# JRE version: OpenJDK Runtime Environment (8.0_242-b01) (build 1.8.0_242-release-1644-b01)
# Java VM: OpenJDK 64-Bit Server VM (25.242-b01 mixed mode windows-amd64 compressed oops)
# Failed to write core dump. Minidumps are not enabled by default on client versions of Windows
#

---------------  T H R E A D  ---------------

Current thread (0x0000000016348000):  JavaThread "C2 CompilerThread0" daemon [_thread_in_native, id=980, stack(0x0000000017990000,0x0000000017a90000)]

Stack: [0x0000000017990000,0x0000000017a90000]
[error occurred during error reporting (printing stack bounds), id 0xc0000005]

Native frames: (J=compiled Java code, j=interpreted, Vv=VM code, C=native code)


Current CompileTask:
C2:2622413 25456   !   4       java.io.ObjectStreamClass::getReflector (336 bytes)


---------------  P R O C E S S  ---------------

Java Threads: ( => current thread )
  0x000000001a3b4000 JavaThread "stdout" [_thread_in_native, id=11140, stack(0x00000000277f0000,0x00000000278f0000)]
  0x000000001a3ac800 JavaThread "stderr" [_thread_in_native, id=12268, stack(0x00000000276f0000,0x00000000277f0000)]
  0x000000001a3b6800 JavaThread "stdout" [_thread_in_native, id=14976, stack(0x00000000279f0000,0x0000000027af0000)]
  0x000000001a3b5000 JavaThread "stderr" [_thread_in_native, id=10496, stack(0x00000000278f0000,0x00000000279f0000)]
  0x000000001a3b1800 JavaThread "stdout" [_thread_in_native, id=2200, stack(0x0000000027df0000,0x0000000027ef0000)]
  0x000000001a3b8800 JavaThread "stderr" [_thread_in_native, id=2076, stack(0x0000000027cf0000,0x0000000027df0000)]
  0x000000001a3b8000 JavaThread "stdout" [_thread_in_native, id=14708, stack(0x0000000027bf0000,0x0000000027cf0000)]
  0x000000001a3b2800 JavaThread "stderr" [_thread_in_native, id=11488, stack(0x0000000027af0000,0x0000000027bf0000)]
  0x000000001a3aa000 JavaThread "pool-18-thread-1" [_thread_blocked, id=13040, stack(0x00000000275f0000,0x00000000276f0000)]
  0x000000001a3ab000 JavaThread "WorkerExecutor Queue Thread 4" [_thread_blocked, id=9004, stack(0x0000000027010000,0x0000000027110000)]
  0x000000001a3ae000 JavaThread "WorkerExecutor Queue Thread 3" [_thread_blocked, id=7200, stack(0x0000000026f10000,0x0000000027010000)]
  0x000000001a3b1000 JavaThread "WorkerExecutor Queue Thread 2" [_thread_blocked, id=7860, stack(0x0000000026e10000,0x0000000026f10000)]
  0x000000001a3ad000 JavaThread "WorkerExecutor Queue" [_thread_blocked, id=784, stack(0x0000000026d10000,0x0000000026e10000)]
  0x0000000021000800 JavaThread "Cache worker for execution history cache (C:\Users\Sezgin\Desktop\Android\MilkDoser\.gradle\6.1.1\executionHistory)" [_thread_blocked, id=9872, stack(0x00000000263a0000,0x00000000264a0000)]
  0x0000000020fff000 JavaThread "Execution worker for ':' Thread 3" [_thread_blocked, id=11412, stack(0x0000000026040000,0x0000000026140000)]
  0x0000000021002000 JavaThread "Execution worker for ':' Thread 2" [_thread_blocked, id=15316, stack(0x0000000025b40000,0x0000000025c40000)]
  0x0000000020ffe800 JavaThread "Execution worker for ':'" [_thread_blocked, id=2184, stack(0x0000000023ce0000,0x0000000023de0000)]
  0x0000000021000000 JavaThread "Cache worker for file content cache (C:\Users\Sezgin\Desktop\Android\MilkDoser\.gradle\6.1.1\fileContent)" [_thread_blocked, id=5996, stack(0x00000000233e0000,0x00000000234e0000)]
  0x0000000021001800 JavaThread "Cache worker for Build Output Cleanup Cache (C:\Users\Sezgin\Desktop\Android\MilkDoser\.gradle\buildOutputCleanup)" [_thread_blocked, id=228, stack(0x00000000230e0000,0x00000000231e0000)]
  0x0000000020ffd800 JavaThread "pool-17-thread-1" [_thread_blocked, id=15144, stack(0x0000000021cf0000,0x0000000021df0000)]
  0x0000000020ff5800 JavaThread "Build operations Thread 4" [_thread_blocked, id=14292, stack(0x0000000021bf0000,0x0000000021cf0000)]
  0x0000000020ffb800 JavaThread "Build operations Thread 3" [_thread_blocked, id=16208, stack(0x0000000021af0000,0x0000000021bf0000)]
  0x0000000020ff6000 JavaThread "Build operations Thread 2" [_thread_blocked, id=10900, stack(0x00000000219f0000,0x0000000021af0000)]
  0x0000000020ffa800 JavaThread "Build operations" [_thread_blocked, id=2060, stack(0x000000001eca0000,0x000000001eda0000)]
  0x0000000020ffa000 JavaThread "Cache worker for cache directory md-rule (C:\Users\Sezgin\.gradle\caches\6.1.1\md-rule)" [_thread_blocked, id=840, stack(0x000000001eba0000,0x000000001eca0000)]
  0x0000000020ff9000 JavaThread "Cache worker for cache directory md-supplier (C:\Users\Sezgin\.gradle\caches\6.1.1\md-supplier)" [_thread_blocked, id=1884, stack(0x000000001e9a0000,0x000000001eaa0000)]
  0x0000000020ff7800 JavaThread "Cache worker for file hash cache (C:\Users\Sezgin\Desktop\Android\MilkDoser\.gradle\6.1.1\fileHashes)" [_thread_blocked, id=5040, stack(0x000000001e8a0000,0x000000001e9a0000)]
  0x0000000020ff8800 JavaThread "Cache worker for checksums cache (C:\Users\Sezgin\Desktop\Android\MilkDoser\.gradle\checksums)" [_thread_blocked, id=14472, stack(0x000000001bc00000,0x000000001bd00000)]
  0x0000000020ffc000 JavaThread "Thread-228" [_thread_blocked, id=9480, stack(0x000000001b900000,0x000000001ba00000)]
  0x0000000020ff7000 JavaThread "Stdin handler" [_thread_blocked, id=10524, stack(0x000000001b800000,0x000000001b900000)]
  0x000000001a47d800 JavaThread "Asynchronous log dispatcher for DefaultDaemonConnection: socket connection from /127.0.0.1:61181 to /127.0.0.1:64827" [_thread_blocked, id=14352, stack(0x000000001b500000,0x000000001b600000)]
  0x000000001a47d000 JavaThread "Daemon worker Thread 7" [_thread_blocked, id=12928, stack(0x000000001b400000,0x000000001b500000)]
  0x000000001a47b800 JavaThread "Cancel handler" [_thread_blocked, id=15844, stack(0x0000000000e40000,0x0000000000f40000)]
  0x000000001a47a800 JavaThread "Handler for socket connection from /127.0.0.1:61181 to /127.0.0.1:64827" [_thread_in_native, id=14896, stack(0x0000000000d40000,0x0000000000e40000)]
  0x000000001a479000 JavaThread "Daemon Thread 7" [_thread_blocked, id=14728, stack(0x0000000000c40000,0x0000000000d40000)]
  0x0000000020ca2800 JavaThread "MarlinRenderer Disposer" daemon [_thread_blocked, id=7376, stack(0x0000000026aa0000,0x0000000026ba0000)]
  0x0000000020ca1000 JavaThread "Java2D Disposer" daemon [_thread_blocked, id=9316, stack(0x0000000026c10000,0x0000000026d10000)]
  0x000000001a3ab800 JavaThread "Cache worker for Java compile cache (C:\Users\Sezgin\.gradle\caches\6.1.1\javaCompile)" [_thread_blocked, id=2888, stack(0x00000000247e0000,0x00000000248e0000)]
  0x000000001da46800 JavaThread "Cache worker for file content cache (C:\Users\Sezgin\.gradle\caches\6.1.1\fileContent)" [_thread_blocked, id=13172, stack(0x0000000022fe0000,0x00000000230e0000)]
  0x000000001da3f000 JavaThread "Memory manager" [_thread_blocked, id=5528, stack(0x0000000022ee0000,0x0000000022fe0000)]
  0x000000001a11c000 JavaThread "Cache worker for execution history cache (C:\Users\Sezgin\.gradle\caches\6.1.1\executionHistory)" [_thread_blocked, id=1220, stack(0x000000001eaa0000,0x000000001eba0000)]
  0x000000001a11a000 JavaThread "Cache worker for file hash cache (C:\Users\Sezgin\.gradle\caches\6.1.1\fileHashes)" [_thread_blocked, id=11100, stack(0x000000001c100000,0x000000001c200000)]
  0x000000001a119000 JavaThread "File lock request listener" [_thread_in_native, id=7932, stack(0x000000001c000000,0x000000001c100000)]
  0x000000001a02c000 JavaThread "Cache worker for journal cache (C:\Users\Sezgin\.gradle\caches\journal-1)" [_thread_blocked, id=2780, stack(0x000000001bf00000,0x000000001c000000)]
  0x0000000019e71000 JavaThread "Daemon periodic checks" [_thread_blocked, id=14364, stack(0x000000001b300000,0x000000001b400000)]
  0x0000000019e36800 JavaThread "Incoming local TCP Connector on port 61181" [_thread_in_native, id=11200, stack(0x0000000018390000,0x0000000018490000)]
  0x0000000019d8e000 JavaThread "Daemon health stats" [_thread_blocked, id=13400, stack(0x0000000018290000,0x0000000018390000)]
  0x0000000017c99000 JavaThread "Service Thread" daemon [_thread_blocked, id=16148, stack(0x0000000018090000,0x0000000018190000)]
  0x000000001639d800 JavaThread "C1 CompilerThread2" daemon [_thread_blocked, id=2400, stack(0x0000000017b90000,0x0000000017c90000)]
  0x000000001634c000 JavaThread "C2 CompilerThread1" daemon [_thread_blocked, id=12592, stack(0x0000000017a90000,0x0000000017b90000)]
=>0x0000000016348000 JavaThread "C2 CompilerThread0" daemon [_thread_in_native, id=980, stack(0x0000000017990000,0x0000000017a90000)]
  0x0000000016346800 JavaThread "Attach Listener" daemon [_thread_blocked, id=16252, stack(0x0000000017890000,0x0000000017990000)]
  0x0000000016345800 JavaThread "Signal Dispatcher" daemon [_thread_blocked, id=3244, stack(0x0000000017790000,0x0000000017890000)]
  0x000000000296c000 JavaThread "Finalizer" daemon [_thread_blocked, id=1028, stack(0x00000000175a0000,0x00000000176a0000)]
  0x0000000016329000 JavaThread "Reference Handler" daemon [_thread_blocked, id=8952, stack(0x00000000174a0000,0x00000000175a0000)]
  0x0000000002873000 JavaThread "main" [_thread_blocked, id=14996, stack(0x0000000002750000,0x0000000002850000)]

Other Threads:
  0x0000000016307000 VMThread [stack: 0x00000000173a0000,0x00000000174a0000] [id=9932]
  0x0000000017c9a000 WatcherThread [stack: 0x0000000018190000,0x0000000018290000] [id=15696]

VM state:not at safepoint (normal execution)

VM Mutex/Monitor currently owned by a thread: None

heap address: 0x00000000a0000000, size: 1536 MB, Compressed Oops mode: 32-bit
Narrow klass base: 0x0000000000000000, Narrow klass shift: 3
Compressed class space size: 1073741824 Address: 0x0000000100000000

Heap:
 PSYoungGen      total 315392K, used 87708K [0x00000000e0000000, 0x00000000fa700000, 0x0000000100000000)
  eden space 260096K, 13% used [0x00000000e0000000,0x00000000e2280d90,0x00000000efe00000)
  from space 55296K, 94% used [0x00000000efe00000,0x00000000f3126558,0x00000000f3400000)
  to   space 74752K, 0% used [0x00000000f5e00000,0x00000000f5e00000,0x00000000fa700000)
 ParOldGen       total 266752K, used 90892K [0x00000000a0000000, 0x00000000b0480000, 0x00000000e0000000)
  object space 266752K, 34% used [0x00000000a0000000,0x00000000a58c3288,0x00000000b0480000)
 Metaspace       used 99841K, capacity 105200K, committed 105256K, reserved 1140736K
  class space    used 12634K, capacity 13583K, committed 13616K, reserved 1048576K

Card table byte_map: [0x0000000011d90000,0x00000000120a0000] byte_map_base: 0x0000000011890000

Marking Bits: (ParMarkBitMap*) 0x0000000053a7f030
 Begin Bits: [0x00000000126a0000, 0x0000000013ea0000)
 End Bits:   [0x0000000013ea0000, 0x00000000156a0000)

Polling page: 0x0000000000a40000

CodeCache: size=245760Kb used=71862Kb max_used=72706Kb free=173897Kb
 bounds [0x00000000029d0000, 0x0000000007140000, 0x00000000119d0000]
 total_blobs=20565 nmethods=19566 adapters=910
 compilation: enabled

Compilation events (10 events):
Event: 2622.048 Thread 0x000000001639d800 nmethod 25452 0x0000000004f51c10 code [0x0000000004f51e00, 0x0000000004f52768]
Event: 2622.048 Thread 0x000000001639d800 25453       3       org.gradle.internal.logging.services.TextStreamOutputEventListener::onLogLevelChange (12 bytes)
Event: 2622.049 Thread 0x000000001639d800 nmethod 25453 0x00000000068ac110 code [0x00000000068ac280, 0x00000000068ac510]
Event: 2622.049 Thread 0x0000000016348000 25454       4       com.google.common.base.CaseFormat::to (26 bytes)
Event: 2622.079 Thread 0x0000000016348000 nmethod 25454 0x0000000006a54b90 code [0x0000000006a54d20, 0x0000000006a55738]
Event: 2622.119 Thread 0x000000001634c000 25455       4       org.gradle.api.internal.artifacts.transform.TransformationSubject$SubsequentTransformationSubject::getDisplayName (8 bytes)
Event: 2622.128 Thread 0x0000000016348000 25456   !   4       java.io.ObjectStreamClass::getReflector (336 bytes)
Event: 2622.159 Thread 0x000000001634c000 nmethod 25455 0x0000000006eb39d0 code [0x0000000006eb3be0, 0x0000000006eb4ca8]
Event: 2622.312 Thread 0x000000001634c000 25457       4       java.io.ObjectStreamClass::initNonProxy (551 bytes)
Event: 2622.375 Thread 0x000000001634c000 nmethod 25457 0x0000000005156e90 code [0x00000000051570c0, 0x0000000005158830]

GC Heap History (10 events):
Event: 2518.470 GC heap before
{Heap before GC invocations=25 (full 4):
 PSYoungGen      total 288768K, used 288751K [0x00000000e0000000, 0x00000000f5c80000, 0x0000000100000000)
  eden space 251392K, 100% used [0x00000000e0000000,0x00000000ef580000,0x00000000ef580000)
  from space 37376K, 99% used [0x00000000f2080000,0x00000000f44fbd18,0x00000000f4500000)
  to   space 44032K, 0% used [0x00000000ef580000,0x00000000ef580000,0x00000000f2080000)
 ParOldGen       total 266752K, used 58185K [0x00000000a0000000, 0x00000000b0480000, 0x00000000e0000000)
  object space 266752K, 21% used [0x00000000a0000000,0x00000000a38d2788,0x00000000b0480000)
 Metaspace       used 98732K, capacity 103800K, committed 103976K, reserved 1140736K
  class space    used 12567K, capacity 13505K, committed 13616K, reserved 1048576K
Event: 2518.507 GC heap after
Heap after GC invocations=25 (full 4):
 PSYoungGen      total 295424K, used 27776K [0x00000000e0000000, 0x00000000f6000000, 0x0000000100000000)
  eden space 251392K, 0% used [0x00000000e0000000,0x00000000e0000000,0x00000000ef580000)
  from space 44032K, 63% used [0x00000000ef580000,0x00000000f10a0100,0x00000000f2080000)
  to   space 45056K, 0% used [0x00000000f3400000,0x00000000f3400000,0x00000000f6000000)
 ParOldGen       total 266752K, used 58193K [0x00000000a0000000, 0x00000000b0480000, 0x00000000e0000000)
  object space 266752K, 21% used [0x00000000a0000000,0x00000000a38d4788,0x00000000b0480000)
 Metaspace       used 98732K, capacity 103800K, committed 103976K, reserved 1140736K
  class space    used 12567K, capacity 13505K, committed 13616K, reserved 1048576K
}
Event: 2523.830 GC heap before
{Heap before GC invocations=26 (full 4):
 PSYoungGen      total 295424K, used 279168K [0x00000000e0000000, 0x00000000f6000000, 0x0000000100000000)
  eden space 251392K, 100% used [0x00000000e0000000,0x00000000ef580000,0x00000000ef580000)
  from space 44032K, 63% used [0x00000000ef580000,0x00000000f10a0100,0x00000000f2080000)
  to   space 45056K, 0% used [0x00000000f3400000,0x00000000f3400000,0x00000000f6000000)
 ParOldGen       total 266752K, used 58193K [0x00000000a0000000, 0x00000000b0480000, 0x00000000e0000000)
  object space 266752K, 21% used [0x00000000a0000000,0x00000000a38d4788,0x00000000b0480000)
 Metaspace       used 98992K, capacity 104094K, committed 104232K, reserved 1140736K
  class space    used 12570K, capacity 13510K, committed 13616K, reserved 1048576K
Event: 2524.072 GC heap after
Heap after GC invocations=26 (full 4):
 PSYoungGen      total 305152K, used 45027K [0x00000000e0000000, 0x00000000f7d00000, 0x0000000100000000)
  eden space 260096K, 0% used [0x00000000e0000000,0x00000000e0000000,0x00000000efe00000)
  from space 45056K, 99% used [0x00000000f3400000,0x00000000f5ff8e48,0x00000000f6000000)
  to   space 55296K, 0% used [0x00000000efe00000,0x00000000efe00000,0x00000000f3400000)
 ParOldGen       total 266752K, used 67552K [0x00000000a0000000, 0x00000000b0480000, 0x00000000e0000000)
  object space 266752K, 25% used [0x00000000a0000000,0x00000000a41f8050,0x00000000b0480000)
 Metaspace       used 98992K, capacity 104094K, committed 104232K, reserved 1140736K
  class space    used 12570K, capacity 13510K, committed 13616K, reserved 1048576K
}
Event: 2537.165 GC heap before
{Heap before GC invocations=27 (full 4):
 PSYoungGen      total 305152K, used 305123K [0x00000000e0000000, 0x00000000f7d00000, 0x0000000100000000)
  eden space 260096K, 100% used [0x00000000e0000000,0x00000000efe00000,0x00000000efe00000)
  from space 45056K, 99% used [0x00000000f3400000,0x00000000f5ff8e48,0x00000000f6000000)
  to   space 55296K, 0% used [0x00000000efe00000,0x00000000efe00000,0x00000000f3400000)
 ParOldGen       total 266752K, used 67552K [0x00000000a0000000, 0x00000000b0480000, 0x00000000e0000000)
  object space 266752K, 25% used [0x00000000a0000000,0x00000000a41f8050,0x00000000b0480000)
 Metaspace       used 99165K, capacity 104294K, committed 104488K, reserved 1140736K
  class space    used 12570K, capacity 13510K, committed 13616K, reserved 1048576K
Event: 2537.268 GC heap after
Heap after GC invocations=27 (full 4):
 PSYoungGen      total 315392K, used 34832K [0x00000000e0000000, 0x00000000f8580000, 0x0000000100000000)
  eden space 260096K, 0% used [0x00000000e0000000,0x00000000e0000000,0x00000000efe00000)
  from space 55296K, 62% used [0x00000000efe00000,0x00000000f2004158,0x00000000f3400000)
  to   space 56320K, 0% used [0x00000000f4e80000,0x00000000f4e80000,0x00000000f8580000)
 ParOldGen       total 266752K, used 67560K [0x00000000a0000000, 0x00000000b0480000, 0x00000000e0000000)
  object space 266752K, 25% used [0x00000000a0000000,0x00000000a41fa050,0x00000000b0480000)
 Metaspace       used 99165K, capacity 104294K, committed 104488K, reserved 1140736K
  class space    used 12570K, capacity 13510K, committed 13616K, reserved 1048576K
}
Event: 2543.092 GC heap before
{Heap before GC invocations=28 (full 4):
 PSYoungGen      total 315392K, used 294928K [0x00000000e0000000, 0x00000000f8580000, 0x0000000100000000)
  eden space 260096K, 100% used [0x00000000e0000000,0x00000000efe00000,0x00000000efe00000)
  from space 55296K, 62% used [0x00000000efe00000,0x00000000f2004158,0x00000000f3400000)
  to   space 56320K, 0% used [0x00000000f4e80000,0x00000000f4e80000,0x00000000f8580000)
 ParOldGen       total 266752K, used 67560K [0x00000000a0000000, 0x00000000b0480000, 0x00000000e0000000)
  object space 266752K, 25% used [0x00000000a0000000,0x00000000a41fa050,0x00000000b0480000)
 Metaspace       used 99250K, capacity 104388K, committed 104744K, reserved 1140736K
  class space    used 12571K, capacity 13511K, committed 13616K, reserved 1048576K
Event: 2543.477 GC heap after
Heap after GC invocations=28 (full 4):
 PSYoungGen      total 316416K, used 56288K [0x00000000e0000000, 0x00000000f8580000, 0x0000000100000000)
  eden space 260096K, 0% used [0x00000000e0000000,0x00000000e0000000,0x00000000efe00000)
  from space 56320K, 99% used [0x00000000f4e80000,0x00000000f8578088,0x00000000f8580000)
  to   space 55296K, 0% used [0x00000000efe00000,0x00000000efe00000,0x00000000f3400000)
 ParOldGen       total 266752K, used 81920K [0x00000000a0000000, 0x00000000b0480000, 0x00000000e0000000)
  object space 266752K, 30% used [0x00000000a0000000,0x00000000a50003b8,0x00000000b0480000)
 Metaspace       used 99250K, capacity 104388K, committed 104744K, reserved 1140736K
  class space    used 12571K, capacity 13511K, committed 13616K, reserved 1048576K
}
Event: 2621.108 GC heap before
{Heap before GC invocations=29 (full 4):
 PSYoungGen      total 316416K, used 316384K [0x00000000e0000000, 0x00000000f8580000, 0x0000000100000000)
  eden space 260096K, 100% used [0x00000000e0000000,0x00000000efe00000,0x00000000efe00000)
  from space 56320K, 99% used [0x00000000f4e80000,0x00000000f8578088,0x00000000f8580000)
  to   space 55296K, 0% used [0x00000000efe00000,0x00000000efe00000,0x00000000f3400000)
 ParOldGen       total 266752K, used 81920K [0x00000000a0000000, 0x00000000b0480000, 0x00000000e0000000)
  object space 266752K, 30% used [0x00000000a0000000,0x00000000a50003b8,0x00000000b0480000)
 Metaspace       used 99813K, capacity 105072K, committed 105256K, reserved 1140736K
  class space    used 12633K, capacity 13583K, committed 13616K, reserved 1048576K
Event: 2621.329 GC heap after
Heap after GC invocations=29 (full 4):
 PSYoungGen      total 315392K, used 52377K [0x00000000e0000000, 0x00000000fa700000, 0x0000000100000000)
  eden space 260096K, 0% used [0x00000000e0000000,0x00000000e0000000,0x00000000efe00000)
  from space 55296K, 94% used [0x00000000efe00000,0x00000000f3126558,0x00000000f3400000)
  to   space 74752K, 0% used [0x00000000f5e00000,0x00000000f5e00000,0x00000000fa700000)
 ParOldGen       total 266752K, used 90892K [0x00000000a0000000, 0x00000000b0480000, 0x00000000e0000000)
  object space 266752K, 34% used [0x00000000a0000000,0x00000000a58c3288,0x00000000b0480000)
 Metaspace       used 99813K, capacity 105072K, committed 105256K, reserved 1140736K
  class space    used 12633K, capacity 13583K, committed 13616K, reserved 1048576K
}

Deoptimization events (10 events):
Event: 2538.570 Thread 0x0000000020ffd800 Uncommon trap: reason=bimorphic action=maybe_recompile pc=0x00000000066ae5f4 method=com.android.tools.r8.u.a.i.e.b(Lcom/android/tools/r8/u/b/h0;)V @ 357
Event: 2538.688 Thread 0x0000000020ffd800 Uncommon trap: reason=unstable_if action=reinterpret pc=0x000000000697c24c method=com.android.tools.r8.ir.conversion.N.a(Lcom/android/tools/r8/graph/T;)Lcom/android/tools/r8/u/b/W; @ 763
Event: 2538.858 Thread 0x0000000020ffd800 Uncommon trap: reason=class_check action=maybe_recompile pc=0x0000000006a2f3e0 method=com.android.tools.r8.v.a.a.a.f.U.equals(Ljava/lang/Object;)Z @ 1
Event: 2538.859 Thread 0x0000000020ffd800 Uncommon trap: reason=class_check action=maybe_recompile pc=0x0000000006a2e8a8 method=com.android.tools.r8.ir.conversion.o.a(Lcom/android/tools/r8/ir/conversion/N;IZ)V @ 526
Event: 2539.571 Thread 0x0000000020ffd800 Uncommon trap: reason=array_check action=maybe_recompile pc=0x0000000006eb4dcc method=java.util.TimSort.mergeLo(IIII)V @ 212
Event: 2539.571 Thread 0x0000000020ffd800 Uncommon trap: reason=array_check action=maybe_recompile pc=0x0000000006eb4dcc method=java.util.TimSort.mergeLo(IIII)V @ 212
Event: 2539.571 Thread 0x0000000020ffd800 Uncommon trap: reason=predicate action=maybe_recompile pc=0x0000000003c70c98 method=java.util.TimSort.mergeHi(IIII)V @ 191
Event: 2541.331 Thread 0x0000000020ffe800 Uncommon trap: reason=bimorphic action=maybe_recompile pc=0x0000000005a63304 method=com.google.common.collect.ImmutableMap.copyOf(Ljava/lang/Iterable;)Lcom/google/common/collect/ImmutableMap; @ 53
Event: 2544.068 Thread 0x000000001da3f800 Uncommon trap: reason=null_check action=make_not_entrant pc=0x00000000046a50a8 method=java.lang.Integer.equals(Ljava/lang/Object;)Z @ 1
Event: 2544.102 Thread 0x000000001da3f800 Uncommon trap: reason=class_check action=maybe_recompile pc=0x0000000004a4bff4 method=org.gradle.internal.fingerprint.classpath.impl.ClasspathFingerprintingStrategy$ClasspathContentFingerprintingVisitor.visitFile(Lorg/gradle/internal/snapshot/CompleteFile

Classes redefined (0 events):
No events

Internal exceptions (10 events):
Event: 2614.511 Thread 0x000000001a47d000 Exception <a 'sun/nio/fs/WindowsException'> (0x00000000e5d65ba0) thrown at [C:\src\AOSP-openjdk-git\hotspot\src\share\vm\prims\jni.cpp, line 710]
Event: 2617.662 Thread 0x000000001a47d000 Exception <a 'sun/nio/fs/WindowsException'> (0x00000000e85a32c8) thrown at [C:\src\AOSP-openjdk-git\hotspot\src\share\vm\prims\jni.cpp, line 710]
Event: 2617.663 Thread 0x000000001a47d000 Exception <a 'sun/nio/fs/WindowsException'> (0x00000000e85a4ed0) thrown at [C:\src\AOSP-openjdk-git\hotspot\src\share\vm\prims\jni.cpp, line 710]
Event: 2617.757 Thread 0x000000001a3ad000 Exception <a 'sun/nio/fs/WindowsException'> (0x00000000e8a0bd30) thrown at [C:\src\AOSP-openjdk-git\hotspot\src\share\vm\prims\jni.cpp, line 710]
Event: 2621.623 Thread 0x000000001a3ab000 Exception <a 'java/io/IOException'> (0x00000000e03a4e00) thrown at [C:\src\AOSP-openjdk-git\hotspot\src\share\vm\prims\jni.cpp, line 710]
Event: 2621.661 Thread 0x000000001a3ae000 Exception <a 'java/io/IOException'> (0x00000000e04efa50) thrown at [C:\src\AOSP-openjdk-git\hotspot\src\share\vm\prims\jni.cpp, line 710]
Event: 2621.692 Thread 0x0000000020fff000 Exception <a 'sun/nio/fs/WindowsException'> (0x00000000e0600258) thrown at [C:\src\AOSP-openjdk-git\hotspot\src\share\vm\prims\jni.cpp, line 710]
Event: 2621.692 Thread 0x0000000020fff000 Exception <a 'sun/nio/fs/WindowsException'> (0x00000000e0601308) thrown at [C:\src\AOSP-openjdk-git\hotspot\src\share\vm\prims\jni.cpp, line 710]
Event: 2621.693 Thread 0x0000000020fff000 Exception <a 'sun/nio/fs/WindowsException'> (0x00000000e0601e78) thrown at [C:\src\AOSP-openjdk-git\hotspot\src\share\vm\prims\jni.cpp, line 710]
Event: 2621.693 Thread 0x0000000020fff000 Exception <a 'sun/nio/fs/WindowsException'> (0x00000000e0602ee0) thrown at [C:\src\AOSP-openjdk-git\hotspot\src\share\vm\prims\jni.cpp, line 710]

Events (10 events):
Event: 2621.931 Thread 0x000000001639d800 flushing nmethod 0x0000000006a54b90
Event: 2621.931 Thread 0x000000001639d800 flushing nmethod 0x0000000006a70410
Event: 2621.931 Thread 0x000000001639d800 flushing nmethod 0x0000000006a81410
Event: 2621.931 Thread 0x000000001639d800 flushing nmethod 0x0000000006b24590
Event: 2621.933 Thread 0x000000001639d800 flushing nmethod 0x0000000006eb39d0
Event: 2621.933 Thread 0x000000001639d800 flushing nmethod 0x0000000006f4f150
Event: 2621.933 Thread 0x000000001639d800 flushing nmethod 0x0000000007008e10
Event: 2621.933 Thread 0x000000001639d800 flushing nmethod 0x000000000704ec50
Event: 2622.137 Thread 0x000000001a3ac800 Thread added: 0x000000001a3ac800
Event: 2622.138 Thread 0x000000001a3b4000 Thread added: 0x000000001a3b4000


Dynamic libraries:
0x00007ff7d6220000 - 0x00007ff7d6251000 	C:\Program Files\Android\Android Studio\jre\bin\java.exe
0x00007ffbd1f20000 - 0x00007ffbd2110000 	C:\WINDOWS\SYSTEM32\ntdll.dll
0x00007ffbd0a70000 - 0x00007ffbd0b22000 	C:\WINDOWS\System32\KERNEL32.DLL
0x00007ffbcf780000 - 0x00007ffbcfa25000 	C:\WINDOWS\System32\KERNELBASE.dll
0x00007ffbd01f0000 - 0x00007ffbd0293000 	C:\WINDOWS\System32\ADVAPI32.dll
0x00007ffbd16c0000 - 0x00007ffbd175e000 	C:\WINDOWS\System32\msvcrt.dll
0x00007ffbd0000000 - 0x00007ffbd0097000 	C:\WINDOWS\System32\sechost.dll
0x00007ffbd00d0000 - 0x00007ffbd01f0000 	C:\WINDOWS\System32\RPCRT4.dll
0x00007ffbd0bb0000 - 0x00007ffbd0d45000 	C:\WINDOWS\System32\USER32.dll
0x00007ffbcfae0000 - 0x00007ffbcfb01000 	C:\WINDOWS\System32\win32u.dll
0x00007ffbd1620000 - 0x00007ffbd1646000 	C:\WINDOWS\System32\GDI32.dll
0x00007ffbcfb10000 - 0x00007ffbcfca6000 	C:\WINDOWS\System32\gdi32full.dll
0x00007ffbceeb0000 - 0x00007ffbcef4e000 	C:\WINDOWS\System32\msvcp_win.dll
0x00007ffbcfd60000 - 0x00007ffbcfe5a000 	C:\WINDOWS\System32\ucrtbase.dll
0x00007ffbb7050000 - 0x00007ffbb72d4000 	C:\WINDOWS\WinSxS\amd64_microsoft.windows.common-controls_6595b64144ccf1df_6.0.18362.1082_none_9e8193e1e45b25c1\COMCTL32.dll
0x00007ffbd1b90000 - 0x00007ffbd1ec5000 	C:\WINDOWS\System32\combase.dll
0x00007ffbcfce0000 - 0x00007ffbcfd60000 	C:\WINDOWS\System32\bcryptPrimitives.dll
0x00007ffbd00a0000 - 0x00007ffbd00ce000 	C:\WINDOWS\System32\IMM32.DLL
0x00000000527a0000 - 0x0000000052872000 	C:\Program Files\Android\Android Studio\jre\jre\bin\msvcr100.dll
0x00000000532b0000 - 0x0000000053afb000 	C:\Program Files\Android\Android Studio\jre\jre\bin\server\jvm.dll
0x00007ffbd1ed0000 - 0x00007ffbd1ed8000 	C:\WINDOWS\System32\PSAPI.DLL
0x00007ffbb93b0000 - 0x00007ffbb93b9000 	C:\WINDOWS\SYSTEM32\WSOCK32.dll
0x00007ffbc6610000 - 0x00007ffbc6634000 	C:\WINDOWS\SYSTEM32\WINMM.dll
0x00007ffbc73b0000 - 0x00007ffbc73ba000 	C:\WINDOWS\SYSTEM32\VERSION.dll
0x00007ffbd1400000 - 0x00007ffbd146f000 	C:\WINDOWS\System32\WS2_32.dll
0x00007ffbc65e0000 - 0x00007ffbc660d000 	C:\WINDOWS\SYSTEM32\winmmbase.dll
0x00007ffbcf730000 - 0x00007ffbcf77a000 	C:\WINDOWS\System32\cfgmgr32.dll
0x00007ffbc9c70000 - 0x00007ffbc9c7f000 	C:\Program Files\Android\Android Studio\jre\jre\bin\verify.dll
0x00007ffb95d40000 - 0x00007ffb95d69000 	C:\Program Files\Android\Android Studio\jre\jre\bin\java.dll
0x00007ffba9600000 - 0x00007ffba9616000 	C:\Program Files\Android\Android Studio\jre\jre\bin\zip.dll
0x00007ffbd02a0000 - 0x00007ffbd0987000 	C:\WINDOWS\System32\SHELL32.dll
0x00007ffbd0e80000 - 0x00007ffbd0f29000 	C:\WINDOWS\System32\shcore.dll
0x00007ffbcef50000 - 0x00007ffbcf6d0000 	C:\WINDOWS\System32\windows.storage.dll
0x00007ffbcedf0000 - 0x00007ffbcee13000 	C:\WINDOWS\System32\profapi.dll
0x00007ffbcee60000 - 0x00007ffbceeaa000 	C:\WINDOWS\System32\powrprof.dll
0x00007ffbcede0000 - 0x00007ffbcedf0000 	C:\WINDOWS\System32\UMPDC.dll
0x00007ffbd0990000 - 0x00007ffbd09e2000 	C:\WINDOWS\System32\shlwapi.dll
0x00007ffbcee20000 - 0x00007ffbcee31000 	C:\WINDOWS\System32\kernel.appcore.dll
0x00007ffbcfe60000 - 0x00007ffbcfe77000 	C:\WINDOWS\System32\cryptsp.dll
0x00007ffba95b0000 - 0x00007ffba95ca000 	C:\Program Files\Android\Android Studio\jre\jre\bin\net.dll
0x00007ffbce630000 - 0x00007ffbce697000 	C:\WINDOWS\system32\mswsock.dll
0x00007ffba8bd0000 - 0x00007ffba8be3000 	C:\Program Files\Android\Android Studio\jre\jre\bin\nio.dll
0x00007ffbc87c0000 - 0x00007ffbc87e6000 	C:\Users\Sezgin\.gradle\native\31\windows-amd64\native-platform.dll
0x00007ffbc95a0000 - 0x00007ffbc95ad000 	C:\Program Files\Android\Android Studio\jre\jre\bin\management.dll
0x00007ffbce1a0000 - 0x00007ffbce1d3000 	C:\WINDOWS\system32\rsaenh.dll
0x00007ffbcfcb0000 - 0x00007ffbcfcd6000 	C:\WINDOWS\System32\bcrypt.dll
0x00007ffbced00000 - 0x00007ffbced25000 	C:\WINDOWS\SYSTEM32\USERENV.dll
0x00007ffbce800000 - 0x00007ffbce80c000 	C:\WINDOWS\SYSTEM32\CRYPTBASE.dll
0x00007ffbce340000 - 0x00007ffbce37a000 	C:\WINDOWS\SYSTEM32\IPHLPAPI.DLL
0x00007ffbcfff0000 - 0x00007ffbcfff8000 	C:\WINDOWS\System32\NSI.dll
0x00007ffbc6fe0000 - 0x00007ffbc6ff6000 	C:\WINDOWS\SYSTEM32\dhcpcsvc6.DLL
0x00007ffbc6fc0000 - 0x00007ffbc6fdc000 	C:\WINDOWS\SYSTEM32\dhcpcsvc.DLL
0x00007ffbce380000 - 0x00007ffbce44b000 	C:\WINDOWS\SYSTEM32\DNSAPI.dll
0x00007ffb5d400000 - 0x00007ffb5d59c000 	C:\Program Files\Android\Android Studio\jre\jre\bin\awt.dll
0x00007ffbd1a00000 - 0x00007ffbd1ac5000 	C:\WINDOWS\System32\OLEAUT32.dll
0x00007ffbcd340000 - 0x00007ffbcd36d000 	C:\WINDOWS\SYSTEM32\dwmapi.dll
0x00007ffbcb950000 - 0x00007ffbcbf10000 	C:\WINDOWS\SYSTEM32\d2d1.dll
0x00007ffbccd30000 - 0x00007ffbccdbf000 	C:\WINDOWS\SYSTEM32\apphelp.dll
0x00007ffbccec0000 - 0x00007ffbccf59000 	C:\WINDOWS\system32\uxtheme.dll

VM Arguments:
jvm_args: -Xmx1536m -Dfile.encoding=windows-1254 -Duser.country=TR -Duser.language=tr -Duser.variant 
java_command: org.gradle.launcher.daemon.bootstrap.GradleDaemon 6.1.1
java_class_path (initial): C:\Users\Sezgin\.gradle\wrapper\dists\gradle-6.1.1-all\cfmwm155h49vnt3hynmlrsdst\gradle-6.1.1\lib\gradle-launcher-6.1.1.jar
Launcher Type: SUN_STANDARD

Environment Variables:
USERNAME=Sezgin
OS=Windows_NT
PROCESSOR_IDENTIFIER=Intel64 Family 6 Model 69 Stepping 1, GenuineIntel



---------------  S Y S T E M  ---------------

OS: Windows 10.0 , 64 bit Build 18362 (10.0.18362.1082)

CPU:total 4 (initial active 4) (2 cores per cpu, 2 threads per core) family 6 model 69 stepping 1, cmov, cx8, fxsr, mmx, sse, sse2, sse3, ssse3, sse4.1, sse4.2, popcnt, avx, avx2, aes, clmul, erms, lzcnt, ht, tsc, tscinvbit, bmi1, bmi2

Memory: 4k page, physical 12472600k(826964k free), swap 14569752k(3176k free)

vm_info: OpenJDK 64-Bit Server VM (25.242-b01) for windows-amd64 JRE (1.8.0_242-release-1644-b01), built by "builder" with MS VC++ 10.0 (VS2010)

time: Tue Sep 29 12:18:48 2020
timezone: Türkiye Standart Saati
elapsed time: 2622 seconds (0d 0h 43m 42s)

