#
# There is insufficient memory for the Java Runtime Environment to continue.
# Native memory allocation (malloc) failed to allocate 131088 bytes for Chunk::new
# Possible reasons:
#   The system is out of physical RAM or swap space
#   The process is running with CompressedOops enabled, and the Java Heap may be blocking the growth of the native heap
# Possible solutions:
#   Reduce memory load on the system
#   Increase physical memory or swap space
#   Check if swap backing store is full
#   Decrease Java heap size (-Xmx/-Xms)
#   Decrease number of Java threads
#   Decrease Java thread stack sizes (-Xss)
#   Set larger code cache with -XX:ReservedCodeCacheSize=
#   JVM is running with Unscaled Compressed Oops mode in which the Java heap is
#     placed in the first 4GB address space. The Java Heap base address is the
#     maximum limit for the native heap growth. Please use -XX:HeapBaseMinAddress
#     to set the Java Heap base and to place the Java Heap above 4GB virtual address.
# This output file may be truncated or incomplete.
#
#  Out of Memory Error (allocation.cpp:389), pid=11120, tid=0x0000000000002e64
#
# JRE version: OpenJDK Runtime Environment (8.0_212-b04) (build 1.8.0_212-release-1586-b04)
# Java VM: OpenJDK 64-Bit Server VM (25.212-b04 mixed mode windows-amd64 compressed oops)
# Failed to write core dump. Minidumps are not enabled by default on client versions of Windows
#

---------------  T H R E A D  ---------------

Current thread (0x0000000016629800):  JavaThread "C2 CompilerThread0" daemon [_thread_in_native, id=11876, stack(0x0000000017b70000,0x0000000017c70000)]

Stack: [0x0000000017b70000,0x0000000017c70000]
[error occurred during error reporting (printing stack bounds), id 0xc0000005]

Native frames: (J=compiled Java code, j=interpreted, Vv=VM code, C=native code)


Current CompileTask:
C2:  12686 4288       4       groovy.lang.MetaClassImpl$1MOPIter::methodNameAction (325 bytes)


---------------  P R O C E S S  ---------------

Java Threads: ( => current thread )
  0x000000001a5b3000 JavaThread "Cache worker for Build Output Cleanup Cache (C:\Users\Sezgin\Desktop\Android\MilkDoser\.gradle\buildOutputCleanup)" [_thread_blocked, id=2612, stack(0x0000000022430000,0x0000000022530000)]
  0x000000001a5ae800 JavaThread "pool-1-thread-1" [_thread_blocked, id=5488, stack(0x0000000022130000,0x0000000022230000)]
  0x000000001a5b2000 JavaThread "Build operations Thread 4" [_thread_blocked, id=15028, stack(0x0000000020c60000,0x0000000020d60000)]
  0x000000001a5b3800 JavaThread "Build operations Thread 3" [_thread_blocked, id=13048, stack(0x0000000020b60000,0x0000000020c60000)]
  0x000000001a5b0800 JavaThread "Build operations Thread 2" [_thread_blocked, id=12880, stack(0x0000000020a60000,0x0000000020b60000)]
  0x000000001a5b5000 JavaThread "Build operations" [_thread_blocked, id=14596, stack(0x0000000020960000,0x0000000020a60000)]
  0x000000001a5ad800 JavaThread "Cache worker for execution history cache (C:\Users\Sezgin\.gradle\caches\5.6.4\executionHistory)" [_thread_blocked, id=10616, stack(0x0000000020660000,0x0000000020760000)]
  0x0000000017f48000 JavaThread "Cache worker for cache directory md-rule (C:\Users\Sezgin\.gradle\caches\5.6.4\md-rule)" [_thread_blocked, id=4136, stack(0x000000001eeb0000,0x000000001efb0000)]
  0x0000000017f47000 JavaThread "Cache worker for cache directory md-supplier (C:\Users\Sezgin\.gradle\caches\5.6.4\md-supplier)" [_thread_blocked, id=14664, stack(0x000000001ec30000,0x000000001ed30000)]
  0x0000000017f4d000 JavaThread "Cache worker for file hash cache (C:\Users\Sezgin\Desktop\Android\MilkDoser\.gradle\5.6.4\fileHashes)" [_thread_blocked, id=11040, stack(0x000000001edb0000,0x000000001eeb0000)]
  0x0000000017f4b000 JavaThread "Cache worker for journal cache (C:\Users\Sezgin\.gradle\caches\journal-1)" [_thread_blocked, id=13652, stack(0x000000001c290000,0x000000001c390000)]
  0x0000000017f4a000 JavaThread "File lock request listener" [_thread_in_native, id=11300, stack(0x000000001c190000,0x000000001c290000)]
  0x0000000017f4c800 JavaThread "Cache worker for file hash cache (C:\Users\Sezgin\.gradle\caches\5.6.4\fileHashes)" [_thread_blocked, id=14236, stack(0x000000001c090000,0x000000001c190000)]
  0x0000000019f27800 JavaThread "Thread-9" [_thread_blocked, id=12396, stack(0x000000001bd90000,0x000000001be90000)]
  0x0000000019fb1000 JavaThread "Stdin handler" [_thread_blocked, id=13476, stack(0x000000001bc90000,0x000000001bd90000)]
  0x0000000019fad800 JavaThread "Asynchronous log dispatcher for DefaultDaemonConnection: socket connection from /127.0.0.1:59836 to /127.0.0.1:59837" [_thread_blocked, id=10576, stack(0x000000001bb90000,0x000000001bc90000)]
  0x0000000019f1a800 JavaThread "Daemon worker" [_thread_in_Java, id=9044, stack(0x000000001ba90000,0x000000001bb90000)]
  0x0000000019f32800 JavaThread "Cancel handler" [_thread_blocked, id=8468, stack(0x000000001b990000,0x000000001ba90000)]
  0x0000000019e85000 JavaThread "Handler for socket connection from /127.0.0.1:59836 to /127.0.0.1:59837" [_thread_in_native, id=12224, stack(0x000000001b690000,0x000000001b790000)]
  0x0000000019e81800 JavaThread "Daemon" [_thread_blocked, id=14868, stack(0x000000001b590000,0x000000001b690000)]
  0x0000000019edb000 JavaThread "Daemon periodic checks" [_thread_blocked, id=14252, stack(0x000000001b490000,0x000000001b590000)]
  0x0000000019e92800 JavaThread "Incoming local TCP Connector on port 59836" [_thread_in_native, id=12304, stack(0x000000001b250000,0x000000001b350000)]
  0x0000000019dd0800 JavaThread "Daemon health stats" [_thread_blocked, id=7668, stack(0x000000001ac10000,0x000000001ad10000)]
  0x000000001667c000 JavaThread "Service Thread" daemon [_thread_blocked, id=8828, stack(0x0000000018270000,0x0000000018370000)]
  0x000000001663b000 JavaThread "C1 CompilerThread2" daemon [_thread_blocked, id=8348, stack(0x0000000017d70000,0x0000000017e70000)]
  0x000000001662d800 JavaThread "C2 CompilerThread1" daemon [_thread_in_native, id=9524, stack(0x0000000017c70000,0x0000000017d70000)]
=>0x0000000016629800 JavaThread "C2 CompilerThread0" daemon [_thread_in_native, id=11876, stack(0x0000000017b70000,0x0000000017c70000)]
  0x0000000016628000 JavaThread "Attach Listener" daemon [_thread_blocked, id=13788, stack(0x0000000017a70000,0x0000000017b70000)]
  0x0000000016627000 JavaThread "Signal Dispatcher" daemon [_thread_blocked, id=7932, stack(0x0000000017970000,0x0000000017a70000)]
  0x0000000002cad800 JavaThread "Finalizer" daemon [_thread_blocked, id=5300, stack(0x0000000017870000,0x0000000017970000)]
  0x0000000016609000 JavaThread "Reference Handler" daemon [_thread_blocked, id=14968, stack(0x0000000017770000,0x0000000017870000)]
  0x0000000002bb2800 JavaThread "main" [_thread_blocked, id=14528, stack(0x0000000002a20000,0x0000000002b20000)]

Other Threads:
  0x00000000165e7000 VMThread [stack: 0x0000000017670000,0x0000000017770000] [id=1732]
  0x000000001667d000 WatcherThread [stack: 0x0000000018370000,0x0000000018470000] [id=14076]

VM state:not at safepoint (normal execution)

VM Mutex/Monitor currently owned by a thread: None

heap address: 0x00000000a0000000, size: 1536 MB, Compressed Oops mode: 32-bit
Narrow klass base: 0x0000000000000000, Narrow klass shift: 3
Compressed class space size: 1073741824 Address: 0x0000000100000000

Heap:
 PSYoungGen      total 206848K, used 132693K [0x00000000e0000000, 0x00000000f7200000, 0x0000000100000000)
  eden space 193536K, 68% used [0x00000000e0000000,0x00000000e8195568,0x00000000ebd00000)
  from space 13312K, 0% used [0x00000000ebd00000,0x00000000ebd00000,0x00000000eca00000)
  to   space 14336K, 0% used [0x00000000f6400000,0x00000000f6400000,0x00000000f7200000)
 ParOldGen       total 89600K, used 18236K [0x00000000a0000000, 0x00000000a5780000, 0x00000000e0000000)
  object space 89600K, 20% used [0x00000000a0000000,0x00000000a11cf290,0x00000000a5780000)
 Metaspace       used 47857K, capacity 49036K, committed 49280K, reserved 1091584K
  class space    used 6396K, capacity 6749K, committed 6784K, reserved 1048576K

Card table byte_map: [0x0000000012070000,0x0000000012380000] byte_map_base: 0x0000000011b70000

Marking Bits: (ParMarkBitMap*) 0x00000000576e9f30
 Begin Bits: [0x0000000012980000, 0x0000000014180000)
 End Bits:   [0x0000000014180000, 0x0000000015980000)

Polling page: 0x0000000000d20000

CodeCache: size=245760Kb used=14540Kb max_used=14551Kb free=231219Kb
 bounds [0x0000000002cb0000, 0x0000000003b00000, 0x0000000011cb0000]
 total_blobs=4888 nmethods=4116 adapters=684
 compilation: enabled

Compilation events (10 events):
Event: 12.661 Thread 0x000000001663b000 4316       3       org.codehaus.groovy.reflection.CachedClass$4::initValue (63 bytes)
Event: 12.662 Thread 0x000000001663b000 nmethod 4316 0x0000000003ae7b10 code [0x0000000003ae7d20, 0x0000000003ae87b8]
Event: 12.662 Thread 0x000000001663b000 4317       3       org.codehaus.groovy.reflection.CachedClass::getNewMetaMethods (166 bytes)
Event: 12.663 Thread 0x000000001663b000 nmethod 4317 0x0000000003aea9d0 code [0x0000000003aeacc0, 0x0000000003aec028]
Event: 12.663 Thread 0x000000001663b000 4318       3       org.codehaus.groovy.util.FastArray::get (7 bytes)
Event: 12.663 Thread 0x000000001663b000 nmethod 4318 0x0000000003aec9d0 code [0x0000000003aecb20, 0x0000000003aecc90]
Event: 12.664 Thread 0x000000001662d800 4319       4       org.codehaus.groovy.runtime.metaclass.MetaMethodIndex::isNonRealMethod (55 bytes)
Event: 12.666 Thread 0x000000001662d800 nmethod 4319 0x0000000003aefb50 code [0x0000000003aefcc0, 0x0000000003aefe78]
Event: 12.670 Thread 0x000000001662d800 4320       4       java.lang.Integer::parseInt (261 bytes)
Event: 12.678 Thread 0x000000001662d800 nmethod 4320 0x0000000003aedad0 code [0x0000000003aedc40, 0x0000000003aee1b8]

GC Heap History (10 events):
Event: 4.807 GC heap before
{Heap before GC invocations=5 (full 0):
 PSYoungGen      total 106496K, used 9497K [0x00000000e0000000, 0x00000000e7000000, 0x0000000100000000)
  eden space 98304K, 1% used [0x00000000e0000000,0x00000000e014b788,0x00000000e6000000)
  from space 8192K, 99% used [0x00000000e6800000,0x00000000e6ffaff0,0x00000000e7000000)
  to   space 8192K, 0% used [0x00000000e6000000,0x00000000e6000000,0x00000000e6800000)
 ParOldGen       total 131072K, used 4441K [0x00000000a0000000, 0x00000000a8000000, 0x00000000e0000000)
  object space 131072K, 3% used [0x00000000a0000000,0x00000000a0456458,0x00000000a8000000)
 Metaspace       used 20759K, capacity 21214K, committed 21296K, reserved 1067008K
  class space    used 2996K, capacity 3165K, committed 3200K, reserved 1048576K
Event: 4.816 GC heap after
Heap after GC invocations=5 (full 0):
 PSYoungGen      total 106496K, used 7321K [0x00000000e0000000, 0x00000000ed900000, 0x0000000100000000)
  eden space 98304K, 0% used [0x00000000e0000000,0x00000000e0000000,0x00000000e6000000)
  from space 8192K, 89% used [0x00000000e6000000,0x00000000e6726790,0x00000000e6800000)
  to   space 12800K, 0% used [0x00000000ecc80000,0x00000000ecc80000,0x00000000ed900000)
 ParOldGen       total 131072K, used 4449K [0x00000000a0000000, 0x00000000a8000000, 0x00000000e0000000)
  object space 131072K, 3% used [0x00000000a0000000,0x00000000a0458458,0x00000000a8000000)
 Metaspace       used 20759K, capacity 21214K, committed 21296K, reserved 1067008K
  class space    used 2996K, capacity 3165K, committed 3200K, reserved 1048576K
}
Event: 4.816 GC heap before
{Heap before GC invocations=6 (full 1):
 PSYoungGen      total 106496K, used 7321K [0x00000000e0000000, 0x00000000ed900000, 0x0000000100000000)
  eden space 98304K, 0% used [0x00000000e0000000,0x00000000e0000000,0x00000000e6000000)
  from space 8192K, 89% used [0x00000000e6000000,0x00000000e6726790,0x00000000e6800000)
  to   space 12800K, 0% used [0x00000000ecc80000,0x00000000ecc80000,0x00000000ed900000)
 ParOldGen       total 131072K, used 4449K [0x00000000a0000000, 0x00000000a8000000, 0x00000000e0000000)
  object space 131072K, 3% used [0x00000000a0000000,0x00000000a0458458,0x00000000a8000000)
 Metaspace       used 20759K, capacity 21214K, committed 21296K, reserved 1067008K
  class space    used 2996K, capacity 3165K, committed 3200K, reserved 1048576K
Event: 4.882 GC heap after
Heap after GC invocations=6 (full 1):
 PSYoungGen      total 106496K, used 0K [0x00000000e0000000, 0x00000000ed900000, 0x0000000100000000)
  eden space 98304K, 0% used [0x00000000e0000000,0x00000000e0000000,0x00000000e6000000)
  from space 8192K, 0% used [0x00000000e6000000,0x00000000e6000000,0x00000000e6800000)
  to   space 12800K, 0% used [0x00000000ecc80000,0x00000000ecc80000,0x00000000ed900000)
 ParOldGen       total 64512K, used 7693K [0x00000000a0000000, 0x00000000a3f00000, 0x00000000e0000000)
  object space 64512K, 11% used [0x00000000a0000000,0x00000000a0783568,0x00000000a3f00000)
 Metaspace       used 20759K, capacity 21214K, committed 21296K, reserved 1067008K
  class space    used 2996K, capacity 3165K, committed 3200K, reserved 1048576K
}
Event: 6.592 GC heap before
{Heap before GC invocations=7 (full 1):
 PSYoungGen      total 106496K, used 98304K [0x00000000e0000000, 0x00000000ed900000, 0x0000000100000000)
  eden space 98304K, 100% used [0x00000000e0000000,0x00000000e6000000,0x00000000e6000000)
  from space 8192K, 0% used [0x00000000e6000000,0x00000000e6000000,0x00000000e6800000)
  to   space 12800K, 0% used [0x00000000ecc80000,0x00000000ecc80000,0x00000000ed900000)
 ParOldGen       total 64512K, used 7693K [0x00000000a0000000, 0x00000000a3f00000, 0x00000000e0000000)
  object space 64512K, 11% used [0x00000000a0000000,0x00000000a0783568,0x00000000a3f00000)
 Metaspace       used 30500K, capacity 31096K, committed 31232K, reserved 1077248K
  class space    used 4133K, capacity 4339K, committed 4352K, reserved 1048576K
Event: 6.608 GC heap after
Heap after GC invocations=7 (full 1):
 PSYoungGen      total 197632K, used 10418K [0x00000000e0000000, 0x00000000ed700000, 0x0000000100000000)
  eden space 186880K, 0% used [0x00000000e0000000,0x00000000e0000000,0x00000000eb680000)
  from space 10752K, 96% used [0x00000000ecc80000,0x00000000ed6ac818,0x00000000ed700000)
  to   space 13312K, 0% used [0x00000000ebd00000,0x00000000ebd00000,0x00000000eca00000)
 ParOldGen       total 64512K, used 7701K [0x00000000a0000000, 0x00000000a3f00000, 0x00000000e0000000)
  object space 64512K, 11% used [0x00000000a0000000,0x00000000a0785568,0x00000000a3f00000)
 Metaspace       used 30500K, capacity 31096K, committed 31232K, reserved 1077248K
  class space    used 4133K, capacity 4339K, committed 4352K, reserved 1048576K
}
Event: 8.413 GC heap before
{Heap before GC invocations=8 (full 1):
 PSYoungGen      total 197632K, used 114431K [0x00000000e0000000, 0x00000000ed700000, 0x0000000100000000)
  eden space 186880K, 55% used [0x00000000e0000000,0x00000000e6593788,0x00000000eb680000)
  from space 10752K, 96% used [0x00000000ecc80000,0x00000000ed6ac818,0x00000000ed700000)
  to   space 13312K, 0% used [0x00000000ebd00000,0x00000000ebd00000,0x00000000eca00000)
 ParOldGen       total 64512K, used 7701K [0x00000000a0000000, 0x00000000a3f00000, 0x00000000e0000000)
  object space 64512K, 11% used [0x00000000a0000000,0x00000000a0785568,0x00000000a3f00000)
 Metaspace       used 34650K, capacity 35428K, committed 35496K, reserved 1079296K
  class space    used 4746K, capacity 4961K, committed 4992K, reserved 1048576K
Event: 8.434 GC heap after
Heap after GC invocations=8 (full 1):
 PSYoungGen      total 206848K, used 11584K [0x00000000e0000000, 0x00000000f7200000, 0x0000000100000000)
  eden space 193536K, 0% used [0x00000000e0000000,0x00000000e0000000,0x00000000ebd00000)
  from space 13312K, 87% used [0x00000000ebd00000,0x00000000ec850138,0x00000000eca00000)
  to   space 14336K, 0% used [0x00000000f6400000,0x00000000f6400000,0x00000000f7200000)
 ParOldGen       total 64512K, used 7709K [0x00000000a0000000, 0x00000000a3f00000, 0x00000000e0000000)
  object space 64512K, 11% used [0x00000000a0000000,0x00000000a0787568,0x00000000a3f00000)
 Metaspace       used 34650K, capacity 35428K, committed 35496K, reserved 1079296K
  class space    used 4746K, capacity 4961K, committed 4992K, reserved 1048576K
}
Event: 8.434 GC heap before
{Heap before GC invocations=9 (full 2):
 PSYoungGen      total 206848K, used 11584K [0x00000000e0000000, 0x00000000f7200000, 0x0000000100000000)
  eden space 193536K, 0% used [0x00000000e0000000,0x00000000e0000000,0x00000000ebd00000)
  from space 13312K, 87% used [0x00000000ebd00000,0x00000000ec850138,0x00000000eca00000)
  to   space 14336K, 0% used [0x00000000f6400000,0x00000000f6400000,0x00000000f7200000)
 ParOldGen       total 64512K, used 7709K [0x00000000a0000000, 0x00000000a3f00000, 0x00000000e0000000)
  object space 64512K, 11% used [0x00000000a0000000,0x00000000a0787568,0x00000000a3f00000)
 Metaspace       used 34650K, capacity 35428K, committed 35496K, reserved 1079296K
  class space    used 4746K, capacity 4961K, committed 4992K, reserved 1048576K
Event: 8.650 GC heap after
Heap after GC invocations=9 (full 2):
 PSYoungGen      total 206848K, used 0K [0x00000000e0000000, 0x00000000f7200000, 0x0000000100000000)
  eden space 193536K, 0% used [0x00000000e0000000,0x00000000e0000000,0x00000000ebd00000)
  from space 13312K, 0% used [0x00000000ebd00000,0x00000000ebd00000,0x00000000eca00000)
  to   space 14336K, 0% used [0x00000000f6400000,0x00000000f6400000,0x00000000f7200000)
 ParOldGen       total 89600K, used 18236K [0x00000000a0000000, 0x00000000a5780000, 0x00000000e0000000)
  object space 89600K, 20% used [0x00000000a0000000,0x00000000a11cf290,0x00000000a5780000)
 Metaspace       used 34650K, capacity 35428K, committed 35496K, reserved 1079296K
  class space    used 4746K, capacity 4961K, committed 4992K, reserved 1048576K
}

Deoptimization events (10 events):
Event: 11.543 Thread 0x0000000019f1a800 Uncommon trap: reason=unstable_if action=reinterpret pc=0x000000000393da54 method=org.objectweb.asm.ByteVector.putUTF8(Ljava/lang/String;)Lorg/objectweb/asm/ByteVector; @ 100
Event: 11.545 Thread 0x0000000019f1a800 Uncommon trap: reason=unstable_if action=reinterpret pc=0x0000000003366ff0 method=org.objectweb.asm.ByteVector.putUTF8(Ljava/lang/String;)Lorg/objectweb/asm/ByteVector; @ 93
Event: 12.022 Thread 0x0000000019f1a800 Uncommon trap: reason=unstable_if action=reinterpret pc=0x000000000365d630 method=org.gradle.internal.reflect.PropertyAccessorType.of(Ljava/lang/reflect/Method;)Lorg/gradle/internal/reflect/PropertyAccessorType; @ 56
Event: 12.080 Thread 0x0000000019f1a800 Uncommon trap: reason=unstable_if action=reinterpret pc=0x0000000002de42c0 method=java.lang.CharacterData.of(I)Ljava/lang/CharacterData; @ 4
Event: 12.385 Thread 0x0000000019f1a800 Uncommon trap: reason=unstable_if action=reinterpret pc=0x0000000003a7aa88 method=com.sun.org.apache.xerces.internal.util.SymbolTable.addSymbol([CII)Ljava/lang/String; @ 38
Event: 12.460 Thread 0x0000000019f1a800 Uncommon trap: reason=speculate_class_check action=maybe_recompile pc=0x0000000003746be8 method=com.google.common.collect.AbstractIndexedListIterator.next()Ljava/lang/Object; @ 27
Event: 12.460 Thread 0x0000000019f1a800 Uncommon trap: reason=speculate_class_check action=maybe_recompile pc=0x0000000003746be8 method=com.google.common.collect.AbstractIndexedListIterator.next()Ljava/lang/Object; @ 27
Event: 12.460 Thread 0x0000000019f1a800 Uncommon trap: reason=speculate_class_check action=maybe_recompile pc=0x0000000003746be8 method=com.google.common.collect.AbstractIndexedListIterator.next()Ljava/lang/Object; @ 27
Event: 12.460 Thread 0x0000000019f1a800 Uncommon trap: reason=speculate_class_check action=maybe_recompile pc=0x0000000003746be8 method=com.google.common.collect.AbstractIndexedListIterator.next()Ljava/lang/Object; @ 27
Event: 12.491 Thread 0x0000000019f1a800 Uncommon trap: reason=unstable_if action=reinterpret pc=0x00000000039355b0 method=org.gradle.internal.instantiation.AbstractClassGenerator$InjectionAnnotationValidator.validateMethod(Ljava/lang/reflect/Method;Lorg/gradle/internal/reflect/PropertyAccessorT

Classes redefined (0 events):
No events

Internal exceptions (10 events):
Event: 12.594 Thread 0x0000000019f1a800 Exception <a 'java/lang/ClassNotFoundException': com/android/build/gradle/internal/dsl/DefaultConfig_DecoratedBeanInfo> (0x00000000e7d40ea8) thrown at [D:\src\AOSP-openjdk-cygwin\jdk8u\hotspot\src\share\vm\classfile\systemDictionary.cpp, line 210]
Event: 12.595 Thread 0x0000000019f1a800 Exception <a 'java/lang/ClassNotFoundException': com/android/build/gradle/internal/dsl/DefaultConfigBeanInfo> (0x00000000e7d5bbe8) thrown at [D:\src\AOSP-openjdk-cygwin\jdk8u\hotspot\src\share\vm\classfile\systemDictionary.cpp, line 210]
Event: 12.596 Thread 0x0000000019f1a800 Exception <a 'java/lang/ClassNotFoundException': com/android/build/gradle/internal/dsl/BaseFlavorBeanInfo> (0x00000000e7d758f0) thrown at [D:\src\AOSP-openjdk-cygwin\jdk8u\hotspot\src\share\vm\classfile\systemDictionary.cpp, line 210]
Event: 12.597 Thread 0x0000000019f1a800 Exception <a 'java/lang/ClassNotFoundException': com/android/builder/core/DefaultProductFlavorBeanInfo> (0x00000000e7d8eae0) thrown at [D:\src\AOSP-openjdk-cygwin\jdk8u\hotspot\src\share\vm\classfile\systemDictionary.cpp, line 210]
Event: 12.597 Thread 0x0000000019f1a800 Exception <a 'java/lang/ClassNotFoundException': com/android/builder/core/DefaultProductFlavorCustomizer> (0x00000000e7da81b0) thrown at [D:\src\AOSP-openjdk-cygwin\jdk8u\hotspot\src\share\vm\classfile\systemDictionary.cpp, line 210]
Event: 12.599 Thread 0x0000000019f1a800 Exception <a 'java/lang/ClassNotFoundException': com/android/build/gradle/internal/dsl/BaseFlavorCustomizer> (0x00000000e7df7d50) thrown at [D:\src\AOSP-openjdk-cygwin\jdk8u\hotspot\src\share\vm\classfile\systemDictionary.cpp, line 210]
Event: 12.602 Thread 0x0000000019f1a800 Exception <a 'java/lang/ClassNotFoundException': com/android/build/gradle/internal/dsl/DefaultConfigCustomizer> (0x00000000e7e53f08) thrown at [D:\src\AOSP-openjdk-cygwin\jdk8u\hotspot\src\share\vm\classfile\systemDictionary.cpp, line 210]
Event: 12.603 Thread 0x0000000019f1a800 Exception <a 'java/lang/ClassNotFoundException': com/android/build/gradle/internal/dsl/DefaultConfig_DecoratedCustomizer> (0x00000000e7e83780) thrown at [D:\src\AOSP-openjdk-cygwin\jdk8u\hotspot\src\share\vm\classfile\systemDictionary.cpp, line 210]
Event: 12.679 Thread 0x0000000019f1a800 Exception <a 'java/lang/ClassNotFoundException': org/gradle/api/internal/NamedDomainObjectContainerConfigureDelegateBeanInfo> (0x00000000e7fc4a98) thrown at [D:\src\AOSP-openjdk-cygwin\jdk8u\hotspot\src\share\vm\classfile\systemDictionary.cpp, line 210]
Event: 12.681 Thread 0x0000000019f1a800 Exception <a 'java/lang/ClassNotFoundException': org/gradle/api/internal/NamedDomainObjectContainerConfigureDelegateCustomizer> (0x00000000e800c770) thrown at [D:\src\AOSP-openjdk-cygwin\jdk8u\hotspot\src\share\vm\classfile\systemDictionary.cpp, line 210]

Events (10 events):
Event: 12.679 loading class org/gradle/api/internal/NamedDomainObjectContainerConfigureDelegateCustomizer
Event: 12.679 loading class org/gradle/api/internal/NamedDomainObjectContainerConfigureDelegateCustomizer done
Event: 12.680 loading class org/gradle/api/internal/NamedDomainObjectContainerConfigureDelegateCustomizer
Event: 12.680 loading class org/gradle/api/internal/NamedDomainObjectContainerConfigureDelegateCustomizer done
Event: 12.681 loading class org/gradle/api/internal/NamedDomainObjectContainerConfigureDelegateCustomizer
Event: 12.681 loading class org/gradle/api/internal/NamedDomainObjectContainerConfigureDelegateCustomizer done
Event: 12.683 loading class groovy/runtime/metaclass/build_18mzxwa4u374hkw4lbfui4yq5$_run_closure1$_closure4$_closure5MetaClass
Event: 12.683 loading class groovy/runtime/metaclass/build_18mzxwa4u374hkw4lbfui4yq5$_run_closure1$_closure4$_closure5MetaClass done
Event: 12.684 loading class groovy/runtime/metaclass/org/gradle/api/internal/FactoryNamedDomainObjectContainer_DecoratedMetaClass
Event: 12.684 loading class groovy/runtime/metaclass/org/gradle/api/internal/FactoryNamedDomainObjectContainer_DecoratedMetaClass done


Dynamic libraries:
0x00007ff6ca590000 - 0x00007ff6ca5c1000 	C:\Program Files\Android\Android Studio\jre\bin\java.exe
0x00007fff29380000 - 0x00007fff29570000 	C:\WINDOWS\SYSTEM32\ntdll.dll
0x00007fff27930000 - 0x00007fff279e2000 	C:\WINDOWS\System32\KERNEL32.DLL
0x00007fff26db0000 - 0x00007fff27054000 	C:\WINDOWS\System32\KERNELBASE.dll
0x00007fff241b0000 - 0x00007fff2423f000 	C:\WINDOWS\SYSTEM32\apphelp.dll
0x00007fff28c50000 - 0x00007fff28cf3000 	C:\WINDOWS\System32\ADVAPI32.dll
0x00007fff288b0000 - 0x00007fff2894e000 	C:\WINDOWS\System32\msvcrt.dll
0x00007fff27a00000 - 0x00007fff27a97000 	C:\WINDOWS\System32\sechost.dll
0x00007fff27430000 - 0x00007fff27550000 	C:\WINDOWS\System32\RPCRT4.dll
0x00007fff27df0000 - 0x00007fff27f84000 	C:\WINDOWS\System32\USER32.dll
0x00007fff26390000 - 0x00007fff263b1000 	C:\WINDOWS\System32\win32u.dll
0x00007fff29310000 - 0x00007fff29336000 	C:\WINDOWS\System32\GDI32.dll
0x00007fff27060000 - 0x00007fff271f4000 	C:\WINDOWS\System32\gdi32full.dll
0x00007fff26540000 - 0x00007fff265de000 	C:\WINDOWS\System32\msvcp_win.dll
0x00007fff272b0000 - 0x00007fff273aa000 	C:\WINDOWS\System32\ucrtbase.dll
0x00007fff15ac0000 - 0x00007fff15d44000 	C:\WINDOWS\WinSxS\amd64_microsoft.windows.common-controls_6595b64144ccf1df_6.0.18362.836_none_e6c4b943130f18ed\COMCTL32.dll
0x00007fff27550000 - 0x00007fff27886000 	C:\WINDOWS\System32\combase.dll
0x00007fff26310000 - 0x00007fff26390000 	C:\WINDOWS\System32\bcryptPrimitives.dll
0x00007fff27890000 - 0x00007fff278be000 	C:\WINDOWS\System32\IMM32.DLL
0x0000000056d60000 - 0x0000000056e32000 	C:\Program Files\Android\Android Studio\jre\jre\bin\msvcr100.dll
0x0000000056f20000 - 0x0000000057766000 	C:\Program Files\Android\Android Studio\jre\jre\bin\server\jvm.dll
0x00007fff278c0000 - 0x00007fff278c8000 	C:\WINDOWS\System32\PSAPI.DLL
0x00007fff10ea0000 - 0x00007fff10ea9000 	C:\WINDOWS\SYSTEM32\WSOCK32.dll
0x00007fff28dd0000 - 0x00007fff28e3f000 	C:\WINDOWS\System32\WS2_32.dll
0x00007fff1cd20000 - 0x00007fff1cd44000 	C:\WINDOWS\SYSTEM32\WINMM.dll
0x00007fff1e840000 - 0x00007fff1e84a000 	C:\WINDOWS\SYSTEM32\VERSION.dll
0x00007fff1ccf0000 - 0x00007fff1cd1d000 	C:\WINDOWS\SYSTEM32\winmmbase.dll
0x00007fff26d60000 - 0x00007fff26daa000 	C:\WINDOWS\System32\cfgmgr32.dll
0x00007fff21280000 - 0x00007fff2128f000 	C:\Program Files\Android\Android Studio\jre\jre\bin\verify.dll
0x00007fff15060000 - 0x00007fff15089000 	C:\Program Files\Android\Android Studio\jre\jre\bin\java.dll
0x00007fff1fb60000 - 0x00007fff1fb76000 	C:\Program Files\Android\Android Studio\jre\jre\bin\zip.dll
0x00007fff281c0000 - 0x00007fff288a4000 	C:\WINDOWS\System32\SHELL32.dll
0x00007fff27aa0000 - 0x00007fff27b49000 	C:\WINDOWS\System32\shcore.dll
0x00007fff265e0000 - 0x00007fff26d5e000 	C:\WINDOWS\System32\windows.storage.dll
0x00007fff262e0000 - 0x00007fff26303000 	C:\WINDOWS\System32\profapi.dll
0x00007fff26270000 - 0x00007fff262ba000 	C:\WINDOWS\System32\powrprof.dll
0x00007fff26240000 - 0x00007fff26250000 	C:\WINDOWS\System32\UMPDC.dll
0x00007fff28d00000 - 0x00007fff28d52000 	C:\WINDOWS\System32\shlwapi.dll
0x00007fff262c0000 - 0x00007fff262d1000 	C:\WINDOWS\System32\kernel.appcore.dll
0x00007fff273b0000 - 0x00007fff273c7000 	C:\WINDOWS\System32\cryptsp.dll
0x00007fff1eeb0000 - 0x00007fff1eeca000 	C:\Program Files\Android\Android Studio\jre\jre\bin\net.dll
0x00007fff19a30000 - 0x00007fff19c06000 	C:\WINDOWS\SYSTEM32\urlmon.dll
0x00007fff1ac40000 - 0x00007fff1aee6000 	C:\WINDOWS\SYSTEM32\iertutil.dll
0x00007fff25c80000 - 0x00007fff25c8c000 	C:\WINDOWS\SYSTEM32\CRYPTBASE.DLL
0x00007fff25ab0000 - 0x00007fff25b17000 	C:\WINDOWS\system32\mswsock.dll
0x00007fff14ee0000 - 0x00007fff14ef3000 	C:\Program Files\Android\Android Studio\jre\jre\bin\nio.dll
0x00007fff13f60000 - 0x00007fff13f86000 	C:\Users\Sezgin\.gradle\native\30\windows-amd64\native-platform.dll
0x00007fff20ac0000 - 0x00007fff20acd000 	C:\Program Files\Android\Android Studio\jre\jre\bin\management.dll
0x00007fff25620000 - 0x00007fff25653000 	C:\WINDOWS\system32\rsaenh.dll
0x00007fff26510000 - 0x00007fff26536000 	C:\WINDOWS\System32\bcrypt.dll
0x00007fff26160000 - 0x00007fff26185000 	C:\WINDOWS\SYSTEM32\USERENV.dll
0x00007fff257c0000 - 0x00007fff257fa000 	C:\WINDOWS\SYSTEM32\IPHLPAPI.DLL
0x00007fff279f0000 - 0x00007fff279f8000 	C:\WINDOWS\System32\NSI.dll
0x00007fff1e4a0000 - 0x00007fff1e4b6000 	C:\WINDOWS\SYSTEM32\dhcpcsvc6.DLL
0x00007fff1e480000 - 0x00007fff1e49c000 	C:\WINDOWS\SYSTEM32\dhcpcsvc.DLL
0x00007fff25800000 - 0x00007fff258cb000 	C:\WINDOWS\SYSTEM32\DNSAPI.dll

VM Arguments:
jvm_args: -Xmx1536m -Dfile.encoding=windows-1254 -Duser.country=TR -Duser.language=tr -Duser.variant 
java_command: org.gradle.launcher.daemon.bootstrap.GradleDaemon 5.6.4
java_class_path (initial): C:\Users\Sezgin\.gradle\wrapper\dists\gradle-5.6.4-all\ankdp27end7byghfw1q2sw75f\gradle-5.6.4\lib\gradle-launcher-5.6.4.jar
Launcher Type: SUN_STANDARD

Environment Variables:
USERNAME=Sezgin
OS=Windows_NT
PROCESSOR_IDENTIFIER=Intel64 Family 6 Model 69 Stepping 1, GenuineIntel



---------------  S Y S T E M  ---------------

OS: Windows 10.0 , 64 bit Build 18362 (10.0.18362.778)

CPU:total 4 (initial active 4) (2 cores per cpu, 2 threads per core) family 6 model 69 stepping 1, cmov, cx8, fxsr, mmx, sse, sse2, sse3, ssse3, sse4.1, sse4.2, popcnt, avx, avx2, aes, clmul, erms, lzcnt, ht, tsc, tscinvbit, bmi1, bmi2

Memory: 4k page, physical 12472600k(4325556k free), swap 14569752k(4884k free)

vm_info: OpenJDK 64-Bit Server VM (25.212-b04) for windows-amd64 JRE (1.8.0_212-release-1586-b04), built by "builder" with MS VC++ 10.0 (VS2010)

time: Mon Jun 01 04:11:45 2020
timezone: Türkiye Standart Saati
elapsed time: 12 seconds (0d 0h 0m 12s)

