#
# There is insufficient memory for the Java Runtime Environment to continue.
# Native memory allocation (malloc) failed to allocate 405792 bytes for Chunk::new
# Possible reasons:
#   The system is out of physical RAM or swap space
#   The process is running with CompressedOops enabled, and the Java Heap may be blocking the growth of the native heap
# Possible solutions:
#   Reduce memory load on the system
#   Increase physical memory or swap space
#   Check if swap backing store is full
#   Decrease Java heap size (-Xmx/-Xms)
#   Decrease number of Java threads
#   Decrease Java thread stack sizes (-Xss)
#   Set larger code cache with -XX:ReservedCodeCacheSize=
#   JVM is running with Unscaled Compressed Oops mode in which the Java heap is
#     placed in the first 4GB address space. The Java Heap base address is the
#     maximum limit for the native heap growth. Please use -XX:HeapBaseMinAddress
#     to set the Java Heap base and to place the Java Heap above 4GB virtual address.
# This output file may be truncated or incomplete.
#
#  Out of Memory Error (allocation.cpp:389), pid=4164, tid=0x0000000000001e74
#
# JRE version: OpenJDK Runtime Environment (8.0_242-b01) (build 1.8.0_242-release-1644-b01)
# Java VM: OpenJDK 64-Bit Server VM (25.242-b01 mixed mode windows-amd64 compressed oops)
# Failed to write core dump. Minidumps are not enabled by default on client versions of Windows
#

---------------  T H R E A D  ---------------

Current thread (0x000000001620c800):  JavaThread "C2 CompilerThread1" daemon [_thread_in_native, id=7796, stack(0x0000000017970000,0x0000000017a70000)]

Stack: [0x0000000017970000,0x0000000017a70000]
[error occurred during error reporting (printing stack bounds), id 0xc0000005]

Native frames: (J=compiled Java code, j=interpreted, Vv=VM code, C=native code)


Current CompileTask:
C2:  13880 5068       4       sun.reflect.generics.parser.SignatureParser::parsePackageNameAndSimpleClassTypeSignature (139 bytes)


---------------  P R O C E S S  ---------------

Java Threads: ( => current thread )
  0x000000001d7bc800 JavaThread "Cache worker for file content cache (C:\Users\Sezgin\Desktop\Android\MilkDoser\.gradle\6.1.1\fileContent)" [_thread_blocked, id=3192, stack(0x00000000230b0000,0x00000000231b0000)]
  0x000000001d7b5800 JavaThread "Cache worker for file content cache (C:\Users\Sezgin\.gradle\caches\6.1.1\fileContent)" [_thread_blocked, id=1132, stack(0x0000000022fb0000,0x00000000230b0000)]
  0x000000001d7b4000 JavaThread "Memory manager" [_thread_blocked, id=3484, stack(0x0000000022eb0000,0x0000000022fb0000)]
  0x000000001d7ba000 JavaThread "Cache worker for Build Output Cleanup Cache (C:\Users\Sezgin\Desktop\Android\MilkDoser\.gradle\buildOutputCleanup)" [_thread_blocked, id=1112, stack(0x00000000225b0000,0x00000000226b0000)]
  0x000000001d7b8800 JavaThread "pool-1-thread-1" [_thread_blocked, id=15460, stack(0x0000000020c90000,0x0000000020d90000)]
  0x000000001d7b2800 JavaThread "Build operations Thread 4" [_thread_blocked, id=3612, stack(0x0000000020b90000,0x0000000020c90000)]
  0x000000001d7b9800 JavaThread "Build operations Thread 3" [_thread_blocked, id=13480, stack(0x0000000020a90000,0x0000000020b90000)]
  0x000000001d7b2000 JavaThread "Build operations Thread 2" [_thread_blocked, id=4136, stack(0x0000000020990000,0x0000000020a90000)]
  0x000000001d7b3800 JavaThread "Build operations" [_thread_blocked, id=9996, stack(0x000000001fdd0000,0x000000001fed0000)]
  0x0000000019c56000 JavaThread "Cache worker for execution history cache (C:\Users\Sezgin\.gradle\caches\6.1.1\executionHistory)" [_thread_blocked, id=11964, stack(0x000000001f960000,0x000000001fa60000)]
  0x0000000019c54800 JavaThread "Cache worker for cache directory md-rule (C:\Users\Sezgin\.gradle\caches\6.1.1\md-rule)" [_thread_blocked, id=16024, stack(0x000000001e430000,0x000000001e530000)]
  0x0000000019c57800 JavaThread "Cache worker for cache directory md-supplier (C:\Users\Sezgin\.gradle\caches\6.1.1\md-supplier)" [_thread_blocked, id=15760, stack(0x000000001e330000,0x000000001e430000)]
  0x0000000019c55000 JavaThread "Cache worker for file hash cache (C:\Users\Sezgin\Desktop\Android\MilkDoser\.gradle\6.1.1\fileHashes)" [_thread_blocked, id=32, stack(0x000000001fcd0000,0x000000001fdd0000)]
  0x0000000019c5a800 JavaThread "Cache worker for checksums cache (C:\Users\Sezgin\Desktop\Android\MilkDoser\.gradle\checksums)" [_thread_blocked, id=12896, stack(0x000000001e5d0000,0x000000001e6d0000)]
  0x0000000019c56800 JavaThread "Cache worker for file hash cache (C:\Users\Sezgin\.gradle\caches\6.1.1\fileHashes)" [_thread_blocked, id=6576, stack(0x000000001bf90000,0x000000001c090000)]
  0x0000000019c53800 JavaThread "File lock request listener" [_thread_in_native, id=8832, stack(0x000000001be90000,0x000000001bf90000)]
  0x0000000018435000 JavaThread "Cache worker for journal cache (C:\Users\Sezgin\.gradle\caches\journal-1)" [_thread_blocked, id=15440, stack(0x000000001bd90000,0x000000001be90000)]
  0x000000001824d800 JavaThread "Thread-9" [_thread_blocked, id=11940, stack(0x000000001ba90000,0x000000001bb90000)]
  0x000000001824a800 JavaThread "Stdin handler" [_thread_blocked, id=15556, stack(0x000000001b990000,0x000000001ba90000)]
  0x000000001823e800 JavaThread "Asynchronous log dispatcher for DefaultDaemonConnection: socket connection from /127.0.0.1:54979 to /127.0.0.1:54980" [_thread_blocked, id=16260, stack(0x000000001b890000,0x000000001b990000)]
  0x0000000017c3d000 JavaThread "Daemon worker" [_thread_in_Java, id=5660, stack(0x000000001b790000,0x000000001b890000)]
  0x0000000017c37000 JavaThread "Cancel handler" [_thread_blocked, id=14852, stack(0x000000001b690000,0x000000001b790000)]
  0x0000000019bb8800 JavaThread "Handler for socket connection from /127.0.0.1:54979 to /127.0.0.1:54980" [_thread_in_native, id=13248, stack(0x000000001b390000,0x000000001b490000)]
  0x0000000019bb6800 JavaThread "Daemon" [_thread_blocked, id=15028, stack(0x000000001b290000,0x000000001b390000)]
  0x0000000019bb3800 JavaThread "Daemon periodic checks" [_thread_blocked, id=8740, stack(0x000000001b190000,0x000000001b290000)]
  0x0000000019bc2000 JavaThread "Incoming local TCP Connector on port 54979" [_thread_in_native, id=12644, stack(0x000000001af50000,0x000000001b050000)]
  0x00000000195f0800 JavaThread "Daemon health stats" [_thread_blocked, id=13368, stack(0x000000001a910000,0x000000001aa10000)]
  0x000000001625e800 JavaThread "Service Thread" daemon [_thread_blocked, id=12444, stack(0x0000000017f70000,0x0000000018070000)]
  0x0000000016214800 JavaThread "C1 CompilerThread2" daemon [_thread_in_native, id=12844, stack(0x0000000017a70000,0x0000000017b70000)]
=>0x000000001620c800 JavaThread "C2 CompilerThread1" daemon [_thread_in_native, id=7796, stack(0x0000000017970000,0x0000000017a70000)]
  0x0000000016208000 JavaThread "C2 CompilerThread0" daemon [_thread_in_native, id=8828, stack(0x0000000017870000,0x0000000017970000)]
  0x0000000016206800 JavaThread "Attach Listener" daemon [_thread_blocked, id=8144, stack(0x0000000017770000,0x0000000017870000)]
  0x0000000016205000 JavaThread "Signal Dispatcher" daemon [_thread_blocked, id=11132, stack(0x0000000017670000,0x0000000017770000)]
  0x000000000288c000 JavaThread "Finalizer" daemon [_thread_blocked, id=2992, stack(0x0000000017480000,0x0000000017580000)]
  0x00000000161e9000 JavaThread "Reference Handler" daemon [_thread_blocked, id=4416, stack(0x0000000017380000,0x0000000017480000)]
  0x0000000002793000 JavaThread "main" [_thread_blocked, id=6128, stack(0x00000000025e0000,0x00000000026e0000)]

Other Threads:
  0x00000000161c7000 VMThread [stack: 0x0000000017280000,0x0000000017380000] [id=14196]
  0x0000000017ba3000 WatcherThread [stack: 0x0000000018070000,0x0000000018170000] [id=12200]

VM state:not at safepoint (normal execution)

VM Mutex/Monitor currently owned by a thread: None

heap address: 0x00000000a0000000, size: 1536 MB, Compressed Oops mode: 32-bit
Narrow klass base: 0x0000000000000000, Narrow klass shift: 3
Compressed class space size: 1073741824 Address: 0x0000000100000000

Heap:
 PSYoungGen      total 157184K, used 127516K [0x00000000e0000000, 0x00000000ecd80000, 0x0000000100000000)
  eden space 144896K, 79% used [0x00000000e0000000,0x00000000e7088ac0,0x00000000e8d80000)
  from space 12288K, 99% used [0x00000000e8d80000,0x00000000e997e7f0,0x00000000e9980000)
  to   space 15360K, 0% used [0x00000000ebe80000,0x00000000ebe80000,0x00000000ecd80000)
 ParOldGen       total 113152K, used 20797K [0x00000000a0000000, 0x00000000a6e80000, 0x00000000e0000000)
  object space 113152K, 18% used [0x00000000a0000000,0x00000000a144f490,0x00000000a6e80000)
 Metaspace       used 56813K, capacity 58636K, committed 58968K, reserved 1099776K
  class space    used 7778K, capacity 8209K, committed 8320K, reserved 1048576K

Card table byte_map: [0x0000000011c50000,0x0000000011f60000] byte_map_base: 0x0000000011750000

Marking Bits: (ParMarkBitMap*) 0x0000000077f7f030
 Begin Bits: [0x0000000012560000, 0x0000000013d60000)
 End Bits:   [0x0000000013d60000, 0x0000000015560000)

Polling page: 0x0000000000ad0000

CodeCache: size=245760Kb used=16702Kb max_used=16710Kb free=229057Kb
 bounds [0x0000000002890000, 0x00000000038f0000, 0x0000000011890000]
 total_blobs=5560 nmethods=4776 adapters=696
 compilation: enabled

Compilation events (10 events):
Event: 13.860 Thread 0x0000000016214800 nmethod 5156 0x00000000038e2890 code [0x00000000038e2b40, 0x00000000038e40a8]
Event: 13.862 Thread 0x0000000016214800 5157       3       java.lang.ThreadLocal$ThreadLocalMap::expungeStaleEntry (146 bytes)
Event: 13.863 Thread 0x0000000016214800 nmethod 5157 0x00000000038dbe50 code [0x00000000038dc040, 0x00000000038dccf0]
Event: 13.864 Thread 0x0000000016214800 5158       3       sun.reflect.UnsafeObjectFieldAccessorImpl::set (56 bytes)
Event: 13.866 Thread 0x0000000016214800 nmethod 5158 0x00000000038e4c50 code [0x00000000038e4f00, 0x00000000038e67e8]
Event: 13.866 Thread 0x0000000016214800 5159       3       java.util.logging.Logger::isLoggable (25 bytes)
Event: 13.866 Thread 0x0000000016214800 nmethod 5159 0x00000000038daf10 code [0x00000000038db080, 0x00000000038db310]
Event: 13.866 Thread 0x0000000016208000 nmethod 5154 0x00000000038df310 code [0x00000000038df480, 0x00000000038df878]
Event: 13.866 Thread 0x0000000016208000 5153       4       java.util.regex.Pattern$Behind::match (137 bytes)
Event: 13.877 Thread 0x0000000016214800 5160       2       java.util.regex.Pattern::atom (379 bytes)

GC Heap History (10 events):
Event: 5.948 GC heap before
{Heap before GC invocations=7 (full 1):
 PSYoungGen      total 57344K, used 49152K [0x00000000e0000000, 0x00000000e7600000, 0x0000000100000000)
  eden space 49152K, 100% used [0x00000000e0000000,0x00000000e3000000,0x00000000e3000000)
  from space 8192K, 0% used [0x00000000e3000000,0x00000000e3000000,0x00000000e3800000)
  to   space 11264K, 0% used [0x00000000e6b00000,0x00000000e6b00000,0x00000000e7600000)
 ParOldGen       total 70656K, used 7591K [0x00000000a0000000, 0x00000000a4500000, 0x00000000e0000000)
  object space 70656K, 10% used [0x00000000a0000000,0x00000000a0769d08,0x00000000a4500000)
 Metaspace       used 27136K, capacity 27698K, committed 28032K, reserved 1073152K
  class space    used 3726K, capacity 3937K, committed 3968K, reserved 1048576K
Event: 5.959 GC heap after
Heap after GC invocations=7 (full 1):
 PSYoungGen      total 92160K, used 6541K [0x00000000e0000000, 0x00000000e7180000, 0x0000000100000000)
  eden space 85504K, 0% used [0x00000000e0000000,0x00000000e0000000,0x00000000e5380000)
  from space 6656K, 98% used [0x00000000e6b00000,0x00000000e7163588,0x00000000e7180000)
  to   space 11264K, 0% used [0x00000000e5b80000,0x00000000e5b80000,0x00000000e6680000)
 ParOldGen       total 70656K, used 7599K [0x00000000a0000000, 0x00000000a4500000, 0x00000000e0000000)
  object space 70656K, 10% used [0x00000000a0000000,0x00000000a076bd08,0x00000000a4500000)
 Metaspace       used 27136K, capacity 27698K, committed 28032K, reserved 1073152K
  class space    used 3726K, capacity 3937K, committed 3968K, reserved 1048576K
}
Event: 7.609 GC heap before
{Heap before GC invocations=8 (full 1):
 PSYoungGen      total 92160K, used 92045K [0x00000000e0000000, 0x00000000e7180000, 0x0000000100000000)
  eden space 85504K, 100% used [0x00000000e0000000,0x00000000e5380000,0x00000000e5380000)
  from space 6656K, 98% used [0x00000000e6b00000,0x00000000e7163588,0x00000000e7180000)
  to   space 11264K, 0% used [0x00000000e5b80000,0x00000000e5b80000,0x00000000e6680000)
 ParOldGen       total 70656K, used 7599K [0x00000000a0000000, 0x00000000a4500000, 0x00000000e0000000)
  object space 70656K, 10% used [0x00000000a0000000,0x00000000a076bd08,0x00000000a4500000)
 Metaspace       used 32517K, capacity 33154K, committed 33408K, reserved 1077248K
  class space    used 4433K, capacity 4618K, committed 4736K, reserved 1048576K
Event: 7.625 GC heap after
Heap after GC invocations=8 (full 1):
 PSYoungGen      total 104960K, used 9960K [0x00000000e0000000, 0x00000000ea500000, 0x0000000100000000)
  eden space 93696K, 0% used [0x00000000e0000000,0x00000000e0000000,0x00000000e5b80000)
  from space 11264K, 88% used [0x00000000e5b80000,0x00000000e653a320,0x00000000e6680000)
  to   space 11776K, 0% used [0x00000000e9980000,0x00000000e9980000,0x00000000ea500000)
 ParOldGen       total 70656K, used 7607K [0x00000000a0000000, 0x00000000a4500000, 0x00000000e0000000)
  object space 70656K, 10% used [0x00000000a0000000,0x00000000a076dd08,0x00000000a4500000)
 Metaspace       used 32517K, capacity 33154K, committed 33408K, reserved 1077248K
  class space    used 4433K, capacity 4618K, committed 4736K, reserved 1048576K
}
Event: 8.287 GC heap before
{Heap before GC invocations=9 (full 1):
 PSYoungGen      total 104960K, used 51684K [0x00000000e0000000, 0x00000000ea500000, 0x0000000100000000)
  eden space 93696K, 44% used [0x00000000e0000000,0x00000000e28bef18,0x00000000e5b80000)
  from space 11264K, 88% used [0x00000000e5b80000,0x00000000e653a320,0x00000000e6680000)
  to   space 11776K, 0% used [0x00000000e9980000,0x00000000e9980000,0x00000000ea500000)
 ParOldGen       total 70656K, used 7607K [0x00000000a0000000, 0x00000000a4500000, 0x00000000e0000000)
  object space 70656K, 10% used [0x00000000a0000000,0x00000000a076dd08,0x00000000a4500000)
 Metaspace       used 34593K, capacity 35378K, committed 35416K, reserved 1079296K
  class space    used 4718K, capacity 4954K, committed 4992K, reserved 1048576K
Event: 8.305 GC heap after
Heap after GC invocations=9 (full 1):
 PSYoungGen      total 156672K, used 9332K [0x00000000e0000000, 0x00000000eb500000, 0x0000000100000000)
  eden space 144896K, 0% used [0x00000000e0000000,0x00000000e0000000,0x00000000e8d80000)
  from space 11776K, 79% used [0x00000000e9980000,0x00000000ea29d0a8,0x00000000ea500000)
  to   space 12288K, 0% used [0x00000000e8d80000,0x00000000e8d80000,0x00000000e9980000)
 ParOldGen       total 70656K, used 7615K [0x00000000a0000000, 0x00000000a4500000, 0x00000000e0000000)
  object space 70656K, 10% used [0x00000000a0000000,0x00000000a076fd08,0x00000000a4500000)
 Metaspace       used 34593K, capacity 35378K, committed 35416K, reserved 1079296K
  class space    used 4718K, capacity 4954K, committed 4992K, reserved 1048576K
}
Event: 8.305 GC heap before
{Heap before GC invocations=10 (full 2):
 PSYoungGen      total 156672K, used 9332K [0x00000000e0000000, 0x00000000eb500000, 0x0000000100000000)
  eden space 144896K, 0% used [0x00000000e0000000,0x00000000e0000000,0x00000000e8d80000)
  from space 11776K, 79% used [0x00000000e9980000,0x00000000ea29d0a8,0x00000000ea500000)
  to   space 12288K, 0% used [0x00000000e8d80000,0x00000000e8d80000,0x00000000e9980000)
 ParOldGen       total 70656K, used 7615K [0x00000000a0000000, 0x00000000a4500000, 0x00000000e0000000)
  object space 70656K, 10% used [0x00000000a0000000,0x00000000a076fd08,0x00000000a4500000)
 Metaspace       used 34593K, capacity 35378K, committed 35416K, reserved 1079296K
  class space    used 4718K, capacity 4954K, committed 4992K, reserved 1048576K
Event: 8.462 GC heap after
Heap after GC invocations=10 (full 2):
 PSYoungGen      total 156672K, used 0K [0x00000000e0000000, 0x00000000eb500000, 0x0000000100000000)
  eden space 144896K, 0% used [0x00000000e0000000,0x00000000e0000000,0x00000000e8d80000)
  from space 11776K, 0% used [0x00000000e9980000,0x00000000e9980000,0x00000000ea500000)
  to   space 12288K, 0% used [0x00000000e8d80000,0x00000000e8d80000,0x00000000e9980000)
 ParOldGen       total 113152K, used 15622K [0x00000000a0000000, 0x00000000a6e80000, 0x00000000e0000000)
  object space 113152K, 13% used [0x00000000a0000000,0x00000000a0f419f8,0x00000000a6e80000)
 Metaspace       used 34593K, capacity 35378K, committed 35416K, reserved 1079296K
  class space    used 4718K, capacity 4954K, committed 4992K, reserved 1048576K
}
Event: 11.447 GC heap before
{Heap before GC invocations=11 (full 2):
 PSYoungGen      total 156672K, used 144896K [0x00000000e0000000, 0x00000000eb500000, 0x0000000100000000)
  eden space 144896K, 100% used [0x00000000e0000000,0x00000000e8d80000,0x00000000e8d80000)
  from space 11776K, 0% used [0x00000000e9980000,0x00000000e9980000,0x00000000ea500000)
  to   space 12288K, 0% used [0x00000000e8d80000,0x00000000e8d80000,0x00000000e9980000)
 ParOldGen       total 113152K, used 15622K [0x00000000a0000000, 0x00000000a6e80000, 0x00000000e0000000)
  object space 113152K, 13% used [0x00000000a0000000,0x00000000a0f419f8,0x00000000a6e80000)
 Metaspace       used 46891K, capacity 48252K, committed 48344K, reserved 1091584K
  class space    used 6301K, capacity 6624K, committed 6656K, reserved 1048576K
Event: 11.471 GC heap after
Heap after GC invocations=11 (full 2):
 PSYoungGen      total 157184K, used 12281K [0x00000000e0000000, 0x00000000ecd80000, 0x0000000100000000)
  eden space 144896K, 0% used [0x00000000e0000000,0x00000000e0000000,0x00000000e8d80000)
  from space 12288K, 99% used [0x00000000e8d80000,0x00000000e997e7f0,0x00000000e9980000)
  to   space 15360K, 0% used [0x00000000ebe80000,0x00000000ebe80000,0x00000000ecd80000)
 ParOldGen       total 113152K, used 20797K [0x00000000a0000000, 0x00000000a6e80000, 0x00000000e0000000)
  object space 113152K, 18% used [0x00000000a0000000,0x00000000a144f490,0x00000000a6e80000)
 Metaspace       used 46891K, capacity 48252K, committed 48344K, reserved 1091584K
  class space    used 6301K, capacity 6624K, committed 6656K, reserved 1048576K
}

Deoptimization events (10 events):
Event: 13.286 Thread 0x0000000017c3d000 Uncommon trap: reason=unstable_if action=reinterpret pc=0x0000000002ff5354 method=java.io.WinNTFileSystem.normalize(Ljava/lang/String;II)Ljava/lang/String; @ 103
Event: 13.438 Thread 0x0000000017c3d000 Uncommon trap: reason=bimorphic action=maybe_recompile pc=0x00000000037c2a84 method=java.util.regex.Pattern$5.isSatisfiedBy(I)Z @ 16
Event: 13.438 Thread 0x0000000017c3d000 Uncommon trap: reason=bimorphic action=maybe_recompile pc=0x00000000037c2a84 method=java.util.regex.Pattern$5.isSatisfiedBy(I)Z @ 16
Event: 13.438 Thread 0x0000000017c3d000 Uncommon trap: reason=bimorphic action=maybe_recompile pc=0x00000000037c2a84 method=java.util.regex.Pattern$5.isSatisfiedBy(I)Z @ 16
Event: 13.438 Thread 0x0000000017c3d000 Uncommon trap: reason=bimorphic action=maybe_recompile pc=0x00000000037c2a84 method=java.util.regex.Pattern$5.isSatisfiedBy(I)Z @ 16
Event: 13.681 Thread 0x0000000017c3d000 Uncommon trap: reason=predicate action=maybe_recompile pc=0x00000000038a6abc method=java.util.AbstractCollection.toArray([Ljava/lang/Object;)[Ljava/lang/Object; @ 49
Event: 13.822 Thread 0x0000000017c3d000 Uncommon trap: reason=unstable_if action=reinterpret pc=0x0000000002e86da8 method=java.util.regex.Pattern$BmpCharProperty.match(Ljava/util/regex/Matcher;ILjava/lang/CharSequence;)Z @ 34
Event: 13.831 Thread 0x0000000017c3d000 Uncommon trap: reason=unstable_if action=reinterpret pc=0x0000000003610f6c method=com.sun.org.apache.xerces.internal.impl.XMLEntityScanner.skipSpaces()Z @ 14
Event: 13.833 Thread 0x0000000017c3d000 Uncommon trap: reason=unstable_if action=reinterpret pc=0x0000000003605724 method=com.sun.org.apache.xerces.internal.impl.XMLEntityScanner.scanLiteral(ILcom/sun/org/apache/xerces/internal/xni/XMLString;Z)I @ 660
Event: 13.857 Thread 0x0000000017c3d000 Uncommon trap: reason=unstable_if action=reinterpret pc=0x00000000036109c8 method=com.sun.org.apache.xerces.internal.util.SymbolTable.addSymbol([CII)Ljava/lang/String; @ 38

Classes redefined (0 events):
No events

Internal exceptions (10 events):
Event: 12.305 Thread 0x0000000017c3d000 Exception <a 'java/lang/ClassNotFoundException': org/gradle/api/plugins/internal/DefaultBasePluginConventionCustomizer> (0x00000000e25b9f50) thrown at [C:\src\AOSP-openjdk-git\hotspot\src\share\vm\classfile\systemDictionary.cpp, line 210]
Event: 12.322 Thread 0x0000000017c3d000 Exception <a 'java/lang/NoSuchMethodError': java.lang.Object.lambda$comparingInt$7b0bb60$1(Ljava/util/function/ToIntFunction;Ljava/lang/Object;Ljava/lang/Object;)I> (0x00000000e262ffb0) thrown at [C:\src\AOSP-openjdk-git\hotspot\src\share\vm\interpreter\l
Event: 13.103 Thread 0x0000000017c3d000 Exception <a 'java/lang/ClassNotFoundException': com/android/build/gradle/internal/api/ApkVariantOutputImpl_DecoratedBeanInfo> (0x00000000e3e3d9e8) thrown at [C:\src\AOSP-openjdk-git\hotspot\src\share\vm\classfile\systemDictionary.cpp, line 210]
Event: 13.104 Thread 0x0000000017c3d000 Exception <a 'java/lang/ClassNotFoundException': com/android/build/gradle/internal/api/ApkVariantOutputImplBeanInfo> (0x00000000e3e5aa38) thrown at [C:\src\AOSP-openjdk-git\hotspot\src\share\vm\classfile\systemDictionary.cpp, line 210]
Event: 13.105 Thread 0x0000000017c3d000 Exception <a 'java/lang/ClassNotFoundException': com/android/build/gradle/internal/api/BaseVariantOutputImplBeanInfo> (0x00000000e3e78eb8) thrown at [C:\src\AOSP-openjdk-git\hotspot\src\share\vm\classfile\systemDictionary.cpp, line 210]
Event: 13.105 Thread 0x0000000017c3d000 Exception <a 'java/lang/ClassNotFoundException': com/android/build/gradle/internal/api/BaseVariantOutputImplCustomizer> (0x00000000e3e97838) thrown at [C:\src\AOSP-openjdk-git\hotspot\src\share\vm\classfile\systemDictionary.cpp, line 210]
Event: 13.110 Thread 0x0000000017c3d000 Exception <a 'java/lang/ClassNotFoundException': com/android/build/gradle/internal/api/ApkVariantOutputImplCustomizer> (0x00000000e3ecfe08) thrown at [C:\src\AOSP-openjdk-git\hotspot\src\share\vm\classfile\systemDictionary.cpp, line 210]
Event: 13.112 Thread 0x0000000017c3d000 Exception <a 'java/lang/ClassNotFoundException': com/android/build/gradle/internal/api/ApkVariantOutputImpl_DecoratedCustomizer> (0x00000000e3f03978) thrown at [C:\src\AOSP-openjdk-git\hotspot\src\share\vm\classfile\systemDictionary.cpp, line 210]
Event: 13.472 Thread 0x0000000017c3d000 Exception <a 'java/lang/ClassNotFoundException': com/sun/org/glassfish/hk2/osgiresourcelocator/ServiceLoader> (0x00000000e584e368) thrown at [C:\src\AOSP-openjdk-git\hotspot\src\share\vm\classfile\systemDictionary.cpp, line 210]
Event: 13.520 Thread 0x0000000017c3d000 Exception <a 'java/lang/NullPointerException'> (0x00000000e5ca2910) thrown at [C:\src\AOSP-openjdk-git\hotspot\src\share\vm\interpreter\linkResolver.cpp, line 1287]

Events (10 events):
Event: 13.864 loading class com/sun/xml/bind/v2/runtime/unmarshaller/DefaultIDResolver$1
Event: 13.864 loading class com/sun/xml/bind/v2/runtime/unmarshaller/DefaultIDResolver$1 done
Event: 13.867 loading class com/android/sdklib/BuildToolInfo
Event: 13.867 loading class com/android/sdklib/BuildToolInfo done
Event: 13.868 loading class com/android/sdklib/BuildToolInfo$PathId
Event: 13.868 loading class com/android/sdklib/BuildToolInfo$PathId done
Event: 13.876 loading class com/android/build/gradle/internal/PlatformComponents
Event: 13.876 loading class com/android/build/gradle/internal/PlatformComponents done
Event: 13.876 loading class com/android/build/gradle/internal/PlatformComponents$Companion
Event: 13.876 loading class com/android/build/gradle/internal/PlatformComponents$Companion done


Dynamic libraries:
0x00007ff70dc20000 - 0x00007ff70dc51000 	C:\Program Files\Android\Android Studio\jre\bin\java.exe
0x00007ffec5380000 - 0x00007ffec5570000 	C:\WINDOWS\SYSTEM32\ntdll.dll
0x00007ffec3430000 - 0x00007ffec34e2000 	C:\WINDOWS\System32\KERNEL32.DLL
0x00007ffec23b0000 - 0x00007ffec2655000 	C:\WINDOWS\System32\KERNELBASE.dll
0x00007ffec51b0000 - 0x00007ffec5253000 	C:\WINDOWS\System32\ADVAPI32.dll
0x00007ffec3890000 - 0x00007ffec392e000 	C:\WINDOWS\System32\msvcrt.dll
0x00007ffec48c0000 - 0x00007ffec4957000 	C:\WINDOWS\System32\sechost.dll
0x00007ffec4c80000 - 0x00007ffec4da0000 	C:\WINDOWS\System32\RPCRT4.dll
0x00007ffec39a0000 - 0x00007ffec3b35000 	C:\WINDOWS\System32\USER32.dll
0x00007ffec2310000 - 0x00007ffec2331000 	C:\WINDOWS\System32\win32u.dll
0x00007ffec4af0000 - 0x00007ffec4b16000 	C:\WINDOWS\System32\GDI32.dll
0x00007ffec2b10000 - 0x00007ffec2ca6000 	C:\WINDOWS\System32\gdi32full.dll
0x00007ffec2660000 - 0x00007ffec26fe000 	C:\WINDOWS\System32\msvcp_win.dll
0x00007ffec2980000 - 0x00007ffec2a7a000 	C:\WINDOWS\System32\ucrtbase.dll
0x00007ffeb09e0000 - 0x00007ffeb0c64000 	C:\WINDOWS\WinSxS\amd64_microsoft.windows.common-controls_6595b64144ccf1df_6.0.18362.1082_none_9e8193e1e45b25c1\COMCTL32.dll
0x00007ffec34f0000 - 0x00007ffec3825000 	C:\WINDOWS\System32\combase.dll
0x00007ffec27b0000 - 0x00007ffec2830000 	C:\WINDOWS\System32\bcryptPrimitives.dll
0x00007ffec50a0000 - 0x00007ffec50ce000 	C:\WINDOWS\System32\IMM32.DLL
0x0000000052530000 - 0x0000000052602000 	C:\Program Files\Android\Android Studio\jre\jre\bin\msvcr100.dll
0x00000000777b0000 - 0x0000000077ffb000 	C:\Program Files\Android\Android Studio\jre\jre\bin\server\jvm.dll
0x00007ffec50d0000 - 0x00007ffec50d8000 	C:\WINDOWS\System32\PSAPI.DLL
0x00007ffeab6f0000 - 0x00007ffeab6f9000 	C:\WINDOWS\SYSTEM32\WSOCK32.dll
0x00007ffeb99b0000 - 0x00007ffeb99d4000 	C:\WINDOWS\SYSTEM32\WINMM.dll
0x00007ffec5260000 - 0x00007ffec52cf000 	C:\WINDOWS\System32\WS2_32.dll
0x00007ffeba880000 - 0x00007ffeba88a000 	C:\WINDOWS\SYSTEM32\VERSION.dll
0x00007ffeb9910000 - 0x00007ffeb993d000 	C:\WINDOWS\SYSTEM32\WINMMBASE.dll
0x00007ffec2360000 - 0x00007ffec23aa000 	C:\WINDOWS\System32\cfgmgr32.dll
0x00007ffebece0000 - 0x00007ffebecef000 	C:\Program Files\Android\Android Studio\jre\jre\bin\verify.dll
0x00007ffeb0cd0000 - 0x00007ffeb0cf9000 	C:\Program Files\Android\Android Studio\jre\jre\bin\java.dll
0x00007ffebecc0000 - 0x00007ffebecd6000 	C:\Program Files\Android\Android Studio\jre\jre\bin\zip.dll
0x00007ffec3ba0000 - 0x00007ffec4287000 	C:\WINDOWS\System32\SHELL32.dll
0x00007ffec4a30000 - 0x00007ffec4ad9000 	C:\WINDOWS\System32\shcore.dll
0x00007ffec2cb0000 - 0x00007ffec3430000 	C:\WINDOWS\System32\windows.storage.dll
0x00007ffec22e0000 - 0x00007ffec2303000 	C:\WINDOWS\System32\profapi.dll
0x00007ffec2290000 - 0x00007ffec22da000 	C:\WINDOWS\System32\powrprof.dll
0x00007ffec2240000 - 0x00007ffec2250000 	C:\WINDOWS\System32\UMPDC.dll
0x00007ffec3830000 - 0x00007ffec3882000 	C:\WINDOWS\System32\shlwapi.dll
0x00007ffec2270000 - 0x00007ffec2281000 	C:\WINDOWS\System32\kernel.appcore.dll
0x00007ffec2340000 - 0x00007ffec2357000 	C:\WINDOWS\System32\cryptsp.dll
0x00007ffeb0930000 - 0x00007ffeb094a000 	C:\Program Files\Android\Android Studio\jre\jre\bin\net.dll
0x00007ffec1a90000 - 0x00007ffec1af7000 	C:\WINDOWS\system32\mswsock.dll
0x00007ffeb0910000 - 0x00007ffeb0923000 	C:\Program Files\Android\Android Studio\jre\jre\bin\nio.dll
0x00007ffeb6100000 - 0x00007ffeb6126000 	C:\Users\Sezgin\.gradle\native\31\windows-amd64\native-platform.dll
0x00007ffeb0900000 - 0x00007ffeb090d000 	C:\Program Files\Android\Android Studio\jre\jre\bin\management.dll
0x00007ffec1600000 - 0x00007ffec1633000 	C:\WINDOWS\system32\rsaenh.dll
0x00007ffec2ae0000 - 0x00007ffec2b06000 	C:\WINDOWS\System32\bcrypt.dll
0x00007ffec2160000 - 0x00007ffec2185000 	C:\WINDOWS\SYSTEM32\USERENV.dll
0x00007ffec1c60000 - 0x00007ffec1c6c000 	C:\WINDOWS\SYSTEM32\CRYPTBASE.dll
0x00007ffec17a0000 - 0x00007ffec17da000 	C:\WINDOWS\SYSTEM32\IPHLPAPI.DLL
0x00007ffec5330000 - 0x00007ffec5338000 	C:\WINDOWS\System32\NSI.dll
0x00007ffebb3d0000 - 0x00007ffebb3e6000 	C:\WINDOWS\SYSTEM32\dhcpcsvc6.DLL
0x00007ffebb3b0000 - 0x00007ffebb3cc000 	C:\WINDOWS\SYSTEM32\dhcpcsvc.DLL
0x00007ffec17e0000 - 0x00007ffec18ab000 	C:\WINDOWS\SYSTEM32\DNSAPI.dll

VM Arguments:
jvm_args: -Xmx1536m -Dfile.encoding=windows-1254 -Duser.country=TR -Duser.language=tr -Duser.variant 
java_command: org.gradle.launcher.daemon.bootstrap.GradleDaemon 6.1.1
java_class_path (initial): C:\Users\Sezgin\.gradle\wrapper\dists\gradle-6.1.1-all\cfmwm155h49vnt3hynmlrsdst\gradle-6.1.1\lib\gradle-launcher-6.1.1.jar
Launcher Type: SUN_STANDARD

Environment Variables:
USERNAME=Sezgin
OS=Windows_NT
PROCESSOR_IDENTIFIER=Intel64 Family 6 Model 69 Stepping 1, GenuineIntel



---------------  S Y S T E M  ---------------

OS: Windows 10.0 , 64 bit Build 18362 (10.0.18362.1082)

CPU:total 4 (initial active 4) (2 cores per cpu, 2 threads per core) family 6 model 69 stepping 1, cmov, cx8, fxsr, mmx, sse, sse2, sse3, ssse3, sse4.1, sse4.2, popcnt, avx, avx2, aes, clmul, erms, lzcnt, ht, tsc, tscinvbit, bmi1, bmi2

Memory: 4k page, physical 12472600k(1261972k free), swap 12472600k(5140k free)

vm_info: OpenJDK 64-Bit Server VM (25.242-b01) for windows-amd64 JRE (1.8.0_242-release-1644-b01), built by "builder" with MS VC++ 10.0 (VS2010)

time: Fri Oct 02 10:10:24 2020
timezone: Türkiye Standart Saati
elapsed time: 13 seconds (0d 0h 0m 13s)

