#
# There is insufficient memory for the Java Runtime Environment to continue.
# Native memory allocation (malloc) failed to allocate 65552 bytes for Chunk::new
# Possible reasons:
#   The system is out of physical RAM or swap space
#   The process is running with CompressedOops enabled, and the Java Heap may be blocking the growth of the native heap
# Possible solutions:
#   Reduce memory load on the system
#   Increase physical memory or swap space
#   Check if swap backing store is full
#   Decrease Java heap size (-Xmx/-Xms)
#   Decrease number of Java threads
#   Decrease Java thread stack sizes (-Xss)
#   Set larger code cache with -XX:ReservedCodeCacheSize=
#   JVM is running with Unscaled Compressed Oops mode in which the Java heap is
#     placed in the first 4GB address space. The Java Heap base address is the
#     maximum limit for the native heap growth. Please use -XX:HeapBaseMinAddress
#     to set the Java Heap base and to place the Java Heap above 4GB virtual address.
# This output file may be truncated or incomplete.
#
#  Out of Memory Error (allocation.cpp:389), pid=6548, tid=0x0000000000000cdc
#
# JRE version: OpenJDK Runtime Environment (8.0_242-b01) (build 1.8.0_242-release-1644-b01)
# Java VM: OpenJDK 64-Bit Server VM (25.242-b01 mixed mode windows-amd64 compressed oops)
# Failed to write core dump. Minidumps are not enabled by default on client versions of Windows
#

---------------  T H R E A D  ---------------

Current thread (0x00000000167ae000):  JavaThread "C2 CompilerThread1" daemon [_thread_in_native, id=3292, stack(0x0000000017ef0000,0x0000000017ff0000)]

Stack: [0x0000000017ef0000,0x0000000017ff0000]
[error occurred during error reporting (printing stack bounds), id 0xc0000005]

Native frames: (J=compiled Java code, j=interpreted, Vv=VM code, C=native code)


Current CompileTask:
C2:  12884 5267 %     4       org.gradle.internal.instantiation.generator.AbstractClassGenerator::inspectType @ 77 (559 bytes)


---------------  P R O C E S S  ---------------

Java Threads: ( => current thread )
  0x000000001ce21000 JavaThread "Cache worker for file content cache (C:\Users\Sezgin\Desktop\Android\MilkDoser\.gradle\6.1.1\fileContent)" [_thread_blocked, id=8, stack(0x0000000023660000,0x0000000023760000)]
  0x000000001ce1f000 JavaThread "Cache worker for file content cache (C:\Users\Sezgin\.gradle\caches\6.1.1\fileContent)" [_thread_blocked, id=580, stack(0x0000000023560000,0x0000000023660000)]
  0x000000001ce17800 JavaThread "Memory manager" [_thread_blocked, id=13336, stack(0x0000000021d00000,0x0000000021e00000)]
  0x000000001ce1d800 JavaThread "Cache worker for Build Output Cleanup Cache (C:\Users\Sezgin\Desktop\Android\MilkDoser\.gradle\buildOutputCleanup)" [_thread_blocked, id=9312, stack(0x0000000021e90000,0x0000000021f90000)]
  0x000000001ce19800 JavaThread "pool-1-thread-1" [_thread_blocked, id=11456, stack(0x00000000202a0000,0x00000000203a0000)]
  0x000000001ce16800 JavaThread "Build operations Thread 4" [_thread_blocked, id=16372, stack(0x0000000021600000,0x0000000021700000)]
  0x000000001ce1c800 JavaThread "Build operations Thread 3" [_thread_blocked, id=14184, stack(0x0000000021500000,0x0000000021600000)]
  0x000000001ce16000 JavaThread "Build operations Thread 2" [_thread_blocked, id=14096, stack(0x0000000021400000,0x0000000021500000)]
  0x000000001ce1a800 JavaThread "Build operations" [_thread_blocked, id=14268, stack(0x0000000021300000,0x0000000021400000)]
  0x00000000167c0800 JavaThread "Cache worker for execution history cache (C:\Users\Sezgin\.gradle\caches\6.1.1\executionHistory)" [_thread_blocked, id=11952, stack(0x000000001ee40000,0x000000001ef40000)]
  0x00000000167bf000 JavaThread "Cache worker for cache directory md-rule (C:\Users\Sezgin\.gradle\caches\6.1.1\md-rule)" [_thread_blocked, id=3576, stack(0x000000001ed40000,0x000000001ee40000)]
  0x00000000167be000 JavaThread "Cache worker for cache directory md-supplier (C:\Users\Sezgin\.gradle\caches\6.1.1\md-supplier)" [_thread_blocked, id=2788, stack(0x000000001ec40000,0x000000001ed40000)]
  0x00000000167c5000 JavaThread "Cache worker for file hash cache (C:\Users\Sezgin\Desktop\Android\MilkDoser\.gradle\6.1.1\fileHashes)" [_thread_blocked, id=12780, stack(0x00000000201a0000,0x00000000202a0000)]
  0x00000000167c4000 JavaThread "Cache worker for checksums cache (C:\Users\Sezgin\Desktop\Android\MilkDoser\.gradle\checksums)" [_thread_blocked, id=2796, stack(0x000000001eb40000,0x000000001ec40000)]
  0x00000000167bf800 JavaThread "Cache worker for file hash cache (C:\Users\Sezgin\.gradle\caches\6.1.1\fileHashes)" [_thread_blocked, id=7188, stack(0x000000001c510000,0x000000001c610000)]
  0x00000000167c2800 JavaThread "File lock request listener" [_thread_in_native, id=9884, stack(0x000000001c410000,0x000000001c510000)]
  0x000000001a720000 JavaThread "Cache worker for journal cache (C:\Users\Sezgin\.gradle\caches\journal-1)" [_thread_blocked, id=15788, stack(0x000000001c310000,0x000000001c410000)]
  0x00000000184a7000 JavaThread "Thread-9" [_thread_blocked, id=1096, stack(0x000000001c010000,0x000000001c110000)]
  0x00000000181d7800 JavaThread "Stdin handler" [_thread_blocked, id=1728, stack(0x000000001bf10000,0x000000001c010000)]
  0x00000000184db000 JavaThread "Asynchronous log dispatcher for DefaultDaemonConnection: socket connection from /127.0.0.1:54956 to /127.0.0.1:54957" [_thread_blocked, id=15096, stack(0x000000001be10000,0x000000001bf10000)]
  0x00000000181dd800 JavaThread "Daemon worker" [_thread_in_Java, id=11008, stack(0x000000001bd10000,0x000000001be10000)]
  0x00000000184a3000 JavaThread "Cancel handler" [_thread_blocked, id=15212, stack(0x000000001bc10000,0x000000001bd10000)]
  0x000000001a210800 JavaThread "Handler for socket connection from /127.0.0.1:54956 to /127.0.0.1:54957" [_thread_in_native, id=13396, stack(0x000000001b910000,0x000000001ba10000)]
  0x000000001a20f800 JavaThread "Daemon" [_thread_blocked, id=13688, stack(0x000000001b810000,0x000000001b910000)]
  0x000000001a20c800 JavaThread "Daemon periodic checks" [_thread_blocked, id=12068, stack(0x000000001b710000,0x000000001b810000)]
  0x000000001a233800 JavaThread "Incoming local TCP Connector on port 54956" [_thread_in_native, id=12168, stack(0x000000001b4d0000,0x000000001b5d0000)]
  0x000000001a12e800 JavaThread "Daemon health stats" [_thread_blocked, id=15984, stack(0x000000001ae90000,0x000000001af90000)]
  0x000000001813a800 JavaThread "Service Thread" daemon [_thread_blocked, id=5168, stack(0x00000000184f0000,0x00000000185f0000)]
  0x00000000167c3800 JavaThread "C1 CompilerThread2" daemon [_thread_in_native, id=16192, stack(0x0000000017ff0000,0x00000000180f0000)]
=>0x00000000167ae000 JavaThread "C2 CompilerThread1" daemon [_thread_in_native, id=3292, stack(0x0000000017ef0000,0x0000000017ff0000)]
  0x00000000167a9000 JavaThread "C2 CompilerThread0" daemon [_thread_in_native, id=11812, stack(0x0000000017df0000,0x0000000017ef0000)]
  0x00000000167a7800 JavaThread "Attach Listener" daemon [_thread_blocked, id=4696, stack(0x0000000017cf0000,0x0000000017df0000)]
  0x00000000167a6000 JavaThread "Signal Dispatcher" daemon [_thread_blocked, id=9496, stack(0x0000000017bf0000,0x0000000017cf0000)]
  0x0000000002e2c000 JavaThread "Finalizer" daemon [_thread_blocked, id=11760, stack(0x0000000017a00000,0x0000000017b00000)]
  0x0000000016789000 JavaThread "Reference Handler" daemon [_thread_blocked, id=568, stack(0x0000000017900000,0x0000000017a00000)]
  0x0000000002d33000 JavaThread "main" [_thread_blocked, id=4848, stack(0x0000000002b60000,0x0000000002c60000)]

Other Threads:
  0x0000000016767000 VMThread [stack: 0x0000000017800000,0x0000000017900000] [id=12116]
  0x000000001813b800 WatcherThread [stack: 0x00000000185f0000,0x00000000186f0000] [id=3816]

VM state:not at safepoint (normal execution)

VM Mutex/Monitor currently owned by a thread:  ([mutex/lock_event])
[0x0000000002d2d650] Patching_lock - owner thread: 0x0000000000000000
[0x0000000002d300d0] Compile_lock - owner thread: 0x0000000000000000

heap address: 0x00000000a0000000, size: 1536 MB, Compressed Oops mode: 32-bit
Narrow klass base: 0x0000000000000000, Narrow klass shift: 3
Compressed class space size: 1073741824 Address: 0x0000000100000000

Heap:
 PSYoungGen      total 190976K, used 22760K [0x00000000e0000000, 0x00000000ed500000, 0x0000000100000000)
  eden space 174592K, 13% used [0x00000000e0000000,0x00000000e163a110,0x00000000eaa80000)
  from space 16384K, 0% used [0x00000000ebe80000,0x00000000ebe80000,0x00000000ece80000)
  to   space 20480K, 0% used [0x00000000eaa80000,0x00000000eaa80000,0x00000000ebe80000)
 ParOldGen       total 115200K, used 34437K [0x00000000a0000000, 0x00000000a7080000, 0x00000000e0000000)
  object space 115200K, 29% used [0x00000000a0000000,0x00000000a21a17d8,0x00000000a7080000)
 Metaspace       used 58055K, capacity 60068K, committed 60200K, reserved 1101824K
  class space    used 7980K, capacity 8433K, committed 8496K, reserved 1048576K

Card table byte_map: [0x00000000121f0000,0x0000000012500000] byte_map_base: 0x0000000011cf0000

Marking Bits: (ParMarkBitMap*) 0x0000000077f7f030
 Begin Bits: [0x0000000012b00000, 0x0000000014300000)
 End Bits:   [0x0000000014300000, 0x0000000015b00000)

Polling page: 0x0000000000e80000

CodeCache: size=245760Kb used=16587Kb max_used=16679Kb free=229173Kb
 bounds [0x0000000002e30000, 0x0000000003e90000, 0x0000000011e30000]
 total_blobs=5883 nmethods=5098 adapters=697
 compilation: enabled

Compilation events (10 events):
Event: 12.881 Thread 0x00000000167c3800 5685       3       org.gradle.internal.Describables$FixedDescribable::getDisplayName (41 bytes)
Event: 12.881 Thread 0x00000000167c3800 nmethod 5685 0x0000000003976990 code [0x0000000003976b60, 0x0000000003977308]
Event: 12.881 Thread 0x00000000167c3800 5686       3       org.gradle.api.internal.artifacts.ivyservice.resolveengine.result.DependencyResultSerializer::write (116 bytes)
Event: 12.882 Thread 0x00000000167c3800 nmethod 5686 0x000000000396fd90 code [0x0000000003970000, 0x0000000003970dd8]
Event: 12.882 Thread 0x00000000167c3800 5687       3       org.gradle.api.internal.artifacts.ivyservice.resolveengine.graph.builder.EdgeState::getSelector (5 bytes)
Event: 12.882 Thread 0x00000000167c3800 nmethod 5687 0x000000000396fa50 code [0x000000000396fba0, 0x000000000396fd10]
Event: 12.882 Thread 0x00000000167c3800 5688       3       org.gradle.api.internal.artifacts.ivyservice.resolveengine.graph.builder.EdgeState::getFromVariant (8 bytes)
Event: 12.883 Thread 0x00000000167c3800 nmethod 5688 0x000000000396f610 code [0x000000000396f780, 0x000000000396f988]
Event: 12.883 Thread 0x00000000167c3800 5689       3       org.gradle.api.internal.artifacts.ivyservice.resolveengine.graph.builder.EdgeState::getSelected (8 bytes)
Event: 12.883 Thread 0x00000000167c3800 nmethod 5689 0x000000000396f110 code [0x000000000396f280, 0x000000000396f4b0]

GC Heap History (10 events):
Event: 6.639 GC heap before
{Heap before GC invocations=9 (full 1):
 PSYoungGen      total 103424K, used 50310K [0x00000000e0000000, 0x00000000ea980000, 0x0000000100000000)
  eden space 91648K, 43% used [0x00000000e0000000,0x00000000e2715258,0x00000000e5980000)
  from space 11776K, 87% used [0x00000000e5980000,0x00000000e638c5b8,0x00000000e6500000)
  to   space 12800K, 0% used [0x00000000e9d00000,0x00000000e9d00000,0x00000000ea980000)
 ParOldGen       total 70656K, used 7654K [0x00000000a0000000, 0x00000000a4500000, 0x00000000e0000000)
  object space 70656K, 10% used [0x00000000a0000000,0x00000000a0779b38,0x00000000a4500000)
 Metaspace       used 34536K, capacity 35386K, committed 35496K, reserved 1079296K
  class space    used 4733K, capacity 4970K, committed 5040K, reserved 1048576K
Event: 6.654 GC heap after
Heap after GC invocations=9 (full 1):
 PSYoungGen      total 161280K, used 8434K [0x00000000e0000000, 0x00000000eb300000, 0x0000000100000000)
  eden space 148480K, 0% used [0x00000000e0000000,0x00000000e0000000,0x00000000e9100000)
  from space 12800K, 65% used [0x00000000e9d00000,0x00000000ea53cac0,0x00000000ea980000)
  to   space 12288K, 0% used [0x00000000e9100000,0x00000000e9100000,0x00000000e9d00000)
 ParOldGen       total 70656K, used 7662K [0x00000000a0000000, 0x00000000a4500000, 0x00000000e0000000)
  object space 70656K, 10% used [0x00000000a0000000,0x00000000a077bb38,0x00000000a4500000)
 Metaspace       used 34536K, capacity 35386K, committed 35496K, reserved 1079296K
  class space    used 4733K, capacity 4970K, committed 5040K, reserved 1048576K
}
Event: 6.654 GC heap before
{Heap before GC invocations=10 (full 2):
 PSYoungGen      total 161280K, used 8434K [0x00000000e0000000, 0x00000000eb300000, 0x0000000100000000)
  eden space 148480K, 0% used [0x00000000e0000000,0x00000000e0000000,0x00000000e9100000)
  from space 12800K, 65% used [0x00000000e9d00000,0x00000000ea53cac0,0x00000000ea980000)
  to   space 12288K, 0% used [0x00000000e9100000,0x00000000e9100000,0x00000000e9d00000)
 ParOldGen       total 70656K, used 7662K [0x00000000a0000000, 0x00000000a4500000, 0x00000000e0000000)
  object space 70656K, 10% used [0x00000000a0000000,0x00000000a077bb38,0x00000000a4500000)
 Metaspace       used 34536K, capacity 35386K, committed 35496K, reserved 1079296K
  class space    used 4733K, capacity 4970K, committed 5040K, reserved 1048576K
Event: 6.839 GC heap after
Heap after GC invocations=10 (full 2):
 PSYoungGen      total 161280K, used 0K [0x00000000e0000000, 0x00000000eb300000, 0x0000000100000000)
  eden space 148480K, 0% used [0x00000000e0000000,0x00000000e0000000,0x00000000e9100000)
  from space 12800K, 0% used [0x00000000e9d00000,0x00000000e9d00000,0x00000000ea980000)
  to   space 12288K, 0% used [0x00000000e9100000,0x00000000e9100000,0x00000000e9d00000)
 ParOldGen       total 115200K, used 14995K [0x00000000a0000000, 0x00000000a7080000, 0x00000000e0000000)
  object space 115200K, 13% used [0x00000000a0000000,0x00000000a0ea4ca8,0x00000000a7080000)
 Metaspace       used 34536K, capacity 35386K, committed 35496K, reserved 1079296K
  class space    used 4733K, capacity 4970K, committed 5040K, reserved 1048576K
}
Event: 9.599 GC heap before
{Heap before GC invocations=11 (full 2):
 PSYoungGen      total 161280K, used 148480K [0x00000000e0000000, 0x00000000eb300000, 0x0000000100000000)
  eden space 148480K, 100% used [0x00000000e0000000,0x00000000e9100000,0x00000000e9100000)
  from space 12800K, 0% used [0x00000000e9d00000,0x00000000e9d00000,0x00000000ea980000)
  to   space 12288K, 0% used [0x00000000e9100000,0x00000000e9100000,0x00000000e9d00000)
 ParOldGen       total 115200K, used 14995K [0x00000000a0000000, 0x00000000a7080000, 0x00000000e0000000)
  object space 115200K, 13% used [0x00000000a0000000,0x00000000a0ea4ca8,0x00000000a7080000)
 Metaspace       used 46594K, capacity 48046K, committed 48168K, reserved 1091584K
  class space    used 6289K, capacity 6647K, committed 6704K, reserved 1048576K
Event: 9.619 GC heap after
Heap after GC invocations=11 (full 2):
 PSYoungGen      total 160768K, used 12274K [0x00000000e0000000, 0x00000000ece80000, 0x0000000100000000)
  eden space 148480K, 0% used [0x00000000e0000000,0x00000000e0000000,0x00000000e9100000)
  from space 12288K, 99% used [0x00000000e9100000,0x00000000e9cfc9c0,0x00000000e9d00000)
  to   space 16384K, 0% used [0x00000000ebe80000,0x00000000ebe80000,0x00000000ece80000)
 ParOldGen       total 115200K, used 21023K [0x00000000a0000000, 0x00000000a7080000, 0x00000000e0000000)
  object space 115200K, 18% used [0x00000000a0000000,0x00000000a1487d48,0x00000000a7080000)
 Metaspace       used 46594K, capacity 48046K, committed 48168K, reserved 1091584K
  class space    used 6289K, capacity 6647K, committed 6704K, reserved 1048576K
}
Event: 12.045 GC heap before
{Heap before GC invocations=12 (full 2):
 PSYoungGen      total 160768K, used 137605K [0x00000000e0000000, 0x00000000ece80000, 0x0000000100000000)
  eden space 148480K, 84% used [0x00000000e0000000,0x00000000e7a64b68,0x00000000e9100000)
  from space 12288K, 99% used [0x00000000e9100000,0x00000000e9cfc9c0,0x00000000e9d00000)
  to   space 16384K, 0% used [0x00000000ebe80000,0x00000000ebe80000,0x00000000ece80000)
 ParOldGen       total 115200K, used 21023K [0x00000000a0000000, 0x00000000a7080000, 0x00000000e0000000)
  object space 115200K, 18% used [0x00000000a0000000,0x00000000a1487d48,0x00000000a7080000)
 Metaspace       used 57113K, capacity 59024K, committed 59160K, reserved 1099776K
  class space    used 7821K, capacity 8273K, committed 8368K, reserved 1048576K
Event: 12.084 GC heap after
Heap after GC invocations=12 (full 2):
 PSYoungGen      total 190976K, used 16380K [0x00000000e0000000, 0x00000000ed500000, 0x0000000100000000)
  eden space 174592K, 0% used [0x00000000e0000000,0x00000000e0000000,0x00000000eaa80000)
  from space 16384K, 99% used [0x00000000ebe80000,0x00000000ece7f288,0x00000000ece80000)
  to   space 20480K, 0% used [0x00000000eaa80000,0x00000000eaa80000,0x00000000ebe80000)
 ParOldGen       total 115200K, used 27256K [0x00000000a0000000, 0x00000000a7080000, 0x00000000e0000000)
  object space 115200K, 23% used [0x00000000a0000000,0x00000000a1a9e300,0x00000000a7080000)
 Metaspace       used 57113K, capacity 59024K, committed 59160K, reserved 1099776K
  class space    used 7821K, capacity 8273K, committed 8368K, reserved 1048576K
}
Event: 12.084 GC heap before
{Heap before GC invocations=13 (full 3):
 PSYoungGen      total 190976K, used 16380K [0x00000000e0000000, 0x00000000ed500000, 0x0000000100000000)
  eden space 174592K, 0% used [0x00000000e0000000,0x00000000e0000000,0x00000000eaa80000)
  from space 16384K, 99% used [0x00000000ebe80000,0x00000000ece7f288,0x00000000ece80000)
  to   space 20480K, 0% used [0x00000000eaa80000,0x00000000eaa80000,0x00000000ebe80000)
 ParOldGen       total 115200K, used 27256K [0x00000000a0000000, 0x00000000a7080000, 0x00000000e0000000)
  object space 115200K, 23% used [0x00000000a0000000,0x00000000a1a9e300,0x00000000a7080000)
 Metaspace       used 57113K, capacity 59024K, committed 59160K, reserved 1099776K
  class space    used 7821K, capacity 8273K, committed 8368K, reserved 1048576K
Event: 12.387 GC heap after
Heap after GC invocations=13 (full 3):
 PSYoungGen      total 190976K, used 0K [0x00000000e0000000, 0x00000000ed500000, 0x0000000100000000)
  eden space 174592K, 0% used [0x00000000e0000000,0x00000000e0000000,0x00000000eaa80000)
  from space 16384K, 0% used [0x00000000ebe80000,0x00000000ebe80000,0x00000000ece80000)
  to   space 20480K, 0% used [0x00000000eaa80000,0x00000000eaa80000,0x00000000ebe80000)
 ParOldGen       total 115200K, used 34437K [0x00000000a0000000, 0x00000000a7080000, 0x00000000e0000000)
  object space 115200K, 29% used [0x00000000a0000000,0x00000000a21a17d8,0x00000000a7080000)
 Metaspace       used 57110K, capacity 59012K, committed 59160K, reserved 1099776K
  class space    used 7820K, capacity 8271K, committed 8368K, reserved 1048576K
}

Deoptimization events (10 events):
Event: 11.320 Thread 0x00000000181dd800 Uncommon trap: reason=unstable_if action=reinterpret pc=0x0000000003161bfc method=java.util.HashMap.resize()[Ljava/util/HashMap$Node; @ 206
Event: 11.320 Thread 0x00000000181dd800 Uncommon trap: reason=unstable_if action=reinterpret pc=0x0000000003b3be9c method=java.util.HashMap.putVal(ILjava/lang/Object;Ljava/lang/Object;ZZ)Ljava/lang/Object; @ 109
Event: 11.320 Thread 0x00000000181dd800 Uncommon trap: reason=unstable_if action=reinterpret pc=0x000000000393a468 method=java.util.HashMap.putVal(ILjava/lang/Object;Ljava/lang/Object;ZZ)Ljava/lang/Object; @ 109
Event: 11.343 Thread 0x00000000181dd800 Uncommon trap: reason=unstable_if action=reinterpret pc=0x00000000038d7b10 method=java.io.WinNTFileSystem.normalize(Ljava/lang/String;)Ljava/lang/String; @ 74
Event: 11.343 Thread 0x00000000181dd800 Uncommon trap: reason=unstable_if action=reinterpret pc=0x0000000003379308 method=java.io.WinNTFileSystem.normalize(Ljava/lang/String;II)Ljava/lang/String; @ 103
Event: 11.958 Thread 0x00000000181dd800 Uncommon trap: reason=unstable_if action=reinterpret pc=0x00000000035264e8 method=java.util.regex.Pattern$BmpCharProperty.match(Ljava/util/regex/Matcher;ILjava/lang/CharSequence;)Z @ 34
Event: 11.968 Thread 0x00000000181dd800 Uncommon trap: reason=unstable_if action=reinterpret pc=0x0000000003c08368 method=com.sun.org.apache.xerces.internal.impl.XMLEntityScanner.scanLiteral(ILcom/sun/org/apache/xerces/internal/xni/XMLString;Z)I @ 660
Event: 12.401 Thread 0x00000000181dd800 Uncommon trap: reason=unstable_if action=reinterpret pc=0x000000000304e458 method=com.google.gson.stream.JsonReader.doPeek()I @ 315
Event: 12.506 Thread 0x00000000181dd800 Uncommon trap: reason=unstable_if action=reinterpret pc=0x000000000320cfb4 method=java.lang.String.lastIndexOf([CII[CIII)I @ 118
Event: 12.788 Thread 0x00000000181dd800 Uncommon trap: reason=unstable_if action=reinterpret pc=0x0000000002ff51dc method=com.esotericsoftware.kryo.io.Input.readString()Ljava/lang/String; @ 38

Classes redefined (0 events):
No events

Internal exceptions (10 events):
Event: 10.354 Thread 0x00000000181dd800 Exception <a 'java/lang/ClassNotFoundException': org/gradle/api/plugins/internal/DefaultBasePluginConventionCustomizer> (0x00000000e2e1bb28) thrown at [C:\src\AOSP-openjdk-git\hotspot\src\share\vm\classfile\systemDictionary.cpp, line 210]
Event: 10.365 Thread 0x00000000181dd800 Exception <a 'java/lang/NoSuchMethodError': java.lang.Object.lambda$comparingInt$7b0bb60$1(Ljava/util/function/ToIntFunction;Ljava/lang/Object;Ljava/lang/Object;)I> (0x00000000e2e91b88) thrown at [C:\src\AOSP-openjdk-git\hotspot\src\share\vm\interpreter\l
Event: 11.153 Thread 0x00000000181dd800 Exception <a 'java/lang/ClassNotFoundException': com/android/build/gradle/internal/api/ApkVariantOutputImpl_DecoratedBeanInfo> (0x00000000e46a7708) thrown at [C:\src\AOSP-openjdk-git\hotspot\src\share\vm\classfile\systemDictionary.cpp, line 210]
Event: 11.153 Thread 0x00000000181dd800 Exception <a 'java/lang/ClassNotFoundException': com/android/build/gradle/internal/api/ApkVariantOutputImplBeanInfo> (0x00000000e46c4758) thrown at [C:\src\AOSP-openjdk-git\hotspot\src\share\vm\classfile\systemDictionary.cpp, line 210]
Event: 11.154 Thread 0x00000000181dd800 Exception <a 'java/lang/ClassNotFoundException': com/android/build/gradle/internal/api/BaseVariantOutputImplBeanInfo> (0x00000000e46e2b80) thrown at [C:\src\AOSP-openjdk-git\hotspot\src\share\vm\classfile\systemDictionary.cpp, line 210]
Event: 11.155 Thread 0x00000000181dd800 Exception <a 'java/lang/ClassNotFoundException': com/android/build/gradle/internal/api/BaseVariantOutputImplCustomizer> (0x00000000e4701500) thrown at [C:\src\AOSP-openjdk-git\hotspot\src\share\vm\classfile\systemDictionary.cpp, line 210]
Event: 11.156 Thread 0x00000000181dd800 Exception <a 'java/lang/ClassNotFoundException': com/android/build/gradle/internal/api/ApkVariantOutputImplCustomizer> (0x00000000e4739ed0) thrown at [C:\src\AOSP-openjdk-git\hotspot\src\share\vm\classfile\systemDictionary.cpp, line 210]
Event: 11.157 Thread 0x00000000181dd800 Exception <a 'java/lang/ClassNotFoundException': com/android/build/gradle/internal/api/ApkVariantOutputImpl_DecoratedCustomizer> (0x00000000e476da40) thrown at [C:\src\AOSP-openjdk-git\hotspot\src\share\vm\classfile\systemDictionary.cpp, line 210]
Event: 11.573 Thread 0x00000000181dd800 Exception <a 'java/lang/ClassNotFoundException': com/sun/org/glassfish/hk2/osgiresourcelocator/ServiceLoader> (0x00000000e6050150) thrown at [C:\src\AOSP-openjdk-git\hotspot\src\share\vm\classfile\systemDictionary.cpp, line 210]
Event: 11.621 Thread 0x00000000181dd800 Exception <a 'java/lang/NullPointerException'> (0x00000000e64d0988) thrown at [C:\src\AOSP-openjdk-git\hotspot\src\share\vm\interpreter\linkResolver.cpp, line 1287]

Events (10 events):
Event: 12.809 loading class org/gradle/api/artifacts/DependencyConstraint
Event: 12.809 loading class org/gradle/api/artifacts/DependencyConstraint done
Event: 12.809 loading class com/android/build/gradle/internal/dependency/ConstraintHandler$execute$$inlined$forEach$lambda$1$1
Event: 12.809 loading class com/android/build/gradle/internal/dependency/ConstraintHandler$execute$$inlined$forEach$lambda$1$1 done
Event: 12.810 loading class org/gradle/api/artifacts/MutableVersionConstraint
Event: 12.810 loading class org/gradle/api/artifacts/MutableVersionConstraint done
Event: 12.821 loading class org/gradle/api/internal/artifacts/ivyservice/ivyresolve/strategy/InverseVersionSelector
Event: 12.821 loading class org/gradle/api/internal/artifacts/ivyservice/ivyresolve/strategy/InverseVersionSelector done
Event: 12.823 loading class org/gradle/api/internal/artifacts/ivyservice/resolveengine/graph/builder/LenientPlatformDependencyMetadata
Event: 12.823 loading class org/gradle/api/internal/artifacts/ivyservice/resolveengine/graph/builder/LenientPlatformDependencyMetadata done


Dynamic libraries:
0x00007ff70dc20000 - 0x00007ff70dc51000 	C:\Program Files\Android\Android Studio\jre\bin\java.exe
0x00007ffec5380000 - 0x00007ffec5570000 	C:\WINDOWS\SYSTEM32\ntdll.dll
0x00007ffec3430000 - 0x00007ffec34e2000 	C:\WINDOWS\System32\KERNEL32.DLL
0x00007ffec23b0000 - 0x00007ffec2655000 	C:\WINDOWS\System32\KERNELBASE.dll
0x00007ffec51b0000 - 0x00007ffec5253000 	C:\WINDOWS\System32\ADVAPI32.dll
0x00007ffec3890000 - 0x00007ffec392e000 	C:\WINDOWS\System32\msvcrt.dll
0x00007ffec48c0000 - 0x00007ffec4957000 	C:\WINDOWS\System32\sechost.dll
0x00007ffec4c80000 - 0x00007ffec4da0000 	C:\WINDOWS\System32\RPCRT4.dll
0x00007ffec39a0000 - 0x00007ffec3b35000 	C:\WINDOWS\System32\USER32.dll
0x00007ffec2310000 - 0x00007ffec2331000 	C:\WINDOWS\System32\win32u.dll
0x00007ffec4af0000 - 0x00007ffec4b16000 	C:\WINDOWS\System32\GDI32.dll
0x00007ffec2b10000 - 0x00007ffec2ca6000 	C:\WINDOWS\System32\gdi32full.dll
0x00007ffec2660000 - 0x00007ffec26fe000 	C:\WINDOWS\System32\msvcp_win.dll
0x00007ffec2980000 - 0x00007ffec2a7a000 	C:\WINDOWS\System32\ucrtbase.dll
0x00007ffeb09e0000 - 0x00007ffeb0c64000 	C:\WINDOWS\WinSxS\amd64_microsoft.windows.common-controls_6595b64144ccf1df_6.0.18362.1082_none_9e8193e1e45b25c1\COMCTL32.dll
0x00007ffec34f0000 - 0x00007ffec3825000 	C:\WINDOWS\System32\combase.dll
0x00007ffec27b0000 - 0x00007ffec2830000 	C:\WINDOWS\System32\bcryptPrimitives.dll
0x00007ffec50a0000 - 0x00007ffec50ce000 	C:\WINDOWS\System32\IMM32.DLL
0x0000000052530000 - 0x0000000052602000 	C:\Program Files\Android\Android Studio\jre\jre\bin\msvcr100.dll
0x00000000777b0000 - 0x0000000077ffb000 	C:\Program Files\Android\Android Studio\jre\jre\bin\server\jvm.dll
0x00007ffec50d0000 - 0x00007ffec50d8000 	C:\WINDOWS\System32\PSAPI.DLL
0x00007ffeba880000 - 0x00007ffeba88a000 	C:\WINDOWS\SYSTEM32\VERSION.dll
0x00007ffeb99b0000 - 0x00007ffeb99d4000 	C:\WINDOWS\SYSTEM32\WINMM.dll
0x00007ffeab6f0000 - 0x00007ffeab6f9000 	C:\WINDOWS\SYSTEM32\WSOCK32.dll
0x00007ffec5260000 - 0x00007ffec52cf000 	C:\WINDOWS\System32\WS2_32.dll
0x00007ffeb9910000 - 0x00007ffeb993d000 	C:\WINDOWS\SYSTEM32\winmmbase.dll
0x00007ffec2360000 - 0x00007ffec23aa000 	C:\WINDOWS\System32\cfgmgr32.dll
0x00007ffebece0000 - 0x00007ffebecef000 	C:\Program Files\Android\Android Studio\jre\jre\bin\verify.dll
0x00007ffeb0cd0000 - 0x00007ffeb0cf9000 	C:\Program Files\Android\Android Studio\jre\jre\bin\java.dll
0x00007ffebecc0000 - 0x00007ffebecd6000 	C:\Program Files\Android\Android Studio\jre\jre\bin\zip.dll
0x00007ffec3ba0000 - 0x00007ffec4287000 	C:\WINDOWS\System32\SHELL32.dll
0x00007ffec4a30000 - 0x00007ffec4ad9000 	C:\WINDOWS\System32\shcore.dll
0x00007ffec2cb0000 - 0x00007ffec3430000 	C:\WINDOWS\System32\windows.storage.dll
0x00007ffec22e0000 - 0x00007ffec2303000 	C:\WINDOWS\System32\profapi.dll
0x00007ffec2290000 - 0x00007ffec22da000 	C:\WINDOWS\System32\powrprof.dll
0x00007ffec2240000 - 0x00007ffec2250000 	C:\WINDOWS\System32\UMPDC.dll
0x00007ffec3830000 - 0x00007ffec3882000 	C:\WINDOWS\System32\shlwapi.dll
0x00007ffec2270000 - 0x00007ffec2281000 	C:\WINDOWS\System32\kernel.appcore.dll
0x00007ffec2340000 - 0x00007ffec2357000 	C:\WINDOWS\System32\cryptsp.dll
0x00007ffeb0930000 - 0x00007ffeb094a000 	C:\Program Files\Android\Android Studio\jre\jre\bin\net.dll
0x00007ffec1a90000 - 0x00007ffec1af7000 	C:\WINDOWS\system32\mswsock.dll
0x00007ffeb0910000 - 0x00007ffeb0923000 	C:\Program Files\Android\Android Studio\jre\jre\bin\nio.dll
0x00007ffeb6100000 - 0x00007ffeb6126000 	C:\Users\Sezgin\.gradle\native\31\windows-amd64\native-platform.dll
0x00007ffeb0900000 - 0x00007ffeb090d000 	C:\Program Files\Android\Android Studio\jre\jre\bin\management.dll
0x00007ffec1600000 - 0x00007ffec1633000 	C:\WINDOWS\system32\rsaenh.dll
0x00007ffec2ae0000 - 0x00007ffec2b06000 	C:\WINDOWS\System32\bcrypt.dll
0x00007ffec2160000 - 0x00007ffec2185000 	C:\WINDOWS\SYSTEM32\USERENV.dll
0x00007ffec1c60000 - 0x00007ffec1c6c000 	C:\WINDOWS\SYSTEM32\CRYPTBASE.dll
0x00007ffec17a0000 - 0x00007ffec17da000 	C:\WINDOWS\SYSTEM32\IPHLPAPI.DLL
0x00007ffec5330000 - 0x00007ffec5338000 	C:\WINDOWS\System32\NSI.dll
0x00007ffebb3d0000 - 0x00007ffebb3e6000 	C:\WINDOWS\SYSTEM32\dhcpcsvc6.DLL
0x00007ffebb3b0000 - 0x00007ffebb3cc000 	C:\WINDOWS\SYSTEM32\dhcpcsvc.DLL
0x00007ffec17e0000 - 0x00007ffec18ab000 	C:\WINDOWS\SYSTEM32\DNSAPI.dll

VM Arguments:
jvm_args: -Xmx1536m -Dfile.encoding=windows-1254 -Duser.country=TR -Duser.language=tr -Duser.variant 
java_command: org.gradle.launcher.daemon.bootstrap.GradleDaemon 6.1.1
java_class_path (initial): C:\Users\Sezgin\.gradle\wrapper\dists\gradle-6.1.1-all\cfmwm155h49vnt3hynmlrsdst\gradle-6.1.1\lib\gradle-launcher-6.1.1.jar
Launcher Type: SUN_STANDARD

Environment Variables:
USERNAME=Sezgin
OS=Windows_NT
PROCESSOR_IDENTIFIER=Intel64 Family 6 Model 69 Stepping 1, GenuineIntel



---------------  S Y S T E M  ---------------

OS: Windows 10.0 , 64 bit Build 18362 (10.0.18362.1082)

CPU:total 4 (initial active 4) (2 cores per cpu, 2 threads per core) family 6 model 69 stepping 1, cmov, cx8, fxsr, mmx, sse, sse2, sse3, ssse3, sse4.1, sse4.2, popcnt, avx, avx2, aes, clmul, erms, lzcnt, ht, tsc, tscinvbit, bmi1, bmi2

Memory: 4k page, physical 12472600k(1247424k free), swap 12472600k(5144k free)

vm_info: OpenJDK 64-Bit Server VM (25.242-b01) for windows-amd64 JRE (1.8.0_242-release-1644-b01), built by "builder" with MS VC++ 10.0 (VS2010)

time: Fri Oct 02 10:10:02 2020
timezone: Türkiye Standart Saati
elapsed time: 12 seconds (0d 0h 0m 12s)

