#
# There is insufficient memory for the Java Runtime Environment to continue.
# Native memory allocation (malloc) failed to allocate 2616448 bytes for Chunk::new
# Possible reasons:
#   The system is out of physical RAM or swap space
#   The process is running with CompressedOops enabled, and the Java Heap may be blocking the growth of the native heap
# Possible solutions:
#   Reduce memory load on the system
#   Increase physical memory or swap space
#   Check if swap backing store is full
#   Decrease Java heap size (-Xmx/-Xms)
#   Decrease number of Java threads
#   Decrease Java thread stack sizes (-Xss)
#   Set larger code cache with -XX:ReservedCodeCacheSize=
#   JVM is running with Unscaled Compressed Oops mode in which the Java heap is
#     placed in the first 4GB address space. The Java Heap base address is the
#     maximum limit for the native heap growth. Please use -XX:HeapBaseMinAddress
#     to set the Java Heap base and to place the Java Heap above 4GB virtual address.
# This output file may be truncated or incomplete.
#
#  Out of Memory Error (allocation.cpp:389), pid=11820, tid=0x0000000000000fac
#
# JRE version: OpenJDK Runtime Environment (8.0_242-b01) (build 1.8.0_242-release-1644-b01)
# Java VM: OpenJDK 64-Bit Server VM (25.242-b01 mixed mode windows-amd64 compressed oops)
# Failed to write core dump. Minidumps are not enabled by default on client versions of Windows
#

---------------  T H R E A D  ---------------

Current thread (0x0000000016a28000):  JavaThread "C2 CompilerThread0" daemon [_thread_in_native, id=4012, stack(0x0000000018060000,0x0000000018160000)]

Stack: [0x0000000018060000,0x0000000018160000]
[error occurred during error reporting (printing stack bounds), id 0xc0000005]

Native frames: (J=compiled Java code, j=interpreted, Vv=VM code, C=native code)


Current CompileTask:
C2:5738003 25228       4       org.gradle.api.internal.artifacts.ivyservice.resolveengine.graph.builder.DependencyGraphBuilder::resolveEdges (43 bytes)


---------------  P R O C E S S  ---------------

Java Threads: ( => current thread )
  0x000000001a6bd800 JavaThread "stdout" [_thread_in_native, id=2812, stack(0x000000002a2a0000,0x000000002a3a0000)]
  0x000000001a024800 JavaThread "stderr" [_thread_in_native, id=11244, stack(0x0000000028e20000,0x0000000028f20000)]
  0x000000001a029000 JavaThread "stdout" [_thread_in_native, id=1376, stack(0x0000000028d20000,0x0000000028e20000)]
  0x000000001a023000 JavaThread "stderr" [_thread_in_native, id=15672, stack(0x0000000028c20000,0x0000000028d20000)]
  0x000000001a026000 JavaThread "stdout" [_thread_in_native, id=7720, stack(0x0000000028b20000,0x0000000028c20000)]
  0x000000001a01d000 JavaThread "stderr" [_thread_in_native, id=1384, stack(0x0000000028a20000,0x0000000028b20000)]
  0x000000001a024000 JavaThread "stdout" [_thread_in_native, id=11432, stack(0x0000000028920000,0x0000000028a20000)]
  0x000000001a021800 JavaThread "stderr" [_thread_in_native, id=12108, stack(0x0000000028820000,0x0000000028920000)]
  0x000000001a01a000 JavaThread "pool-32-thread-1" [_thread_blocked, id=15636, stack(0x0000000028720000,0x0000000028820000)]
  0x000000001dba8000 JavaThread "WorkerExecutor Queue Thread 4" [_thread_blocked, id=12412, stack(0x0000000026b90000,0x0000000026c90000)]
  0x000000001dba9800 JavaThread "WorkerExecutor Queue Thread 3" [_thread_blocked, id=8268, stack(0x0000000025ff0000,0x00000000260f0000)]
  0x000000001dba9000 JavaThread "WorkerExecutor Queue Thread 2" [_thread_blocked, id=10588, stack(0x00000000258f0000,0x00000000259f0000)]
  0x000000001db9d800 JavaThread "WorkerExecutor Queue" [_thread_blocked, id=15592, stack(0x0000000024fb0000,0x00000000250b0000)]
  0x000000001dba0800 JavaThread "Cache worker for execution history cache (C:\Users\Sezgin\Desktop\Android\MilkDoser\.gradle\6.1.1\executionHistory)" [_thread_blocked, id=11604, stack(0x0000000024a70000,0x0000000024b70000)]
  0x000000001dba6800 JavaThread "Execution worker for ':' Thread 3" [_thread_blocked, id=8008, stack(0x0000000024eb0000,0x0000000024fb0000)]
  0x000000001dba6000 JavaThread "Execution worker for ':' Thread 2" [_thread_blocked, id=2572, stack(0x0000000024db0000,0x0000000024eb0000)]
  0x000000001dba3800 JavaThread "Execution worker for ':'" [_thread_blocked, id=11004, stack(0x0000000022950000,0x0000000022a50000)]
  0x000000001db9b800 JavaThread "Cache worker for file content cache (C:\Users\Sezgin\Desktop\Android\MilkDoser\.gradle\6.1.1\fileContent)" [_thread_blocked, id=15632, stack(0x0000000021c00000,0x0000000021d00000)]
  0x000000001dc1f000 JavaThread "Cache worker for Build Output Cleanup Cache (C:\Users\Sezgin\Desktop\Android\MilkDoser\.gradle\buildOutputCleanup)" [_thread_blocked, id=4776, stack(0x0000000021860000,0x0000000021960000)]
  0x000000001dc1c000 JavaThread "pool-31-thread-1" [_thread_blocked, id=9016, stack(0x0000000021360000,0x0000000021460000)]
  0x000000001dc1b800 JavaThread "Build operations Thread 4" [_thread_blocked, id=1640, stack(0x0000000021260000,0x0000000021360000)]
  0x000000001dc1a800 JavaThread "Build operations Thread 3" [_thread_blocked, id=13436, stack(0x0000000020360000,0x0000000020460000)]
  0x000000001dc13000 JavaThread "Build operations Thread 2" [_thread_blocked, id=10000, stack(0x000000001f220000,0x000000001f320000)]
  0x000000001dc1a000 JavaThread "Build operations" [_thread_blocked, id=12464, stack(0x000000001f020000,0x000000001f120000)]
  0x000000001dc18800 JavaThread "Cache worker for cache directory md-rule (C:\Users\Sezgin\.gradle\caches\6.1.1\md-rule)" [_thread_blocked, id=1680, stack(0x000000001ef20000,0x000000001f020000)]
  0x000000001dc11000 JavaThread "Cache worker for cache directory md-supplier (C:\Users\Sezgin\.gradle\caches\6.1.1\md-supplier)" [_thread_blocked, id=1836, stack(0x000000001c280000,0x000000001c380000)]
  0x000000001dc17800 JavaThread "Cache worker for file hash cache (C:\Users\Sezgin\Desktop\Android\MilkDoser\.gradle\6.1.1\fileHashes)" [_thread_blocked, id=8436, stack(0x000000001c180000,0x000000001c280000)]
  0x000000001dc12800 JavaThread "Cache worker for checksums cache (C:\Users\Sezgin\Desktop\Android\MilkDoser\.gradle\checksums)" [_thread_blocked, id=14364, stack(0x000000001c080000,0x000000001c180000)]
  0x000000001dc10000 JavaThread "Thread-318" [_thread_blocked, id=5364, stack(0x000000001bf80000,0x000000001c080000)]
  0x000000001dc14800 JavaThread "Stdin handler" [_thread_blocked, id=7724, stack(0x000000001be80000,0x000000001bf80000)]
  0x000000001dc11800 JavaThread "Asynchronous log dispatcher for DefaultDaemonConnection: socket connection from /127.0.0.1:57112 to /127.0.0.1:58903" [_thread_in_native, id=3644, stack(0x000000001bb80000,0x000000001bc80000)]
  0x000000001d158800 JavaThread "Daemon worker Thread 12" [_thread_blocked, id=14260, stack(0x000000001ba80000,0x000000001bb80000)]
  0x000000001d156800 JavaThread "Cancel handler" [_thread_blocked, id=10760, stack(0x0000000001500000,0x0000000001600000)]
  0x000000001d158000 JavaThread "Handler for socket connection from /127.0.0.1:57112 to /127.0.0.1:58903" [_thread_in_native, id=4228, stack(0x0000000001400000,0x0000000001500000)]
  0x000000001d15d000 JavaThread "Daemon Thread 12" [_thread_blocked, id=14056, stack(0x0000000001300000,0x0000000001400000)]
  0x000000001dba1800 JavaThread "Cache worker for Java compile cache (C:\Users\Sezgin\.gradle\caches\6.1.1\javaCompile)" [_thread_blocked, id=5340, stack(0x0000000025170000,0x0000000025270000)]
  0x000000001a027000 JavaThread "Cache worker for file content cache (C:\Users\Sezgin\.gradle\caches\6.1.1\fileContent)" [_thread_blocked, id=9392, stack(0x0000000022850000,0x0000000022950000)]
  0x000000001a025800 JavaThread "Memory manager" [_thread_blocked, id=9644, stack(0x0000000022750000,0x0000000022850000)]
  0x000000001a6bb800 JavaThread "Cache worker for execution history cache (C:\Users\Sezgin\.gradle\caches\6.1.1\executionHistory)" [_thread_blocked, id=7748, stack(0x000000001f120000,0x000000001f220000)]
  0x000000001a6ba800 JavaThread "Cache worker for file hash cache (C:\Users\Sezgin\.gradle\caches\6.1.1\fileHashes)" [_thread_blocked, id=12040, stack(0x000000001c780000,0x000000001c880000)]
  0x000000001a6bd000 JavaThread "File lock request listener" [_thread_in_native, id=12776, stack(0x000000001c680000,0x000000001c780000)]
  0x000000001a8a5800 JavaThread "Cache worker for journal cache (C:\Users\Sezgin\.gradle\caches\journal-1)" [_thread_blocked, id=12820, stack(0x000000001c580000,0x000000001c680000)]
  0x000000001a4a1000 JavaThread "Daemon periodic checks" [_thread_blocked, id=6624, stack(0x000000001b980000,0x000000001ba80000)]
  0x000000001a459800 JavaThread "Incoming local TCP Connector on port 57112" [_thread_in_native, id=12564, stack(0x000000001b740000,0x000000001b840000)]
  0x000000001a42a800 JavaThread "Daemon health stats" [_thread_blocked, id=13196, stack(0x000000001b100000,0x000000001b200000)]
  0x00000000183a0000 JavaThread "Service Thread" daemon [_thread_blocked, id=15928, stack(0x0000000018760000,0x0000000018860000)]
  0x0000000016a3c800 JavaThread "C1 CompilerThread2" daemon [_thread_blocked, id=15316, stack(0x0000000018260000,0x0000000018360000)]
  0x0000000016a2c000 JavaThread "C2 CompilerThread1" daemon [_thread_blocked, id=6712, stack(0x0000000018160000,0x0000000018260000)]
=>0x0000000016a28000 JavaThread "C2 CompilerThread0" daemon [_thread_in_native, id=4012, stack(0x0000000018060000,0x0000000018160000)]
  0x0000000016a26800 JavaThread "Attach Listener" daemon [_thread_blocked, id=12044, stack(0x0000000017f60000,0x0000000018060000)]
  0x0000000016a25000 JavaThread "Signal Dispatcher" daemon [_thread_blocked, id=16372, stack(0x0000000017e60000,0x0000000017f60000)]
  0x0000000002fac000 JavaThread "Finalizer" daemon [_thread_blocked, id=10652, stack(0x0000000017c70000,0x0000000017d70000)]
  0x0000000016a09000 JavaThread "Reference Handler" daemon [_thread_blocked, id=13556, stack(0x0000000017b70000,0x0000000017c70000)]
  0x0000000002eb2800 JavaThread "main" [_thread_blocked, id=1068, stack(0x0000000001600000,0x0000000001700000)]

Other Threads:
  0x00000000169e7000 VMThread [stack: 0x0000000017a70000,0x0000000017b70000] [id=11068]
  0x00000000183a1000 WatcherThread [stack: 0x0000000018860000,0x0000000018960000] [id=9760]

VM state:not at safepoint (normal execution)

VM Mutex/Monitor currently owned by a thread: None

heap address: 0x00000000a0000000, size: 1536 MB, Compressed Oops mode: 32-bit
Narrow klass base: 0x0000000000000000, Narrow klass shift: 3
Compressed class space size: 1073741824 Address: 0x0000000100000000

Heap:
 PSYoungGen      total 410112K, used 235975K [0x00000000e0000000, 0x0000000100000000, 0x0000000100000000)
  eden space 330752K, 47% used [0x00000000e0000000,0x00000000e98f58d8,0x00000000f4300000)
  from space 79360K, 99% used [0x00000000fa180000,0x00000000feefc500,0x00000000fef00000)
  to   space 96768K, 0% used [0x00000000f4300000,0x00000000f4300000,0x00000000fa180000)
 ParOldGen       total 224256K, used 134347K [0x00000000a0000000, 0x00000000adb00000, 0x00000000e0000000)
  object space 224256K, 59% used [0x00000000a0000000,0x00000000a8332f00,0x00000000adb00000)
 Metaspace       used 96230K, capacity 101962K, committed 102184K, reserved 1138688K
  class space    used 12270K, capacity 13256K, committed 13360K, reserved 1048576K

Card table byte_map: [0x0000000012570000,0x0000000012880000] byte_map_base: 0x0000000012070000

Marking Bits: (ParMarkBitMap*) 0x00000000646ff030
 Begin Bits: [0x0000000012d80000, 0x0000000014580000)
 End Bits:   [0x0000000014580000, 0x0000000015d80000)

Polling page: 0x0000000001100000

CodeCache: size=245760Kb used=70047Kb max_used=70866Kb free=175712Kb
 bounds [0x00000000031b0000, 0x0000000007760000, 0x00000000121b0000]
 total_blobs=20044 nmethods=19155 adapters=797
 compilation: enabled

Compilation events (10 events):
Event: 5737.860 Thread 0x0000000016a3c800 25318       3       org.gradle.workers.internal.IsolatedParametersActionExecutionSpec::getParameters (13 bytes)
Event: 5737.861 Thread 0x0000000016a3c800 nmethod 25318 0x000000000492b350 code [0x000000000492b4c0, 0x000000000492b7e8]
Event: 5737.861 Thread 0x0000000016a3c800 25319       3       org.gradle.internal.snapshot.impl.IsolatedSerializedValueSnapshot::isolate (9 bytes)
Event: 5737.861 Thread 0x0000000016a3c800 nmethod 25319 0x0000000004e4c050 code [0x0000000004e4c1c0, 0x0000000004e4c3c8]
Event: 5737.861 Thread 0x0000000016a3c800 25320       3       org.gradle.workers.internal.AdapterWorkParameters$Inject::<init> (38 bytes)
Event: 5737.862 Thread 0x0000000016a3c800 nmethod 25320 0x00000000044a5290 code [0x00000000044a5420, 0x00000000044a5930]
Event: 5737.862 Thread 0x0000000016a3c800 25321       1       org.gradle.workers.internal.AdapterWorkParameters$Inject::getImplementationClassName (5 bytes)
Event: 5737.862 Thread 0x0000000016a3c800 nmethod 25321 0x0000000005887f10 code [0x0000000005888060, 0x0000000005888170]
Event: 5738.001 Thread 0x0000000016a2c000 nmethod 25310 0x00000000051ebed0 code [0x00000000051ec5e0, 0x00000000051efb68]
Event: 5738.001 Thread 0x0000000016a2c000 25312       4       org.gradle.api.internal.file.DefaultFileCollectionFactory$ResolvingFileCollection::visitContents (22 bytes)

GC Heap History (10 events):
Event: 2263.530 GC heap before
{Heap before GC invocations=26 (full 4):
 PSYoungGen      total 344576K, used 344567K [0x00000000e0000000, 0x00000000fad00000, 0x0000000100000000)
  eden space 301568K, 100% used [0x00000000e0000000,0x00000000f2680000,0x00000000f2680000)
  from space 43008K, 99% used [0x00000000f2680000,0x00000000f507dd60,0x00000000f5080000)
  to   space 52736K, 0% used [0x00000000f7980000,0x00000000f7980000,0x00000000fad00000)
 ParOldGen       total 224256K, used 77407K [0x00000000a0000000, 0x00000000adb00000, 0x00000000e0000000)
  object space 224256K, 34% used [0x00000000a0000000,0x00000000a4b97ff0,0x00000000adb00000)
 Metaspace       used 95209K, capacity 100644K, committed 100776K, reserved 1136640K
  class space    used 12229K, capacity 13189K, committed 13232K, reserved 1048576K
Event: 2263.819 GC heap after
Heap after GC invocations=26 (full 4):
 PSYoungGen      total 369152K, used 52723K [0x00000000e0000000, 0x00000000fcb00000, 0x0000000100000000)
  eden space 316416K, 0% used [0x00000000e0000000,0x00000000e0000000,0x00000000f3500000)
  from space 52736K, 99% used [0x00000000f7980000,0x00000000facfcec8,0x00000000fad00000)
  to   space 70144K, 0% used [0x00000000f3500000,0x00000000f3500000,0x00000000f7980000)
 ParOldGen       total 224256K, used 101801K [0x00000000a0000000, 0x00000000adb00000, 0x00000000e0000000)
  object space 224256K, 45% used [0x00000000a0000000,0x00000000a636a620,0x00000000adb00000)
 Metaspace       used 95209K, capacity 100644K, committed 100776K, reserved 1136640K
  class space    used 12229K, capacity 13189K, committed 13232K, reserved 1048576K
}
Event: 2512.554 GC heap before
{Heap before GC invocations=27 (full 4):
 PSYoungGen      total 369152K, used 369139K [0x00000000e0000000, 0x00000000fcb00000, 0x0000000100000000)
  eden space 316416K, 100% used [0x00000000e0000000,0x00000000f3500000,0x00000000f3500000)
  from space 52736K, 99% used [0x00000000f7980000,0x00000000facfcec8,0x00000000fad00000)
  to   space 70144K, 0% used [0x00000000f3500000,0x00000000f3500000,0x00000000f7980000)
 ParOldGen       total 224256K, used 101801K [0x00000000a0000000, 0x00000000adb00000, 0x00000000e0000000)
  object space 224256K, 45% used [0x00000000a0000000,0x00000000a636a620,0x00000000adb00000)
 Metaspace       used 95570K, capacity 101264K, committed 101416K, reserved 1136640K
  class space    used 12263K, capacity 13249K, committed 13360K, reserved 1048576K
Event: 2512.787 GC heap after
Heap after GC invocations=27 (full 4):
 PSYoungGen      total 386560K, used 55647K [0x00000000e0000000, 0x00000000fe200000, 0x0000000100000000)
  eden space 316416K, 0% used [0x00000000e0000000,0x00000000e0000000,0x00000000f3500000)
  from space 70144K, 79% used [0x00000000f3500000,0x00000000f6b57e38,0x00000000f7980000)
  to   space 76288K, 0% used [0x00000000f9780000,0x00000000f9780000,0x00000000fe200000)
 ParOldGen       total 224256K, used 120213K [0x00000000a0000000, 0x00000000adb00000, 0x00000000e0000000)
  object space 224256K, 53% used [0x00000000a0000000,0x00000000a7565700,0x00000000adb00000)
 Metaspace       used 95570K, capacity 101264K, committed 101416K, reserved 1136640K
  class space    used 12263K, capacity 13249K, committed 13360K, reserved 1048576K
}
Event: 4577.146 GC heap before
{Heap before GC invocations=28 (full 4):
 PSYoungGen      total 386560K, used 372063K [0x00000000e0000000, 0x00000000fe200000, 0x0000000100000000)
  eden space 316416K, 100% used [0x00000000e0000000,0x00000000f3500000,0x00000000f3500000)
  from space 70144K, 79% used [0x00000000f3500000,0x00000000f6b57e38,0x00000000f7980000)
  to   space 76288K, 0% used [0x00000000f9780000,0x00000000f9780000,0x00000000fe200000)
 ParOldGen       total 224256K, used 120213K [0x00000000a0000000, 0x00000000adb00000, 0x00000000e0000000)
  object space 224256K, 53% used [0x00000000a0000000,0x00000000a7565700,0x00000000adb00000)
 Metaspace       used 95708K, capacity 101408K, committed 101672K, reserved 1138688K
  class space    used 12264K, capacity 13251K, committed 13360K, reserved 1048576K
Event: 4577.287 GC heap after
Heap after GC invocations=28 (full 4):
 PSYoungGen      total 412160K, used 49626K [0x00000000e0000000, 0x00000000fe300000, 0x0000000100000000)
  eden space 335872K, 0% used [0x00000000e0000000,0x00000000e0000000,0x00000000f4800000)
  from space 76288K, 65% used [0x00000000f9780000,0x00000000fc7f6ac0,0x00000000fe200000)
  to   space 79360K, 0% used [0x00000000f4800000,0x00000000f4800000,0x00000000f9580000)
 ParOldGen       total 224256K, used 120221K [0x00000000a0000000, 0x00000000adb00000, 0x00000000e0000000)
  object space 224256K, 53% used [0x00000000a0000000,0x00000000a7567700,0x00000000adb00000)
 Metaspace       used 95708K, capacity 101408K, committed 101672K, reserved 1138688K
  class space    used 12264K, capacity 13251K, committed 13360K, reserved 1048576K
}
Event: 4820.146 GC heap before
{Heap before GC invocations=29 (full 4):
 PSYoungGen      total 412160K, used 385498K [0x00000000e0000000, 0x00000000fe300000, 0x0000000100000000)
  eden space 335872K, 100% used [0x00000000e0000000,0x00000000f4800000,0x00000000f4800000)
  from space 76288K, 65% used [0x00000000f9780000,0x00000000fc7f6ac0,0x00000000fe200000)
  to   space 79360K, 0% used [0x00000000f4800000,0x00000000f4800000,0x00000000f9580000)
 ParOldGen       total 224256K, used 120221K [0x00000000a0000000, 0x00000000adb00000, 0x00000000e0000000)
  object space 224256K, 53% used [0x00000000a0000000,0x00000000a7567700,0x00000000adb00000)
 Metaspace       used 95923K, capacity 101680K, committed 101928K, reserved 1138688K
  class space    used 12267K, capacity 13253K, committed 13360K, reserved 1048576K
Event: 4820.309 GC heap after
Heap after GC invocations=29 (full 4):
 PSYoungGen      total 415232K, used 44917K [0x00000000e0000000, 0x00000000fef00000, 0x0000000100000000)
  eden space 335872K, 0% used [0x00000000e0000000,0x00000000e0000000,0x00000000f4800000)
  from space 79360K, 56% used [0x00000000f4800000,0x00000000f73dd798,0x00000000f9580000)
  to   space 79360K, 0% used [0x00000000fa180000,0x00000000fa180000,0x00000000fef00000)
 ParOldGen       total 224256K, used 120229K [0x00000000a0000000, 0x00000000adb00000, 0x00000000e0000000)
  object space 224256K, 53% used [0x00000000a0000000,0x00000000a7569700,0x00000000adb00000)
 Metaspace       used 95923K, capacity 101680K, committed 101928K, reserved 1138688K
  class space    used 12267K, capacity 13253K, committed 13360K, reserved 1048576K
}
Event: 4831.317 GC heap before
{Heap before GC invocations=30 (full 4):
 PSYoungGen      total 415232K, used 380789K [0x00000000e0000000, 0x00000000fef00000, 0x0000000100000000)
  eden space 335872K, 100% used [0x00000000e0000000,0x00000000f4800000,0x00000000f4800000)
  from space 79360K, 56% used [0x00000000f4800000,0x00000000f73dd798,0x00000000f9580000)
  to   space 79360K, 0% used [0x00000000fa180000,0x00000000fa180000,0x00000000fef00000)
 ParOldGen       total 224256K, used 120229K [0x00000000a0000000, 0x00000000adb00000, 0x00000000e0000000)
  object space 224256K, 53% used [0x00000000a0000000,0x00000000a7569700,0x00000000adb00000)
 Metaspace       used 96129K, capacity 101752K, committed 101928K, reserved 1138688K
  class space    used 12268K, capacity 13253K, committed 13360K, reserved 1048576K
Event: 4831.537 GC heap after
Heap after GC invocations=30 (full 4):
 PSYoungGen      total 410112K, used 79345K [0x00000000e0000000, 0x0000000100000000, 0x0000000100000000)
  eden space 330752K, 0% used [0x00000000e0000000,0x00000000e0000000,0x00000000f4300000)
  from space 79360K, 99% used [0x00000000fa180000,0x00000000feefc500,0x00000000fef00000)
  to   space 96768K, 0% used [0x00000000f4300000,0x00000000f4300000,0x00000000fa180000)
 ParOldGen       total 224256K, used 134347K [0x00000000a0000000, 0x00000000adb00000, 0x00000000e0000000)
  object space 224256K, 59% used [0x00000000a0000000,0x00000000a8332f00,0x00000000adb00000)
 Metaspace       used 96129K, capacity 101752K, committed 101928K, reserved 1138688K
  class space    used 12268K, capacity 13253K, committed 13360K, reserved 1048576K
}

Deoptimization events (10 events):
Event: 4828.654 Thread 0x000000001a024800 Uncommon trap: reason=array_check action=maybe_recompile pc=0x00000000076553e0 method=java.util.TimSort.mergeLo(IIII)V @ 133
Event: 4828.654 Thread 0x000000001a024800 Uncommon trap: reason=array_check action=maybe_recompile pc=0x0000000007654f28 method=java.util.TimSort.mergeLo(IIII)V @ 212
Event: 4828.654 Thread 0x000000001a024800 Uncommon trap: reason=array_check action=maybe_recompile pc=0x00000000076553e0 method=java.util.TimSort.mergeLo(IIII)V @ 133
Event: 4828.774 Thread 0x000000001dba9000 Uncommon trap: reason=class_check action=maybe_recompile pc=0x000000000391fe8c method=java.util.zip.DeflaterOutputStream.deflate()V @ 32
Event: 4828.776 Thread 0x000000001dba9000 Uncommon trap: reason=class_check action=maybe_recompile pc=0x000000000391fe8c method=java.util.zip.DeflaterOutputStream.deflate()V @ 32
Event: 4828.776 Thread 0x000000001dba9000 Uncommon trap: reason=class_check action=maybe_recompile pc=0x000000000391fe8c method=java.util.zip.DeflaterOutputStream.deflate()V @ 32
Event: 4828.776 Thread 0x000000001dba9000 Uncommon trap: reason=class_check action=maybe_recompile pc=0x000000000391fe8c method=java.util.zip.DeflaterOutputStream.deflate()V @ 32
Event: 4828.779 Thread 0x000000001a024800 Uncommon trap: reason=class_check action=maybe_recompile pc=0x000000000391fe8c method=java.util.zip.DeflaterOutputStream.deflate()V @ 32
Event: 5737.181 Thread 0x000000001dba6800 Uncommon trap: reason=unstable_if action=reinterpret pc=0x0000000006c86f80 method=org.gradle.internal.execution.history.changes.CachingChangeContainer.accept(Lorg/gradle/internal/execution/history/changes/ChangeVisitor;)Z @ 108
Event: 5737.450 Thread 0x000000001d158800 Uncommon trap: reason=null_assert action=make_not_entrant pc=0x0000000007703a28 method=org.gradle.internal.snapshot.impl.DefaultValueSnapshotter.processValue(Ljava/lang/Object;Lorg/gradle/internal/snapshot/impl/DefaultValueSnapshotter$ValueVisitor;)Ljava/

Classes redefined (0 events):
No events

Internal exceptions (10 events):
Event: 4828.704 Thread 0x000000001a021800 Exception <a 'sun/nio/fs/WindowsException'> (0x00000000eaed3fb0) thrown at [C:\src\AOSP-openjdk-git\hotspot\src\share\vm\prims\jni.cpp, line 710]
Event: 4828.796 Thread 0x000000001a021800 Exception <a 'sun/nio/fs/WindowsException'> (0x00000000eb09cbb8) thrown at [C:\src\AOSP-openjdk-git\hotspot\src\share\vm\prims\jni.cpp, line 710]
Event: 4828.870 Thread 0x000000001a021800 Exception <a 'sun/nio/fs/WindowsException'> (0x00000000eb12b7b8) thrown at [C:\src\AOSP-openjdk-git\hotspot\src\share\vm\prims\jni.cpp, line 710]
Event: 4828.922 Thread 0x000000001a021800 Exception <a 'sun/nio/fs/WindowsException'> (0x00000000eb13c480) thrown at [C:\src\AOSP-openjdk-git\hotspot\src\share\vm\prims\jni.cpp, line 710]
Event: 4828.977 Thread 0x000000001a021800 Exception <a 'sun/nio/fs/WindowsException'> (0x00000000eb18dc08) thrown at [C:\src\AOSP-openjdk-git\hotspot\src\share\vm\prims\jni.cpp, line 710]
Event: 4829.013 Thread 0x000000001a021800 Exception <a 'sun/nio/fs/WindowsException'> (0x00000000eb21c820) thrown at [C:\src\AOSP-openjdk-git\hotspot\src\share\vm\prims\jni.cpp, line 710]
Event: 4829.371 Thread 0x000000001a026000 Exception <a 'sun/nio/fs/WindowsException'> (0x00000000eb7b5a98) thrown at [C:\src\AOSP-openjdk-git\hotspot\src\share\vm\prims\jni.cpp, line 710]
Event: 4831.799 Thread 0x000000001d15d000 Exception <a 'sun/nio/fs/WindowsException'> (0x00000000e0479948) thrown at [C:\src\AOSP-openjdk-git\hotspot\src\share\vm\prims\jni.cpp, line 710]
Event: 4832.559 Thread 0x000000001dc14800 Exception <a 'sun/nio/fs/WindowsException'> (0x00000000e183b538) thrown at [C:\src\AOSP-openjdk-git\hotspot\src\share\vm\prims\jni.cpp, line 710]
Event: 5736.048 Thread 0x000000001d158800 Exception <a 'sun/nio/fs/WindowsException'> (0x00000000e2deb938) thrown at [C:\src\AOSP-openjdk-git\hotspot\src\share\vm\prims\jni.cpp, line 710]

Events (10 events):
Event: 5737.550 Thread 0x000000001a021800 Thread added: 0x000000001a021800
Event: 5737.551 Thread 0x000000001a024000 Thread added: 0x000000001a024000
Event: 5737.554 Thread 0x000000001a01d000 Thread added: 0x000000001a01d000
Event: 5737.554 Thread 0x000000001a026000 Thread added: 0x000000001a026000
Event: 5737.619 Thread 0x000000001a023000 Thread added: 0x000000001a023000
Event: 5737.619 Thread 0x000000001a029000 Thread added: 0x000000001a029000
Event: 5737.654 Executing VM operation: RevokeBias
Event: 5737.654 Executing VM operation: RevokeBias done
Event: 5737.866 Thread 0x000000001a024800 Thread added: 0x000000001a024800
Event: 5737.866 Thread 0x000000001a6bd800 Thread added: 0x000000001a6bd800


Dynamic libraries:
0x00007ff77f300000 - 0x00007ff77f331000 	C:\Program Files\Android\Android Studio\jre\bin\java.exe
0x00007ffc61680000 - 0x00007ffc61870000 	C:\WINDOWS\SYSTEM32\ntdll.dll
0x00007ffc60880000 - 0x00007ffc60932000 	C:\WINDOWS\System32\KERNEL32.DLL
0x00007ffc5f2e0000 - 0x00007ffc5f584000 	C:\WINDOWS\System32\KERNELBASE.dll
0x00007ffc5f790000 - 0x00007ffc5f833000 	C:\WINDOWS\System32\ADVAPI32.dll
0x00007ffc60190000 - 0x00007ffc6022e000 	C:\WINDOWS\System32\msvcrt.dll
0x00007ffc61570000 - 0x00007ffc61607000 	C:\WINDOWS\System32\sechost.dll
0x00007ffc5faa0000 - 0x00007ffc5fbc0000 	C:\WINDOWS\System32\RPCRT4.dll
0x00007ffc5fc30000 - 0x00007ffc5fdc4000 	C:\WINDOWS\System32\USER32.dll
0x00007ffc5f280000 - 0x00007ffc5f2a1000 	C:\WINDOWS\System32\win32u.dll
0x00007ffc61610000 - 0x00007ffc61636000 	C:\WINDOWS\System32\GDI32.dll
0x00007ffc5e8e0000 - 0x00007ffc5ea75000 	C:\WINDOWS\System32\gdi32full.dll
0x00007ffc5f690000 - 0x00007ffc5f72e000 	C:\WINDOWS\System32\msvcp_win.dll
0x00007ffc5f590000 - 0x00007ffc5f68a000 	C:\WINDOWS\System32\ucrtbase.dll
0x00007ffc4da70000 - 0x00007ffc4dcf4000 	C:\WINDOWS\WinSxS\amd64_microsoft.windows.common-controls_6595b64144ccf1df_6.0.18362.900_none_e6beb9d913147d17\COMCTL32.dll
0x00007ffc5fe50000 - 0x00007ffc60185000 	C:\WINDOWS\System32\combase.dll
0x00007ffc5e860000 - 0x00007ffc5e8e0000 	C:\WINDOWS\System32\bcryptPrimitives.dll
0x00007ffc602b0000 - 0x00007ffc602de000 	C:\WINDOWS\System32\IMM32.DLL
0x0000000063e50000 - 0x0000000063f22000 	C:\Program Files\Android\Android Studio\jre\jre\bin\msvcr100.dll
0x0000000063f30000 - 0x000000006477b000 	C:\Program Files\Android\Android Studio\jre\jre\bin\server\jvm.dll
0x00007ffc602a0000 - 0x00007ffc602a8000 	C:\WINDOWS\System32\PSAPI.DLL
0x00007ffc48160000 - 0x00007ffc48169000 	C:\WINDOWS\SYSTEM32\WSOCK32.dll
0x00007ffc54fe0000 - 0x00007ffc55004000 	C:\WINDOWS\SYSTEM32\WINMM.dll
0x00007ffc573f0000 - 0x00007ffc573fa000 	C:\WINDOWS\SYSTEM32\VERSION.dll
0x00007ffc5fbc0000 - 0x00007ffc5fc2f000 	C:\WINDOWS\System32\WS2_32.dll
0x00007ffc54fb0000 - 0x00007ffc54fdd000 	C:\WINDOWS\SYSTEM32\winmmbase.dll
0x00007ffc5e810000 - 0x00007ffc5e85a000 	C:\WINDOWS\System32\cfgmgr32.dll
0x00007ffc50d70000 - 0x00007ffc50d7f000 	C:\Program Files\Android\Android Studio\jre\jre\bin\verify.dll
0x00007ffc50a70000 - 0x00007ffc50a99000 	C:\Program Files\Android\Android Studio\jre\jre\bin\java.dll
0x00007ffc50d50000 - 0x00007ffc50d66000 	C:\Program Files\Android\Android Studio\jre\jre\bin\zip.dll
0x00007ffc60e80000 - 0x00007ffc61566000 	C:\WINDOWS\System32\SHELL32.dll
0x00007ffc5f840000 - 0x00007ffc5f8e9000 	C:\WINDOWS\System32\shcore.dll
0x00007ffc5eb00000 - 0x00007ffc5f280000 	C:\WINDOWS\System32\windows.storage.dll
0x00007ffc5e570000 - 0x00007ffc5e593000 	C:\WINDOWS\System32\profapi.dll
0x00007ffc5e5a0000 - 0x00007ffc5e5ea000 	C:\WINDOWS\System32\powrprof.dll
0x00007ffc5e540000 - 0x00007ffc5e550000 	C:\WINDOWS\System32\UMPDC.dll
0x00007ffc5f730000 - 0x00007ffc5f782000 	C:\WINDOWS\System32\shlwapi.dll
0x00007ffc5e5f0000 - 0x00007ffc5e601000 	C:\WINDOWS\System32\kernel.appcore.dll
0x00007ffc5ea80000 - 0x00007ffc5ea97000 	C:\WINDOWS\System32\cryptsp.dll
0x00007ffc4ba30000 - 0x00007ffc4ba4a000 	C:\Program Files\Android\Android Studio\jre\jre\bin\net.dll
0x00007ffc5ddb0000 - 0x00007ffc5de17000 	C:\WINDOWS\system32\mswsock.dll
0x00007ffc46a80000 - 0x00007ffc46a93000 	C:\Program Files\Android\Android Studio\jre\jre\bin\nio.dll
0x00007ffbd03a0000 - 0x00007ffbd03c6000 	C:\Users\Sezgin\.gradle\native\31\windows-amd64\native-platform.dll
0x00007ffc50cf0000 - 0x00007ffc50cfd000 	C:\Program Files\Android\Android Studio\jre\jre\bin\management.dll
0x00007ffc5d920000 - 0x00007ffc5d953000 	C:\WINDOWS\system32\rsaenh.dll
0x00007ffc5f2b0000 - 0x00007ffc5f2d6000 	C:\WINDOWS\System32\bcrypt.dll
0x00007ffc5e430000 - 0x00007ffc5e455000 	C:\WINDOWS\SYSTEM32\USERENV.dll
0x00007ffc5df80000 - 0x00007ffc5df8c000 	C:\WINDOWS\SYSTEM32\CRYPTBASE.dll
0x00007ffc5dac0000 - 0x00007ffc5dafa000 	C:\WINDOWS\SYSTEM32\IPHLPAPI.DLL
0x00007ffc5fa30000 - 0x00007ffc5fa38000 	C:\WINDOWS\System32\NSI.dll
0x00007ffc56360000 - 0x00007ffc56376000 	C:\WINDOWS\SYSTEM32\dhcpcsvc6.DLL
0x00007ffc56040000 - 0x00007ffc5605c000 	C:\WINDOWS\SYSTEM32\dhcpcsvc.DLL
0x00007ffc5db00000 - 0x00007ffc5dbcb000 	C:\WINDOWS\SYSTEM32\DNSAPI.dll

VM Arguments:
jvm_args: -Xmx1536m -Dfile.encoding=windows-1254 -Duser.country=TR -Duser.language=tr -Duser.variant 
java_command: org.gradle.launcher.daemon.bootstrap.GradleDaemon 6.1.1
java_class_path (initial): C:\Users\Sezgin\.gradle\wrapper\dists\gradle-6.1.1-all\cfmwm155h49vnt3hynmlrsdst\gradle-6.1.1\lib\gradle-launcher-6.1.1.jar
Launcher Type: SUN_STANDARD

Environment Variables:
USERNAME=Sezgin
OS=Windows_NT
PROCESSOR_IDENTIFIER=Intel64 Family 6 Model 69 Stepping 1, GenuineIntel



---------------  S Y S T E M  ---------------

OS: Windows 10.0 , 64 bit Build 18362 (10.0.18362.900)

CPU:total 4 (initial active 4) (2 cores per cpu, 2 threads per core) family 6 model 69 stepping 1, cmov, cx8, fxsr, mmx, sse, sse2, sse3, ssse3, sse4.1, sse4.2, popcnt, avx, avx2, aes, clmul, erms, lzcnt, ht, tsc, tscinvbit, bmi1, bmi2

Memory: 4k page, physical 12472600k(1836448k free), swap 14569752k(6384k free)

vm_info: OpenJDK 64-Bit Server VM (25.242-b01) for windows-amd64 JRE (1.8.0_242-release-1644-b01), built by "builder" with MS VC++ 10.0 (VS2010)

time: Fri Jun 26 16:49:14 2020
timezone: Türkiye Standart Saati
elapsed time: 5738 seconds (0d 1h 35m 38s)

