#
# There is insufficient memory for the Java Runtime Environment to continue.
# Native memory allocation (malloc) failed to allocate 1754096 bytes for Chunk::new
# Possible reasons:
#   The system is out of physical RAM or swap space
#   The process is running with CompressedOops enabled, and the Java Heap may be blocking the growth of the native heap
# Possible solutions:
#   Reduce memory load on the system
#   Increase physical memory or swap space
#   Check if swap backing store is full
#   Decrease Java heap size (-Xmx/-Xms)
#   Decrease number of Java threads
#   Decrease Java thread stack sizes (-Xss)
#   Set larger code cache with -XX:ReservedCodeCacheSize=
#   JVM is running with Unscaled Compressed Oops mode in which the Java heap is
#     placed in the first 4GB address space. The Java Heap base address is the
#     maximum limit for the native heap growth. Please use -XX:HeapBaseMinAddress
#     to set the Java Heap base and to place the Java Heap above 4GB virtual address.
# This output file may be truncated or incomplete.
#
#  Out of Memory Error (allocation.cpp:389), pid=5324, tid=0x00000000000036b0
#
# JRE version: OpenJDK Runtime Environment (8.0_242-b01) (build 1.8.0_242-release-1644-b01)
# Java VM: OpenJDK 64-Bit Server VM (25.242-b01 mixed mode windows-amd64 compressed oops)
# Failed to write core dump. Minidumps are not enabled by default on client versions of Windows
#

---------------  T H R E A D  ---------------

Current thread (0x0000000016809800):  JavaThread "C2 CompilerThread0" daemon [_thread_in_native, id=14000, stack(0x0000000017e50000,0x0000000017f50000)]

Stack: [0x0000000017e50000,0x0000000017f50000]
[error occurred during error reporting (printing stack bounds), id 0xc0000005]

Native frames: (J=compiled Java code, j=interpreted, Vv=VM code, C=native code)


Current CompileTask:
C2:  17751 8769       4       com.sun.tools.javac.code.Types$ImplementationCache::get (159 bytes)


---------------  P R O C E S S  ---------------

Java Threads: ( => current thread )
  0x000000001fae6800 JavaThread "Cache worker for Java compile cache (C:\Users\Sezgin\Desktop\Android\MilkDoser\.gradle\6.1.1\javaCompile)" [_thread_blocked, id=5680, stack(0x00000000243b0000,0x00000000244b0000)]
  0x000000001fae5800 JavaThread "Cache worker for Java compile cache (C:\Users\Sezgin\.gradle\caches\6.1.1\javaCompile)" [_thread_blocked, id=11280, stack(0x00000000242b0000,0x00000000243b0000)]
  0x000000001fae5000 JavaThread "Cache worker for execution history cache (C:\Users\Sezgin\Desktop\Android\MilkDoser\.gradle\6.1.1\executionHistory)" [_thread_blocked, id=1248, stack(0x0000000024790000,0x0000000024890000)]
  0x000000001fae4000 JavaThread "Execution worker for ':' Thread 3" [_thread_blocked, id=720, stack(0x0000000023fb0000,0x00000000240b0000)]
  0x000000001fae2800 JavaThread "Execution worker for ':' Thread 2" [_thread_blocked, id=8548, stack(0x0000000023eb0000,0x0000000023fb0000)]
  0x000000001fae1000 JavaThread "Execution worker for ':'" [_thread_in_native, id=15840, stack(0x0000000023db0000,0x0000000023eb0000)]
  0x000000001fae3800 JavaThread "Cache worker for file content cache (C:\Users\Sezgin\Desktop\Android\MilkDoser\.gradle\6.1.1\fileContent)" [_thread_blocked, id=15860, stack(0x00000000238b0000,0x00000000239b0000)]
  0x000000001fae2000 JavaThread "Cache worker for file content cache (C:\Users\Sezgin\.gradle\caches\6.1.1\fileContent)" [_thread_blocked, id=14872, stack(0x00000000237b0000,0x00000000238b0000)]
  0x000000001fadb000 JavaThread "Memory manager" [_thread_blocked, id=5224, stack(0x0000000021750000,0x0000000021850000)]
  0x000000001fada800 JavaThread "Cache worker for Build Output Cleanup Cache (C:\Users\Sezgin\Desktop\Android\MilkDoser\.gradle\buildOutputCleanup)" [_thread_blocked, id=11948, stack(0x0000000021ce0000,0x0000000021de0000)]
  0x000000001fadc800 JavaThread "pool-1-thread-1" [_thread_blocked, id=13104, stack(0x0000000021650000,0x0000000021750000)]
  0x000000001fade000 JavaThread "Build operations Thread 4" [_thread_blocked, id=15380, stack(0x0000000021350000,0x0000000021450000)]
  0x000000001fad9800 JavaThread "Build operations Thread 3" [_thread_blocked, id=3872, stack(0x0000000021250000,0x0000000021350000)]
  0x000000001fadd800 JavaThread "Build operations Thread 2" [_thread_blocked, id=11088, stack(0x0000000020ef0000,0x0000000020ff0000)]
  0x000000001fadc000 JavaThread "Build operations" [_thread_blocked, id=10276, stack(0x0000000020df0000,0x0000000020ef0000)]
  0x000000001a44b000 JavaThread "Cache worker for execution history cache (C:\Users\Sezgin\.gradle\caches\6.1.1\executionHistory)" [_thread_blocked, id=6440, stack(0x00000000202f0000,0x00000000203f0000)]
  0x000000001a44a800 JavaThread "Cache worker for cache directory md-rule (C:\Users\Sezgin\.gradle\caches\6.1.1\md-rule)" [_thread_blocked, id=1560, stack(0x000000001ef30000,0x000000001f030000)]
  0x000000001a44c800 JavaThread "Cache worker for cache directory md-supplier (C:\Users\Sezgin\.gradle\caches\6.1.1\md-supplier)" [_thread_blocked, id=15528, stack(0x000000001eb60000,0x000000001ec60000)]
  0x000000001a44c000 JavaThread "Cache worker for file hash cache (C:\Users\Sezgin\Desktop\Android\MilkDoser\.gradle\6.1.1\fileHashes)" [_thread_blocked, id=368, stack(0x000000001ee30000,0x000000001ef30000)]
  0x000000001a44d800 JavaThread "Cache worker for checksums cache (C:\Users\Sezgin\Desktop\Android\MilkDoser\.gradle\checksums)" [_thread_blocked, id=11828, stack(0x000000001ed30000,0x000000001ee30000)]
  0x000000001a449800 JavaThread "Cache worker for file hash cache (C:\Users\Sezgin\.gradle\caches\6.1.1\fileHashes)" [_thread_blocked, id=1000, stack(0x000000001c5c0000,0x000000001c6c0000)]
  0x000000001a44f000 JavaThread "File lock request listener" [_thread_in_native, id=11016, stack(0x000000001c4c0000,0x000000001c5c0000)]
  0x000000001a46c800 JavaThread "Cache worker for journal cache (C:\Users\Sezgin\.gradle\caches\journal-1)" [_thread_blocked, id=3276, stack(0x000000001c3c0000,0x000000001c4c0000)]
  0x0000000018225800 JavaThread "Thread-9" [_thread_blocked, id=9916, stack(0x000000001c0c0000,0x000000001c1c0000)]
  0x0000000018223000 JavaThread "Stdin handler" [_thread_blocked, id=10596, stack(0x000000001bfc0000,0x000000001c0c0000)]
  0x0000000018222000 JavaThread "Asynchronous log dispatcher for DefaultDaemonConnection: socket connection from /127.0.0.1:54727 to /127.0.0.1:54728" [_thread_blocked, id=13092, stack(0x000000001bec0000,0x000000001bfc0000)]
  0x000000001850b800 JavaThread "Daemon worker" [_thread_blocked, id=12516, stack(0x000000001bdc0000,0x000000001bec0000)]
  0x0000000018b90000 JavaThread "Cancel handler" [_thread_blocked, id=15424, stack(0x000000001bcc0000,0x000000001bdc0000)]
  0x000000001a3d9800 JavaThread "Handler for socket connection from /127.0.0.1:54727 to /127.0.0.1:54728" [_thread_in_native, id=13948, stack(0x000000001b9c0000,0x000000001bac0000)]
  0x000000001a3d8800 JavaThread "Daemon" [_thread_blocked, id=9744, stack(0x000000001b8c0000,0x000000001b9c0000)]
  0x000000001a356000 JavaThread "Daemon periodic checks" [_thread_blocked, id=13128, stack(0x000000001b7c0000,0x000000001b8c0000)]
  0x000000001a354000 JavaThread "Incoming local TCP Connector on port 54727" [_thread_in_native, id=5364, stack(0x0000000018850000,0x0000000018950000)]
  0x000000001a2c0000 JavaThread "Daemon health stats" [_thread_blocked, id=7944, stack(0x0000000018750000,0x0000000018850000)]
  0x000000001685d800 JavaThread "Service Thread" daemon [_thread_blocked, id=1292, stack(0x0000000018550000,0x0000000018650000)]
  0x0000000016814800 JavaThread "C1 CompilerThread2" daemon [_thread_blocked, id=10308, stack(0x0000000018050000,0x0000000018150000)]
  0x000000001680c800 JavaThread "C2 CompilerThread1" daemon [_thread_blocked, id=16160, stack(0x0000000017f50000,0x0000000018050000)]
=>0x0000000016809800 JavaThread "C2 CompilerThread0" daemon [_thread_in_native, id=14000, stack(0x0000000017e50000,0x0000000017f50000)]
  0x0000000016808000 JavaThread "Attach Listener" daemon [_thread_blocked, id=12588, stack(0x0000000017d50000,0x0000000017e50000)]
  0x0000000016807000 JavaThread "Signal Dispatcher" daemon [_thread_blocked, id=6140, stack(0x0000000017c50000,0x0000000017d50000)]
  0x0000000002e8e000 JavaThread "Finalizer" daemon [_thread_blocked, id=8980, stack(0x0000000017a60000,0x0000000017b60000)]
  0x00000000167e9000 JavaThread "Reference Handler" daemon [_thread_blocked, id=14836, stack(0x0000000017960000,0x0000000017a60000)]
  0x0000000002d93000 JavaThread "main" [_thread_blocked, id=3020, stack(0x0000000002c90000,0x0000000002d90000)]

Other Threads:
  0x00000000167c8000 VMThread [stack: 0x0000000017860000,0x0000000017960000] [id=9092]
  0x000000001685e800 WatcherThread [stack: 0x0000000018650000,0x0000000018750000] [id=11060]

VM state:not at safepoint (normal execution)

VM Mutex/Monitor currently owned by a thread: None

heap address: 0x00000000a0000000, size: 1536 MB, Compressed Oops mode: 32-bit
Narrow klass base: 0x0000000000000000, Narrow klass shift: 3
Compressed class space size: 1073741824 Address: 0x0000000100000000

Heap:
 PSYoungGen      total 300032K, used 229665K [0x00000000e0000000, 0x00000000f4580000, 0x0000000100000000)
  eden space 281088K, 81% used [0x00000000e0000000,0x00000000ee0487e0,0x00000000f1280000)
  from space 18944K, 0% used [0x00000000f2080000,0x00000000f2080000,0x00000000f3300000)
  to   space 13312K, 0% used [0x00000000f3880000,0x00000000f3880000,0x00000000f4580000)
 ParOldGen       total 108032K, used 32594K [0x00000000a0000000, 0x00000000a6980000, 0x00000000e0000000)
  object space 108032K, 30% used [0x00000000a0000000,0x00000000a1fd48c8,0x00000000a6980000)
 Metaspace       used 67180K, capacity 69938K, committed 70184K, reserved 1110016K
  class space    used 9099K, capacity 9674K, committed 9776K, reserved 1048576K

Card table byte_map: [0x0000000012250000,0x0000000012560000] byte_map_base: 0x0000000011d50000

Marking Bits: (ParMarkBitMap*) 0x0000000077f7f030
 Begin Bits: [0x0000000012b60000, 0x0000000014360000)
 End Bits:   [0x0000000014360000, 0x0000000015b60000)

Polling page: 0x0000000000f00000

CodeCache: size=245760Kb used=26261Kb max_used=26261Kb free=219498Kb
 bounds [0x0000000002e90000, 0x0000000004850000, 0x0000000011e90000]
 total_blobs=8939 nmethods=8129 adapters=722
 compilation: enabled

Compilation events (10 events):
Event: 17.659 Thread 0x0000000016814800 9038       3       com.sun.tools.javac.jvm.ClassWriter::adjustFlags (150 bytes)
Event: 17.660 Thread 0x0000000016814800 nmethod 9038 0x0000000004840bd0 code [0x0000000004840de0, 0x0000000004841ca8]
Event: 17.665 Thread 0x0000000016814800 9039       3       com.sun.tools.javac.jvm.Code$LocalVar::isLastRangeInitialized (32 bytes)
Event: 17.666 Thread 0x0000000016814800 nmethod 9039 0x0000000004841fd0 code [0x0000000004842160, 0x0000000004842478]
Event: 17.666 Thread 0x0000000016814800 9040       3       com.sun.tools.javac.jvm.Gen::setTypeAnnotationPositions (343 bytes)
Event: 17.670 Thread 0x0000000016814800 nmethod 9040 0x0000000004842590 code [0x0000000004842a40, 0x0000000004845928]
Event: 17.670 Thread 0x0000000016814800 9041       3       com.sun.tools.javac.jvm.Code::emitInvokevirtual (50 bytes)
Event: 17.671 Thread 0x0000000016814800 nmethod 9041 0x0000000004846f10 code [0x0000000004847120, 0x00000000048479f8]
Event: 17.673 Thread 0x0000000016814800 9042       3       com.sun.tools.javac.code.Symbol::hasTypeAnnotations (23 bytes)
Event: 17.673 Thread 0x0000000016814800 nmethod 9042 0x0000000004847e10 code [0x0000000004847f80, 0x00000000048482a8]

GC Heap History (10 events):
Event: 6.568 GC heap before
{Heap before GC invocations=8 (full 1):
 PSYoungGen      total 185856K, used 87176K [0x00000000e0000000, 0x00000000ed680000, 0x0000000100000000)
  eden space 174592K, 43% used [0x00000000e0000000,0x00000000e4a43e00,0x00000000eaa80000)
  from space 11264K, 98% used [0x00000000ecb80000,0x00000000ed65e540,0x00000000ed680000)
  to   space 12800K, 0% used [0x00000000ebd80000,0x00000000ebd80000,0x00000000eca00000)
 ParOldGen       total 69120K, used 7782K [0x00000000a0000000, 0x00000000a4380000, 0x00000000e0000000)
  object space 69120K, 11% used [0x00000000a0000000,0x00000000a0799bd8,0x00000000a4380000)
 Metaspace       used 34543K, capacity 35386K, committed 35496K, reserved 1079296K
  class space    used 4734K, capacity 4970K, committed 5040K, reserved 1048576K
Event: 6.584 GC heap after
Heap after GC invocations=8 (full 1):
 PSYoungGen      total 206848K, used 9644K [0x00000000e0000000, 0x00000000f4580000, 0x0000000100000000)
  eden space 194048K, 0% used [0x00000000e0000000,0x00000000e0000000,0x00000000ebd80000)
  from space 12800K, 75% used [0x00000000ebd80000,0x00000000ec6eb3b0,0x00000000eca00000)
  to   space 13312K, 0% used [0x00000000f3880000,0x00000000f3880000,0x00000000f4580000)
 ParOldGen       total 69120K, used 7790K [0x00000000a0000000, 0x00000000a4380000, 0x00000000e0000000)
  object space 69120K, 11% used [0x00000000a0000000,0x00000000a079bbd8,0x00000000a4380000)
 Metaspace       used 34543K, capacity 35386K, committed 35496K, reserved 1079296K
  class space    used 4734K, capacity 4970K, committed 5040K, reserved 1048576K
}
Event: 6.584 GC heap before
{Heap before GC invocations=9 (full 2):
 PSYoungGen      total 206848K, used 9644K [0x00000000e0000000, 0x00000000f4580000, 0x0000000100000000)
  eden space 194048K, 0% used [0x00000000e0000000,0x00000000e0000000,0x00000000ebd80000)
  from space 12800K, 75% used [0x00000000ebd80000,0x00000000ec6eb3b0,0x00000000eca00000)
  to   space 13312K, 0% used [0x00000000f3880000,0x00000000f3880000,0x00000000f4580000)
 ParOldGen       total 69120K, used 7790K [0x00000000a0000000, 0x00000000a4380000, 0x00000000e0000000)
  object space 69120K, 11% used [0x00000000a0000000,0x00000000a079bbd8,0x00000000a4380000)
 Metaspace       used 34543K, capacity 35386K, committed 35496K, reserved 1079296K
  class space    used 4734K, capacity 4970K, committed 5040K, reserved 1048576K
Event: 6.702 GC heap after
Heap after GC invocations=9 (full 2):
 PSYoungGen      total 206848K, used 0K [0x00000000e0000000, 0x00000000f4580000, 0x0000000100000000)
  eden space 194048K, 0% used [0x00000000e0000000,0x00000000e0000000,0x00000000ebd80000)
  from space 12800K, 0% used [0x00000000ebd80000,0x00000000ebd80000,0x00000000eca00000)
  to   space 13312K, 0% used [0x00000000f3880000,0x00000000f3880000,0x00000000f4580000)
 ParOldGen       total 108032K, used 16125K [0x00000000a0000000, 0x00000000a6980000, 0x00000000e0000000)
  object space 108032K, 14% used [0x00000000a0000000,0x00000000a0fbf7b8,0x00000000a6980000)
 Metaspace       used 34543K, capacity 35386K, committed 35496K, reserved 1079296K
  class space    used 4734K, capacity 4970K, committed 5040K, reserved 1048576K
}
Event: 9.653 GC heap before
{Heap before GC invocations=10 (full 2):
 PSYoungGen      total 206848K, used 194048K [0x00000000e0000000, 0x00000000f4580000, 0x0000000100000000)
  eden space 194048K, 100% used [0x00000000e0000000,0x00000000ebd80000,0x00000000ebd80000)
  from space 12800K, 0% used [0x00000000ebd80000,0x00000000ebd80000,0x00000000eca00000)
  to   space 13312K, 0% used [0x00000000f3880000,0x00000000f3880000,0x00000000f4580000)
 ParOldGen       total 108032K, used 16125K [0x00000000a0000000, 0x00000000a6980000, 0x00000000e0000000)
  object space 108032K, 14% used [0x00000000a0000000,0x00000000a0fbf7b8,0x00000000a6980000)
 Metaspace       used 50352K, capacity 51974K, committed 52264K, reserved 1093632K
  class space    used 6738K, capacity 7122K, committed 7216K, reserved 1048576K
Event: 9.692 GC heap after
Heap after GC invocations=10 (full 2):
 PSYoungGen      total 294400K, used 13288K [0x00000000e0000000, 0x00000000f4580000, 0x0000000100000000)
  eden space 281088K, 0% used [0x00000000e0000000,0x00000000e0000000,0x00000000f1280000)
  from space 13312K, 99% used [0x00000000f3880000,0x00000000f457a0d8,0x00000000f4580000)
  to   space 18944K, 0% used [0x00000000f2080000,0x00000000f2080000,0x00000000f3300000)
 ParOldGen       total 108032K, used 25572K [0x00000000a0000000, 0x00000000a6980000, 0x00000000e0000000)
  object space 108032K, 23% used [0x00000000a0000000,0x00000000a18f9070,0x00000000a6980000)
 Metaspace       used 50352K, capacity 51974K, committed 52264K, reserved 1093632K
  class space    used 6738K, capacity 7122K, committed 7216K, reserved 1048576K
}
Event: 11.690 GC heap before
{Heap before GC invocations=11 (full 2):
 PSYoungGen      total 294400K, used 99234K [0x00000000e0000000, 0x00000000f4580000, 0x0000000100000000)
  eden space 281088K, 30% used [0x00000000e0000000,0x00000000e53ee8d8,0x00000000f1280000)
  from space 13312K, 99% used [0x00000000f3880000,0x00000000f457a0d8,0x00000000f4580000)
  to   space 18944K, 0% used [0x00000000f2080000,0x00000000f2080000,0x00000000f3300000)
 ParOldGen       total 108032K, used 25572K [0x00000000a0000000, 0x00000000a6980000, 0x00000000e0000000)
  object space 108032K, 23% used [0x00000000a0000000,0x00000000a18f9070,0x00000000a6980000)
 Metaspace       used 57058K, capacity 59034K, committed 59160K, reserved 1099776K
  class space    used 7817K, capacity 8276K, committed 8368K, reserved 1048576K
Event: 11.715 GC heap after
Heap after GC invocations=11 (full 2):
 PSYoungGen      total 300032K, used 18935K [0x00000000e0000000, 0x00000000f4580000, 0x0000000100000000)
  eden space 281088K, 0% used [0x00000000e0000000,0x00000000e0000000,0x00000000f1280000)
  from space 18944K, 99% used [0x00000000f2080000,0x00000000f32fde10,0x00000000f3300000)
  to   space 13312K, 0% used [0x00000000f3880000,0x00000000f3880000,0x00000000f4580000)
 ParOldGen       total 108032K, used 27370K [0x00000000a0000000, 0x00000000a6980000, 0x00000000e0000000)
  object space 108032K, 25% used [0x00000000a0000000,0x00000000a1abab38,0x00000000a6980000)
 Metaspace       used 57058K, capacity 59034K, committed 59160K, reserved 1099776K
  class space    used 7817K, capacity 8276K, committed 8368K, reserved 1048576K
}
Event: 11.715 GC heap before
{Heap before GC invocations=12 (full 3):
 PSYoungGen      total 300032K, used 18935K [0x00000000e0000000, 0x00000000f4580000, 0x0000000100000000)
  eden space 281088K, 0% used [0x00000000e0000000,0x00000000e0000000,0x00000000f1280000)
  from space 18944K, 99% used [0x00000000f2080000,0x00000000f32fde10,0x00000000f3300000)
  to   space 13312K, 0% used [0x00000000f3880000,0x00000000f3880000,0x00000000f4580000)
 ParOldGen       total 108032K, used 27370K [0x00000000a0000000, 0x00000000a6980000, 0x00000000e0000000)
  object space 108032K, 25% used [0x00000000a0000000,0x00000000a1abab38,0x00000000a6980000)
 Metaspace       used 57058K, capacity 59034K, committed 59160K, reserved 1099776K
  class space    used 7817K, capacity 8276K, committed 8368K, reserved 1048576K
Event: 11.988 GC heap after
Heap after GC invocations=12 (full 3):
 PSYoungGen      total 300032K, used 0K [0x00000000e0000000, 0x00000000f4580000, 0x0000000100000000)
  eden space 281088K, 0% used [0x00000000e0000000,0x00000000e0000000,0x00000000f1280000)
  from space 18944K, 0% used [0x00000000f2080000,0x00000000f2080000,0x00000000f3300000)
  to   space 13312K, 0% used [0x00000000f3880000,0x00000000f3880000,0x00000000f4580000)
 ParOldGen       total 108032K, used 32594K [0x00000000a0000000, 0x00000000a6980000, 0x00000000e0000000)
  object space 108032K, 30% used [0x00000000a0000000,0x00000000a1fd48c8,0x00000000a6980000)
 Metaspace       used 57049K, capacity 59004K, committed 59160K, reserved 1099776K
  class space    used 7815K, capacity 8271K, committed 8368K, reserved 1048576K
}

Deoptimization events (10 events):
Event: 16.807 Thread 0x000000001fae1000 Uncommon trap: reason=class_check action=maybe_recompile pc=0x00000000045f75bc method=com.sun.tools.javac.code.Types.union(Lcom/sun/tools/javac/util/List;Lcom/sun/tools/javac/util/List;)Lcom/sun/tools/javac/util/List; @ 32
Event: 16.808 Thread 0x000000001fae1000 Uncommon trap: reason=class_check action=maybe_recompile pc=0x00000000045f75bc method=com.sun.tools.javac.code.Types.union(Lcom/sun/tools/javac/util/List;Lcom/sun/tools/javac/util/List;)Lcom/sun/tools/javac/util/List; @ 32
Event: 16.808 Thread 0x000000001fae1000 Uncommon trap: reason=class_check action=maybe_recompile pc=0x00000000045f75bc method=com.sun.tools.javac.code.Types.union(Lcom/sun/tools/javac/util/List;Lcom/sun/tools/javac/util/List;)Lcom/sun/tools/javac/util/List; @ 32
Event: 16.891 Thread 0x000000001fae1000 Uncommon trap: reason=unstable_if action=reinterpret pc=0x0000000003a77694 method=com.sun.tools.javac.util.Convert.chars2utf([CI[BII)I @ 35
Event: 16.919 Thread 0x000000001fae1000 Uncommon trap: reason=class_check action=maybe_recompile pc=0x0000000004671974 method=com.sun.tools.javac.code.Types$SameTypeVisitor.visitType(Lcom/sun/tools/javac/code/Type;Lcom/sun/tools/javac/code/Type;)Ljava/lang/Boolean; @ 31
Event: 17.109 Thread 0x000000001fae1000 Uncommon trap: reason=class_check action=maybe_recompile pc=0x00000000046d4e10 method=com.sun.tools.javac.comp.Check.checkType(Lcom/sun/tools/javac/util/JCDiagnostic$DiagnosticPosition;Lcom/sun/tools/javac/code/Type;Lcom/sun/tools/javac/code/Type;Lcom/sun
Event: 17.109 Thread 0x000000001fae1000 Uncommon trap: reason=class_check action=maybe_recompile pc=0x00000000046d4e10 method=com.sun.tools.javac.comp.Check.checkType(Lcom/sun/tools/javac/util/JCDiagnostic$DiagnosticPosition;Lcom/sun/tools/javac/code/Type;Lcom/sun/tools/javac/code/Type;Lcom/sun
Event: 17.158 Thread 0x000000001fae1000 Uncommon trap: reason=class_check action=maybe_recompile pc=0x00000000046d4e10 method=com.sun.tools.javac.comp.Check.checkType(Lcom/sun/tools/javac/util/JCDiagnostic$DiagnosticPosition;Lcom/sun/tools/javac/code/Type;Lcom/sun/tools/javac/code/Type;Lcom/sun
Event: 17.158 Thread 0x000000001fae1000 Uncommon trap: reason=class_check action=maybe_recompile pc=0x00000000046d4e10 method=com.sun.tools.javac.comp.Check.checkType(Lcom/sun/tools/javac/util/JCDiagnostic$DiagnosticPosition;Lcom/sun/tools/javac/code/Type;Lcom/sun/tools/javac/code/Type;Lcom/sun
Event: 17.225 Thread 0x000000001fae1000 Uncommon trap: reason=class_check action=maybe_recompile pc=0x0000000004789af4 method=com.sun.tools.javac.code.Types$MembersClosureCache.visitClassType(Lcom/sun/tools/javac/code/Type$ClassType;Ljava/lang/Void;)Lcom/sun/tools/javac/code/Scope$CompoundScope

Classes redefined (0 events):
No events

Internal exceptions (10 events):
Event: 14.819 Thread 0x000000001fae1000 Exception <a 'java/lang/NoSuchMethodError': <clinit>> (0x00000000e9855a18) thrown at [C:\src\AOSP-openjdk-git\hotspot\src\share\vm\prims\jni.cpp, line 1615]
Event: 14.893 Thread 0x000000001fae1000 Exception <a 'sun/nio/fs/WindowsException'> (0x00000000e9cba558) thrown at [C:\src\AOSP-openjdk-git\hotspot\src\share\vm\prims\jni.cpp, line 710]
Event: 14.893 Thread 0x000000001fae1000 Exception <a 'sun/nio/fs/WindowsException'> (0x00000000e9cbb1d0) thrown at [C:\src\AOSP-openjdk-git\hotspot\src\share\vm\prims\jni.cpp, line 710]
Event: 14.893 Thread 0x000000001fae1000 Exception <a 'sun/nio/fs/WindowsException'> (0x00000000e9cbc220) thrown at [C:\src\AOSP-openjdk-git\hotspot\src\share\vm\prims\jni.cpp, line 710]
Event: 14.897 Thread 0x000000001fae1000 Exception <a 'sun/nio/fs/WindowsException'> (0x00000000e9cf0b60) thrown at [C:\src\AOSP-openjdk-git\hotspot\src\share\vm\prims\jni.cpp, line 710]
Event: 14.897 Thread 0x000000001fae1000 Exception <a 'sun/nio/fs/WindowsException'> (0x00000000e9cf1820) thrown at [C:\src\AOSP-openjdk-git\hotspot\src\share\vm\prims\jni.cpp, line 710]
Event: 14.898 Thread 0x000000001fae1000 Exception <a 'sun/nio/fs/WindowsException'> (0x00000000e9cf2550) thrown at [C:\src\AOSP-openjdk-git\hotspot\src\share\vm\prims\jni.cpp, line 710]
Event: 14.898 Thread 0x000000001fae1000 Exception <a 'sun/nio/fs/WindowsException'> (0x00000000e9cf4600) thrown at [C:\src\AOSP-openjdk-git\hotspot\src\share\vm\prims\jni.cpp, line 710]
Event: 14.898 Thread 0x000000001fae1000 Exception <a 'sun/nio/fs/WindowsException'> (0x00000000e9cf52d0) thrown at [C:\src\AOSP-openjdk-git\hotspot\src\share\vm\prims\jni.cpp, line 710]
Event: 14.898 Thread 0x000000001fae1000 Exception <a 'sun/nio/fs/WindowsException'> (0x00000000e9cf6010) thrown at [C:\src\AOSP-openjdk-git\hotspot\src\share\vm\prims\jni.cpp, line 710]

Events (10 events):
Event: 17.225 Thread 0x000000001fae1000 DEOPT PACKING pc=0x0000000004789af4 sp=0x0000000023ea81d0
Event: 17.225 Thread 0x000000001fae1000 DEOPT UNPACKING pc=0x0000000002ed557b sp=0x0000000023ea8160 mode 2
Event: 17.297 loading class com/sun/tools/javac/comp/Flow$BaseAnalyzer$JumpKind
Event: 17.297 loading class com/sun/tools/javac/comp/Flow$BaseAnalyzer$JumpKind done
Event: 17.302 loading class com/sun/tools/javac/comp/Flow$BaseAnalyzer$JumpKind$1
Event: 17.302 loading class com/sun/tools/javac/comp/Flow$BaseAnalyzer$JumpKind$1 done
Event: 17.303 loading class com/sun/tools/javac/comp/Flow$BaseAnalyzer$JumpKind$2
Event: 17.303 loading class com/sun/tools/javac/comp/Flow$BaseAnalyzer$JumpKind$2 done
Event: 17.391 Executing VM operation: ForceSafepoint
Event: 17.392 Executing VM operation: ForceSafepoint done


Dynamic libraries:
0x00007ff70dc20000 - 0x00007ff70dc51000 	C:\Program Files\Android\Android Studio\jre\bin\java.exe
0x00007ffec5380000 - 0x00007ffec5570000 	C:\WINDOWS\SYSTEM32\ntdll.dll
0x00007ffec3430000 - 0x00007ffec34e2000 	C:\WINDOWS\System32\KERNEL32.DLL
0x00007ffec23b0000 - 0x00007ffec2655000 	C:\WINDOWS\System32\KERNELBASE.dll
0x00007ffec51b0000 - 0x00007ffec5253000 	C:\WINDOWS\System32\ADVAPI32.dll
0x00007ffec3890000 - 0x00007ffec392e000 	C:\WINDOWS\System32\msvcrt.dll
0x00007ffec48c0000 - 0x00007ffec4957000 	C:\WINDOWS\System32\sechost.dll
0x00007ffec4c80000 - 0x00007ffec4da0000 	C:\WINDOWS\System32\RPCRT4.dll
0x00007ffec39a0000 - 0x00007ffec3b35000 	C:\WINDOWS\System32\USER32.dll
0x00007ffec2310000 - 0x00007ffec2331000 	C:\WINDOWS\System32\win32u.dll
0x00007ffec4af0000 - 0x00007ffec4b16000 	C:\WINDOWS\System32\GDI32.dll
0x00007ffec2b10000 - 0x00007ffec2ca6000 	C:\WINDOWS\System32\gdi32full.dll
0x00007ffec2660000 - 0x00007ffec26fe000 	C:\WINDOWS\System32\msvcp_win.dll
0x00007ffec2980000 - 0x00007ffec2a7a000 	C:\WINDOWS\System32\ucrtbase.dll
0x00007ffeb09e0000 - 0x00007ffeb0c64000 	C:\WINDOWS\WinSxS\amd64_microsoft.windows.common-controls_6595b64144ccf1df_6.0.18362.1082_none_9e8193e1e45b25c1\COMCTL32.dll
0x00007ffec34f0000 - 0x00007ffec3825000 	C:\WINDOWS\System32\combase.dll
0x00007ffec27b0000 - 0x00007ffec2830000 	C:\WINDOWS\System32\bcryptPrimitives.dll
0x00007ffec50a0000 - 0x00007ffec50ce000 	C:\WINDOWS\System32\IMM32.DLL
0x0000000052cc0000 - 0x0000000052d92000 	C:\Program Files\Android\Android Studio\jre\jre\bin\msvcr100.dll
0x00000000777b0000 - 0x0000000077ffb000 	C:\Program Files\Android\Android Studio\jre\jre\bin\server\jvm.dll
0x00007ffec50d0000 - 0x00007ffec50d8000 	C:\WINDOWS\System32\PSAPI.DLL
0x00007ffeab6f0000 - 0x00007ffeab6f9000 	C:\WINDOWS\SYSTEM32\WSOCK32.dll
0x00007ffec5260000 - 0x00007ffec52cf000 	C:\WINDOWS\System32\WS2_32.dll
0x00007ffeb99b0000 - 0x00007ffeb99d4000 	C:\WINDOWS\SYSTEM32\WINMM.dll
0x00007ffeba880000 - 0x00007ffeba88a000 	C:\WINDOWS\SYSTEM32\VERSION.dll
0x00007ffeb9910000 - 0x00007ffeb993d000 	C:\WINDOWS\SYSTEM32\winmmbase.dll
0x00007ffec2360000 - 0x00007ffec23aa000 	C:\WINDOWS\System32\cfgmgr32.dll
0x00007ffebece0000 - 0x00007ffebecef000 	C:\Program Files\Android\Android Studio\jre\jre\bin\verify.dll
0x00007ffeb0cd0000 - 0x00007ffeb0cf9000 	C:\Program Files\Android\Android Studio\jre\jre\bin\java.dll
0x00007ffebecc0000 - 0x00007ffebecd6000 	C:\Program Files\Android\Android Studio\jre\jre\bin\zip.dll
0x00007ffec3ba0000 - 0x00007ffec4287000 	C:\WINDOWS\System32\SHELL32.dll
0x00007ffec4a30000 - 0x00007ffec4ad9000 	C:\WINDOWS\System32\shcore.dll
0x00007ffec2cb0000 - 0x00007ffec3430000 	C:\WINDOWS\System32\windows.storage.dll
0x00007ffec22e0000 - 0x00007ffec2303000 	C:\WINDOWS\System32\profapi.dll
0x00007ffec2290000 - 0x00007ffec22da000 	C:\WINDOWS\System32\powrprof.dll
0x00007ffec2240000 - 0x00007ffec2250000 	C:\WINDOWS\System32\UMPDC.dll
0x00007ffec3830000 - 0x00007ffec3882000 	C:\WINDOWS\System32\shlwapi.dll
0x00007ffec2270000 - 0x00007ffec2281000 	C:\WINDOWS\System32\kernel.appcore.dll
0x00007ffec2340000 - 0x00007ffec2357000 	C:\WINDOWS\System32\cryptsp.dll
0x00007ffeb0930000 - 0x00007ffeb094a000 	C:\Program Files\Android\Android Studio\jre\jre\bin\net.dll
0x00007ffec1a90000 - 0x00007ffec1af7000 	C:\WINDOWS\system32\mswsock.dll
0x00007ffeb0910000 - 0x00007ffeb0923000 	C:\Program Files\Android\Android Studio\jre\jre\bin\nio.dll
0x00007ffeb6100000 - 0x00007ffeb6126000 	C:\Users\Sezgin\.gradle\native\31\windows-amd64\native-platform.dll
0x00007ffeb0900000 - 0x00007ffeb090d000 	C:\Program Files\Android\Android Studio\jre\jre\bin\management.dll
0x00007ffec1600000 - 0x00007ffec1633000 	C:\WINDOWS\system32\rsaenh.dll
0x00007ffec2ae0000 - 0x00007ffec2b06000 	C:\WINDOWS\System32\bcrypt.dll
0x00007ffec2160000 - 0x00007ffec2185000 	C:\WINDOWS\SYSTEM32\USERENV.dll
0x00007ffec1c60000 - 0x00007ffec1c6c000 	C:\WINDOWS\SYSTEM32\CRYPTBASE.dll
0x00007ffec17a0000 - 0x00007ffec17da000 	C:\WINDOWS\SYSTEM32\IPHLPAPI.DLL
0x00007ffec5330000 - 0x00007ffec5338000 	C:\WINDOWS\System32\NSI.dll
0x00007ffebb3d0000 - 0x00007ffebb3e6000 	C:\WINDOWS\SYSTEM32\dhcpcsvc6.DLL
0x00007ffebb3b0000 - 0x00007ffebb3cc000 	C:\WINDOWS\SYSTEM32\dhcpcsvc.DLL
0x00007ffec17e0000 - 0x00007ffec18ab000 	C:\WINDOWS\SYSTEM32\DNSAPI.dll

VM Arguments:
jvm_args: -Xmx1536m -Dfile.encoding=windows-1254 -Duser.country=TR -Duser.language=tr -Duser.variant 
java_command: org.gradle.launcher.daemon.bootstrap.GradleDaemon 6.1.1
java_class_path (initial): C:\Users\Sezgin\.gradle\wrapper\dists\gradle-6.1.1-all\cfmwm155h49vnt3hynmlrsdst\gradle-6.1.1\lib\gradle-launcher-6.1.1.jar
Launcher Type: SUN_STANDARD

Environment Variables:
USERNAME=Sezgin
OS=Windows_NT
PROCESSOR_IDENTIFIER=Intel64 Family 6 Model 69 Stepping 1, GenuineIntel



---------------  S Y S T E M  ---------------

OS: Windows 10.0 , 64 bit Build 18362 (10.0.18362.1082)

CPU:total 4 (initial active 4) (2 cores per cpu, 2 threads per core) family 6 model 69 stepping 1, cmov, cx8, fxsr, mmx, sse, sse2, sse3, ssse3, sse4.1, sse4.2, popcnt, avx, avx2, aes, clmul, erms, lzcnt, ht, tsc, tscinvbit, bmi1, bmi2

Memory: 4k page, physical 12472600k(1220660k free), swap 12472600k(4640k free)

vm_info: OpenJDK 64-Bit Server VM (25.242-b01) for windows-amd64 JRE (1.8.0_242-release-1644-b01), built by "builder" with MS VC++ 10.0 (VS2010)

time: Fri Oct 02 10:07:01 2020
timezone: Türkiye Standart Saati
elapsed time: 17 seconds (0d 0h 0m 17s)

