#
# There is insufficient memory for the Java Runtime Environment to continue.
# Native memory allocation (malloc) failed to allocate 1431600 bytes for Chunk::new
# Possible reasons:
#   The system is out of physical RAM or swap space
#   The process is running with CompressedOops enabled, and the Java Heap may be blocking the growth of the native heap
# Possible solutions:
#   Reduce memory load on the system
#   Increase physical memory or swap space
#   Check if swap backing store is full
#   Decrease Java heap size (-Xmx/-Xms)
#   Decrease number of Java threads
#   Decrease Java thread stack sizes (-Xss)
#   Set larger code cache with -XX:ReservedCodeCacheSize=
#   JVM is running with Unscaled Compressed Oops mode in which the Java heap is
#     placed in the first 4GB address space. The Java Heap base address is the
#     maximum limit for the native heap growth. Please use -XX:HeapBaseMinAddress
#     to set the Java Heap base and to place the Java Heap above 4GB virtual address.
# This output file may be truncated or incomplete.
#
#  Out of Memory Error (allocation.cpp:389), pid=3432, tid=0x000000000000259c
#
# JRE version: OpenJDK Runtime Environment (8.0_242-b01) (build 1.8.0_242-release-1644-b01)
# Java VM: OpenJDK 64-Bit Server VM (25.242-b01 mixed mode windows-amd64 compressed oops)
# Failed to write core dump. Minidumps are not enabled by default on client versions of Windows
#

---------------  T H R E A D  ---------------

Current thread (0x0000000016768000):  JavaThread "C2 CompilerThread0" daemon [_thread_in_native, id=9628, stack(0x0000000017da0000,0x0000000017ea0000)]

Stack: [0x0000000017da0000,0x0000000017ea0000]
[error occurred during error reporting (printing stack bounds), id 0xc0000005]

Native frames: (J=compiled Java code, j=interpreted, Vv=VM code, C=native code)


Current CompileTask:
C2:  22920 10782       4       com.sun.tools.javac.comp.Check::checkType (188 bytes)


---------------  P R O C E S S  ---------------

Java Threads: ( => current thread )
  0x000000001d336000 JavaThread "Cache worker for Java compile cache (C:\Users\Sezgin\Desktop\Android\MilkDoser\.gradle\6.1.1\javaCompile)" [_thread_blocked, id=10796, stack(0x0000000025660000,0x0000000025760000)]
  0x000000001d32a000 JavaThread "Cache worker for Java compile cache (C:\Users\Sezgin\.gradle\caches\6.1.1\javaCompile)" [_thread_blocked, id=5332, stack(0x0000000025560000,0x0000000025660000)]
  0x000000001d332000 JavaThread "stdout" [_thread_in_native, id=15456, stack(0x0000000025060000,0x0000000025160000)]
  0x000000001d330800 JavaThread "stderr" [_thread_in_native, id=1568, stack(0x0000000024f60000,0x0000000025060000)]
  0x000000001d334800 JavaThread "stdout" [_thread_in_native, id=16068, stack(0x0000000024e60000,0x0000000024f60000)]
  0x000000001d331800 JavaThread "stderr" [_thread_in_native, id=14096, stack(0x0000000024d60000,0x0000000024e60000)]
  0x000000001d335000 JavaThread "stdout" [_thread_in_native, id=14828, stack(0x0000000024c60000,0x0000000024d60000)]
  0x000000001d333000 JavaThread "stderr" [_thread_in_native, id=14236, stack(0x0000000024b60000,0x0000000024c60000)]
  0x000000001d328800 JavaThread "stdout" [_thread_in_native, id=11104, stack(0x0000000024a60000,0x0000000024b60000)]
  0x000000001d32d800 JavaThread "stderr" [_thread_in_native, id=2784, stack(0x0000000024960000,0x0000000024a60000)]
  0x000000001d32f000 JavaThread "pool-2-thread-1" [_thread_blocked, id=13620, stack(0x0000000024860000,0x0000000024960000)]
  0x000000001d32c000 JavaThread "WorkerExecutor Queue Thread 4" [_thread_blocked, id=9000, stack(0x0000000024760000,0x0000000024860000)]
  0x000000001d32b800 JavaThread "WorkerExecutor Queue Thread 3" [_thread_blocked, id=9980, stack(0x0000000024660000,0x0000000024760000)]
  0x000000001d32e800 JavaThread "WorkerExecutor Queue Thread 2" [_thread_blocked, id=3860, stack(0x0000000024560000,0x0000000024660000)]
  0x000000001d32a800 JavaThread "WorkerExecutor Queue" [_thread_blocked, id=13940, stack(0x0000000024460000,0x0000000024560000)]
  0x000000001d32d000 JavaThread "Cache worker for execution history cache (C:\Users\Sezgin\Desktop\Android\MilkDoser\.gradle\6.1.1\executionHistory)" [_thread_blocked, id=2792, stack(0x0000000024160000,0x0000000024260000)]
  0x000000001fa9e800 JavaThread "Execution worker for ':' Thread 3" [_thread_blocked, id=8628, stack(0x0000000023e60000,0x0000000023f60000)]
  0x000000001faa5800 JavaThread "Execution worker for ':' Thread 2" [_thread_in_native, id=8604, stack(0x0000000023d60000,0x0000000023e60000)]
  0x000000001faa1000 JavaThread "Execution worker for ':'" [_thread_blocked, id=5696, stack(0x0000000023c60000,0x0000000023d60000)]
  0x000000001faa0000 JavaThread "Cache worker for file content cache (C:\Users\Sezgin\Desktop\Android\MilkDoser\.gradle\6.1.1\fileContent)" [_thread_blocked, id=10492, stack(0x0000000023500000,0x0000000023600000)]
  0x000000001faa3000 JavaThread "Cache worker for file content cache (C:\Users\Sezgin\.gradle\caches\6.1.1\fileContent)" [_thread_blocked, id=1472, stack(0x0000000023400000,0x0000000023500000)]
  0x000000001faa4800 JavaThread "Memory manager" [_thread_blocked, id=2532, stack(0x0000000022570000,0x0000000022670000)]
  0x000000001fa9e000 JavaThread "Cache worker for Build Output Cleanup Cache (C:\Users\Sezgin\Desktop\Android\MilkDoser\.gradle\buildOutputCleanup)" [_thread_blocked, id=4660, stack(0x0000000022b00000,0x0000000022c00000)]
  0x000000001fa9c800 JavaThread "pool-1-thread-1" [_thread_blocked, id=4148, stack(0x0000000021240000,0x0000000021340000)]
  0x000000001fa9a000 JavaThread "Build operations Thread 4" [_thread_blocked, id=3404, stack(0x0000000020f40000,0x0000000021040000)]
  0x000000001fa98800 JavaThread "Build operations Thread 3" [_thread_blocked, id=12408, stack(0x0000000020e40000,0x0000000020f40000)]
  0x000000001fa98000 JavaThread "Build operations Thread 2" [_thread_blocked, id=884, stack(0x0000000020d40000,0x0000000020e40000)]
  0x000000001fa99800 JavaThread "Build operations" [_thread_blocked, id=11908, stack(0x000000001f1a0000,0x000000001f2a0000)]
  0x000000001a494000 JavaThread "Cache worker for execution history cache (C:\Users\Sezgin\.gradle\caches\6.1.1\executionHistory)" [_thread_blocked, id=6988, stack(0x000000001ec60000,0x000000001ed60000)]
  0x000000001a48e000 JavaThread "Cache worker for cache directory md-rule (C:\Users\Sezgin\.gradle\caches\6.1.1\md-rule)" [_thread_blocked, id=5876, stack(0x000000001eb60000,0x000000001ec60000)]
  0x000000001a48f000 JavaThread "Cache worker for cache directory md-supplier (C:\Users\Sezgin\.gradle\caches\6.1.1\md-supplier)" [_thread_blocked, id=13532, stack(0x000000001ea60000,0x000000001eb60000)]
  0x000000001a491000 JavaThread "Cache worker for file hash cache (C:\Users\Sezgin\Desktop\Android\MilkDoser\.gradle\6.1.1\fileHashes)" [_thread_blocked, id=14272, stack(0x000000001f0a0000,0x000000001f1a0000)]
  0x000000001a48f800 JavaThread "Cache worker for checksums cache (C:\Users\Sezgin\Desktop\Android\MilkDoser\.gradle\checksums)" [_thread_blocked, id=11768, stack(0x000000001efa0000,0x000000001f0a0000)]
  0x000000001a490800 JavaThread "Cache worker for file hash cache (C:\Users\Sezgin\.gradle\caches\6.1.1\fileHashes)" [_thread_blocked, id=11936, stack(0x000000001c4c0000,0x000000001c5c0000)]
  0x000000001a48d800 JavaThread "File lock request listener" [_thread_in_native, id=4744, stack(0x000000001c3c0000,0x000000001c4c0000)]
  0x0000000018187000 JavaThread "Cache worker for journal cache (C:\Users\Sezgin\.gradle\caches\journal-1)" [_thread_blocked, id=11152, stack(0x000000001c2c0000,0x000000001c3c0000)]
  0x00000000187d8000 JavaThread "Thread-9" [_thread_blocked, id=13608, stack(0x000000001bfc0000,0x000000001c0c0000)]
  0x00000000187d7800 JavaThread "Stdin handler" [_thread_blocked, id=15240, stack(0x000000001bec0000,0x000000001bfc0000)]
  0x0000000018723000 JavaThread "Asynchronous log dispatcher for DefaultDaemonConnection: socket connection from /127.0.0.1:54606 to /127.0.0.1:54607" [_thread_blocked, id=2804, stack(0x000000001bdc0000,0x000000001bec0000)]
  0x0000000018914000 JavaThread "Daemon worker" [_thread_blocked, id=15408, stack(0x000000001bcc0000,0x000000001bdc0000)]
  0x000000001a23c800 JavaThread "Cancel handler" [_thread_blocked, id=11696, stack(0x000000001bbc0000,0x000000001bcc0000)]
  0x000000001a2ab800 JavaThread "Handler for socket connection from /127.0.0.1:54606 to /127.0.0.1:54607" [_thread_in_native, id=10880, stack(0x000000001b8c0000,0x000000001b9c0000)]
  0x000000001a233800 JavaThread "Daemon" [_thread_blocked, id=10392, stack(0x000000001b7c0000,0x000000001b8c0000)]
  0x000000001a232000 JavaThread "Daemon periodic checks" [_thread_blocked, id=868, stack(0x000000001b6c0000,0x000000001b7c0000)]
  0x000000001a21b000 JavaThread "Incoming local TCP Connector on port 54606" [_thread_in_native, id=10640, stack(0x000000001b480000,0x000000001b580000)]
  0x000000001a1f8000 JavaThread "Daemon health stats" [_thread_blocked, id=568, stack(0x000000001ae40000,0x000000001af40000)]
  0x00000000180d8800 JavaThread "Service Thread" daemon [_thread_blocked, id=9704, stack(0x00000000184a0000,0x00000000185a0000)]
  0x000000001677a000 JavaThread "C1 CompilerThread2" daemon [_thread_blocked, id=3960, stack(0x0000000017fa0000,0x00000000180a0000)]
  0x000000001676c800 JavaThread "C2 CompilerThread1" daemon [_thread_in_native, id=10204, stack(0x0000000017ea0000,0x0000000017fa0000)]
=>0x0000000016768000 JavaThread "C2 CompilerThread0" daemon [_thread_in_native, id=9628, stack(0x0000000017da0000,0x0000000017ea0000)]
  0x0000000016766800 JavaThread "Attach Listener" daemon [_thread_blocked, id=6064, stack(0x0000000017ca0000,0x0000000017da0000)]
  0x0000000016765000 JavaThread "Signal Dispatcher" daemon [_thread_blocked, id=11796, stack(0x0000000017ba0000,0x0000000017ca0000)]
  0x0000000002dec000 JavaThread "Finalizer" daemon [_thread_blocked, id=10000, stack(0x00000000179b0000,0x0000000017ab0000)]
  0x0000000016749000 JavaThread "Reference Handler" daemon [_thread_blocked, id=12904, stack(0x00000000178b0000,0x00000000179b0000)]
  0x0000000002cf3000 JavaThread "main" [_thread_blocked, id=15612, stack(0x0000000002bf0000,0x0000000002cf0000)]

Other Threads:
  0x0000000016727000 VMThread [stack: 0x00000000177b0000,0x00000000178b0000] [id=9384]
  0x00000000180db000 WatcherThread [stack: 0x00000000185a0000,0x00000000186a0000] [id=2296]

VM state:not at safepoint (normal execution)

VM Mutex/Monitor currently owned by a thread: None

heap address: 0x00000000a0000000, size: 1536 MB, Compressed Oops mode: 32-bit
Narrow klass base: 0x0000000000000000, Narrow klass shift: 3
Compressed class space size: 1073741824 Address: 0x0000000100000000

Heap:
 PSYoungGen      total 249344K, used 45817K [0x00000000e0000000, 0x00000000f1980000, 0x0000000100000000)
  eden space 227840K, 10% used [0x00000000e0000000,0x00000000e17c0e80,0x00000000ede80000)
  from space 21504K, 99% used [0x00000000efa00000,0x00000000f0efd5a8,0x00000000f0f00000)
  to   space 28160K, 0% used [0x00000000ede80000,0x00000000ede80000,0x00000000efa00000)
 ParOldGen       total 162816K, used 44505K [0x00000000a0000000, 0x00000000a9f00000, 0x00000000e0000000)
  object space 162816K, 27% used [0x00000000a0000000,0x00000000a2b764c0,0x00000000a9f00000)
 Metaspace       used 73785K, capacity 76790K, committed 77096K, reserved 1116160K
  class space    used 9882K, capacity 10440K, committed 10544K, reserved 1048576K

Card table byte_map: [0x00000000121b0000,0x00000000124c0000] byte_map_base: 0x0000000011cb0000

Marking Bits: (ParMarkBitMap*) 0x0000000077f7f030
 Begin Bits: [0x0000000012ac0000, 0x00000000142c0000)
 End Bits:   [0x00000000142c0000, 0x0000000015ac0000)

Polling page: 0x0000000002a00000

CodeCache: size=245760Kb used=30647Kb max_used=30647Kb free=215112Kb
 bounds [0x0000000002df0000, 0x0000000004c00000, 0x0000000011df0000]
 total_blobs=10325 nmethods=9484 adapters=752
 compilation: enabled

Compilation events (10 events):
Event: 22.782 Thread 0x000000001677a000 10988       3       com.sun.tools.javac.tree.TreeScanner::visitAnnotation (17 bytes)
Event: 22.783 Thread 0x000000001677a000 nmethod 10988 0x0000000004bf03d0 code [0x0000000004bf0580, 0x0000000004bf0c58]
Event: 22.783 Thread 0x000000001677a000 10989       3       com.sun.tools.javac.tree.JCTree$JCArrayAccess::accept (6 bytes)
Event: 22.783 Thread 0x000000001677a000 nmethod 10989 0x0000000004bf0e50 code [0x0000000004bf0fc0, 0x0000000004bf11e8]
Event: 22.784 Thread 0x000000001677a000 10990       3       com.sun.tools.javac.comp.Check::checkConflicts (248 bytes)
Event: 22.786 Thread 0x000000001677a000 nmethod 10990 0x0000000004bf12d0 code [0x0000000004bf1660, 0x0000000004bf3748]
Event: 22.790 Thread 0x000000001677a000 10991       3       com.sun.tools.javac.jvm.Pool$Variable::equals (73 bytes)
Event: 22.791 Thread 0x000000001677a000 nmethod 10991 0x0000000004bf4750 code [0x0000000004bf4940, 0x0000000004bf5648]
Event: 22.791 Thread 0x000000001677a000 10992       3       com.sun.tools.javac.jvm.Code::emitop2 (683 bytes)
Event: 22.794 Thread 0x000000001677a000 nmethod 10992 0x0000000004bf5ad0 code [0x0000000004bf6020, 0x0000000004bf8a28]

GC Heap History (10 events):
Event: 9.084 GC heap before
{Heap before GC invocations=11 (full 2):
 PSYoungGen      total 166400K, used 153600K [0x00000000e0000000, 0x00000000eb980000, 0x0000000100000000)
  eden space 153600K, 100% used [0x00000000e0000000,0x00000000e9600000,0x00000000e9600000)
  from space 12800K, 0% used [0x00000000ea200000,0x00000000ea200000,0x00000000eae80000)
  to   space 12288K, 0% used [0x00000000e9600000,0x00000000e9600000,0x00000000ea200000)
 ParOldGen       total 106496K, used 15029K [0x00000000a0000000, 0x00000000a6800000, 0x00000000e0000000)
  object space 106496K, 14% used [0x00000000a0000000,0x00000000a0ead788,0x00000000a6800000)
 Metaspace       used 47141K, capacity 48558K, committed 48680K, reserved 1091584K
  class space    used 6344K, capacity 6685K, committed 6704K, reserved 1048576K
Event: 9.105 GC heap after
Heap after GC invocations=11 (full 2):
 PSYoungGen      total 165888K, used 12270K [0x00000000e0000000, 0x00000000ee200000, 0x0000000100000000)
  eden space 153600K, 0% used [0x00000000e0000000,0x00000000e0000000,0x00000000e9600000)
  from space 12288K, 99% used [0x00000000e9600000,0x00000000ea1fb968,0x00000000ea200000)
  to   space 16384K, 0% used [0x00000000ed200000,0x00000000ed200000,0x00000000ee200000)
 ParOldGen       total 106496K, used 21938K [0x00000000a0000000, 0x00000000a6800000, 0x00000000e0000000)
  object space 106496K, 20% used [0x00000000a0000000,0x00000000a156c958,0x00000000a6800000)
 Metaspace       used 47141K, capacity 48558K, committed 48680K, reserved 1091584K
  class space    used 6344K, capacity 6685K, committed 6704K, reserved 1048576K
}
Event: 10.968 GC heap before
{Heap before GC invocations=12 (full 2):
 PSYoungGen      total 165888K, used 132561K [0x00000000e0000000, 0x00000000ee200000, 0x0000000100000000)
  eden space 153600K, 78% used [0x00000000e0000000,0x00000000e7578df0,0x00000000e9600000)
  from space 12288K, 99% used [0x00000000e9600000,0x00000000ea1fb968,0x00000000ea200000)
  to   space 16384K, 0% used [0x00000000ed200000,0x00000000ed200000,0x00000000ee200000)
 ParOldGen       total 106496K, used 21938K [0x00000000a0000000, 0x00000000a6800000, 0x00000000e0000000)
  object space 106496K, 20% used [0x00000000a0000000,0x00000000a156c958,0x00000000a6800000)
 Metaspace       used 57160K, capacity 59076K, committed 59160K, reserved 1099776K
  class space    used 7834K, capacity 8309K, committed 8368K, reserved 1048576K
Event: 11.000 GC heap after
Heap after GC invocations=12 (full 2):
 PSYoungGen      total 210944K, used 16359K [0x00000000e0000000, 0x00000000ee780000, 0x0000000100000000)
  eden space 194560K, 0% used [0x00000000e0000000,0x00000000e0000000,0x00000000ebe00000)
  from space 16384K, 99% used [0x00000000ed200000,0x00000000ee1f9ef8,0x00000000ee200000)
  to   space 20480K, 0% used [0x00000000ebe00000,0x00000000ebe00000,0x00000000ed200000)
 ParOldGen       total 106496K, used 27844K [0x00000000a0000000, 0x00000000a6800000, 0x00000000e0000000)
  object space 106496K, 26% used [0x00000000a0000000,0x00000000a1b31128,0x00000000a6800000)
 Metaspace       used 57160K, capacity 59076K, committed 59160K, reserved 1099776K
  class space    used 7834K, capacity 8309K, committed 8368K, reserved 1048576K
}
Event: 11.000 GC heap before
{Heap before GC invocations=13 (full 3):
 PSYoungGen      total 210944K, used 16359K [0x00000000e0000000, 0x00000000ee780000, 0x0000000100000000)
  eden space 194560K, 0% used [0x00000000e0000000,0x00000000e0000000,0x00000000ebe00000)
  from space 16384K, 99% used [0x00000000ed200000,0x00000000ee1f9ef8,0x00000000ee200000)
  to   space 20480K, 0% used [0x00000000ebe00000,0x00000000ebe00000,0x00000000ed200000)
 ParOldGen       total 106496K, used 27844K [0x00000000a0000000, 0x00000000a6800000, 0x00000000e0000000)
  object space 106496K, 26% used [0x00000000a0000000,0x00000000a1b31128,0x00000000a6800000)
 Metaspace       used 57160K, capacity 59076K, committed 59160K, reserved 1099776K
  class space    used 7834K, capacity 8309K, committed 8368K, reserved 1048576K
Event: 11.286 GC heap after
Heap after GC invocations=13 (full 3):
 PSYoungGen      total 210944K, used 0K [0x00000000e0000000, 0x00000000ee780000, 0x0000000100000000)
  eden space 194560K, 0% used [0x00000000e0000000,0x00000000e0000000,0x00000000ebe00000)
  from space 16384K, 0% used [0x00000000ed200000,0x00000000ed200000,0x00000000ee200000)
  to   space 20480K, 0% used [0x00000000ebe00000,0x00000000ebe00000,0x00000000ed200000)
 ParOldGen       total 162816K, used 34122K [0x00000000a0000000, 0x00000000a9f00000, 0x00000000e0000000)
  object space 162816K, 20% used [0x00000000a0000000,0x00000000a2152b90,0x00000000a9f00000)
 Metaspace       used 57149K, capacity 59040K, committed 59160K, reserved 1099776K
  class space    used 7831K, capacity 8303K, committed 8368K, reserved 1048576K
}
Event: 15.283 GC heap before
{Heap before GC invocations=14 (full 3):
 PSYoungGen      total 210944K, used 194560K [0x00000000e0000000, 0x00000000ee780000, 0x0000000100000000)
  eden space 194560K, 100% used [0x00000000e0000000,0x00000000ebe00000,0x00000000ebe00000)
  from space 16384K, 0% used [0x00000000ed200000,0x00000000ed200000,0x00000000ee200000)
  to   space 20480K, 0% used [0x00000000ebe00000,0x00000000ebe00000,0x00000000ed200000)
 ParOldGen       total 162816K, used 34122K [0x00000000a0000000, 0x00000000a9f00000, 0x00000000e0000000)
  object space 162816K, 20% used [0x00000000a0000000,0x00000000a2152b90,0x00000000a9f00000)
 Metaspace       used 63136K, capacity 65850K, committed 66088K, reserved 1105920K
  class space    used 8670K, capacity 9228K, committed 9264K, reserved 1048576K
Event: 15.313 GC heap after
Heap after GC invocations=14 (full 3):
 PSYoungGen      total 215040K, used 15444K [0x00000000e0000000, 0x00000000f0f00000, 0x0000000100000000)
  eden space 194560K, 0% used [0x00000000e0000000,0x00000000e0000000,0x00000000ebe00000)
  from space 20480K, 75% used [0x00000000ebe00000,0x00000000ecd15000,0x00000000ed200000)
  to   space 21504K, 0% used [0x00000000efa00000,0x00000000efa00000,0x00000000f0f00000)
 ParOldGen       total 162816K, used 34130K [0x00000000a0000000, 0x00000000a9f00000, 0x00000000e0000000)
  object space 162816K, 20% used [0x00000000a0000000,0x00000000a2154b90,0x00000000a9f00000)
 Metaspace       used 63136K, capacity 65850K, committed 66088K, reserved 1105920K
  class space    used 8670K, capacity 9228K, committed 9264K, reserved 1048576K
}
Event: 21.270 GC heap before
{Heap before GC invocations=15 (full 3):
 PSYoungGen      total 215040K, used 210004K [0x00000000e0000000, 0x00000000f0f00000, 0x0000000100000000)
  eden space 194560K, 100% used [0x00000000e0000000,0x00000000ebe00000,0x00000000ebe00000)
  from space 20480K, 75% used [0x00000000ebe00000,0x00000000ecd15000,0x00000000ed200000)
  to   space 21504K, 0% used [0x00000000efa00000,0x00000000efa00000,0x00000000f0f00000)
 ParOldGen       total 162816K, used 34130K [0x00000000a0000000, 0x00000000a9f00000, 0x00000000e0000000)
  object space 162816K, 20% used [0x00000000a0000000,0x00000000a2154b90,0x00000000a9f00000)
 Metaspace       used 72510K, capacity 75504K, committed 75688K, reserved 1114112K
  class space    used 9794K, capacity 10375K, committed 10416K, reserved 1048576K
Event: 21.344 GC heap after
Heap after GC invocations=15 (full 3):
 PSYoungGen      total 249344K, used 21493K [0x00000000e0000000, 0x00000000f1980000, 0x0000000100000000)
  eden space 227840K, 0% used [0x00000000e0000000,0x00000000e0000000,0x00000000ede80000)
  from space 21504K, 99% used [0x00000000efa00000,0x00000000f0efd5a8,0x00000000f0f00000)
  to   space 28160K, 0% used [0x00000000ede80000,0x00000000ede80000,0x00000000efa00000)
 ParOldGen       total 162816K, used 44505K [0x00000000a0000000, 0x00000000a9f00000, 0x00000000e0000000)
  object space 162816K, 27% used [0x00000000a0000000,0x00000000a2b764c0,0x00000000a9f00000)
 Metaspace       used 72510K, capacity 75504K, committed 75688K, reserved 1114112K
  class space    used 9794K, capacity 10375K, committed 10416K, reserved 1048576K
}

Deoptimization events (10 events):
Event: 21.659 Thread 0x000000001faa5800 Uncommon trap: reason=unstable_if action=reinterpret pc=0x00000000032a0750 method=com.sun.tools.javac.code.Types$18.visitClassType(Lcom/sun/tools/javac/code/Type$ClassType;Ljava/lang/Void;)Lcom/sun/tools/javac/code/Type; @ 43
Event: 21.716 Thread 0x000000001faa5800 Uncommon trap: reason=unstable_if action=reinterpret pc=0x0000000003d40ad4 method=com.sun.tools.javac.code.Scope.enter(Lcom/sun/tools/javac/code/Symbol;Lcom/sun/tools/javac/code/Scope;Lcom/sun/tools/javac/code/Scope;Z)V @ 116
Event: 21.844 Thread 0x000000001faa5800 Uncommon trap: reason=unstable_if action=reinterpret pc=0x0000000004772c94 method=com.sun.tools.javac.util.Convert.chars2utf([CI[BII)I @ 35
Event: 21.909 Thread 0x000000001faa5800 Uncommon trap: reason=unloaded action=reinterpret pc=0x000000000429e268 method=com.sun.tools.javac.jvm.ClassReader.readPool(I)Ljava/lang/Object; @ 436
Event: 21.943 Thread 0x000000001faa5800 Uncommon trap: reason=unstable_if action=reinterpret pc=0x0000000004825518 method=com.sun.tools.javac.util.ListBuffer.append(Ljava/lang/Object;)Lcom/sun/tools/javac/util/ListBuffer; @ 9
Event: 21.963 Thread 0x000000001faa5800 Uncommon trap: reason=unstable_if action=reinterpret pc=0x00000000049278c0 method=com.sun.tools.javac.code.Types.isSameType(Lcom/sun/tools/javac/code/Type;Lcom/sun/tools/javac/code/Type;Z)Z @ 1
Event: 22.103 Thread 0x000000001faa5800 Uncommon trap: reason=class_check action=maybe_recompile pc=0x00000000049f94f4 method=com.sun.tools.javac.code.Types$SameTypeVisitor.visitType(Lcom/sun/tools/javac/code/Type;Lcom/sun/tools/javac/code/Type;)Ljava/lang/Boolean; @ 31
Event: 22.298 Thread 0x000000001faa5800 Uncommon trap: reason=unstable_if action=reinterpret pc=0x00000000049ef664 method=com.sun.tools.javac.comp.Resolve.findImmediateMemberType(Lcom/sun/tools/javac/comp/Env;Lcom/sun/tools/javac/code/Type;Lcom/sun/tools/javac/util/Name;Lcom/sun/tools/javac/cod
Event: 22.312 Thread 0x000000001faa5800 Uncommon trap: reason=unstable_if action=reinterpret pc=0x00000000049d1318 method=com.sun.tools.javac.comp.Resolve.findImmediateMemberType(Lcom/sun/tools/javac/comp/Env;Lcom/sun/tools/javac/code/Type;Lcom/sun/tools/javac/util/Name;Lcom/sun/tools/javac/cod
Event: 22.593 Thread 0x000000001faa5800 Uncommon trap: reason=unstable_if action=reinterpret pc=0x000000000435bd4c method=com.sun.tools.javac.code.Types$18.visitClassType(Lcom/sun/tools/javac/code/Type$ClassType;Ljava/lang/Void;)Lcom/sun/tools/javac/code/Type; @ 43

Classes redefined (0 events):
No events

Internal exceptions (10 events):
Event: 18.565 Thread 0x000000001faa5800 Exception <a 'sun/nio/fs/WindowsException'> (0x00000000e7497a08) thrown at [C:\src\AOSP-openjdk-git\hotspot\src\share\vm\prims\jni.cpp, line 710]
Event: 18.566 Thread 0x000000001faa5800 Exception <a 'sun/nio/fs/WindowsException'> (0x00000000e7498680) thrown at [C:\src\AOSP-openjdk-git\hotspot\src\share\vm\prims\jni.cpp, line 710]
Event: 18.566 Thread 0x000000001faa5800 Exception <a 'sun/nio/fs/WindowsException'> (0x00000000e74996d0) thrown at [C:\src\AOSP-openjdk-git\hotspot\src\share\vm\prims\jni.cpp, line 710]
Event: 18.569 Thread 0x000000001faa5800 Exception <a 'sun/nio/fs/WindowsException'> (0x00000000e74a1348) thrown at [C:\src\AOSP-openjdk-git\hotspot\src\share\vm\prims\jni.cpp, line 710]
Event: 18.569 Thread 0x000000001faa5800 Exception <a 'sun/nio/fs/WindowsException'> (0x00000000e74a2008) thrown at [C:\src\AOSP-openjdk-git\hotspot\src\share\vm\prims\jni.cpp, line 710]
Event: 18.569 Thread 0x000000001faa5800 Exception <a 'sun/nio/fs/WindowsException'> (0x00000000e74a2d38) thrown at [C:\src\AOSP-openjdk-git\hotspot\src\share\vm\prims\jni.cpp, line 710]
Event: 18.570 Thread 0x000000001faa5800 Exception <a 'sun/nio/fs/WindowsException'> (0x00000000e74a4d68) thrown at [C:\src\AOSP-openjdk-git\hotspot\src\share\vm\prims\jni.cpp, line 710]
Event: 18.570 Thread 0x000000001faa5800 Exception <a 'sun/nio/fs/WindowsException'> (0x00000000e74a5a38) thrown at [C:\src\AOSP-openjdk-git\hotspot\src\share\vm\prims\jni.cpp, line 710]
Event: 18.570 Thread 0x000000001faa5800 Exception <a 'sun/nio/fs/WindowsException'> (0x00000000e74a6778) thrown at [C:\src\AOSP-openjdk-git\hotspot\src\share\vm\prims\jni.cpp, line 710]
Event: 20.960 Thread 0x000000001faa5800 Implicit null exception at 0x0000000004702f8c to 0x0000000004703002

Events (10 events):
Event: 22.550 Executing VM operation: ForceSafepoint done
Event: 22.552 loading class com/sun/tools/javac/comp/Flow$BaseAnalyzer$JumpKind
Event: 22.552 loading class com/sun/tools/javac/comp/Flow$BaseAnalyzer$JumpKind done
Event: 22.552 loading class com/sun/tools/javac/comp/Flow$BaseAnalyzer$JumpKind$1
Event: 22.552 loading class com/sun/tools/javac/comp/Flow$BaseAnalyzer$JumpKind$1 done
Event: 22.552 loading class com/sun/tools/javac/comp/Flow$BaseAnalyzer$JumpKind$2
Event: 22.552 loading class com/sun/tools/javac/comp/Flow$BaseAnalyzer$JumpKind$2 done
Event: 22.593 Thread 0x000000001faa5800 Uncommon trap: trap_request=0xffffff65 fr.pc=0x000000000435bd4c
Event: 22.593 Thread 0x000000001faa5800 DEOPT PACKING pc=0x000000000435bd4c sp=0x0000000023e5a2c0
Event: 22.593 Thread 0x000000001faa5800 DEOPT UNPACKING pc=0x0000000002e3557b sp=0x0000000023e5a128 mode 2


Dynamic libraries:
0x00007ff70dc20000 - 0x00007ff70dc51000 	C:\Program Files\Android\Android Studio\jre\bin\java.exe
0x00007ffec5380000 - 0x00007ffec5570000 	C:\WINDOWS\SYSTEM32\ntdll.dll
0x00007ffec3430000 - 0x00007ffec34e2000 	C:\WINDOWS\System32\KERNEL32.DLL
0x00007ffec23b0000 - 0x00007ffec2655000 	C:\WINDOWS\System32\KERNELBASE.dll
0x00007ffec51b0000 - 0x00007ffec5253000 	C:\WINDOWS\System32\ADVAPI32.dll
0x00007ffec3890000 - 0x00007ffec392e000 	C:\WINDOWS\System32\msvcrt.dll
0x00007ffec48c0000 - 0x00007ffec4957000 	C:\WINDOWS\System32\sechost.dll
0x00007ffec4c80000 - 0x00007ffec4da0000 	C:\WINDOWS\System32\RPCRT4.dll
0x00007ffec39a0000 - 0x00007ffec3b35000 	C:\WINDOWS\System32\USER32.dll
0x00007ffec2310000 - 0x00007ffec2331000 	C:\WINDOWS\System32\win32u.dll
0x00007ffec4af0000 - 0x00007ffec4b16000 	C:\WINDOWS\System32\GDI32.dll
0x00007ffec2b10000 - 0x00007ffec2ca6000 	C:\WINDOWS\System32\gdi32full.dll
0x00007ffec2660000 - 0x00007ffec26fe000 	C:\WINDOWS\System32\msvcp_win.dll
0x00007ffec2980000 - 0x00007ffec2a7a000 	C:\WINDOWS\System32\ucrtbase.dll
0x00007ffeb09e0000 - 0x00007ffeb0c64000 	C:\WINDOWS\WinSxS\amd64_microsoft.windows.common-controls_6595b64144ccf1df_6.0.18362.1082_none_9e8193e1e45b25c1\COMCTL32.dll
0x00007ffec34f0000 - 0x00007ffec3825000 	C:\WINDOWS\System32\combase.dll
0x00007ffec27b0000 - 0x00007ffec2830000 	C:\WINDOWS\System32\bcryptPrimitives.dll
0x00007ffec50a0000 - 0x00007ffec50ce000 	C:\WINDOWS\System32\IMM32.DLL
0x0000000052cc0000 - 0x0000000052d92000 	C:\Program Files\Android\Android Studio\jre\jre\bin\msvcr100.dll
0x00000000777b0000 - 0x0000000077ffb000 	C:\Program Files\Android\Android Studio\jre\jre\bin\server\jvm.dll
0x00007ffec50d0000 - 0x00007ffec50d8000 	C:\WINDOWS\System32\PSAPI.DLL
0x00007ffeb99b0000 - 0x00007ffeb99d4000 	C:\WINDOWS\SYSTEM32\WINMM.dll
0x00007ffeab6f0000 - 0x00007ffeab6f9000 	C:\WINDOWS\SYSTEM32\WSOCK32.dll
0x00007ffec5260000 - 0x00007ffec52cf000 	C:\WINDOWS\System32\WS2_32.dll
0x00007ffeba880000 - 0x00007ffeba88a000 	C:\WINDOWS\SYSTEM32\VERSION.dll
0x00007ffeb9910000 - 0x00007ffeb993d000 	C:\WINDOWS\SYSTEM32\winmmbase.dll
0x00007ffec2360000 - 0x00007ffec23aa000 	C:\WINDOWS\System32\cfgmgr32.dll
0x00007ffebece0000 - 0x00007ffebecef000 	C:\Program Files\Android\Android Studio\jre\jre\bin\verify.dll
0x00007ffeb0cd0000 - 0x00007ffeb0cf9000 	C:\Program Files\Android\Android Studio\jre\jre\bin\java.dll
0x00007ffebecc0000 - 0x00007ffebecd6000 	C:\Program Files\Android\Android Studio\jre\jre\bin\zip.dll
0x00007ffec3ba0000 - 0x00007ffec4287000 	C:\WINDOWS\System32\SHELL32.dll
0x00007ffec4a30000 - 0x00007ffec4ad9000 	C:\WINDOWS\System32\shcore.dll
0x00007ffec2cb0000 - 0x00007ffec3430000 	C:\WINDOWS\System32\windows.storage.dll
0x00007ffec22e0000 - 0x00007ffec2303000 	C:\WINDOWS\System32\profapi.dll
0x00007ffec2290000 - 0x00007ffec22da000 	C:\WINDOWS\System32\powrprof.dll
0x00007ffec2240000 - 0x00007ffec2250000 	C:\WINDOWS\System32\UMPDC.dll
0x00007ffec3830000 - 0x00007ffec3882000 	C:\WINDOWS\System32\shlwapi.dll
0x00007ffec2270000 - 0x00007ffec2281000 	C:\WINDOWS\System32\kernel.appcore.dll
0x00007ffec2340000 - 0x00007ffec2357000 	C:\WINDOWS\System32\cryptsp.dll
0x00007ffeb0930000 - 0x00007ffeb094a000 	C:\Program Files\Android\Android Studio\jre\jre\bin\net.dll
0x00007ffec1a90000 - 0x00007ffec1af7000 	C:\WINDOWS\system32\mswsock.dll
0x00007ffeb0910000 - 0x00007ffeb0923000 	C:\Program Files\Android\Android Studio\jre\jre\bin\nio.dll
0x00007ffeb6100000 - 0x00007ffeb6126000 	C:\Users\Sezgin\.gradle\native\31\windows-amd64\native-platform.dll
0x00007ffeb0900000 - 0x00007ffeb090d000 	C:\Program Files\Android\Android Studio\jre\jre\bin\management.dll
0x00007ffec1600000 - 0x00007ffec1633000 	C:\WINDOWS\system32\rsaenh.dll
0x00007ffec2ae0000 - 0x00007ffec2b06000 	C:\WINDOWS\System32\bcrypt.dll
0x00007ffec2160000 - 0x00007ffec2185000 	C:\WINDOWS\SYSTEM32\USERENV.dll
0x00007ffec1c60000 - 0x00007ffec1c6c000 	C:\WINDOWS\SYSTEM32\CRYPTBASE.dll
0x00007ffec17a0000 - 0x00007ffec17da000 	C:\WINDOWS\SYSTEM32\IPHLPAPI.DLL
0x00007ffec5330000 - 0x00007ffec5338000 	C:\WINDOWS\System32\NSI.dll
0x00007ffebb3d0000 - 0x00007ffebb3e6000 	C:\WINDOWS\SYSTEM32\dhcpcsvc6.DLL
0x00007ffebb3b0000 - 0x00007ffebb3cc000 	C:\WINDOWS\SYSTEM32\dhcpcsvc.DLL
0x00007ffec17e0000 - 0x00007ffec18ab000 	C:\WINDOWS\SYSTEM32\DNSAPI.dll

VM Arguments:
jvm_args: -Xmx1536m -Dfile.encoding=windows-1254 -Duser.country=TR -Duser.language=tr -Duser.variant 
java_command: org.gradle.launcher.daemon.bootstrap.GradleDaemon 6.1.1
java_class_path (initial): C:\Users\Sezgin\.gradle\wrapper\dists\gradle-6.1.1-all\cfmwm155h49vnt3hynmlrsdst\gradle-6.1.1\lib\gradle-launcher-6.1.1.jar
Launcher Type: SUN_STANDARD

Environment Variables:
USERNAME=Sezgin
OS=Windows_NT
PROCESSOR_IDENTIFIER=Intel64 Family 6 Model 69 Stepping 1, GenuineIntel



---------------  S Y S T E M  ---------------

OS: Windows 10.0 , 64 bit Build 18362 (10.0.18362.1082)

CPU:total 4 (initial active 4) (2 cores per cpu, 2 threads per core) family 6 model 69 stepping 1, cmov, cx8, fxsr, mmx, sse, sse2, sse3, ssse3, sse4.1, sse4.2, popcnt, avx, avx2, aes, clmul, erms, lzcnt, ht, tsc, tscinvbit, bmi1, bmi2

Memory: 4k page, physical 12472600k(1214064k free), swap 12472600k(5340k free)

vm_info: OpenJDK 64-Bit Server VM (25.242-b01) for windows-amd64 JRE (1.8.0_242-release-1644-b01), built by "builder" with MS VC++ 10.0 (VS2010)

time: Fri Oct 02 10:04:33 2020
timezone: Türkiye Standart Saati
elapsed time: 22 seconds (0d 0h 0m 22s)

