#
# There is insufficient memory for the Java Runtime Environment to continue.
# Native memory allocation (malloc) failed to allocate 32744 bytes for ChunkPool::allocate
# Possible reasons:
#   The system is out of physical RAM or swap space
#   The process is running with CompressedOops enabled, and the Java Heap may be blocking the growth of the native heap
# Possible solutions:
#   Reduce memory load on the system
#   Increase physical memory or swap space
#   Check if swap backing store is full
#   Decrease Java heap size (-Xmx/-Xms)
#   Decrease number of Java threads
#   Decrease Java thread stack sizes (-Xss)
#   Set larger code cache with -XX:ReservedCodeCacheSize=
#   JVM is running with Unscaled Compressed Oops mode in which the Java heap is
#     placed in the first 4GB address space. The Java Heap base address is the
#     maximum limit for the native heap growth. Please use -XX:HeapBaseMinAddress
#     to set the Java Heap base and to place the Java Heap above 4GB virtual address.
# This output file may be truncated or incomplete.
#
#  Out of Memory Error (allocation.cpp:272), pid=10028, tid=0x000000000000420c
#
# JRE version: OpenJDK Runtime Environment (8.0_242-b01) (build 1.8.0_242-release-1644-b01)
# Java VM: OpenJDK 64-Bit Server VM (25.242-b01 mixed mode windows-amd64 compressed oops)
# Failed to write core dump. Minidumps are not enabled by default on client versions of Windows
#

---------------  T H R E A D  ---------------

Current thread (0x00000000187b5800):  JavaThread "Daemon worker" [_thread_in_vm, id=16908, stack(0x000000001b6a0000,0x000000001b7a0000)]

Stack: [0x000000001b6a0000,0x000000001b7a0000]
[error occurred during error reporting (printing stack bounds), id 0xc0000005]

Native frames: (J=compiled Java code, j=interpreted, Vv=VM code, C=native code)

Java frames: (J=compiled Java code, j=interpreted, Vv=VM code)
J 866  java.lang.ClassLoader.defineClass1(Ljava/lang/String;[BIILjava/security/ProtectionDomain;Ljava/lang/String;)Ljava/lang/Class; (0 bytes) @ 0x0000000002abd1df [0x0000000002abd140+0x9f]
J 669 C1 java.lang.ClassLoader.defineClass(Ljava/lang/String;[BIILjava/security/ProtectionDomain;)Ljava/lang/Class; (43 bytes) @ 0x0000000002a11fe4 [0x0000000002a11a00+0x5e4]
J 617 C1 java.net.URLClassLoader.defineClass(Ljava/lang/String;Lsun/misc/Resource;)Ljava/lang/Class; (142 bytes) @ 0x00000000029f0be4 [0x00000000029ef080+0x1b64]
J 532 C1 java.net.URLClassLoader$1.run()Ljava/lang/Class; (63 bytes) @ 0x0000000002994614 [0x0000000002994360+0x2b4]
J 531 C1 java.net.URLClassLoader$1.run()Ljava/lang/Object; (5 bytes) @ 0x000000000298ec0c [0x000000000298eb80+0x8c]
v  ~StubRoutines::call_stub
J 450  java.security.AccessController.doPrivileged(Ljava/security/PrivilegedExceptionAction;Ljava/security/AccessControlContext;)Ljava/lang/Object; (0 bytes) @ 0x00000000029681e6 [0x0000000002968180+0x66]
J 1539 C2 java.net.URLClassLoader.findClass(Ljava/lang/String;)Ljava/lang/Class; (47 bytes) @ 0x0000000002cc73f0 [0x0000000002cc7360+0x90]
J 1478 C2 java.lang.ClassLoader.loadClass(Ljava/lang/String;Z)Ljava/lang/Class; (122 bytes) @ 0x0000000002ca3da0 [0x0000000002ca2d80+0x1020]
J 479 C1 java.lang.ClassLoader.loadClass(Ljava/lang/String;)Ljava/lang/Class; (7 bytes) @ 0x0000000002973bcc [0x0000000002973ac0+0x10c]
v  ~StubRoutines::call_stub
j  org.gradle.internal.service.scopes.ExecutionServices.registerGradleServices(Lorg/gradle/internal/service/ServiceRegistration;)V+1
j  org.gradle.internal.service.scopes.GradleScopeServices.lambda$new$0(Lorg/gradle/internal/service/ServiceRegistry;Lorg/gradle/internal/service/ServiceRegistration;)V+35
j  org.gradle.internal.service.scopes.GradleScopeServices$$Lambda$40.execute(Ljava/lang/Object;)V+8
j  org.gradle.internal.service.DefaultServiceRegistry.register(Lorg/gradle/api/Action;)V+9
j  org.gradle.internal.service.scopes.GradleScopeServices.<init>(Lorg/gradle/internal/service/ServiceRegistry;Lorg/gradle/api/internal/GradleInternal;)V+38
j  org.gradle.internal.service.scopes.BuildScopeServiceRegistryFactory.createFor(Ljava/lang/Object;)Lorg/gradle/internal/service/ServiceRegistry;+19
j  org.gradle.invocation.DefaultGradle.<init>(Lorg/gradle/api/internal/GradleInternal;Lorg/gradle/StartParameter;Lorg/gradle/internal/service/scopes/ServiceRegistryFactory;)V+35
j  org.gradle.invocation.DefaultGradle_Decorated.<init>(Lorg/gradle/api/internal/GradleInternal;Lorg/gradle/StartParameter;Lorg/gradle/internal/service/scopes/ServiceRegistryFactory;)V+4
v  ~StubRoutines::call_stub
j  sun.reflect.NativeConstructorAccessorImpl.newInstance0(Ljava/lang/reflect/Constructor;[Ljava/lang/Object;)Ljava/lang/Object;+0
j  sun.reflect.NativeConstructorAccessorImpl.newInstance([Ljava/lang/Object;)Ljava/lang/Object;+85
j  sun.reflect.DelegatingConstructorAccessorImpl.newInstance([Ljava/lang/Object;)Ljava/lang/Object;+5
j  java.lang.reflect.Constructor.newInstance([Ljava/lang/Object;)Ljava/lang/Object;+79
j  org.gradle.internal.instantiation.generator.AsmBackedClassGenerator$InvokeConstructorStrategy.newInstance(Lorg/gradle/internal/service/ServiceLookup;Lorg/gradle/internal/instantiation/InstanceGenerator;Lorg/gradle/api/Describable;[Ljava/lang/Object;)Ljava/lang/Object;+33
j  org.gradle.internal.instantiation.generator.AbstractClassGenerator$GeneratedClassImpl$GeneratedConstructorImpl.newInstance(Lorg/gradle/internal/service/ServiceLookup;Lorg/gradle/internal/instantiation/InstanceGenerator;Lorg/gradle/api/Describable;[Ljava/lang/Object;)Ljava/lang/Object;+9
j  org.gradle.internal.instantiation.generator.DependencyInjectingInstantiator.doCreate(Ljava/lang/Class;Lorg/gradle/api/Describable;[Ljava/lang/Object;)Ljava/lang/Object;+37
j  org.gradle.internal.instantiation.generator.DependencyInjectingInstantiator.newInstance(Ljava/lang/Class;[Ljava/lang/Object;)Ljava/lang/Object;+4
j  org.gradle.initialization.DefaultGradleLauncherFactory.doNewInstance(Lorg/gradle/api/internal/BuildDefinition;Lorg/gradle/internal/build/BuildState;Lorg/gradle/initialization/GradleLauncher;Lorg/gradle/internal/service/scopes/BuildTreeScopeServices;Ljava/util/List;)Lorg/gradle/initialization/DefaultGradleLauncher;+275
j  org.gradle.initialization.DefaultGradleLauncherFactory.newInstance(Lorg/gradle/api/internal/BuildDefinition;Lorg/gradle/internal/build/RootBuildState;Lorg/gradle/internal/service/scopes/BuildTreeScopeServices;)Lorg/gradle/initialization/GradleLauncher;+33
j  org.gradle.composite.internal.DefaultRootBuildState.<init>(Lorg/gradle/api/internal/BuildDefinition;Lorg/gradle/initialization/GradleLauncherFactory;Lorg/gradle/internal/event/ListenerManager;Lorg/gradle/internal/service/scopes/BuildTreeScopeServices;)V+15
j  org.gradle.composite.internal.DefaultIncludedBuildRegistry.createRootBuild(Lorg/gradle/api/internal/BuildDefinition;)Lorg/gradle/internal/build/RootBuildState;+35
j  org.gradle.launcher.exec.InProcessBuildActionExecuter.execute(Lorg/gradle/internal/invocation/BuildAction;Lorg/gradle/initialization/BuildRequestContext;Lorg/gradle/launcher/exec/BuildActionParameters;Lorg/gradle/internal/service/ServiceRegistry;)Lorg/gradle/launcher/exec/BuildActionResult;+61
j  org.gradle.launcher.exec.InProcessBuildActionExecuter.execute(Lorg/gradle/internal/invocation/BuildAction;Lorg/gradle/initialization/BuildRequestContext;Ljava/lang/Object;Lorg/gradle/internal/service/ServiceRegistry;)Lorg/gradle/launcher/exec/BuildActionResult;+9
j  org.gradle.launcher.exec.BuildTreeScopeBuildActionExecuter.execute(Lorg/gradle/internal/invocation/BuildAction;Lorg/gradle/initialization/BuildRequestContext;Lorg/gradle/launcher/exec/BuildActionParameters;Lorg/gradle/internal/service/ServiceRegistry;)Lorg/gradle/launcher/exec/BuildActionResult;+38
j  org.gradle.launcher.exec.BuildTreeScopeBuildActionExecuter.execute(Lorg/gradle/internal/invocation/BuildAction;Lorg/gradle/initialization/BuildRequestContext;Ljava/lang/Object;Lorg/gradle/internal/service/ServiceRegistry;)Lorg/gradle/launcher/exec/BuildActionResult;+9
j  org.gradle.tooling.internal.provider.ContinuousBuildActionExecuter.execute(Lorg/gradle/internal/invocation/BuildAction;Lorg/gradle/initialization/BuildRequestContext;Lorg/gradle/launcher/exec/BuildActionParameters;Lorg/gradle/internal/service/ServiceRegistry;)Lorg/gradle/launcher/exec/BuildActionResult;+58
j  org.gradle.tooling.internal.provider.ContinuousBuildActionExecuter.execute(Lorg/gradle/internal/invocation/BuildAction;Lorg/gradle/initialization/BuildRequestContext;Ljava/lang/Object;Lorg/gradle/internal/service/ServiceRegistry;)Lorg/gradle/launcher/exec/BuildActionResult;+9
j  org.gradle.tooling.internal.provider.SubscribableBuildActionExecuter.execute(Lorg/gradle/internal/invocation/BuildAction;Lorg/gradle/initialization/BuildRequestContext;Lorg/gradle/launcher/exec/BuildActionParameters;Lorg/gradle/internal/service/ServiceRegistry;)Lorg/gradle/launcher/exec/BuildActionResult;+41
j  org.gradle.tooling.internal.provider.SubscribableBuildActionExecuter.execute(Lorg/gradle/internal/invocation/BuildAction;Lorg/gradle/initialization/BuildRequestContext;Ljava/lang/Object;Lorg/gradle/internal/service/ServiceRegistry;)Lorg/gradle/launcher/exec/BuildActionResult;+9
j  org.gradle.tooling.internal.provider.SessionScopeBuildActionExecuter.execute(Lorg/gradle/internal/invocation/BuildAction;Lorg/gradle/initialization/BuildRequestContext;Lorg/gradle/launcher/exec/BuildActionParameters;Lorg/gradle/internal/service/ServiceRegistry;)Lorg/gradle/launcher/exec/BuildActionResult;+117
j  org.gradle.tooling.internal.provider.SessionScopeBuildActionExecuter.execute(Lorg/gradle/internal/invocation/BuildAction;Lorg/gradle/initialization/BuildRequestContext;Ljava/lang/Object;Lorg/gradle/internal/service/ServiceRegistry;)Lorg/gradle/launcher/exec/BuildActionResult;+9
j  org.gradle.tooling.internal.provider.GradleThreadBuildActionExecuter.execute(Lorg/gradle/internal/invocation/BuildAction;Lorg/gradle/initialization/BuildRequestContext;Lorg/gradle/launcher/exec/BuildActionParameters;Lorg/gradle/internal/service/ServiceRegistry;)Lorg/gradle/launcher/exec/BuildActionResult;+12
j  org.gradle.tooling.internal.provider.GradleThreadBuildActionExecuter.execute(Lorg/gradle/internal/invocation/BuildAction;Lorg/gradle/initialization/BuildRequestContext;Ljava/lang/Object;Lorg/gradle/internal/service/ServiceRegistry;)Lorg/gradle/launcher/exec/BuildActionResult;+9
j  org.gradle.tooling.internal.provider.ParallelismConfigurationBuildActionExecuter.execute(Lorg/gradle/internal/invocation/BuildAction;Lorg/gradle/initialization/BuildRequestContext;Lorg/gradle/launcher/exec/BuildActionParameters;Lorg/gradle/internal/service/ServiceRegistry;)Lorg/gradle/launcher/exec/BuildActionResult;+43
j  org.gradle.tooling.internal.provider.ParallelismConfigurationBuildActionExecuter.execute(Lorg/gradle/internal/invocation/BuildAction;Lorg/gradle/initialization/BuildRequestContext;Ljava/lang/Object;Lorg/gradle/internal/service/ServiceRegistry;)Lorg/gradle/launcher/exec/BuildActionResult;+9
j  org.gradle.tooling.internal.provider.StartParamsValidatingActionExecuter.execute(Lorg/gradle/internal/invocation/BuildAction;Lorg/gradle/initialization/BuildRequestContext;Lorg/gradle/launcher/exec/BuildActionParameters;Lorg/gradle/internal/service/ServiceRegistry;)Lorg/gradle/launcher/exec/BuildActionResult;+177
j  org.gradle.tooling.internal.provider.StartParamsValidatingActionExecuter.execute(Lorg/gradle/internal/invocation/BuildAction;Lorg/gradle/initialization/BuildRequestContext;Ljava/lang/Object;Lorg/gradle/internal/service/ServiceRegistry;)Lorg/gradle/launcher/exec/BuildActionResult;+9
j  org.gradle.tooling.internal.provider.SessionFailureReportingActionExecuter.execute(Lorg/gradle/internal/invocation/BuildAction;Lorg/gradle/initialization/BuildRequestContext;Lorg/gradle/launcher/exec/BuildActionParameters;Lorg/gradle/internal/service/ServiceRegistry;)Lorg/gradle/launcher/exec/BuildActionResult;+9
j  org.gradle.tooling.internal.provider.SessionFailureReportingActionExecuter.execute(Lorg/gradle/internal/invocation/BuildAction;Lorg/gradle/initialization/BuildRequestContext;Ljava/lang/Object;Lorg/gradle/internal/service/ServiceRegistry;)Lorg/gradle/launcher/exec/BuildActionResult;+9
j  org.gradle.tooling.internal.provider.SetupLoggingActionExecuter.execute(Lorg/gradle/internal/invocation/BuildAction;Lorg/gradle/initialization/BuildRequestContext;Lorg/gradle/launcher/exec/BuildActionParameters;Lorg/gradle/internal/service/ServiceRegistry;)Lorg/gradle/launcher/exec/BuildActionResult;+52
j  org.gradle.tooling.internal.provider.SetupLoggingActionExecuter.execute(Lorg/gradle/internal/invocation/BuildAction;Lorg/gradle/initialization/BuildRequestContext;Ljava/lang/Object;Lorg/gradle/internal/service/ServiceRegistry;)Lorg/gradle/launcher/exec/BuildActionResult;+9
j  org.gradle.launcher.daemon.server.exec.ExecuteBuild.doBuild(Lorg/gradle/launcher/daemon/server/api/DaemonCommandExecution;Lorg/gradle/launcher/daemon/protocol/Build;)V+118
j  org.gradle.launcher.daemon.server.exec.BuildCommandOnly.execute(Lorg/gradle/launcher/daemon/server/api/DaemonCommandExecution;)V+49
j  org.gradle.launcher.daemon.server.api.DaemonCommandExecution.proceed()Z+23
j  org.gradle.launcher.daemon.server.exec.WatchForDisconnection.execute(Lorg/gradle/launcher/daemon/server/api/DaemonCommandExecution;)V+19
j  org.gradle.launcher.daemon.server.api.DaemonCommandExecution.proceed()Z+23
j  org.gradle.launcher.daemon.server.exec.ResetDeprecationLogger.execute(Lorg/gradle/launcher/daemon/server/api/DaemonCommandExecution;)V+4
j  org.gradle.launcher.daemon.server.api.DaemonCommandExecution.proceed()Z+23
j  org.gradle.launcher.daemon.server.exec.RequestStopIfSingleUsedDaemon.execute(Lorg/gradle/launcher/daemon/server/api/DaemonCommandExecution;)V+33
j  org.gradle.launcher.daemon.server.api.DaemonCommandExecution.proceed()Z+23
j  org.gradle.launcher.daemon.server.exec.ForwardClientInput$2.create()Ljava/lang/Void;+4
j  org.gradle.launcher.daemon.server.exec.ForwardClientInput$2.create()Ljava/lang/Object;+1
j  org.gradle.util.Swapper.swap(Ljava/lang/Object;Lorg/gradle/internal/Factory;)Ljava/lang/Object;+21
j  org.gradle.launcher.daemon.server.exec.ForwardClientInput.execute(Lorg/gradle/launcher/daemon/server/api/DaemonCommandExecution;)V+63
j  org.gradle.launcher.daemon.server.api.DaemonCommandExecution.proceed()Z+23
j  org.gradle.launcher.daemon.server.exec.LogAndCheckHealth.execute(Lorg/gradle/launcher/daemon/server/api/DaemonCommandExecution;)V+28
j  org.gradle.launcher.daemon.server.api.DaemonCommandExecution.proceed()Z+23
j  org.gradle.launcher.daemon.server.exec.LogToClient.doBuild(Lorg/gradle/launcher/daemon/server/api/DaemonCommandExecution;Lorg/gradle/launcher/daemon/protocol/Build;)V+87
j  org.gradle.launcher.daemon.server.exec.BuildCommandOnly.execute(Lorg/gradle/launcher/daemon/server/api/DaemonCommandExecution;)V+49
j  org.gradle.launcher.daemon.server.api.DaemonCommandExecution.proceed()Z+23
j  org.gradle.launcher.daemon.server.exec.EstablishBuildEnvironment.doBuild(Lorg/gradle/launcher/daemon/server/api/DaemonCommandExecution;Lorg/gradle/launcher/daemon/protocol/Build;)V+351
j  org.gradle.launcher.daemon.server.exec.BuildCommandOnly.execute(Lorg/gradle/launcher/daemon/server/api/DaemonCommandExecution;)V+49
j  org.gradle.launcher.daemon.server.api.DaemonCommandExecution.proceed()Z+23
j  org.gradle.launcher.daemon.server.exec.StartBuildOrRespondWithBusy$1.run()V+44
j  org.gradle.launcher.daemon.server.DaemonStateCoordinator$1.run()V+4
j  org.gradle.internal.concurrent.ExecutorPolicy$CatchAndRecordFailures.onExecute(Ljava/lang/Runnable;)V+1
j  org.gradle.internal.concurrent.ManagedExecutorImpl$1.run()V+25
j  java.util.concurrent.ThreadPoolExecutor.runWorker(Ljava/util/concurrent/ThreadPoolExecutor$Worker;)V+95
j  java.util.concurrent.ThreadPoolExecutor$Worker.run()V+5
j  org.gradle.internal.concurrent.ThreadFactoryImpl$ManagedThreadRunnable.run()V+7
j  java.lang.Thread.run()V+11
v  ~StubRoutines::call_stub

---------------  P R O C E S S  ---------------

Java Threads: ( => current thread )
  0x0000000018dee800 JavaThread "Cache worker for file hash cache (C:\Users\Sezgin\Desktop\Android\MilkDoser\.gradle\6.1.1\fileHashes)" [_thread_blocked, id=6840, stack(0x000000001e770000,0x000000001e870000)]
  0x0000000018dec800 JavaThread "Cache worker for checksums cache (C:\Users\Sezgin\Desktop\Android\MilkDoser\.gradle\checksums)" [_thread_blocked, id=12156, stack(0x000000001fb30000,0x000000001fc30000)]
  0x0000000018deb000 JavaThread "Cache worker for file hash cache (C:\Users\Sezgin\.gradle\caches\6.1.1\fileHashes)" [_thread_blocked, id=8088, stack(0x000000001bea0000,0x000000001bfa0000)]
  0x0000000018deb800 JavaThread "File lock request listener" [_thread_in_native, id=12944, stack(0x000000001bda0000,0x000000001bea0000)]
  0x0000000017d18800 JavaThread "Cache worker for journal cache (C:\Users\Sezgin\.gradle\caches\journal-1)" [_thread_blocked, id=5156, stack(0x000000001bca0000,0x000000001bda0000)]
  0x0000000018295800 JavaThread "Thread-9" [_thread_blocked, id=14120, stack(0x000000001b9a0000,0x000000001baa0000)]
  0x0000000017b50800 JavaThread "Stdin handler" [_thread_blocked, id=14688, stack(0x000000001b8a0000,0x000000001b9a0000)]
  0x0000000017ddf000 JavaThread "Asynchronous log dispatcher for DefaultDaemonConnection: socket connection from /127.0.0.1:58664 to /127.0.0.1:58665" [_thread_blocked, id=12204, stack(0x000000001b7a0000,0x000000001b8a0000)]
=>0x00000000187b5800 JavaThread "Daemon worker" [_thread_in_vm, id=16908, stack(0x000000001b6a0000,0x000000001b7a0000)]
  0x0000000017c21800 JavaThread "Cancel handler" [_thread_blocked, id=16872, stack(0x000000001b5a0000,0x000000001b6a0000)]
  0x00000000189d6800 JavaThread "Handler for socket connection from /127.0.0.1:58664 to /127.0.0.1:58665" [_thread_in_native, id=9956, stack(0x000000001b2a0000,0x000000001b3a0000)]
  0x0000000019116800 JavaThread "Daemon" [_thread_blocked, id=16432, stack(0x000000001b1a0000,0x000000001b2a0000)]
  0x00000000189cc800 JavaThread "Daemon periodic checks" [_thread_blocked, id=13576, stack(0x000000001b0a0000,0x000000001b1a0000)]
  0x00000000189cb800 JavaThread "Incoming local TCP Connector on port 58664" [_thread_in_native, id=14752, stack(0x0000000018130000,0x0000000018230000)]
  0x0000000019b7f000 JavaThread "Daemon health stats" [_thread_blocked, id=11464, stack(0x0000000018030000,0x0000000018130000)]
  0x0000000017a68800 JavaThread "Service Thread" daemon [_thread_blocked, id=8012, stack(0x0000000017e30000,0x0000000017f30000)]
  0x00000000160fb800 JavaThread "C1 CompilerThread2" daemon [_thread_in_vm, id=8320, stack(0x0000000017930000,0x0000000017a30000)]
  0x00000000160ec000 JavaThread "C2 CompilerThread1" daemon [_thread_in_native, id=13612, stack(0x0000000017830000,0x0000000017930000)]
  0x00000000160e8000 JavaThread "C2 CompilerThread0" daemon [_thread_in_native, id=16736, stack(0x0000000017730000,0x0000000017830000)]
  0x00000000160e6800 JavaThread "Attach Listener" daemon [_thread_blocked, id=12252, stack(0x0000000017630000,0x0000000017730000)]
  0x00000000160e5000 JavaThread "Signal Dispatcher" daemon [_thread_blocked, id=10288, stack(0x0000000017530000,0x0000000017630000)]
  0x000000000276c000 JavaThread "Finalizer" daemon [_thread_blocked, id=5096, stack(0x0000000017340000,0x0000000017440000)]
  0x00000000160c9000 JavaThread "Reference Handler" daemon [_thread_blocked, id=7704, stack(0x0000000017240000,0x0000000017340000)]
  0x0000000002672800 JavaThread "main" [_thread_blocked, id=8540, stack(0x0000000002520000,0x0000000002620000)]

Other Threads:
  0x00000000160a7000 VMThread [stack: 0x0000000017140000,0x0000000017240000] [id=1884]
  0x0000000017a69000 WatcherThread [stack: 0x0000000017f30000,0x0000000018030000] [id=12188]

VM state:not at safepoint (normal execution)

VM Mutex/Monitor currently owned by a thread: None

heap address: 0x00000000a0000000, size: 1536 MB, Compressed Oops mode: 32-bit
Narrow klass base: 0x0000000000000000, Narrow klass shift: 3
Compressed class space size: 1073741824 Address: 0x0000000100000000

Heap:
 PSYoungGen      total 57344K, used 37035K [0x00000000e0000000, 0x00000000e4000000, 0x0000000100000000)
  eden space 49152K, 58% used [0x00000000e0000000,0x00000000e1c2f698,0x00000000e3000000)
  from space 8192K, 99% used [0x00000000e3000000,0x00000000e37fb580,0x00000000e3800000)
  to   space 8192K, 0% used [0x00000000e3800000,0x00000000e3800000,0x00000000e4000000)
 ParOldGen       total 131072K, used 429K [0x00000000a0000000, 0x00000000a8000000, 0x00000000e0000000)
  object space 131072K, 0% used [0x00000000a0000000,0x00000000a006b5b0,0x00000000a8000000)
 Metaspace       used 18793K, capacity 19366K, committed 19712K, reserved 1067008K
  class space    used 2585K, capacity 2775K, committed 2816K, reserved 1048576K

Card table byte_map: [0x0000000011b30000,0x0000000011e40000] byte_map_base: 0x0000000011630000

Marking Bits: (ParMarkBitMap*) 0x000000005aa6f030
 Begin Bits: [0x0000000012440000, 0x0000000013c40000)
 End Bits:   [0x0000000013c40000, 0x0000000015440000)

Polling page: 0x0000000000880000

CodeCache: size=245760Kb used=5935Kb max_used=5935Kb free=239824Kb
 bounds [0x0000000002770000, 0x0000000002d40000, 0x0000000011770000]
 total_blobs=2118 nmethods=1706 adapters=325
 compilation: enabled

Compilation events (10 events):
Event: 8.542 Thread 0x00000000160fb800 1748   !   3       sun.reflect.generics.factory.CoreReflectionFactory::makeNamedType (21 bytes)
Event: 8.542 Thread 0x00000000160fb800 nmethod 1748 0x0000000002d39f10 code [0x0000000002d3a0a0, 0x0000000002d3a368]
Event: 8.542 Thread 0x00000000160fb800 1749       3       sun.reflect.generics.factory.CoreReflectionFactory::getDeclsLoader (85 bytes)
Event: 8.544 Thread 0x00000000160fb800 nmethod 1749 0x0000000002d3a4d0 code [0x0000000002d3a820, 0x0000000002d3cad8]
Event: 8.544 Thread 0x00000000160fb800 1750       3       sun.reflect.generics.tree.ClassTypeSignature::accept (8 bytes)
Event: 8.544 Thread 0x00000000160fb800 nmethod 1750 0x0000000002d3d8d0 code [0x0000000002d3da40, 0x0000000002d3dc28]
Event: 8.544 Thread 0x00000000160fb800 1751       3       java.util.concurrent.locks.LockSupport::setBlocker (12 bytes)
Event: 8.545 Thread 0x00000000160fb800 nmethod 1751 0x0000000002d3dd10 code [0x0000000002d3de60, 0x0000000002d3dfb0]
Event: 8.546 Thread 0x00000000160fb800 1752       3       java.lang.invoke.LambdaForm$DMH/925858445::invokeStatic_LL_L (15 bytes)
Event: 8.547 Thread 0x00000000160fb800 nmethod 1752 0x0000000002d3e010 code [0x0000000002d3e1a0, 0x0000000002d3e738]

GC Heap History (6 events):
Event: 3.360 GC heap before
{Heap before GC invocations=1 (full 0):
 PSYoungGen      total 57344K, used 49152K [0x00000000e0000000, 0x00000000e4000000, 0x0000000100000000)
  eden space 49152K, 100% used [0x00000000e0000000,0x00000000e3000000,0x00000000e3000000)
  from space 8192K, 0% used [0x00000000e3800000,0x00000000e3800000,0x00000000e4000000)
  to   space 8192K, 0% used [0x00000000e3000000,0x00000000e3000000,0x00000000e3800000)
 ParOldGen       total 131072K, used 0K [0x00000000a0000000, 0x00000000a8000000, 0x00000000e0000000)
  object space 131072K, 0% used [0x00000000a0000000,0x00000000a0000000,0x00000000a8000000)
 Metaspace       used 7572K, capacity 7770K, committed 8064K, reserved 1056768K
  class space    used 925K, capacity 1034K, committed 1152K, reserved 1048576K
Event: 3.369 GC heap after
Heap after GC invocations=1 (full 0):
 PSYoungGen      total 57344K, used 4662K [0x00000000e0000000, 0x00000000e4000000, 0x0000000100000000)
  eden space 49152K, 0% used [0x00000000e0000000,0x00000000e0000000,0x00000000e3000000)
  from space 8192K, 56% used [0x00000000e3000000,0x00000000e348dae0,0x00000000e3800000)
  to   space 8192K, 0% used [0x00000000e3800000,0x00000000e3800000,0x00000000e4000000)
 ParOldGen       total 131072K, used 8K [0x00000000a0000000, 0x00000000a8000000, 0x00000000e0000000)
  object space 131072K, 0% used [0x00000000a0000000,0x00000000a0002000,0x00000000a8000000)
 Metaspace       used 7572K, capacity 7770K, committed 8064K, reserved 1056768K
  class space    used 925K, capacity 1034K, committed 1152K, reserved 1048576K
}
Event: 7.025 GC heap before
{Heap before GC invocations=2 (full 0):
 PSYoungGen      total 57344K, used 53814K [0x00000000e0000000, 0x00000000e4000000, 0x0000000100000000)
  eden space 49152K, 100% used [0x00000000e0000000,0x00000000e3000000,0x00000000e3000000)
  from space 8192K, 56% used [0x00000000e3000000,0x00000000e348dae0,0x00000000e3800000)
  to   space 8192K, 0% used [0x00000000e3800000,0x00000000e3800000,0x00000000e4000000)
 ParOldGen       total 131072K, used 8K [0x00000000a0000000, 0x00000000a8000000, 0x00000000e0000000)
  object space 131072K, 0% used [0x00000000a0000000,0x00000000a0002000,0x00000000a8000000)
 Metaspace       used 11871K, capacity 12142K, committed 12288K, reserved 1060864K
  class space    used 1570K, capacity 1691K, committed 1792K, reserved 1048576K
Event: 7.037 GC heap after
Heap after GC invocations=2 (full 0):
 PSYoungGen      total 57344K, used 6493K [0x00000000e0000000, 0x00000000e4000000, 0x0000000100000000)
  eden space 49152K, 0% used [0x00000000e0000000,0x00000000e0000000,0x00000000e3000000)
  from space 8192K, 79% used [0x00000000e3800000,0x00000000e3e57780,0x00000000e4000000)
  to   space 8192K, 0% used [0x00000000e3000000,0x00000000e3000000,0x00000000e3800000)
 ParOldGen       total 131072K, used 16K [0x00000000a0000000, 0x00000000a8000000, 0x00000000e0000000)
  object space 131072K, 0% used [0x00000000a0000000,0x00000000a0004000,0x00000000a8000000)
 Metaspace       used 11871K, capacity 12142K, committed 12288K, reserved 1060864K
  class space    used 1570K, capacity 1691K, committed 1792K, reserved 1048576K
}
Event: 8.052 GC heap before
{Heap before GC invocations=3 (full 0):
 PSYoungGen      total 57344K, used 55645K [0x00000000e0000000, 0x00000000e4000000, 0x0000000100000000)
  eden space 49152K, 100% used [0x00000000e0000000,0x00000000e3000000,0x00000000e3000000)
  from space 8192K, 79% used [0x00000000e3800000,0x00000000e3e57780,0x00000000e4000000)
  to   space 8192K, 0% used [0x00000000e3000000,0x00000000e3000000,0x00000000e3800000)
 ParOldGen       total 131072K, used 16K [0x00000000a0000000, 0x00000000a8000000, 0x00000000e0000000)
  object space 131072K, 0% used [0x00000000a0000000,0x00000000a0004000,0x00000000a8000000)
 Metaspace       used 15781K, capacity 16254K, committed 16512K, reserved 1062912K
  class space    used 2131K, capacity 2321K, committed 2432K, reserved 1048576K
Event: 8.064 GC heap after
Heap after GC invocations=3 (full 0):
 PSYoungGen      total 57344K, used 8173K [0x00000000e0000000, 0x00000000e4000000, 0x0000000100000000)
  eden space 49152K, 0% used [0x00000000e0000000,0x00000000e0000000,0x00000000e3000000)
  from space 8192K, 99% used [0x00000000e3000000,0x00000000e37fb580,0x00000000e3800000)
  to   space 8192K, 0% used [0x00000000e3800000,0x00000000e3800000,0x00000000e4000000)
 ParOldGen       total 131072K, used 429K [0x00000000a0000000, 0x00000000a8000000, 0x00000000e0000000)
  object space 131072K, 0% used [0x00000000a0000000,0x00000000a006b5b0,0x00000000a8000000)
 Metaspace       used 15781K, capacity 16254K, committed 16512K, reserved 1062912K
  class space    used 2131K, capacity 2321K, committed 2432K, reserved 1048576K
}

Deoptimization events (10 events):
Event: 7.020 Thread 0x00000000189d6800 Uncommon trap: reason=unstable_if action=reinterpret pc=0x0000000002aa9e5c method=java.lang.String.substring(I)Ljava/lang/String; @ 35
Event: 7.108 Thread 0x00000000187b5800 Uncommon trap: reason=bimorphic action=maybe_recompile pc=0x0000000002a42e0c method=java.util.HashMap.putVal(ILjava/lang/Object;Ljava/lang/Object;ZZ)Ljava/lang/Object; @ 253
Event: 7.108 Thread 0x00000000187b5800 Uncommon trap: reason=bimorphic action=maybe_recompile pc=0x0000000002a42e0c method=java.util.HashMap.putVal(ILjava/lang/Object;Ljava/lang/Object;ZZ)Ljava/lang/Object; @ 253
Event: 7.108 Thread 0x00000000187b5800 Uncommon trap: reason=bimorphic action=maybe_recompile pc=0x0000000002a42e0c method=java.util.HashMap.putVal(ILjava/lang/Object;Ljava/lang/Object;ZZ)Ljava/lang/Object; @ 253
Event: 7.666 Thread 0x00000000187b5800 Uncommon trap: reason=class_check action=maybe_recompile pc=0x0000000002aaf758 method=java.util.regex.Matcher.match(II)Z @ 86
Event: 7.666 Thread 0x00000000187b5800 Uncommon trap: reason=class_check action=maybe_recompile pc=0x0000000002aaf758 method=java.util.regex.Matcher.match(II)Z @ 86
Event: 7.666 Thread 0x00000000187b5800 Uncommon trap: reason=class_check action=maybe_recompile pc=0x0000000002aaf758 method=java.util.regex.Matcher.match(II)Z @ 86
Event: 7.666 Thread 0x00000000187b5800 Uncommon trap: reason=class_check action=maybe_recompile pc=0x000000000292f59c method=java.util.regex.Matcher.match(II)Z @ 86
Event: 8.108 Thread 0x00000000187b5800 Uncommon trap: reason=unstable_if action=reinterpret pc=0x0000000002aa8acc method=java.io.File.getName()Ljava/lang/String; @ 16
Event: 8.115 Thread 0x00000000187b5800 Uncommon trap: reason=unstable_if action=reinterpret pc=0x0000000002b4ee84 method=java.lang.String.toUpperCase(Ljava/util/Locale;)Ljava/lang/String; @ 130

Classes redefined (0 events):
No events

Internal exceptions (10 events):
Event: 7.010 Thread 0x00000000189d6800 Exception <a 'java/lang/NoSuchMethodError': <clinit>> (0x00000000e2fb5010) thrown at [C:\src\AOSP-openjdk-git\hotspot\src\share\vm\prims\jni.cpp, line 1615]
Event: 7.011 Thread 0x00000000189d6800 Exception <a 'java/lang/NoSuchMethodError': <clinit>> (0x00000000e2fbdbb0) thrown at [C:\src\AOSP-openjdk-git\hotspot\src\share\vm\prims\jni.cpp, line 1615]
Event: 7.014 Thread 0x00000000189d6800 Exception <a 'java/lang/NoSuchMethodError': <clinit>> (0x00000000e2fd3f68) thrown at [C:\src\AOSP-openjdk-git\hotspot\src\share\vm\prims\jni.cpp, line 1615]
Event: 7.045 Thread 0x00000000189d6800 Exception <a 'java/lang/NoSuchMethodError': <clinit>> (0x00000000e002e760) thrown at [C:\src\AOSP-openjdk-git\hotspot\src\share\vm\prims\jni.cpp, line 1615]
Event: 7.053 Thread 0x00000000189d6800 Exception <a 'java/lang/NoSuchMethodError': <clinit>> (0x00000000e005b178) thrown at [C:\src\AOSP-openjdk-git\hotspot\src\share\vm\prims\jni.cpp, line 1615]
Event: 7.064 Thread 0x00000000189d6800 Exception <a 'java/lang/NoSuchMethodError': <clinit>> (0x00000000e00d82b8) thrown at [C:\src\AOSP-openjdk-git\hotspot\src\share\vm\prims\jni.cpp, line 1615]
Event: 7.065 Thread 0x00000000189d6800 Exception <a 'java/lang/NoSuchMethodError': <clinit>> (0x00000000e00e3340) thrown at [C:\src\AOSP-openjdk-git\hotspot\src\share\vm\prims\jni.cpp, line 1615]
Event: 8.154 Thread 0x00000000187b5800 Exception <a 'java/lang/NoSuchMethodError': java.lang.Object.lambda$and$0(Ljava/util/function/Predicate;Ljava/lang/Object;)Z> (0x00000000e04d88a8) thrown at [C:\src\AOSP-openjdk-git\hotspot\src\share\vm\interpreter\linkResolver.cpp, line 620]
Event: 8.159 Thread 0x00000000187b5800 Exception <a 'java/lang/IncompatibleClassChangeError': Found class java.lang.Object, but interface was expected> (0x00000000e04e9098) thrown at [C:\src\AOSP-openjdk-git\hotspot\src\share\vm\interpreter\linkResolver.cpp, line 653]
Event: 8.161 Thread 0x00000000187b5800 Exception <a 'java/lang/NoSuchMethodError': java.lang.Object.lambda$or$2(Ljava/util/function/Predicate;Ljava/lang/Object;)Z> (0x00000000e04edfb8) thrown at [C:\src\AOSP-openjdk-git\hotspot\src\share\vm\interpreter\linkResolver.cpp, line 620]

Events (10 events):
Event: 8.549 loading class org/gradle/caching/internal/controller/BuildCacheController
Event: 8.549 loading class org/gradle/caching/internal/controller/BuildCacheController done
Event: 8.549 loading class org/gradle/caching/internal/command/BuildCacheCommandFactory
Event: 8.549 loading class org/gradle/caching/internal/command/BuildCacheCommandFactory done
Event: 8.550 loading class org/gradle/internal/service/scopes/ExecutionGradleServices
Event: 8.550 loading class org/gradle/internal/service/scopes/ExecutionGradleServices done
Event: 8.550 loading class org/gradle/internal/execution/history/OutputFilesRepository
Event: 8.550 loading class org/gradle/internal/execution/history/OutputFilesRepository done
Event: 8.551 loading class org/gradle/internal/execution/Step
Event: 8.551 loading class org/gradle/internal/execution/Step done


Dynamic libraries:
0x00007ff773660000 - 0x00007ff773691000 	C:\Program Files\Android\Android Studio\jre\bin\java.exe
0x00007ffc0fc20000 - 0x00007ffc0fe10000 	C:\WINDOWS\SYSTEM32\ntdll.dll
0x00007ffc0dda0000 - 0x00007ffc0de52000 	C:\WINDOWS\System32\KERNEL32.DLL
0x00007ffc0d4b0000 - 0x00007ffc0d754000 	C:\WINDOWS\System32\KERNELBASE.dll
0x00007ffc0f8e0000 - 0x00007ffc0f983000 	C:\WINDOWS\System32\ADVAPI32.dll
0x00007ffc0f990000 - 0x00007ffc0fa2e000 	C:\WINDOWS\System32\msvcrt.dll
0x00007ffc0e4b0000 - 0x00007ffc0e547000 	C:\WINDOWS\System32\sechost.dll
0x00007ffc0f3e0000 - 0x00007ffc0f500000 	C:\WINDOWS\System32\RPCRT4.dll
0x00007ffc0df70000 - 0x00007ffc0e104000 	C:\WINDOWS\System32\USER32.dll
0x00007ffc0db30000 - 0x00007ffc0db51000 	C:\WINDOWS\System32\win32u.dll
0x00007ffc0e5d0000 - 0x00007ffc0e5f6000 	C:\WINDOWS\System32\GDI32.dll
0x00007ffc0d910000 - 0x00007ffc0daa4000 	C:\WINDOWS\System32\gdi32full.dll
0x00007ffc0dc30000 - 0x00007ffc0dcce000 	C:\WINDOWS\System32\msvcp_win.dll
0x00007ffc0cc00000 - 0x00007ffc0ccfa000 	C:\WINDOWS\System32\ucrtbase.dll
0x00007ffbfcc70000 - 0x00007ffbfcef4000 	C:\WINDOWS\WinSxS\amd64_microsoft.windows.common-controls_6595b64144ccf1df_6.0.18362.836_none_e6c4b943130f18ed\COMCTL32.dll
0x00007ffc0e170000 - 0x00007ffc0e4a6000 	C:\WINDOWS\System32\combase.dll
0x00007ffc0dab0000 - 0x00007ffc0db30000 	C:\WINDOWS\System32\bcryptPrimitives.dll
0x00007ffc0de60000 - 0x00007ffc0de8e000 	C:\WINDOWS\System32\IMM32.DLL
0x000000005a0e0000 - 0x000000005a1b2000 	C:\Program Files\Android\Android Studio\jre\jre\bin\msvcr100.dll
0x000000005a2a0000 - 0x000000005aaeb000 	C:\Program Files\Android\Android Studio\jre\jre\bin\server\jvm.dll
0x00007ffc0de90000 - 0x00007ffc0de98000 	C:\WINDOWS\System32\PSAPI.DLL
0x00007ffbf6450000 - 0x00007ffbf6459000 	C:\WINDOWS\SYSTEM32\WSOCK32.dll
0x00007ffc0f870000 - 0x00007ffc0f8df000 	C:\WINDOWS\System32\WS2_32.dll
0x00007ffc04000000 - 0x00007ffc04024000 	C:\WINDOWS\SYSTEM32\WINMM.dll
0x00007ffc050a0000 - 0x00007ffc050aa000 	C:\WINDOWS\SYSTEM32\VERSION.dll
0x00007ffc03fd0000 - 0x00007ffc03ffd000 	C:\WINDOWS\SYSTEM32\WINMMBASE.dll
0x00007ffc0cbb0000 - 0x00007ffc0cbfa000 	C:\WINDOWS\System32\cfgmgr32.dll
0x00007ffc06c90000 - 0x00007ffc06c9f000 	C:\Program Files\Android\Android Studio\jre\jre\bin\verify.dll
0x00007ffc06be0000 - 0x00007ffc06c09000 	C:\Program Files\Android\Android Studio\jre\jre\bin\java.dll
0x00007ffc06c70000 - 0x00007ffc06c86000 	C:\Program Files\Android\Android Studio\jre\jre\bin\zip.dll
0x00007ffc0e770000 - 0x00007ffc0ee54000 	C:\WINDOWS\System32\SHELL32.dll
0x00007ffc0f330000 - 0x00007ffc0f3d9000 	C:\WINDOWS\System32\shcore.dll
0x00007ffc0cd30000 - 0x00007ffc0d4ae000 	C:\WINDOWS\System32\windows.storage.dll
0x00007ffc0cb80000 - 0x00007ffc0cba3000 	C:\WINDOWS\System32\profapi.dll
0x00007ffc0caf0000 - 0x00007ffc0cb3a000 	C:\WINDOWS\System32\powrprof.dll
0x00007ffc0cae0000 - 0x00007ffc0caf0000 	C:\WINDOWS\System32\UMPDC.dll
0x00007ffc0f6d0000 - 0x00007ffc0f722000 	C:\WINDOWS\System32\shlwapi.dll
0x00007ffc0cb60000 - 0x00007ffc0cb71000 	C:\WINDOWS\System32\kernel.appcore.dll
0x00007ffc0dc10000 - 0x00007ffc0dc27000 	C:\WINDOWS\System32\cryptsp.dll
0x00007ffc06430000 - 0x00007ffc0644a000 	C:\Program Files\Android\Android Studio\jre\jre\bin\net.dll
0x00007ffc0c350000 - 0x00007ffc0c3b7000 	C:\WINDOWS\system32\mswsock.dll
0x00007ffc06380000 - 0x00007ffc06393000 	C:\Program Files\Android\Android Studio\jre\jre\bin\nio.dll
0x00007ffbf0280000 - 0x00007ffbf02a6000 	C:\Users\Sezgin\.gradle\native\31\windows-amd64\native-platform.dll
0x00007ffc06370000 - 0x00007ffc0637d000 	C:\Program Files\Android\Android Studio\jre\jre\bin\management.dll
0x00007ffc0bec0000 - 0x00007ffc0bef3000 	C:\WINDOWS\system32\rsaenh.dll
0x00007ffc0cd00000 - 0x00007ffc0cd26000 	C:\WINDOWS\System32\bcrypt.dll
0x00007ffc0ca00000 - 0x00007ffc0ca25000 	C:\WINDOWS\SYSTEM32\USERENV.dll
0x00007ffc0c520000 - 0x00007ffc0c52c000 	C:\WINDOWS\SYSTEM32\CRYPTBASE.dll
0x00007ffc0c060000 - 0x00007ffc0c09a000 	C:\WINDOWS\SYSTEM32\IPHLPAPI.DLL
0x00007ffc0e600000 - 0x00007ffc0e608000 	C:\WINDOWS\System32\NSI.dll
0x00007ffc04f20000 - 0x00007ffc04f36000 	C:\WINDOWS\SYSTEM32\dhcpcsvc6.DLL
0x00007ffc04fa0000 - 0x00007ffc04fbc000 	C:\WINDOWS\SYSTEM32\dhcpcsvc.DLL
0x00007ffc0c0a0000 - 0x00007ffc0c16b000 	C:\WINDOWS\SYSTEM32\DNSAPI.dll

VM Arguments:
jvm_args: -Xmx1536m -Dfile.encoding=windows-1254 -Duser.country=TR -Duser.language=tr -Duser.variant 
java_command: org.gradle.launcher.daemon.bootstrap.GradleDaemon 6.1.1
java_class_path (initial): C:\Users\Sezgin\.gradle\wrapper\dists\gradle-6.1.1-all\cfmwm155h49vnt3hynmlrsdst\gradle-6.1.1\lib\gradle-launcher-6.1.1.jar
Launcher Type: SUN_STANDARD

Environment Variables:
USERNAME=Sezgin
OS=Windows_NT
PROCESSOR_IDENTIFIER=Intel64 Family 6 Model 69 Stepping 1, GenuineIntel



---------------  S Y S T E M  ---------------

OS: Windows 10.0 , 64 bit Build 18362 (10.0.18362.778)

CPU:total 4 (initial active 4) (2 cores per cpu, 2 threads per core) family 6 model 69 stepping 1, cmov, cx8, fxsr, mmx, sse, sse2, sse3, ssse3, sse4.1, sse4.2, popcnt, avx, avx2, aes, clmul, erms, lzcnt, ht, tsc, tscinvbit, bmi1, bmi2

Memory: 4k page, physical 12472600k(1221336k free), swap 14569752k(5148k free)

vm_info: OpenJDK 64-Bit Server VM (25.242-b01) for windows-amd64 JRE (1.8.0_242-release-1644-b01), built by "builder" with MS VC++ 10.0 (VS2010)

time: Wed Jun 03 15:16:02 2020
timezone: Türkiye Standart Saati
elapsed time: 8 seconds (0d 0h 0m 8s)

