#
# There is insufficient memory for the Java Runtime Environment to continue.
# Native memory allocation (malloc) failed to allocate 424176 bytes for Chunk::new
# Possible reasons:
#   The system is out of physical RAM or swap space
#   The process is running with CompressedOops enabled, and the Java Heap may be blocking the growth of the native heap
# Possible solutions:
#   Reduce memory load on the system
#   Increase physical memory or swap space
#   Check if swap backing store is full
#   Decrease Java heap size (-Xmx/-Xms)
#   Decrease number of Java threads
#   Decrease Java thread stack sizes (-Xss)
#   Set larger code cache with -XX:ReservedCodeCacheSize=
#   JVM is running with Unscaled Compressed Oops mode in which the Java heap is
#     placed in the first 4GB address space. The Java Heap base address is the
#     maximum limit for the native heap growth. Please use -XX:HeapBaseMinAddress
#     to set the Java Heap base and to place the Java Heap above 4GB virtual address.
# This output file may be truncated or incomplete.
#
#  Out of Memory Error (allocation.cpp:389), pid=3896, tid=0x00000000000029f0
#
# JRE version: OpenJDK Runtime Environment (8.0_242-b01) (build 1.8.0_242-release-1644-b01)
# Java VM: OpenJDK 64-Bit Server VM (25.242-b01 mixed mode windows-amd64 compressed oops)
# Failed to write core dump. Minidumps are not enabled by default on client versions of Windows
#

---------------  T H R E A D  ---------------

Current thread (0x0000000015bb8000):  JavaThread "C2 CompilerThread0" daemon [_thread_in_native, id=10736, stack(0x0000000017200000,0x0000000017300000)]

Stack: [0x0000000017200000,0x0000000017300000]
[error occurred during error reporting (printing stack bounds), id 0xc0000005]

Native frames: (J=compiled Java code, j=interpreted, Vv=VM code, C=native code)


Current CompileTask:
C2: 363458 14161       4       java.util.TimSort::sort (229 bytes)


---------------  P R O C E S S  ---------------

Java Threads: ( => current thread )
  0x000000001bbd0800 JavaThread "WorkerExecutor Queue Thread 5" [_thread_blocked, id=14124, stack(0x0000000027420000,0x0000000027520000)]
  0x000000001bbd0000 JavaThread "stdout" [_thread_in_native, id=10328, stack(0x0000000027320000,0x0000000027420000)]
  0x000000001bbca000 JavaThread "stderr" [_thread_in_native, id=2456, stack(0x0000000027220000,0x0000000027320000)]
  0x000000001bbce800 JavaThread "stdout" [_thread_in_native, id=14996, stack(0x0000000027120000,0x0000000027220000)]
  0x000000001bbcd800 JavaThread "stderr" [_thread_in_native, id=13444, stack(0x0000000027020000,0x0000000027120000)]
  0x000000001bbcd000 JavaThread "stdout" [_thread_in_native, id=296, stack(0x0000000026f20000,0x0000000027020000)]
  0x000000001bbcf000 JavaThread "stderr" [_thread_in_native, id=5572, stack(0x0000000026c00000,0x0000000026d00000)]
  0x000000001bbc8800 JavaThread "MarlinRenderer Disposer" daemon [_thread_blocked, id=8752, stack(0x0000000026b00000,0x0000000026c00000)]
  0x0000000020bff000 JavaThread "Java2D Disposer" daemon [_thread_blocked, id=11504, stack(0x0000000026970000,0x0000000026a70000)]
  0x0000000020bff800 JavaThread "WorkerExecutor Queue Thread 3" [_thread_blocked, id=3396, stack(0x0000000026370000,0x0000000026470000)]
  0x0000000020c06800 JavaThread "WorkerExecutor Queue Thread 2" [_thread_blocked, id=13464, stack(0x0000000026270000,0x0000000026370000)]
  0x0000000020c02800 JavaThread "WorkerExecutor Queue" [_thread_blocked, id=5456, stack(0x0000000026170000,0x0000000026270000)]
  0x0000000020c05800 JavaThread "stdout" [_thread_in_native, id=1268, stack(0x0000000026070000,0x0000000026170000)]
  0x0000000020c02000 JavaThread "stderr" [_thread_in_native, id=1584, stack(0x0000000025f70000,0x0000000026070000)]
  0x0000000020c03800 JavaThread "pool-5-thread-1" [_thread_blocked, id=6608, stack(0x0000000025e70000,0x0000000025f70000)]
  0x0000000020c00800 JavaThread "Cache worker for execution history cache (C:\Users\Sezgin\Desktop\Android\MilkDoser\.gradle\6.1.1\executionHistory)" [_thread_blocked, id=5996, stack(0x0000000025b70000,0x0000000025c70000)]
  0x0000000020bfd800 JavaThread "Execution worker for ':' Thread 3" [_thread_blocked, id=2024, stack(0x0000000025a70000,0x0000000025b70000)]
  0x0000000020bf9000 JavaThread "Execution worker for ':' Thread 2" [_thread_blocked, id=10404, stack(0x0000000025970000,0x0000000025a70000)]
  0x0000000020bfa800 JavaThread "Execution worker for ':'" [_thread_blocked, id=2096, stack(0x0000000025870000,0x0000000025970000)]
  0x0000000020bf7800 JavaThread "Cache worker for file content cache (C:\Users\Sezgin\Desktop\Android\MilkDoser\.gradle\6.1.1\fileContent)" [_thread_blocked, id=13848, stack(0x0000000025770000,0x0000000025870000)]
  0x0000000020bf8000 JavaThread "Cache worker for file content cache (C:\Users\Sezgin\.gradle\caches\6.1.1\fileContent)" [_thread_blocked, id=3188, stack(0x0000000025670000,0x0000000025770000)]
  0x0000000020bfc800 JavaThread "Memory manager" [_thread_blocked, id=5640, stack(0x0000000024340000,0x0000000024440000)]
  0x0000000020bfc000 JavaThread "Cache worker for Build Output Cleanup Cache (C:\Users\Sezgin\Desktop\Android\MilkDoser\.gradle\buildOutputCleanup)" [_thread_blocked, id=14160, stack(0x0000000022270000,0x0000000022370000)]
  0x0000000020bfb000 JavaThread "pool-3-thread-1" [_thread_blocked, id=6348, stack(0x0000000021f70000,0x0000000022070000)]
  0x0000000018af7800 JavaThread "Build operations Thread 4" [_thread_blocked, id=9400, stack(0x0000000021a70000,0x0000000021b70000)]
  0x0000000018af6000 JavaThread "Build operations Thread 3" [_thread_blocked, id=11912, stack(0x0000000021970000,0x0000000021a70000)]
  0x0000000018af9000 JavaThread "Build operations Thread 2" [_thread_blocked, id=6932, stack(0x0000000021870000,0x0000000021970000)]
  0x0000000018af8800 JavaThread "Build operations" [_thread_blocked, id=684, stack(0x00000000206b0000,0x00000000207b0000)]
  0x0000000017d75000 JavaThread "Cache worker for cache directory md-rule (C:\Users\Sezgin\.gradle\caches\6.1.1\md-rule)" [_thread_blocked, id=15228, stack(0x000000001e530000,0x000000001e630000)]
  0x0000000017d6d800 JavaThread "Cache worker for cache directory md-supplier (C:\Users\Sezgin\.gradle\caches\6.1.1\md-supplier)" [_thread_blocked, id=5492, stack(0x000000001e130000,0x000000001e230000)]
  0x0000000017d74800 JavaThread "Cache worker for file hash cache (C:\Users\Sezgin\Desktop\Android\MilkDoser\.gradle\6.1.1\fileHashes)" [_thread_blocked, id=13400, stack(0x000000001e030000,0x000000001e130000)]
  0x0000000017d73800 JavaThread "Cache worker for checksums cache (C:\Users\Sezgin\Desktop\Android\MilkDoser\.gradle\checksums)" [_thread_blocked, id=14536, stack(0x000000001cb10000,0x000000001cc10000)]
  0x0000000017d70800 JavaThread "Thread-28" [_thread_blocked, id=9600, stack(0x000000001b440000,0x000000001b540000)]
  0x0000000017d72000 JavaThread "Stdin handler" [_thread_blocked, id=12692, stack(0x000000001b140000,0x000000001b240000)]
  0x0000000017d66000 JavaThread "Asynchronous log dispatcher for DefaultDaemonConnection: socket connection from /127.0.0.1:53194 to /127.0.0.1:53260" [_thread_blocked, id=9588, stack(0x000000001b040000,0x000000001b140000)]
  0x0000000017d6d000 JavaThread "Daemon worker Thread 2" [_thread_in_Java, id=11948, stack(0x000000001ad40000,0x000000001ae40000)]
  0x0000000017d67000 JavaThread "Cancel handler" [_thread_blocked, id=13032, stack(0x000000001ab40000,0x000000001ac40000)]
  0x0000000017d6b800 JavaThread "Handler for socket connection from /127.0.0.1:53194 to /127.0.0.1:53260" [_thread_in_native, id=9076, stack(0x0000000000740000,0x0000000000840000)]
  0x0000000017d69000 JavaThread "Daemon Thread 2" [_thread_blocked, id=14728, stack(0x0000000000640000,0x0000000000740000)]
  0x0000000018afa800 JavaThread "Cache worker for execution history cache (C:\Users\Sezgin\.gradle\caches\6.1.1\executionHistory)" [_thread_blocked, id=13292, stack(0x000000001e230000,0x000000001e330000)]
  0x0000000018afa000 JavaThread "Cache worker for file hash cache (C:\Users\Sezgin\.gradle\caches\6.1.1\fileHashes)" [_thread_blocked, id=6008, stack(0x000000001b940000,0x000000001ba40000)]
  0x0000000018af5800 JavaThread "File lock request listener" [_thread_in_native, id=7840, stack(0x000000001b840000,0x000000001b940000)]
  0x000000001826d800 JavaThread "Cache worker for journal cache (C:\Users\Sezgin\.gradle\caches\journal-1)" [_thread_blocked, id=3624, stack(0x000000001b740000,0x000000001b840000)]
  0x00000000184ec000 JavaThread "Daemon periodic checks" [_thread_blocked, id=1076, stack(0x000000001ac40000,0x000000001ad40000)]
  0x00000000186b2800 JavaThread "Incoming local TCP Connector on port 53194" [_thread_in_native, id=512, stack(0x000000001a900000,0x000000001aa00000)]
  0x000000001952c800 JavaThread "Daemon health stats" [_thread_blocked, id=13436, stack(0x000000001a2a0000,0x000000001a3a0000)]
  0x0000000017306800 JavaThread "Service Thread" daemon [_thread_blocked, id=14252, stack(0x0000000017900000,0x0000000017a00000)]
  0x0000000017303000 JavaThread "C1 CompilerThread2" daemon [_thread_blocked, id=680, stack(0x0000000017800000,0x0000000017900000)]
  0x0000000017300800 JavaThread "C2 CompilerThread1" daemon [_thread_in_native, id=2108, stack(0x0000000017700000,0x0000000017800000)]
=>0x0000000015bb8000 JavaThread "C2 CompilerThread0" daemon [_thread_in_native, id=10736, stack(0x0000000017200000,0x0000000017300000)]
  0x0000000015bb6800 JavaThread "Attach Listener" daemon [_thread_blocked, id=13716, stack(0x0000000017100000,0x0000000017200000)]
  0x0000000015bb5000 JavaThread "Signal Dispatcher" daemon [_thread_blocked, id=14412, stack(0x0000000017000000,0x0000000017100000)]
  0x000000000223c000 JavaThread "Finalizer" daemon [_thread_blocked, id=15356, stack(0x0000000016e10000,0x0000000016f10000)]
  0x0000000015b99000 JavaThread "Reference Handler" daemon [_thread_blocked, id=14572, stack(0x0000000016d10000,0x0000000016e10000)]
  0x0000000002142800 JavaThread "main" [_thread_blocked, id=11712, stack(0x0000000000840000,0x0000000000940000)]

Other Threads:
  0x0000000015b77000 VMThread [stack: 0x0000000016c10000,0x0000000016d10000] [id=10248]
  0x0000000017308000 WatcherThread [stack: 0x0000000017a00000,0x0000000017b00000] [id=10060]

VM state:not at safepoint (normal execution)

VM Mutex/Monitor currently owned by a thread: None

heap address: 0x00000000a0000000, size: 1536 MB, Compressed Oops mode: 32-bit
Narrow klass base: 0x0000000000000000, Narrow klass shift: 3
Compressed class space size: 1073741824 Address: 0x0000000100000000

Heap:
 PSYoungGen      total 400896K, used 112117K [0x00000000e0000000, 0x00000000fa780000, 0x0000000100000000)
  eden space 373248K, 26% used [0x00000000e0000000,0x00000000e5ec7fa0,0x00000000f6c80000)
  from space 27648K, 54% used [0x00000000f8c80000,0x00000000f9b35850,0x00000000fa780000)
  to   space 30208K, 0% used [0x00000000f6c80000,0x00000000f6c80000,0x00000000f8a00000)
 ParOldGen       total 135168K, used 58074K [0x00000000a0000000, 0x00000000a8400000, 0x00000000e0000000)
  object space 135168K, 42% used [0x00000000a0000000,0x00000000a38b6b90,0x00000000a8400000)
 Metaspace       used 92414K, capacity 96304K, committed 96560K, reserved 1132544K
  class space    used 11931K, capacity 12740K, committed 12848K, reserved 1048576K

Card table byte_map: [0x0000000011600000,0x0000000011910000] byte_map_base: 0x0000000011100000

Marking Bits: (ParMarkBitMap*) 0x00000000646ff030
 Begin Bits: [0x0000000011f10000, 0x0000000013710000)
 End Bits:   [0x0000000013710000, 0x0000000014f10000)

Polling page: 0x0000000000520000

CodeCache: size=245760Kb used=40239Kb max_used=40239Kb free=205520Kb
 bounds [0x0000000002240000, 0x00000000049c0000, 0x0000000011240000]
 total_blobs=13001 nmethods=11988 adapters=923
 compilation: enabled

Compilation events (10 events):
Event: 363.442 Thread 0x0000000017303000 14170       3       org.gradle.api.internal.tasks.compile.ApiClassExtractor::shouldExtractApiClassFrom (59 bytes)
Event: 363.444 Thread 0x0000000017303000 nmethod 14170 0x00000000049af390 code [0x00000000049af620, 0x00000000049b0948]
Event: 363.444 Thread 0x0000000017303000 14171       3       org.objectweb.asm.ClassReader::getAccess (9 bytes)
Event: 363.444 Thread 0x0000000017303000 nmethod 14171 0x0000000003f749d0 code [0x0000000003f74b40, 0x0000000003f74d50]
Event: 363.444 Thread 0x0000000017303000 14173       3       org.objectweb.asm.SymbolTable::addConstant (330 bytes)
Event: 363.447 Thread 0x0000000017303000 nmethod 14173 0x00000000049b12d0 code [0x00000000049b1800, 0x00000000049b5e68]
Event: 363.449 Thread 0x0000000017303000 14174       3       org.gradle.api.internal.tasks.compile.ApiMemberSelector::visitAnnotationMembers (55 bytes)
Event: 363.449 Thread 0x0000000017303000 nmethod 14174 0x0000000003e54010 code [0x0000000003e541e0, 0x0000000003e54968]
Event: 363.450 Thread 0x0000000017303000 14175       3       java.util.TreeSet::addAll (105 bytes)
Event: 363.451 Thread 0x0000000017303000 nmethod 14175 0x00000000049b6f50 code [0x00000000049b71a0, 0x00000000049b8118]

GC Heap History (10 events):
Event: 21.386 GC heap before
{Heap before GC invocations=13 (full 2):
 PSYoungGen      total 213504K, used 21512K [0x00000000e0000000, 0x00000000eed00000, 0x0000000100000000)
  eden space 199680K, 3% used [0x00000000e0000000,0x00000000e0787030,0x00000000ec300000)
  from space 13824K, 99% used [0x00000000ed680000,0x00000000ee3fb330,0x00000000ee400000)
  to   space 19968K, 0% used [0x00000000ec300000,0x00000000ec300000,0x00000000ed680000)
 ParOldGen       total 96256K, used 25864K [0x00000000a0000000, 0x00000000a5e00000, 0x00000000e0000000)
  object space 96256K, 26% used [0x00000000a0000000,0x00000000a1942028,0x00000000a5e00000)
 Metaspace       used 56945K, capacity 59088K, committed 59160K, reserved 1099776K
  class space    used 7591K, capacity 8072K, committed 8112K, reserved 1048576K
Event: 21.430 GC heap after
Heap after GC invocations=13 (full 2):
 PSYoungGen      total 219648K, used 1260K [0x00000000e0000000, 0x00000000f4200000, 0x0000000100000000)
  eden space 199680K, 0% used [0x00000000e0000000,0x00000000e0000000,0x00000000ec300000)
  from space 19968K, 6% used [0x00000000ec300000,0x00000000ec43b0f8,0x00000000ed680000)
  to   space 20480K, 0% used [0x00000000f2e00000,0x00000000f2e00000,0x00000000f4200000)
 ParOldGen       total 96256K, used 39589K [0x00000000a0000000, 0x00000000a5e00000, 0x00000000e0000000)
  object space 96256K, 41% used [0x00000000a0000000,0x00000000a26a96b8,0x00000000a5e00000)
 Metaspace       used 56945K, capacity 59088K, committed 59160K, reserved 1099776K
  class space    used 7591K, capacity 8072K, committed 8112K, reserved 1048576K
}
Event: 21.430 GC heap before
{Heap before GC invocations=14 (full 3):
 PSYoungGen      total 219648K, used 1260K [0x00000000e0000000, 0x00000000f4200000, 0x0000000100000000)
  eden space 199680K, 0% used [0x00000000e0000000,0x00000000e0000000,0x00000000ec300000)
  from space 19968K, 6% used [0x00000000ec300000,0x00000000ec43b0f8,0x00000000ed680000)
  to   space 20480K, 0% used [0x00000000f2e00000,0x00000000f2e00000,0x00000000f4200000)
 ParOldGen       total 96256K, used 39589K [0x00000000a0000000, 0x00000000a5e00000, 0x00000000e0000000)
  object space 96256K, 41% used [0x00000000a0000000,0x00000000a26a96b8,0x00000000a5e00000)
 Metaspace       used 56945K, capacity 59088K, committed 59160K, reserved 1099776K
  class space    used 7591K, capacity 8072K, committed 8112K, reserved 1048576K
Event: 21.796 GC heap after
Heap after GC invocations=14 (full 3):
 PSYoungGen      total 219648K, used 0K [0x00000000e0000000, 0x00000000f4200000, 0x0000000100000000)
  eden space 199680K, 0% used [0x00000000e0000000,0x00000000e0000000,0x00000000ec300000)
  from space 19968K, 0% used [0x00000000ec300000,0x00000000ec300000,0x00000000ed680000)
  to   space 20480K, 0% used [0x00000000f2e00000,0x00000000f2e00000,0x00000000f4200000)
 ParOldGen       total 135168K, used 29762K [0x00000000a0000000, 0x00000000a8400000, 0x00000000e0000000)
  object space 135168K, 22% used [0x00000000a0000000,0x00000000a1d10a80,0x00000000a8400000)
 Metaspace       used 56871K, capacity 58890K, committed 59160K, reserved 1099776K
  class space    used 7572K, capacity 8051K, committed 8112K, reserved 1048576K
}
Event: 26.164 GC heap before
{Heap before GC invocations=15 (full 3):
 PSYoungGen      total 219648K, used 199680K [0x00000000e0000000, 0x00000000f4200000, 0x0000000100000000)
  eden space 199680K, 100% used [0x00000000e0000000,0x00000000ec300000,0x00000000ec300000)
  from space 19968K, 0% used [0x00000000ec300000,0x00000000ec300000,0x00000000ed680000)
  to   space 20480K, 0% used [0x00000000f2e00000,0x00000000f2e00000,0x00000000f4200000)
 ParOldGen       total 135168K, used 29762K [0x00000000a0000000, 0x00000000a8400000, 0x00000000e0000000)
  object space 135168K, 22% used [0x00000000a0000000,0x00000000a1d10a80,0x00000000a8400000)
 Metaspace       used 67629K, capacity 70058K, committed 70192K, reserved 1110016K
  class space    used 9130K, capacity 9676K, committed 9776K, reserved 1048576K
Event: 26.198 GC heap after
Heap after GC invocations=15 (full 3):
 PSYoungGen      total 295424K, used 17618K [0x00000000e0000000, 0x00000000f3f80000, 0x0000000100000000)
  eden space 277504K, 0% used [0x00000000e0000000,0x00000000e0000000,0x00000000f0f00000)
  from space 17920K, 98% used [0x00000000f2e00000,0x00000000f3f34ad8,0x00000000f3f80000)
  to   space 22528K, 0% used [0x00000000f1380000,0x00000000f1380000,0x00000000f2980000)
 ParOldGen       total 135168K, used 29762K [0x00000000a0000000, 0x00000000a8400000, 0x00000000e0000000)
  object space 135168K, 22% used [0x00000000a0000000,0x00000000a1d10a80,0x00000000a8400000)
 Metaspace       used 67629K, capacity 70058K, committed 70192K, reserved 1110016K
  class space    used 9130K, capacity 9676K, committed 9776K, reserved 1048576K
}
Event: 339.725 GC heap before
{Heap before GC invocations=16 (full 3):
 PSYoungGen      total 295424K, used 295122K [0x00000000e0000000, 0x00000000f3f80000, 0x0000000100000000)
  eden space 277504K, 100% used [0x00000000e0000000,0x00000000f0f00000,0x00000000f0f00000)
  from space 17920K, 98% used [0x00000000f2e00000,0x00000000f3f34ad8,0x00000000f3f80000)
  to   space 22528K, 0% used [0x00000000f1380000,0x00000000f1380000,0x00000000f2980000)
 ParOldGen       total 135168K, used 29762K [0x00000000a0000000, 0x00000000a8400000, 0x00000000e0000000)
  object space 135168K, 22% used [0x00000000a0000000,0x00000000a1d10a80,0x00000000a8400000)
 Metaspace       used 83925K, capacity 87300K, committed 87600K, reserved 1124352K
  class space    used 11017K, capacity 11740K, committed 11824K, reserved 1048576K
Event: 339.824 GC heap after
Heap after GC invocations=16 (full 3):
 PSYoungGen      total 304640K, used 22518K [0x00000000e0000000, 0x00000000fab00000, 0x0000000100000000)
  eden space 282112K, 0% used [0x00000000e0000000,0x00000000e0000000,0x00000000f1380000)
  from space 22528K, 99% used [0x00000000f1380000,0x00000000f297dac8,0x00000000f2980000)
  to   space 31232K, 0% used [0x00000000f8c80000,0x00000000f8c80000,0x00000000fab00000)
 ParOldGen       total 135168K, used 43856K [0x00000000a0000000, 0x00000000a8400000, 0x00000000e0000000)
  object space 135168K, 32% used [0x00000000a0000000,0x00000000a2ad40d0,0x00000000a8400000)
 Metaspace       used 83925K, capacity 87300K, committed 87600K, reserved 1124352K
  class space    used 11017K, capacity 11740K, committed 11824K, reserved 1048576K
}
Event: 352.458 GC heap before
{Heap before GC invocations=17 (full 3):
 PSYoungGen      total 304640K, used 304630K [0x00000000e0000000, 0x00000000fab00000, 0x0000000100000000)
  eden space 282112K, 100% used [0x00000000e0000000,0x00000000f1380000,0x00000000f1380000)
  from space 22528K, 99% used [0x00000000f1380000,0x00000000f297dac8,0x00000000f2980000)
  to   space 31232K, 0% used [0x00000000f8c80000,0x00000000f8c80000,0x00000000fab00000)
 ParOldGen       total 135168K, used 43856K [0x00000000a0000000, 0x00000000a8400000, 0x00000000e0000000)
  object space 135168K, 32% used [0x00000000a0000000,0x00000000a2ad40d0,0x00000000a8400000)
 Metaspace       used 91272K, capacity 95060K, committed 95408K, reserved 1132544K
  class space    used 11824K, capacity 12610K, committed 12720K, reserved 1048576K
Event: 352.617 GC heap after
Heap after GC invocations=17 (full 3):
 PSYoungGen      total 400896K, used 15062K [0x00000000e0000000, 0x00000000fa780000, 0x0000000100000000)
  eden space 373248K, 0% used [0x00000000e0000000,0x00000000e0000000,0x00000000f6c80000)
  from space 27648K, 54% used [0x00000000f8c80000,0x00000000f9b35850,0x00000000fa780000)
  to   space 30208K, 0% used [0x00000000f6c80000,0x00000000f6c80000,0x00000000f8a00000)
 ParOldGen       total 135168K, used 58074K [0x00000000a0000000, 0x00000000a8400000, 0x00000000e0000000)
  object space 135168K, 42% used [0x00000000a0000000,0x00000000a38b6b90,0x00000000a8400000)
 Metaspace       used 91272K, capacity 95060K, committed 95408K, reserved 1132544K
  class space    used 11824K, capacity 12610K, committed 12720K, reserved 1048576K
}

Deoptimization events (10 events):
Event: 363.360 Thread 0x0000000017d6d000 Uncommon trap: reason=unstable_if action=reinterpret pc=0x0000000004983584 method=org.gradle.api.internal.tasks.compile.ApiMemberSelector.visitField(ILjava/lang/String;Ljava/lang/String;Ljava/lang/String;Ljava/lang/Object;)Lorg/objectweb/asm/FieldVisitor;
Event: 363.360 Thread 0x0000000017d6d000 Uncommon trap: reason=unstable_if action=reinterpret pc=0x0000000004960e10 method=org.gradle.api.internal.tasks.compile.ApiMemberSelector.visitField(ILjava/lang/String;Ljava/lang/String;Ljava/lang/String;Ljava/lang/Object;)Lorg/objectweb/asm/FieldVisitor;
Event: 363.363 Thread 0x0000000017d6d000 Uncommon trap: reason=unstable_if action=reinterpret pc=0x000000000488b910 method=org.gradle.internal.fingerprint.classpath.impl.ClasspathFingerprintingStrategy$ClasspathFingerprintVisitor.visit(Lorg/gradle/internal/snapshot/CompleteFileSystemLocationSnap
Event: 363.370 Thread 0x0000000017d6d000 Uncommon trap: reason=unstable_if action=reinterpret pc=0x00000000049870e0 method=com.google.common.collect.ImmutableSortedSet.construct(Ljava/util/Comparator;I[Ljava/lang/Object;)Lcom/google/common/collect/ImmutableSortedSet; @ 1
Event: 363.371 Thread 0x0000000017d6d000 Uncommon trap: reason=unstable_if action=reinterpret pc=0x0000000004960348 method=com.google.common.collect.ImmutableSortedSet.construct(Ljava/util/Comparator;I[Ljava/lang/Object;)Lcom/google/common/collect/ImmutableSortedSet; @ 1
Event: 363.383 Thread 0x0000000017d6d000 Uncommon trap: reason=unstable_if action=reinterpret pc=0x000000000495c8b4 method=org.gradle.api.internal.tasks.compile.AnnotatableMember.compare(Lorg/gradle/api/internal/tasks/compile/AnnotatableMember;)Lcom/google/common/collect/ComparisonChain; @ 9
Event: 363.383 Thread 0x0000000017d6d000 Uncommon trap: reason=unstable_if action=reinterpret pc=0x000000000495d588 method=org.gradle.api.internal.tasks.compile.AnnotatableMember.compare(Lorg/gradle/api/internal/tasks/compile/AnnotatableMember;)Lcom/google/common/collect/ComparisonChain; @ 9
Event: 363.383 Thread 0x0000000017d6d000 Uncommon trap: reason=unstable_if action=reinterpret pc=0x000000000495fe38 method=org.gradle.api.internal.tasks.compile.AnnotatableMember.compare(Lorg/gradle/api/internal/tasks/compile/AnnotatableMember;)Lcom/google/common/collect/ComparisonChain; @ 25
Event: 363.392 Thread 0x0000000017d6d000 Uncommon trap: reason=unstable_if action=reinterpret pc=0x000000000460ef40 method=org.objectweb.asm.SymbolTable.addConstant(Ljava/lang/Object;)Lorg/objectweb/asm/Symbol; @ 126
Event: 363.392 Thread 0x0000000017d6d000 Uncommon trap: reason=unstable_if action=reinterpret pc=0x000000000497f504 method=org.gradle.api.internal.tasks.compile.ApiMemberSelector.visitAnnotationMembers(Lorg/objectweb/asm/FieldVisitor;Ljava/util/Set;)V @ 13

Classes redefined (0 events):
No events

Internal exceptions (10 events):
Event: 353.722 Thread 0x0000000020bfd800 Exception <a 'java/lang/NoSuchMethodError': <clinit>> (0x00000000e16da808) thrown at [C:\src\AOSP-openjdk-git\hotspot\src\share\vm\prims\jni.cpp, line 1615]
Event: 353.722 Thread 0x0000000020bfd800 Exception <a 'java/lang/NoSuchMethodError': <clinit>> (0x00000000e16dfef0) thrown at [C:\src\AOSP-openjdk-git\hotspot\src\share\vm\prims\jni.cpp, line 1615]
Event: 353.722 Thread 0x0000000020bfd800 Exception <a 'java/lang/NoSuchMethodError': <clinit>> (0x00000000e16e1210) thrown at [C:\src\AOSP-openjdk-git\hotspot\src\share\vm\prims\jni.cpp, line 1615]
Event: 353.799 Thread 0x0000000020bfd800 Exception <a 'java/lang/NoSuchMethodError': <clinit>> (0x00000000e26d0750) thrown at [C:\src\AOSP-openjdk-git\hotspot\src\share\vm\prims\jni.cpp, line 1615]
Event: 353.801 Thread 0x0000000020bfd800 Exception <a 'java/lang/NoSuchMethodError': <clinit>> (0x00000000e26ed700) thrown at [C:\src\AOSP-openjdk-git\hotspot\src\share\vm\prims\jni.cpp, line 1615]
Event: 353.804 Thread 0x0000000020bfd800 Exception <a 'java/lang/NoSuchMethodError': <clinit>> (0x00000000e270f608) thrown at [C:\src\AOSP-openjdk-git\hotspot\src\share\vm\prims\jni.cpp, line 1615]
Event: 353.807 Thread 0x0000000020bfd800 Exception <a 'java/lang/NoSuchMethodError': <clinit>> (0x00000000e2750718) thrown at [C:\src\AOSP-openjdk-git\hotspot\src\share\vm\prims\jni.cpp, line 1615]
Event: 362.005 Thread 0x0000000020c06800 Exception <a 'sun/nio/fs/WindowsException'> (0x00000000e3bbc7c0) thrown at [C:\src\AOSP-openjdk-git\hotspot\src\share\vm\prims\jni.cpp, line 710]
Event: 362.009 Thread 0x0000000020c06800 Exception <a 'sun/nio/fs/WindowsException'> (0x00000000e3bd4ea0) thrown at [C:\src\AOSP-openjdk-git\hotspot\src\share\vm\prims\jni.cpp, line 710]
Event: 362.009 Thread 0x0000000020c06800 Exception <a 'sun/nio/fs/WindowsException'> (0x00000000e3bd5348) thrown at [C:\src\AOSP-openjdk-git\hotspot\src\share\vm\prims\jni.cpp, line 710]

Events (10 events):
Event: 363.383 Thread 0x0000000017d6d000 DEOPT PACKING pc=0x000000000495fe38 sp=0x000000001ae397d0
Event: 363.383 Thread 0x0000000017d6d000 DEOPT UNPACKING pc=0x000000000228557b sp=0x000000001ae39778 mode 2
Event: 363.388 Executing VM operation: ForceSafepoint
Event: 363.388 Executing VM operation: ForceSafepoint done
Event: 363.392 Thread 0x0000000017d6d000 Uncommon trap: trap_request=0xffffff65 fr.pc=0x000000000460ef40
Event: 363.392 Thread 0x0000000017d6d000 DEOPT PACKING pc=0x000000000460ef40 sp=0x000000001ae39a40
Event: 363.392 Thread 0x0000000017d6d000 DEOPT UNPACKING pc=0x000000000228557b sp=0x000000001ae39a28 mode 2
Event: 363.392 Thread 0x0000000017d6d000 Uncommon trap: trap_request=0xffffff65 fr.pc=0x000000000497f504
Event: 363.392 Thread 0x0000000017d6d000 DEOPT PACKING pc=0x000000000497f504 sp=0x000000001ae39af0
Event: 363.392 Thread 0x0000000017d6d000 DEOPT UNPACKING pc=0x000000000228557b sp=0x000000001ae39a78 mode 2


Dynamic libraries:
0x00007ff77f300000 - 0x00007ff77f331000 	C:\Program Files\Android\Android Studio\jre\bin\java.exe
0x00007ffc61680000 - 0x00007ffc61870000 	C:\WINDOWS\SYSTEM32\ntdll.dll
0x00007ffc60880000 - 0x00007ffc60932000 	C:\WINDOWS\System32\KERNEL32.DLL
0x00007ffc5f2e0000 - 0x00007ffc5f584000 	C:\WINDOWS\System32\KERNELBASE.dll
0x00007ffc5f790000 - 0x00007ffc5f833000 	C:\WINDOWS\System32\ADVAPI32.dll
0x00007ffc60190000 - 0x00007ffc6022e000 	C:\WINDOWS\System32\msvcrt.dll
0x00007ffc61570000 - 0x00007ffc61607000 	C:\WINDOWS\System32\sechost.dll
0x00007ffc5faa0000 - 0x00007ffc5fbc0000 	C:\WINDOWS\System32\RPCRT4.dll
0x00007ffc5fc30000 - 0x00007ffc5fdc4000 	C:\WINDOWS\System32\USER32.dll
0x00007ffc5f280000 - 0x00007ffc5f2a1000 	C:\WINDOWS\System32\win32u.dll
0x00007ffc61610000 - 0x00007ffc61636000 	C:\WINDOWS\System32\GDI32.dll
0x00007ffc5e8e0000 - 0x00007ffc5ea75000 	C:\WINDOWS\System32\gdi32full.dll
0x00007ffc5f690000 - 0x00007ffc5f72e000 	C:\WINDOWS\System32\msvcp_win.dll
0x00007ffc5f590000 - 0x00007ffc5f68a000 	C:\WINDOWS\System32\ucrtbase.dll
0x00007ffc4da70000 - 0x00007ffc4dcf4000 	C:\WINDOWS\WinSxS\amd64_microsoft.windows.common-controls_6595b64144ccf1df_6.0.18362.900_none_e6beb9d913147d17\COMCTL32.dll
0x00007ffc5fe50000 - 0x00007ffc60185000 	C:\WINDOWS\System32\combase.dll
0x00007ffc5e860000 - 0x00007ffc5e8e0000 	C:\WINDOWS\System32\bcryptPrimitives.dll
0x00007ffc602b0000 - 0x00007ffc602de000 	C:\WINDOWS\System32\IMM32.DLL
0x0000000063ac0000 - 0x0000000063b92000 	C:\Program Files\Android\Android Studio\jre\jre\bin\msvcr100.dll
0x0000000063f30000 - 0x000000006477b000 	C:\Program Files\Android\Android Studio\jre\jre\bin\server\jvm.dll
0x00007ffc602a0000 - 0x00007ffc602a8000 	C:\WINDOWS\System32\PSAPI.DLL
0x00007ffc48160000 - 0x00007ffc48169000 	C:\WINDOWS\SYSTEM32\WSOCK32.dll
0x00007ffc5fbc0000 - 0x00007ffc5fc2f000 	C:\WINDOWS\System32\WS2_32.dll
0x00007ffc54fe0000 - 0x00007ffc55004000 	C:\WINDOWS\SYSTEM32\WINMM.dll
0x00007ffc573f0000 - 0x00007ffc573fa000 	C:\WINDOWS\SYSTEM32\VERSION.dll
0x00007ffc54fb0000 - 0x00007ffc54fdd000 	C:\WINDOWS\SYSTEM32\WINMMBASE.dll
0x00007ffc5e810000 - 0x00007ffc5e85a000 	C:\WINDOWS\System32\cfgmgr32.dll
0x00007ffc50d70000 - 0x00007ffc50d7f000 	C:\Program Files\Android\Android Studio\jre\jre\bin\verify.dll
0x00007ffc50a70000 - 0x00007ffc50a99000 	C:\Program Files\Android\Android Studio\jre\jre\bin\java.dll
0x00007ffc50d50000 - 0x00007ffc50d66000 	C:\Program Files\Android\Android Studio\jre\jre\bin\zip.dll
0x00007ffc60e80000 - 0x00007ffc61566000 	C:\WINDOWS\System32\SHELL32.dll
0x00007ffc5f840000 - 0x00007ffc5f8e9000 	C:\WINDOWS\System32\shcore.dll
0x00007ffc5eb00000 - 0x00007ffc5f280000 	C:\WINDOWS\System32\windows.storage.dll
0x00007ffc5e570000 - 0x00007ffc5e593000 	C:\WINDOWS\System32\profapi.dll
0x00007ffc5e5a0000 - 0x00007ffc5e5ea000 	C:\WINDOWS\System32\powrprof.dll
0x00007ffc5e540000 - 0x00007ffc5e550000 	C:\WINDOWS\System32\UMPDC.dll
0x00007ffc5f730000 - 0x00007ffc5f782000 	C:\WINDOWS\System32\shlwapi.dll
0x00007ffc5e5f0000 - 0x00007ffc5e601000 	C:\WINDOWS\System32\kernel.appcore.dll
0x00007ffc5ea80000 - 0x00007ffc5ea97000 	C:\WINDOWS\System32\cryptsp.dll
0x00007ffc4ba30000 - 0x00007ffc4ba4a000 	C:\Program Files\Android\Android Studio\jre\jre\bin\net.dll
0x00007ffc5ddb0000 - 0x00007ffc5de17000 	C:\WINDOWS\system32\mswsock.dll
0x00007ffc46a80000 - 0x00007ffc46a93000 	C:\Program Files\Android\Android Studio\jre\jre\bin\nio.dll
0x00007ffbd03a0000 - 0x00007ffbd03c6000 	C:\Users\Sezgin\.gradle\native\31\windows-amd64\native-platform.dll
0x00007ffc50cf0000 - 0x00007ffc50cfd000 	C:\Program Files\Android\Android Studio\jre\jre\bin\management.dll
0x00007ffc5d920000 - 0x00007ffc5d953000 	C:\WINDOWS\system32\rsaenh.dll
0x00007ffc5f2b0000 - 0x00007ffc5f2d6000 	C:\WINDOWS\System32\bcrypt.dll
0x00007ffc5e430000 - 0x00007ffc5e455000 	C:\WINDOWS\SYSTEM32\USERENV.dll
0x00007ffc5df80000 - 0x00007ffc5df8c000 	C:\WINDOWS\SYSTEM32\CRYPTBASE.dll
0x00007ffc5dac0000 - 0x00007ffc5dafa000 	C:\WINDOWS\SYSTEM32\IPHLPAPI.DLL
0x00007ffc5fa30000 - 0x00007ffc5fa38000 	C:\WINDOWS\System32\NSI.dll
0x00007ffc56360000 - 0x00007ffc56376000 	C:\WINDOWS\SYSTEM32\dhcpcsvc6.DLL
0x00007ffc56040000 - 0x00007ffc5605c000 	C:\WINDOWS\SYSTEM32\dhcpcsvc.DLL
0x00007ffc5db00000 - 0x00007ffc5dbcb000 	C:\WINDOWS\SYSTEM32\DNSAPI.dll
0x00007ffc05560000 - 0x00007ffc05584000 	C:\Program Files\Android\Android Studio\jre\jre\bin\sunec.dll
0x00007ffc4e090000 - 0x00007ffc4e09a000 	C:\Windows\System32\rasadhlp.dll
0x00007ffc55be0000 - 0x00007ffc55c57000 	C:\WINDOWS\System32\fwpuclnt.dll
0x00007ffc52ef0000 - 0x00007ffc52efb000 	C:\Program Files\Android\Android Studio\jre\jre\bin\sunmscapi.dll
0x00007ffc5e6c0000 - 0x00007ffc5e809000 	C:\WINDOWS\System32\CRYPT32.dll
0x00007ffc5e550000 - 0x00007ffc5e562000 	C:\WINDOWS\System32\MSASN1.dll
0x00007ffbf11f0000 - 0x00007ffbf138c000 	C:\Program Files\Android\Android Studio\jre\jre\bin\awt.dll
0x00007ffc60940000 - 0x00007ffc60a05000 	C:\WINDOWS\System32\OLEAUT32.dll
0x00007ffc5cac0000 - 0x00007ffc5caed000 	C:\WINDOWS\SYSTEM32\dwmapi.dll
0x00007ffc5b0d0000 - 0x00007ffc5b690000 	C:\WINDOWS\SYSTEM32\d2d1.dll
0x00007ffc5c4b0000 - 0x00007ffc5c53f000 	C:\WINDOWS\SYSTEM32\apphelp.dll
0x00007ffc5c640000 - 0x00007ffc5c6d9000 	C:\WINDOWS\system32\uxtheme.dll

VM Arguments:
jvm_args: -Xmx1536m -Dfile.encoding=windows-1254 -Duser.country=TR -Duser.language=tr -Duser.variant 
java_command: org.gradle.launcher.daemon.bootstrap.GradleDaemon 6.1.1
java_class_path (initial): C:\Users\Sezgin\.gradle\wrapper\dists\gradle-6.1.1-all\cfmwm155h49vnt3hynmlrsdst\gradle-6.1.1\lib\gradle-launcher-6.1.1.jar
Launcher Type: SUN_STANDARD

Environment Variables:
USERNAME=Sezgin
OS=Windows_NT
PROCESSOR_IDENTIFIER=Intel64 Family 6 Model 69 Stepping 1, GenuineIntel



---------------  S Y S T E M  ---------------

OS: Windows 10.0 , 64 bit Build 18362 (10.0.18362.900)

CPU:total 4 (initial active 4) (2 cores per cpu, 2 threads per core) family 6 model 69 stepping 1, cmov, cx8, fxsr, mmx, sse, sse2, sse3, ssse3, sse4.1, sse4.2, popcnt, avx, avx2, aes, clmul, erms, lzcnt, ht, tsc, tscinvbit, bmi1, bmi2

Memory: 4k page, physical 12472600k(1353536k free), swap 14569752k(556k free)

vm_info: OpenJDK 64-Bit Server VM (25.242-b01) for windows-amd64 JRE (1.8.0_242-release-1644-b01), built by "builder" with MS VC++ 10.0 (VS2010)

time: Fri Jun 26 10:20:34 2020
timezone: Türkiye Standart Saati
elapsed time: 363 seconds (0d 0h 6m 3s)

