#
# There is insufficient memory for the Java Runtime Environment to continue.
# Native memory allocation (malloc) failed to allocate 463776 bytes for Chunk::new
# Possible reasons:
#   The system is out of physical RAM or swap space
#   The process is running with CompressedOops enabled, and the Java Heap may be blocking the growth of the native heap
# Possible solutions:
#   Reduce memory load on the system
#   Increase physical memory or swap space
#   Check if swap backing store is full
#   Decrease Java heap size (-Xmx/-Xms)
#   Decrease number of Java threads
#   Decrease Java thread stack sizes (-Xss)
#   Set larger code cache with -XX:ReservedCodeCacheSize=
#   JVM is running with Unscaled Compressed Oops mode in which the Java heap is
#     placed in the first 4GB address space. The Java Heap base address is the
#     maximum limit for the native heap growth. Please use -XX:HeapBaseMinAddress
#     to set the Java Heap base and to place the Java Heap above 4GB virtual address.
# This output file may be truncated or incomplete.
#
#  Out of Memory Error (allocation.cpp:389), pid=8876, tid=0x0000000000003cac
#
# JRE version: OpenJDK Runtime Environment (8.0_242-b01) (build 1.8.0_242-release-1644-b01)
# Java VM: OpenJDK 64-Bit Server VM (25.242-b01 mixed mode windows-amd64 compressed oops)
# Failed to write core dump. Minidumps are not enabled by default on client versions of Windows
#

---------------  T H R E A D  ---------------

Current thread (0x0000000016b1d800):  JavaThread "C2 CompilerThread1" daemon [_thread_in_native, id=15532, stack(0x0000000018250000,0x0000000018350000)]

Stack: [0x0000000018250000,0x0000000018350000]
[error occurred during error reporting (printing stack bounds), id 0xc0000005]

Native frames: (J=compiled Java code, j=interpreted, Vv=VM code, C=native code)


Current CompileTask:
C2:  18883 7556       4       java.net.URLClassLoader$1::run (5 bytes)


---------------  P R O C E S S  ---------------

Java Threads: ( => current thread )
  0x00000000204d9000 JavaThread "Cache worker for Java compile cache (C:\Users\Sezgin\Desktop\Android\MilkDoser\.gradle\6.1.1\javaCompile)" [_thread_blocked, id=9348, stack(0x00000000248d0000,0x00000000249d0000)]
  0x00000000204d7000 JavaThread "Cache worker for Java compile cache (C:\Users\Sezgin\.gradle\caches\6.1.1\javaCompile)" [_thread_blocked, id=10476, stack(0x00000000247d0000,0x00000000248d0000)]
  0x00000000204d7800 JavaThread "Cache worker for execution history cache (C:\Users\Sezgin\Desktop\Android\MilkDoser\.gradle\6.1.1\executionHistory)" [_thread_blocked, id=15708, stack(0x00000000244d0000,0x00000000245d0000)]
  0x00000000204d2800 JavaThread "Execution worker for ':' Thread 3" [_thread_blocked, id=1216, stack(0x00000000241d0000,0x00000000242d0000)]
  0x00000000204d6000 JavaThread "Execution worker for ':' Thread 2" [_thread_blocked, id=15552, stack(0x00000000240d0000,0x00000000241d0000)]
  0x00000000204d8800 JavaThread "Execution worker for ':'" [_thread_blocked, id=6148, stack(0x0000000023fd0000,0x00000000240d0000)]
  0x00000000204d5800 JavaThread "Cache worker for file content cache (C:\Users\Sezgin\Desktop\Android\MilkDoser\.gradle\6.1.1\fileContent)" [_thread_blocked, id=756, stack(0x0000000023ad0000,0x0000000023bd0000)]
  0x00000000204cb000 JavaThread "Cache worker for file content cache (C:\Users\Sezgin\.gradle\caches\6.1.1\fileContent)" [_thread_blocked, id=14068, stack(0x00000000239d0000,0x0000000023ad0000)]
  0x00000000204ce000 JavaThread "Memory manager" [_thread_blocked, id=9412, stack(0x00000000238d0000,0x00000000239d0000)]
  0x00000000204d1800 JavaThread "Cache worker for Build Output Cleanup Cache (C:\Users\Sezgin\Desktop\Android\MilkDoser\.gradle\buildOutputCleanup)" [_thread_blocked, id=10532, stack(0x0000000022dd0000,0x0000000022ed0000)]
  0x00000000204cd000 JavaThread "pool-1-thread-1" [_thread_blocked, id=12264, stack(0x0000000022ad0000,0x0000000022bd0000)]
  0x00000000204ca000 JavaThread "Build operations Thread 4" [_thread_blocked, id=16344, stack(0x00000000225d0000,0x00000000226d0000)]
  0x00000000204d0000 JavaThread "Build operations Thread 3" [_thread_blocked, id=9552, stack(0x00000000224d0000,0x00000000225d0000)]
  0x00000000204cb800 JavaThread "Build operations Thread 2" [_thread_blocked, id=3548, stack(0x00000000223d0000,0x00000000224d0000)]
  0x00000000204cf800 JavaThread "Build operations" [_thread_blocked, id=8608, stack(0x00000000222d0000,0x00000000223d0000)]
  0x000000001a781800 JavaThread "Cache worker for execution history cache (C:\Users\Sezgin\.gradle\caches\6.1.1\executionHistory)" [_thread_blocked, id=1748, stack(0x0000000020600000,0x0000000020700000)]
  0x000000001a780800 JavaThread "Cache worker for cache directory md-rule (C:\Users\Sezgin\.gradle\caches\6.1.1\md-rule)" [_thread_blocked, id=15796, stack(0x000000001f450000,0x000000001f550000)]
  0x000000001a780000 JavaThread "Cache worker for cache directory md-supplier (C:\Users\Sezgin\.gradle\caches\6.1.1\md-supplier)" [_thread_blocked, id=8364, stack(0x000000001efa0000,0x000000001f0a0000)]
  0x000000001a784000 JavaThread "Cache worker for file hash cache (C:\Users\Sezgin\Desktop\Android\MilkDoser\.gradle\6.1.1\fileHashes)" [_thread_blocked, id=4156, stack(0x000000001f150000,0x000000001f250000)]
  0x000000001a783000 JavaThread "Cache worker for checksums cache (C:\Users\Sezgin\Desktop\Android\MilkDoser\.gradle\checksums)" [_thread_blocked, id=7524, stack(0x000000001ca90000,0x000000001cb90000)]
  0x000000001a77e800 JavaThread "Cache worker for file hash cache (C:\Users\Sezgin\.gradle\caches\6.1.1\fileHashes)" [_thread_blocked, id=9680, stack(0x000000001c890000,0x000000001c990000)]
  0x000000001a77f000 JavaThread "File lock request listener" [_thread_in_native, id=8604, stack(0x000000001c790000,0x000000001c890000)]
  0x000000001a726800 JavaThread "Cache worker for journal cache (C:\Users\Sezgin\.gradle\caches\journal-1)" [_thread_blocked, id=4128, stack(0x000000001c690000,0x000000001c790000)]
  0x0000000018515800 JavaThread "Thread-9" [_thread_blocked, id=14276, stack(0x000000001c390000,0x000000001c490000)]
  0x0000000018512800 JavaThread "Stdin handler" [_thread_blocked, id=11952, stack(0x000000001c290000,0x000000001c390000)]
  0x0000000018abc800 JavaThread "Asynchronous log dispatcher for DefaultDaemonConnection: socket connection from /127.0.0.1:56084 to /127.0.0.1:56085" [_thread_blocked, id=4188, stack(0x000000001c190000,0x000000001c290000)]
  0x0000000018cfd800 JavaThread "Daemon worker" [_thread_in_vm, id=3336, stack(0x000000001c090000,0x000000001c190000)]
  0x0000000018cfc800 JavaThread "Cancel handler" [_thread_blocked, id=9900, stack(0x000000001bf90000,0x000000001c090000)]
  0x000000001a21a000 JavaThread "Handler for socket connection from /127.0.0.1:56084 to /127.0.0.1:56085" [_thread_in_native, id=13764, stack(0x000000001bc90000,0x000000001bd90000)]
  0x000000001a6a0000 JavaThread "Daemon" [_thread_blocked, id=6564, stack(0x000000001bb90000,0x000000001bc90000)]
  0x000000001a63e000 JavaThread "Daemon periodic checks" [_thread_blocked, id=8804, stack(0x000000001ba90000,0x000000001bb90000)]
  0x000000001a5dc800 JavaThread "Incoming local TCP Connector on port 56084" [_thread_in_native, id=10644, stack(0x000000001b850000,0x000000001b950000)]
  0x000000001a01f800 JavaThread "Daemon health stats" [_thread_blocked, id=11088, stack(0x000000001b1f0000,0x000000001b2f0000)]
  0x0000000016b6e800 JavaThread "Service Thread" daemon [_thread_blocked, id=6340, stack(0x0000000018850000,0x0000000018950000)]
  0x0000000016b2b800 JavaThread "C1 CompilerThread2" daemon [_thread_blocked, id=12136, stack(0x0000000018350000,0x0000000018450000)]
=>0x0000000016b1d800 JavaThread "C2 CompilerThread1" daemon [_thread_in_native, id=15532, stack(0x0000000018250000,0x0000000018350000)]
  0x0000000016b19000 JavaThread "C2 CompilerThread0" daemon [_thread_in_native, id=7172, stack(0x0000000018150000,0x0000000018250000)]
  0x0000000016b17800 JavaThread "Attach Listener" daemon [_thread_blocked, id=10604, stack(0x0000000018050000,0x0000000018150000)]
  0x0000000016b16000 JavaThread "Signal Dispatcher" daemon [_thread_blocked, id=1116, stack(0x0000000017f50000,0x0000000018050000)]
  0x000000000316c000 JavaThread "Finalizer" daemon [_thread_blocked, id=4100, stack(0x0000000017d60000,0x0000000017e60000)]
  0x0000000016af9000 JavaThread "Reference Handler" daemon [_thread_blocked, id=3120, stack(0x0000000017c60000,0x0000000017d60000)]
  0x0000000003073000 JavaThread "main" [_thread_blocked, id=3792, stack(0x0000000001790000,0x0000000001890000)]

Other Threads:
  0x0000000016ad7000 VMThread [stack: 0x0000000017b60000,0x0000000017c60000] [id=2528]
  0x0000000018491800 WatcherThread [stack: 0x0000000018950000,0x0000000018a50000] [id=2608]

VM state:not at safepoint (normal execution)

VM Mutex/Monitor currently owned by a thread: None

heap address: 0x00000000a0000000, size: 1536 MB, Compressed Oops mode: 32-bit
Narrow klass base: 0x0000000000000000, Narrow klass shift: 3
Compressed class space size: 1073741824 Address: 0x0000000100000000

Heap:
 PSYoungGen      total 197632K, used 169386K [0x00000000e0000000, 0x00000000ede00000, 0x0000000100000000)
  eden space 181248K, 93% used [0x00000000e0000000,0x00000000ea56a9f0,0x00000000eb100000)
  from space 16384K, 0% used [0x00000000ec580000,0x00000000ec580000,0x00000000ed580000)
  to   space 20992K, 0% used [0x00000000eb100000,0x00000000eb100000,0x00000000ec580000)
 ParOldGen       total 110592K, used 34294K [0x00000000a0000000, 0x00000000a6c00000, 0x00000000e0000000)
  object space 110592K, 31% used [0x00000000a0000000,0x00000000a217d838,0x00000000a6c00000)
 Metaspace       used 61755K, capacity 64506K, committed 64680K, reserved 1105920K
  class space    used 8517K, capacity 9068K, committed 9136K, reserved 1048576K

Card table byte_map: [0x0000000012560000,0x0000000012870000] byte_map_base: 0x0000000012060000

Marking Bits: (ParMarkBitMap*) 0x000000005527f030
 Begin Bits: [0x0000000012e70000, 0x0000000014670000)
 End Bits:   [0x0000000014670000, 0x0000000015e70000)

Polling page: 0x0000000001280000

CodeCache: size=245760Kb used=20921Kb max_used=20930Kb free=224838Kb
 bounds [0x00000000031a0000, 0x0000000004630000, 0x00000000121a0000]
 total_blobs=7518 nmethods=6726 adapters=703
 compilation: enabled

Compilation events (10 events):
Event: 18.820 Thread 0x0000000016b2b800 7552       3       org.gradle.cache.internal.DefaultCrossBuildInMemoryCacheFactory$DefaultCrossBuildInMemoryCache::retainValue (20 bytes)
Event: 18.820 Thread 0x0000000016b2b800 nmethod 7552 0x0000000004618190 code [0x0000000004618320, 0x0000000004618788]
Event: 18.829 Thread 0x0000000016b19000 7553       4       com.google.common.base.Preconditions::checkState (17 bytes)
Event: 18.829 Thread 0x0000000016b2b800 7554       3       com.google.common.cache.LocalCache::createSegment (13 bytes)
Event: 18.829 Thread 0x0000000016b2b800 nmethod 7554 0x000000000461af10 code [0x000000000461b080, 0x000000000461b288]
Event: 18.829 Thread 0x0000000016b2b800 7555       3       com.google.common.cache.LocalCache$Segment::initTable (51 bytes)
Event: 18.829 Thread 0x0000000016b19000 nmethod 7553 0x0000000003c65ed0 code [0x0000000003c66000, 0x0000000003c66058]
Event: 18.830 Thread 0x0000000016b2b800 nmethod 7555 0x00000000046229d0 code [0x0000000004622b40, 0x0000000004622f30]
Event: 18.831 Thread 0x0000000016b1d800 7556       4       java.net.URLClassLoader$1::run (5 bytes)
Event: 18.849 Thread 0x0000000016b19000 7557   !   4       java.net.URLClassLoader$1::run (63 bytes)

GC Heap History (10 events):
Event: 5.993 GC heap before
{Heap before GC invocations=9 (full 1):
 PSYoungGen      total 103936K, used 45781K [0x00000000e0000000, 0x00000000ead80000, 0x0000000100000000)
  eden space 92160K, 38% used [0x00000000e0000000,0x00000000e228e8a8,0x00000000e5a00000)
  from space 11776K, 88% used [0x00000000e5a00000,0x00000000e6426c78,0x00000000e6580000)
  to   space 12800K, 0% used [0x00000000ea100000,0x00000000ea100000,0x00000000ead80000)
 ParOldGen       total 69120K, used 7674K [0x00000000a0000000, 0x00000000a4380000, 0x00000000e0000000)
  object space 69120K, 11% used [0x00000000a0000000,0x00000000a077ebc8,0x00000000a4380000)
 Metaspace       used 34523K, capacity 35386K, committed 35496K, reserved 1079296K
  class space    used 4734K, capacity 4970K, committed 5040K, reserved 1048576K
Event: 6.009 GC heap after
Heap after GC invocations=9 (full 1):
 PSYoungGen      total 165376K, used 8318K [0x00000000e0000000, 0x00000000eb700000, 0x0000000100000000)
  eden space 152576K, 0% used [0x00000000e0000000,0x00000000e0000000,0x00000000e9500000)
  from space 12800K, 64% used [0x00000000ea100000,0x00000000ea91fbc0,0x00000000ead80000)
  to   space 12288K, 0% used [0x00000000e9500000,0x00000000e9500000,0x00000000ea100000)
 ParOldGen       total 69120K, used 7682K [0x00000000a0000000, 0x00000000a4380000, 0x00000000e0000000)
  object space 69120K, 11% used [0x00000000a0000000,0x00000000a0780bc8,0x00000000a4380000)
 Metaspace       used 34523K, capacity 35386K, committed 35496K, reserved 1079296K
  class space    used 4734K, capacity 4970K, committed 5040K, reserved 1048576K
}
Event: 6.009 GC heap before
{Heap before GC invocations=10 (full 2):
 PSYoungGen      total 165376K, used 8318K [0x00000000e0000000, 0x00000000eb700000, 0x0000000100000000)
  eden space 152576K, 0% used [0x00000000e0000000,0x00000000e0000000,0x00000000e9500000)
  from space 12800K, 64% used [0x00000000ea100000,0x00000000ea91fbc0,0x00000000ead80000)
  to   space 12288K, 0% used [0x00000000e9500000,0x00000000e9500000,0x00000000ea100000)
 ParOldGen       total 69120K, used 7682K [0x00000000a0000000, 0x00000000a4380000, 0x00000000e0000000)
  object space 69120K, 11% used [0x00000000a0000000,0x00000000a0780bc8,0x00000000a4380000)
 Metaspace       used 34523K, capacity 35386K, committed 35496K, reserved 1079296K
  class space    used 4734K, capacity 4970K, committed 5040K, reserved 1048576K
Event: 6.226 GC heap after
Heap after GC invocations=10 (full 2):
 PSYoungGen      total 165376K, used 0K [0x00000000e0000000, 0x00000000eb700000, 0x0000000100000000)
  eden space 152576K, 0% used [0x00000000e0000000,0x00000000e0000000,0x00000000e9500000)
  from space 12800K, 0% used [0x00000000ea100000,0x00000000ea100000,0x00000000ead80000)
  to   space 12288K, 0% used [0x00000000e9500000,0x00000000e9500000,0x00000000ea100000)
 ParOldGen       total 110592K, used 14874K [0x00000000a0000000, 0x00000000a6c00000, 0x00000000e0000000)
  object space 110592K, 13% used [0x00000000a0000000,0x00000000a0e86a28,0x00000000a6c00000)
 Metaspace       used 34523K, capacity 35386K, committed 35496K, reserved 1079296K
  class space    used 4734K, capacity 4970K, committed 5040K, reserved 1048576K
}
Event: 13.656 GC heap before
{Heap before GC invocations=11 (full 2):
 PSYoungGen      total 165376K, used 152576K [0x00000000e0000000, 0x00000000eb700000, 0x0000000100000000)
  eden space 152576K, 100% used [0x00000000e0000000,0x00000000e9500000,0x00000000e9500000)
  from space 12800K, 0% used [0x00000000ea100000,0x00000000ea100000,0x00000000ead80000)
  to   space 12288K, 0% used [0x00000000e9500000,0x00000000e9500000,0x00000000ea100000)
 ParOldGen       total 110592K, used 14874K [0x00000000a0000000, 0x00000000a6c00000, 0x00000000e0000000)
  object space 110592K, 13% used [0x00000000a0000000,0x00000000a0e86a28,0x00000000a6c00000)
 Metaspace       used 47180K, capacity 48600K, committed 48680K, reserved 1091584K
  class space    used 6340K, capacity 6680K, committed 6704K, reserved 1048576K
Event: 13.687 GC heap after
Heap after GC invocations=11 (full 2):
 PSYoungGen      total 164864K, used 12262K [0x00000000e0000000, 0x00000000ed580000, 0x0000000100000000)
  eden space 152576K, 0% used [0x00000000e0000000,0x00000000e0000000,0x00000000e9500000)
  from space 12288K, 99% used [0x00000000e9500000,0x00000000ea0f9a40,0x00000000ea100000)
  to   space 16384K, 0% used [0x00000000ec580000,0x00000000ec580000,0x00000000ed580000)
 ParOldGen       total 110592K, used 21809K [0x00000000a0000000, 0x00000000a6c00000, 0x00000000e0000000)
  object space 110592K, 19% used [0x00000000a0000000,0x00000000a154c5d8,0x00000000a6c00000)
 Metaspace       used 47180K, capacity 48600K, committed 48680K, reserved 1091584K
  class space    used 6340K, capacity 6680K, committed 6704K, reserved 1048576K
}
Event: 15.474 GC heap before
{Heap before GC invocations=12 (full 2):
 PSYoungGen      total 164864K, used 130085K [0x00000000e0000000, 0x00000000ed580000, 0x0000000100000000)
  eden space 152576K, 77% used [0x00000000e0000000,0x00000000e730fb08,0x00000000e9500000)
  from space 12288K, 99% used [0x00000000e9500000,0x00000000ea0f9a40,0x00000000ea100000)
  to   space 16384K, 0% used [0x00000000ec580000,0x00000000ec580000,0x00000000ed580000)
 ParOldGen       total 110592K, used 21809K [0x00000000a0000000, 0x00000000a6c00000, 0x00000000e0000000)
  object space 110592K, 19% used [0x00000000a0000000,0x00000000a154c5d8,0x00000000a6c00000)
 Metaspace       used 57103K, capacity 59010K, committed 59160K, reserved 1099776K
  class space    used 7820K, capacity 8270K, committed 8368K, reserved 1048576K
Event: 15.525 GC heap after
Heap after GC invocations=12 (full 2):
 PSYoungGen      total 197632K, used 16372K [0x00000000e0000000, 0x00000000ede00000, 0x0000000100000000)
  eden space 181248K, 0% used [0x00000000e0000000,0x00000000e0000000,0x00000000eb100000)
  from space 16384K, 99% used [0x00000000ec580000,0x00000000ed57d078,0x00000000ed580000)
  to   space 20992K, 0% used [0x00000000eb100000,0x00000000eb100000,0x00000000ec580000)
 ParOldGen       total 110592K, used 27802K [0x00000000a0000000, 0x00000000a6c00000, 0x00000000e0000000)
  object space 110592K, 25% used [0x00000000a0000000,0x00000000a1b26a50,0x00000000a6c00000)
 Metaspace       used 57103K, capacity 59010K, committed 59160K, reserved 1099776K
  class space    used 7820K, capacity 8270K, committed 8368K, reserved 1048576K
}
Event: 15.525 GC heap before
{Heap before GC invocations=13 (full 3):
 PSYoungGen      total 197632K, used 16372K [0x00000000e0000000, 0x00000000ede00000, 0x0000000100000000)
  eden space 181248K, 0% used [0x00000000e0000000,0x00000000e0000000,0x00000000eb100000)
  from space 16384K, 99% used [0x00000000ec580000,0x00000000ed57d078,0x00000000ed580000)
  to   space 20992K, 0% used [0x00000000eb100000,0x00000000eb100000,0x00000000ec580000)
 ParOldGen       total 110592K, used 27802K [0x00000000a0000000, 0x00000000a6c00000, 0x00000000e0000000)
  object space 110592K, 25% used [0x00000000a0000000,0x00000000a1b26a50,0x00000000a6c00000)
 Metaspace       used 57103K, capacity 59010K, committed 59160K, reserved 1099776K
  class space    used 7820K, capacity 8270K, committed 8368K, reserved 1048576K
Event: 15.906 GC heap after
Heap after GC invocations=13 (full 3):
 PSYoungGen      total 197632K, used 0K [0x00000000e0000000, 0x00000000ede00000, 0x0000000100000000)
  eden space 181248K, 0% used [0x00000000e0000000,0x00000000e0000000,0x00000000eb100000)
  from space 16384K, 0% used [0x00000000ec580000,0x00000000ec580000,0x00000000ed580000)
  to   space 20992K, 0% used [0x00000000eb100000,0x00000000eb100000,0x00000000ec580000)
 ParOldGen       total 110592K, used 34294K [0x00000000a0000000, 0x00000000a6c00000, 0x00000000e0000000)
  object space 110592K, 31% used [0x00000000a0000000,0x00000000a217d838,0x00000000a6c00000)
 Metaspace       used 57101K, capacity 59004K, committed 59160K, reserved 1099776K
  class space    used 7819K, capacity 8269K, committed 8368K, reserved 1048576K
}

Deoptimization events (10 events):
Event: 16.865 Thread 0x00000000204d8800 Uncommon trap: reason=unstable_if action=reinterpret pc=0x0000000003d6fdd4 method=org.gradle.internal.snapshot.PathUtil.equalChars(CCLorg/gradle/internal/snapshot/CaseSensitivity;)Z @ 11
Event: 17.165 Thread 0x00000000204d6000 Uncommon trap: reason=unstable_if action=reinterpret pc=0x00000000042f2a7c method=java.lang.String$CaseInsensitiveComparator.compare(Ljava/lang/String;Ljava/lang/String;)I @ 70
Event: 17.326 Thread 0x000000001a781800 Uncommon trap: reason=unstable_if action=reinterpret pc=0x0000000004445fac method=com.esotericsoftware.kryo.io.Input.readVarInt(Z)I @ 42
Event: 17.830 Thread 0x00000000204d2800 Uncommon trap: reason=unstable_if action=reinterpret pc=0x000000000359b6ec method=com.sun.org.apache.xerces.internal.impl.XMLEntityScanner.peekChar()I @ 51
Event: 18.475 Thread 0x0000000018cfd800 Uncommon trap: reason=predicate action=maybe_recompile pc=0x000000000379af88 method=com.google.common.base.CharMatcher.indexIn(Ljava/lang/CharSequence;I)I @ 22
Event: 18.614 Thread 0x00000000204d8800 Uncommon trap: reason=bimorphic action=maybe_recompile pc=0x000000000383034c method=com.google.common.base.Equivalence$Equals.doEquivalent(Ljava/lang/Object;Ljava/lang/Object;)Z @ 2
Event: 18.622 Thread 0x00000000204d8800 Uncommon trap: reason=bimorphic action=maybe_recompile pc=0x000000000383034c method=com.google.common.base.Equivalence$Equals.doEquivalent(Ljava/lang/Object;Ljava/lang/Object;)Z @ 2
Event: 18.658 Thread 0x00000000204d8800 Uncommon trap: reason=bimorphic action=maybe_recompile pc=0x000000000383034c method=com.google.common.base.Equivalence$Equals.doEquivalent(Ljava/lang/Object;Ljava/lang/Object;)Z @ 2
Event: 18.662 Thread 0x00000000204d8800 Uncommon trap: reason=bimorphic action=maybe_recompile pc=0x000000000383034c method=com.google.common.base.Equivalence$Equals.doEquivalent(Ljava/lang/Object;Ljava/lang/Object;)Z @ 2
Event: 18.748 Thread 0x0000000018cfd800 Uncommon trap: reason=unstable_if action=reinterpret pc=0x0000000003823e28 method=org.gradle.internal.hash.HashCode.equals(Ljava/lang/Object;)Z @ 2

Classes redefined (0 events):
No events

Internal exceptions (10 events):
Event: 18.655 Thread 0x00000000204d8800 Exception <a 'java/lang/NoSuchMethodError': <clinit>> (0x00000000e978d0a0) thrown at [C:\src\AOSP-openjdk-git\hotspot\src\share\vm\prims\jni.cpp, line 1615]
Event: 18.732 Thread 0x0000000018cfd800 Exception <a 'sun/nio/fs/WindowsException'> (0x00000000e9b12538) thrown at [C:\src\AOSP-openjdk-git\hotspot\src\share\vm\prims\jni.cpp, line 710]
Event: 18.733 Thread 0x0000000018cfd800 Exception <a 'sun/nio/fs/WindowsException'> (0x00000000e9b13d20) thrown at [C:\src\AOSP-openjdk-git\hotspot\src\share\vm\prims\jni.cpp, line 710]
Event: 18.733 Thread 0x0000000018cfd800 Exception <a 'sun/nio/fs/WindowsException'> (0x00000000e9b158e0) thrown at [C:\src\AOSP-openjdk-git\hotspot\src\share\vm\prims\jni.cpp, line 710]
Event: 18.737 Thread 0x0000000018cfd800 Exception <a 'sun/nio/fs/WindowsException'> (0x00000000e9b4dc10) thrown at [C:\src\AOSP-openjdk-git\hotspot\src\share\vm\prims\jni.cpp, line 710]
Event: 18.738 Thread 0x0000000018cfd800 Exception <a 'sun/nio/fs/WindowsException'> (0x00000000e9b4f440) thrown at [C:\src\AOSP-openjdk-git\hotspot\src\share\vm\prims\jni.cpp, line 710]
Event: 18.738 Thread 0x0000000018cfd800 Exception <a 'sun/nio/fs/WindowsException'> (0x00000000e9b50ce0) thrown at [C:\src\AOSP-openjdk-git\hotspot\src\share\vm\prims\jni.cpp, line 710]
Event: 18.738 Thread 0x0000000018cfd800 Exception <a 'sun/nio/fs/WindowsException'> (0x00000000e9b53900) thrown at [C:\src\AOSP-openjdk-git\hotspot\src\share\vm\prims\jni.cpp, line 710]
Event: 18.738 Thread 0x0000000018cfd800 Exception <a 'sun/nio/fs/WindowsException'> (0x00000000e9b55140) thrown at [C:\src\AOSP-openjdk-git\hotspot\src\share\vm\prims\jni.cpp, line 710]
Event: 18.739 Thread 0x0000000018cfd800 Exception <a 'sun/nio/fs/WindowsException'> (0x00000000e9b569f0) thrown at [C:\src\AOSP-openjdk-git\hotspot\src\share\vm\prims\jni.cpp, line 710]

Events (10 events):
Event: 18.873 loading class org/gradle/api/internal/tasks/compile/incremental/IncrementalResultStoringCompiler
Event: 18.873 loading class org/gradle/api/internal/tasks/compile/incremental/IncrementalResultStoringCompiler done
Event: 18.878 loading class org/gradle/api/internal/tasks/compile/CompileJavaBuildOperationReportingCompiler
Event: 18.878 loading class org/gradle/api/internal/tasks/compile/CompileJavaBuildOperationReportingCompiler done
Event: 18.879 loading class org/gradle/api/internal/tasks/compile/CompileJavaBuildOperationType$Details
Event: 18.879 loading class org/gradle/api/internal/tasks/compile/CompileJavaBuildOperationType$Details done
Event: 18.879 loading class org/gradle/api/internal/tasks/compile/CompileJavaBuildOperationReportingCompiler$1
Event: 18.879 loading class org/gradle/api/internal/tasks/compile/CompileJavaBuildOperationReportingCompiler$1 done
Event: 18.880 loading class org/gradle/api/internal/tasks/compile/CompileJavaBuildOperationReportingCompiler$2
Event: 18.880 loading class org/gradle/api/internal/tasks/compile/CompileJavaBuildOperationReportingCompiler$2 done


Dynamic libraries:
0x00007ff677460000 - 0x00007ff677491000 	C:\Program Files\Android\Android Studio\jre\bin\java.exe
0x00007ffbc2640000 - 0x00007ffbc2830000 	C:\WINDOWS\SYSTEM32\ntdll.dll
0x00007ffbc2360000 - 0x00007ffbc2412000 	C:\WINDOWS\System32\KERNEL32.DLL
0x00007ffbc0130000 - 0x00007ffbc03d5000 	C:\WINDOWS\System32\KERNELBASE.dll
0x00007ffbc22b0000 - 0x00007ffbc2353000 	C:\WINDOWS\System32\ADVAPI32.dll
0x00007ffbc1bd0000 - 0x00007ffbc1c6e000 	C:\WINDOWS\System32\msvcrt.dll
0x00007ffbc2210000 - 0x00007ffbc22a7000 	C:\WINDOWS\System32\sechost.dll
0x00007ffbc06f0000 - 0x00007ffbc0810000 	C:\WINDOWS\System32\RPCRT4.dll
0x00007ffbc2430000 - 0x00007ffbc25c4000 	C:\WINDOWS\System32\USER32.dll
0x00007ffbbf6d0000 - 0x00007ffbbf6f1000 	C:\WINDOWS\System32\win32u.dll
0x00007ffbc14f0000 - 0x00007ffbc1516000 	C:\WINDOWS\System32\GDI32.dll
0x00007ffbc0550000 - 0x00007ffbc06e6000 	C:\WINDOWS\System32\gdi32full.dll
0x00007ffbc0460000 - 0x00007ffbc04fe000 	C:\WINDOWS\System32\msvcp_win.dll
0x00007ffbbf5d0000 - 0x00007ffbbf6ca000 	C:\WINDOWS\System32\ucrtbase.dll
0x00007ffbac010000 - 0x00007ffbac294000 	C:\WINDOWS\WinSxS\amd64_microsoft.windows.common-controls_6595b64144ccf1df_6.0.18362.1139_none_9e7bf2d3e4605ac6\COMCTL32.dll
0x00007ffbc1eb0000 - 0x00007ffbc21e5000 	C:\WINDOWS\System32\combase.dll
0x00007ffbc03e0000 - 0x00007ffbc0460000 	C:\WINDOWS\System32\bcryptPrimitives.dll
0x00007ffbc25d0000 - 0x00007ffbc25fe000 	C:\WINDOWS\System32\IMM32.DLL
0x00000000548f0000 - 0x00000000549c2000 	C:\Program Files\Android\Android Studio\jre\jre\bin\msvcr100.dll
0x0000000054ab0000 - 0x00000000552fb000 	C:\Program Files\Android\Android Studio\jre\jre\bin\server\jvm.dll
0x00007ffbc1ea0000 - 0x00007ffbc1ea8000 	C:\WINDOWS\System32\PSAPI.DLL
0x00007ffba8b20000 - 0x00007ffba8b29000 	C:\WINDOWS\SYSTEM32\WSOCK32.dll
0x00007ffbb7130000 - 0x00007ffbb7154000 	C:\WINDOWS\SYSTEM32\WINMM.dll
0x00007ffbc1b60000 - 0x00007ffbc1bcf000 	C:\WINDOWS\System32\WS2_32.dll
0x00007ffbb7780000 - 0x00007ffbb778a000 	C:\WINDOWS\SYSTEM32\VERSION.dll
0x00007ffbb70e0000 - 0x00007ffbb710d000 	C:\WINDOWS\SYSTEM32\WINMMBASE.dll
0x00007ffbc0500000 - 0x00007ffbc054a000 	C:\WINDOWS\System32\cfgmgr32.dll
0x00007ffbbbe60000 - 0x00007ffbbbe6f000 	C:\Program Files\Android\Android Studio\jre\jre\bin\verify.dll
0x00007ffb9bbd0000 - 0x00007ffb9bbf9000 	C:\Program Files\Android\Android Studio\jre\jre\bin\java.dll
0x00007ffbad440000 - 0x00007ffbad456000 	C:\Program Files\Android\Android Studio\jre\jre\bin\zip.dll
0x00007ffbc09e0000 - 0x00007ffbc10c7000 	C:\WINDOWS\System32\SHELL32.dll
0x00007ffbc1c70000 - 0x00007ffbc1d19000 	C:\WINDOWS\System32\shcore.dll
0x00007ffbbf700000 - 0x00007ffbbfe80000 	C:\WINDOWS\System32\windows.storage.dll
0x00007ffbbf580000 - 0x00007ffbbf5a3000 	C:\WINDOWS\System32\profapi.dll
0x00007ffbbf510000 - 0x00007ffbbf55a000 	C:\WINDOWS\System32\powrprof.dll
0x00007ffbbf500000 - 0x00007ffbbf510000 	C:\WINDOWS\System32\UMPDC.dll
0x00007ffbc1130000 - 0x00007ffbc1182000 	C:\WINDOWS\System32\shlwapi.dll
0x00007ffbbf5b0000 - 0x00007ffbbf5c1000 	C:\WINDOWS\System32\kernel.appcore.dll
0x00007ffbbfee0000 - 0x00007ffbbfef7000 	C:\WINDOWS\System32\cryptsp.dll
0x00007ffb9b610000 - 0x00007ffb9b62a000 	C:\Program Files\Android\Android Studio\jre\jre\bin\net.dll
0x00007ffbbed50000 - 0x00007ffbbedb7000 	C:\WINDOWS\system32\mswsock.dll
0x00007ffb9b050000 - 0x00007ffb9b063000 	C:\Program Files\Android\Android Studio\jre\jre\bin\nio.dll
0x00007ffbad250000 - 0x00007ffbad276000 	C:\Users\Sezgin\.gradle\native\31\windows-amd64\native-platform.dll
0x00007ffbbbe00000 - 0x00007ffbbbe0d000 	C:\Program Files\Android\Android Studio\jre\jre\bin\management.dll
0x00007ffbbe8c0000 - 0x00007ffbbe8f3000 	C:\WINDOWS\system32\rsaenh.dll
0x00007ffbc0050000 - 0x00007ffbc0076000 	C:\WINDOWS\System32\bcrypt.dll
0x00007ffbbf420000 - 0x00007ffbbf445000 	C:\WINDOWS\SYSTEM32\USERENV.dll
0x00007ffbbef20000 - 0x00007ffbbef2c000 	C:\WINDOWS\SYSTEM32\CRYPTBASE.dll
0x00007ffbbea60000 - 0x00007ffbbea9a000 	C:\WINDOWS\SYSTEM32\IPHLPAPI.DLL
0x00007ffbc2420000 - 0x00007ffbc2428000 	C:\WINDOWS\System32\NSI.dll
0x00007ffbb7e50000 - 0x00007ffbb7e66000 	C:\WINDOWS\SYSTEM32\dhcpcsvc6.DLL
0x00007ffbb7e30000 - 0x00007ffbb7e4c000 	C:\WINDOWS\SYSTEM32\dhcpcsvc.DLL
0x00007ffbbeaa0000 - 0x00007ffbbeb6b000 	C:\WINDOWS\SYSTEM32\DNSAPI.dll

VM Arguments:
jvm_args: -Xmx1536m -Dfile.encoding=windows-1254 -Duser.country=TR -Duser.language=tr -Duser.variant 
java_command: org.gradle.launcher.daemon.bootstrap.GradleDaemon 6.1.1
java_class_path (initial): C:\Users\Sezgin\.gradle\wrapper\dists\gradle-6.1.1-all\cfmwm155h49vnt3hynmlrsdst\gradle-6.1.1\lib\gradle-launcher-6.1.1.jar
Launcher Type: SUN_STANDARD

Environment Variables:
USERNAME=Sezgin
OS=Windows_NT
PROCESSOR_IDENTIFIER=Intel64 Family 6 Model 69 Stepping 1, GenuineIntel



---------------  S Y S T E M  ---------------

OS: Windows 10.0 , 64 bit Build 18362 (10.0.18362.1110)

CPU:total 4 (initial active 4) (2 cores per cpu, 2 threads per core) family 6 model 69 stepping 1, cmov, cx8, fxsr, mmx, sse, sse2, sse3, ssse3, sse4.1, sse4.2, popcnt, avx, avx2, aes, clmul, erms, lzcnt, ht, tsc, tscinvbit, bmi1, bmi2

Memory: 4k page, physical 12472600k(1481260k free), swap 12472600k(5480k free)

vm_info: OpenJDK 64-Bit Server VM (25.242-b01) for windows-amd64 JRE (1.8.0_242-release-1644-b01), built by "builder" with MS VC++ 10.0 (VS2010)

time: Tue Oct 20 15:18:00 2020
timezone: Türkiye Standart Saati
elapsed time: 18 seconds (0d 0h 0m 18s)

