#
# There is insufficient memory for the Java Runtime Environment to continue.
# Native memory allocation (malloc) failed to allocate 1645936 bytes for Chunk::new
# Possible reasons:
#   The system is out of physical RAM or swap space
#   The process is running with CompressedOops enabled, and the Java Heap may be blocking the growth of the native heap
# Possible solutions:
#   Reduce memory load on the system
#   Increase physical memory or swap space
#   Check if swap backing store is full
#   Decrease Java heap size (-Xmx/-Xms)
#   Decrease number of Java threads
#   Decrease Java thread stack sizes (-Xss)
#   Set larger code cache with -XX:ReservedCodeCacheSize=
#   JVM is running with Unscaled Compressed Oops mode in which the Java heap is
#     placed in the first 4GB address space. The Java Heap base address is the
#     maximum limit for the native heap growth. Please use -XX:HeapBaseMinAddress
#     to set the Java Heap base and to place the Java Heap above 4GB virtual address.
# This output file may be truncated or incomplete.
#
#  Out of Memory Error (allocation.cpp:389), pid=3436, tid=0x00000000000004b8
#
# JRE version: OpenJDK Runtime Environment (8.0_242-b01) (build 1.8.0_242-release-1644-b01)
# Java VM: OpenJDK 64-Bit Server VM (25.242-b01 mixed mode windows-amd64 compressed oops)
# Failed to write core dump. Minidumps are not enabled by default on client versions of Windows
#

---------------  T H R E A D  ---------------

Current thread (0x0000000016c7d000):  JavaThread "C2 CompilerThread1" daemon [_thread_in_native, id=1208, stack(0x00000000183b0000,0x00000000184b0000)]

Stack: [0x00000000183b0000,0x00000000184b0000]
[error occurred during error reporting (printing stack bounds), id 0xc0000005]

Native frames: (J=compiled Java code, j=interpreted, Vv=VM code, C=native code)


Current CompileTask:
C2:   7941 3502       4       groovy.lang.MetaClassImpl$1MOPIter::methodNameAction (325 bytes)


---------------  P R O C E S S  ---------------

Java Threads: ( => current thread )
  0x00000000192a2800 JavaThread "Build operations Thread 4" [_thread_blocked, id=536, stack(0x0000000021680000,0x0000000021780000)]
  0x00000000192a9000 JavaThread "Build operations Thread 3" [_thread_blocked, id=120, stack(0x0000000021580000,0x0000000021680000)]
  0x00000000192a4000 JavaThread "Build operations Thread 2" [_thread_blocked, id=16072, stack(0x0000000021480000,0x0000000021580000)]
  0x00000000192a7800 JavaThread "Build operations" [_thread_blocked, id=7344, stack(0x00000000210d0000,0x00000000211d0000)]
  0x000000001ac12000 JavaThread "Cache worker for execution history cache (C:\Users\Sezgin\.gradle\caches\6.1.1\executionHistory)" [_thread_blocked, id=16300, stack(0x000000001f3c0000,0x000000001f4c0000)]
  0x000000001ac17000 JavaThread "Cache worker for cache directory md-rule (C:\Users\Sezgin\.gradle\caches\6.1.1\md-rule)" [_thread_blocked, id=13788, stack(0x000000001f2c0000,0x000000001f3c0000)]
  0x000000001ac19000 JavaThread "Cache worker for cache directory md-supplier (C:\Users\Sezgin\.gradle\caches\6.1.1\md-supplier)" [_thread_blocked, id=4524, stack(0x000000001f1c0000,0x000000001f2c0000)]
  0x000000001ac17800 JavaThread "Cache worker for file hash cache (C:\Users\Sezgin\Desktop\Android\MilkDoser\.gradle\6.1.1\fileHashes)" [_thread_blocked, id=12592, stack(0x000000001eec0000,0x000000001efc0000)]
  0x000000001ac16000 JavaThread "Cache worker for checksums cache (C:\Users\Sezgin\Desktop\Android\MilkDoser\.gradle\checksums)" [_thread_blocked, id=12416, stack(0x000000001edc0000,0x000000001eec0000)]
  0x000000001ac18800 JavaThread "Cache worker for file hash cache (C:\Users\Sezgin\.gradle\caches\6.1.1\fileHashes)" [_thread_blocked, id=9912, stack(0x000000001ca20000,0x000000001cb20000)]
  0x000000001ac14000 JavaThread "File lock request listener" [_thread_in_native, id=13808, stack(0x000000001c920000,0x000000001ca20000)]
  0x000000001ab08000 JavaThread "Cache worker for journal cache (C:\Users\Sezgin\.gradle\caches\journal-1)" [_thread_blocked, id=1932, stack(0x000000001c820000,0x000000001c920000)]
  0x0000000019040000 JavaThread "Thread-9" [_thread_blocked, id=496, stack(0x000000001c520000,0x000000001c620000)]
  0x0000000018ef6000 JavaThread "Stdin handler" [_thread_blocked, id=2208, stack(0x000000001c420000,0x000000001c520000)]
  0x0000000018ef5000 JavaThread "Asynchronous log dispatcher for DefaultDaemonConnection: socket connection from /127.0.0.1:54468 to /127.0.0.1:54469" [_thread_blocked, id=14420, stack(0x000000001c320000,0x000000001c420000)]
  0x000000001894a000 JavaThread "Daemon worker" [_thread_in_native, id=13580, stack(0x000000001c220000,0x000000001c320000)]
  0x000000001aa93800 JavaThread "Cancel handler" [_thread_blocked, id=16028, stack(0x000000001c120000,0x000000001c220000)]
  0x000000001aa92800 JavaThread "Handler for socket connection from /127.0.0.1:54468 to /127.0.0.1:54469" [_thread_in_native, id=16168, stack(0x000000001be20000,0x000000001bf20000)]
  0x000000001aa92000 JavaThread "Daemon" [_thread_blocked, id=1424, stack(0x000000001bd20000,0x000000001be20000)]
  0x000000001aa90800 JavaThread "Daemon periodic checks" [_thread_blocked, id=3700, stack(0x000000001bc20000,0x000000001bd20000)]
  0x000000001aa59000 JavaThread "Incoming local TCP Connector on port 54468" [_thread_in_native, id=7248, stack(0x0000000018cb0000,0x0000000018db0000)]
  0x000000001a96b800 JavaThread "Daemon health stats" [_thread_blocked, id=2640, stack(0x0000000018bb0000,0x0000000018cb0000)]
  0x00000000185f0000 JavaThread "Service Thread" daemon [_thread_blocked, id=16304, stack(0x00000000189b0000,0x0000000018ab0000)]
  0x0000000016c8e000 JavaThread "C1 CompilerThread2" daemon [_thread_blocked, id=5452, stack(0x00000000184b0000,0x00000000185b0000)]
=>0x0000000016c7d000 JavaThread "C2 CompilerThread1" daemon [_thread_in_native, id=1208, stack(0x00000000183b0000,0x00000000184b0000)]
  0x0000000016c79000 JavaThread "C2 CompilerThread0" daemon [_thread_blocked, id=15076, stack(0x00000000182b0000,0x00000000183b0000)]
  0x0000000016c77800 JavaThread "Attach Listener" daemon [_thread_blocked, id=13192, stack(0x00000000181b0000,0x00000000182b0000)]
  0x0000000016c76000 JavaThread "Signal Dispatcher" daemon [_thread_blocked, id=3784, stack(0x00000000180b0000,0x00000000181b0000)]
  0x00000000032fc000 JavaThread "Finalizer" daemon [_thread_blocked, id=9156, stack(0x0000000017ec0000,0x0000000017fc0000)]
  0x0000000016c59000 JavaThread "Reference Handler" daemon [_thread_blocked, id=3884, stack(0x0000000017dc0000,0x0000000017ec0000)]
  0x0000000003203000 JavaThread "main" [_thread_blocked, id=1124, stack(0x0000000003100000,0x0000000003200000)]

Other Threads:
  0x0000000016c37000 VMThread [stack: 0x0000000017cc0000,0x0000000017dc0000] [id=15532]
  0x00000000185f1000 WatcherThread [stack: 0x0000000018ab0000,0x0000000018bb0000] [id=14044]

VM state:not at safepoint (normal execution)

VM Mutex/Monitor currently owned by a thread: None

heap address: 0x00000000a0000000, size: 1536 MB, Compressed Oops mode: 32-bit
Narrow klass base: 0x0000000000000000, Narrow klass shift: 3
Compressed class space size: 1073741824 Address: 0x0000000100000000

Heap:
 PSYoungGen      total 87040K, used 60469K [0x00000000e0000000, 0x00000000e6180000, 0x0000000100000000)
  eden space 76288K, 79% used [0x00000000e0000000,0x00000000e3b0d650,0x00000000e4a80000)
  from space 10752K, 0% used [0x00000000e4a80000,0x00000000e4a80000,0x00000000e5500000)
  to   space 10752K, 0% used [0x00000000e5500000,0x00000000e5500000,0x00000000e5f80000)
 ParOldGen       total 72704K, used 14770K [0x00000000a0000000, 0x00000000a4700000, 0x00000000e0000000)
  object space 72704K, 20% used [0x00000000a0000000,0x00000000a0e6c980,0x00000000a4700000)
 Metaspace       used 38900K, capacity 40272K, committed 40616K, reserved 1083392K
  class space    used 5341K, capacity 5696K, committed 5808K, reserved 1048576K

Card table byte_map: [0x00000000126c0000,0x00000000129d0000] byte_map_base: 0x00000000121c0000

Marking Bits: (ParMarkBitMap*) 0x0000000077f7f030
 Begin Bits: [0x0000000012fd0000, 0x00000000147d0000)
 End Bits:   [0x00000000147d0000, 0x0000000015fd0000)

Polling page: 0x0000000001840000

CodeCache: size=245760Kb used=11542Kb max_used=11542Kb free=234217Kb
 bounds [0x0000000003300000, 0x0000000003e50000, 0x0000000012300000]
 total_blobs=4156 nmethods=3428 adapters=640
 compilation: enabled

Compilation events (10 events):
Event: 7.889 Thread 0x0000000016c8e000 3748       3       jdk.internal.org.objectweb.asm.FieldWriter::put (472 bytes)
Event: 7.891 Thread 0x0000000016c8e000 nmethod 3748 0x0000000003e47d50 code [0x0000000003e48100, 0x0000000003e494f8]
Event: 7.891 Thread 0x0000000016c8e000 3749   !   3       java.lang.invoke.MethodHandleNatives::linkMethodHandleConstant (154 bytes)
Event: 7.892 Thread 0x0000000016c8e000 nmethod 3749 0x0000000003e49e10 code [0x0000000003e4a060, 0x0000000003e4ac18]
Event: 7.892 Thread 0x0000000016c8e000 3751       3       java.util.regex.Pattern$CharProperty$1::isSatisfiedBy (17 bytes)
Event: 7.892 Thread 0x0000000016c8e000 nmethod 3751 0x0000000003e416d0 code [0x0000000003e41840, 0x0000000003e41aa8]
Event: 7.892 Thread 0x0000000016c8e000 3750       3       java.lang.invoke.MethodHandles$Lookup::linkMethodHandleConstant (185 bytes)
Event: 7.893 Thread 0x0000000016c8e000 nmethod 3750 0x0000000003e4b210 code [0x0000000003e4b4c0, 0x0000000003e4c998]
Event: 7.916 Thread 0x0000000016c8e000 3754       3       java.util.regex.Pattern$BnM::optimize (179 bytes)
Event: 7.917 Thread 0x0000000016c8e000 nmethod 3754 0x0000000003e4cfd0 code [0x0000000003e4d1e0, 0x0000000003e4dde8]

GC Heap History (10 events):
Event: 5.103 GC heap before
{Heap before GC invocations=7 (full 1):
 PSYoungGen      total 57344K, used 49152K [0x00000000e0000000, 0x00000000e4000000, 0x0000000100000000)
  eden space 49152K, 100% used [0x00000000e0000000,0x00000000e3000000,0x00000000e3000000)
  from space 8192K, 0% used [0x00000000e3000000,0x00000000e3000000,0x00000000e3800000)
  to   space 8192K, 0% used [0x00000000e3800000,0x00000000e3800000,0x00000000e4000000)
 ParOldGen       total 72704K, used 7748K [0x00000000a0000000, 0x00000000a4700000, 0x00000000e0000000)
  object space 72704K, 10% used [0x00000000a0000000,0x00000000a07912d0,0x00000000a4700000)
 Metaspace       used 25102K, capacity 25768K, committed 26032K, reserved 1071104K
  class space    used 3517K, capacity 3742K, committed 3760K, reserved 1048576K
Event: 5.110 GC heap after
Heap after GC invocations=7 (full 1):
 PSYoungGen      total 53760K, used 5261K [0x00000000e0000000, 0x00000000e6900000, 0x0000000100000000)
  eden space 45568K, 0% used [0x00000000e0000000,0x00000000e0000000,0x00000000e2c80000)
  from space 8192K, 64% used [0x00000000e3800000,0x00000000e3d23730,0x00000000e4000000)
  to   space 11776K, 0% used [0x00000000e2c80000,0x00000000e2c80000,0x00000000e3800000)
 ParOldGen       total 72704K, used 7748K [0x00000000a0000000, 0x00000000a4700000, 0x00000000e0000000)
  object space 72704K, 10% used [0x00000000a0000000,0x00000000a07912d0,0x00000000a4700000)
 Metaspace       used 25102K, capacity 25768K, committed 26032K, reserved 1071104K
  class space    used 3517K, capacity 3742K, committed 3760K, reserved 1048576K
}
Event: 5.761 GC heap before
{Heap before GC invocations=8 (full 1):
 PSYoungGen      total 53760K, used 50829K [0x00000000e0000000, 0x00000000e6900000, 0x0000000100000000)
  eden space 45568K, 100% used [0x00000000e0000000,0x00000000e2c80000,0x00000000e2c80000)
  from space 8192K, 64% used [0x00000000e3800000,0x00000000e3d23730,0x00000000e4000000)
  to   space 11776K, 0% used [0x00000000e2c80000,0x00000000e2c80000,0x00000000e3800000)
 ParOldGen       total 72704K, used 7748K [0x00000000a0000000, 0x00000000a4700000, 0x00000000e0000000)
  object space 72704K, 10% used [0x00000000a0000000,0x00000000a07912d0,0x00000000a4700000)
 Metaspace       used 30942K, capacity 31644K, committed 31920K, reserved 1077248K
  class space    used 4192K, capacity 4403K, committed 4528K, reserved 1048576K
Event: 5.769 GC heap after
Heap after GC invocations=8 (full 1):
 PSYoungGen      total 57344K, used 7227K [0x00000000e0000000, 0x00000000e5f80000, 0x0000000100000000)
  eden space 45568K, 0% used [0x00000000e0000000,0x00000000e0000000,0x00000000e2c80000)
  from space 11776K, 61% used [0x00000000e2c80000,0x00000000e338eea0,0x00000000e3800000)
  to   space 10752K, 0% used [0x00000000e5500000,0x00000000e5500000,0x00000000e5f80000)
 ParOldGen       total 72704K, used 7756K [0x00000000a0000000, 0x00000000a4700000, 0x00000000e0000000)
  object space 72704K, 10% used [0x00000000a0000000,0x00000000a07932d0,0x00000000a4700000)
 Metaspace       used 30942K, capacity 31644K, committed 31920K, reserved 1077248K
  class space    used 4192K, capacity 4403K, committed 4528K, reserved 1048576K
}
Event: 6.268 GC heap before
{Heap before GC invocations=9 (full 1):
 PSYoungGen      total 57344K, used 52795K [0x00000000e0000000, 0x00000000e5f80000, 0x0000000100000000)
  eden space 45568K, 100% used [0x00000000e0000000,0x00000000e2c80000,0x00000000e2c80000)
  from space 11776K, 61% used [0x00000000e2c80000,0x00000000e338eea0,0x00000000e3800000)
  to   space 10752K, 0% used [0x00000000e5500000,0x00000000e5500000,0x00000000e5f80000)
 ParOldGen       total 72704K, used 7756K [0x00000000a0000000, 0x00000000a4700000, 0x00000000e0000000)
  object space 72704K, 10% used [0x00000000a0000000,0x00000000a07932d0,0x00000000a4700000)
 Metaspace       used 33016K, capacity 33752K, committed 33968K, reserved 1079296K
  class space    used 4508K, capacity 4711K, committed 4784K, reserved 1048576K
Event: 6.291 GC heap after
Heap after GC invocations=9 (full 1):
 PSYoungGen      total 87040K, used 7837K [0x00000000e0000000, 0x00000000e6180000, 0x0000000100000000)
  eden space 76288K, 0% used [0x00000000e0000000,0x00000000e0000000,0x00000000e4a80000)
  from space 10752K, 72% used [0x00000000e5500000,0x00000000e5ca7580,0x00000000e5f80000)
  to   space 10752K, 0% used [0x00000000e4a80000,0x00000000e4a80000,0x00000000e5500000)
 ParOldGen       total 72704K, used 7756K [0x00000000a0000000, 0x00000000a4700000, 0x00000000e0000000)
  object space 72704K, 10% used [0x00000000a0000000,0x00000000a07932d0,0x00000000a4700000)
 Metaspace       used 33016K, capacity 33752K, committed 33968K, reserved 1079296K
  class space    used 4508K, capacity 4711K, committed 4784K, reserved 1048576K
}
Event: 6.666 GC heap before
{Heap before GC invocations=10 (full 1):
 PSYoungGen      total 87040K, used 41091K [0x00000000e0000000, 0x00000000e6180000, 0x0000000100000000)
  eden space 76288K, 43% used [0x00000000e0000000,0x00000000e20799c0,0x00000000e4a80000)
  from space 10752K, 72% used [0x00000000e5500000,0x00000000e5ca7580,0x00000000e5f80000)
  to   space 10752K, 0% used [0x00000000e4a80000,0x00000000e4a80000,0x00000000e5500000)
 ParOldGen       total 72704K, used 7756K [0x00000000a0000000, 0x00000000a4700000, 0x00000000e0000000)
  object space 72704K, 10% used [0x00000000a0000000,0x00000000a07932d0,0x00000000a4700000)
 Metaspace       used 34609K, capacity 35442K, committed 35496K, reserved 1079296K
  class space    used 4738K, capacity 5006K, committed 5040K, reserved 1048576K
Event: 6.675 GC heap after
Heap after GC invocations=10 (full 1):
 PSYoungGen      total 87040K, used 6598K [0x00000000e0000000, 0x00000000e6180000, 0x0000000100000000)
  eden space 76288K, 0% used [0x00000000e0000000,0x00000000e0000000,0x00000000e4a80000)
  from space 10752K, 61% used [0x00000000e4a80000,0x00000000e50f1bf8,0x00000000e5500000)
  to   space 10752K, 0% used [0x00000000e5500000,0x00000000e5500000,0x00000000e5f80000)
 ParOldGen       total 72704K, used 9360K [0x00000000a0000000, 0x00000000a4700000, 0x00000000e0000000)
  object space 72704K, 12% used [0x00000000a0000000,0x00000000a09242d8,0x00000000a4700000)
 Metaspace       used 34609K, capacity 35442K, committed 35496K, reserved 1079296K
  class space    used 4738K, capacity 5006K, committed 5040K, reserved 1048576K
}
Event: 6.675 GC heap before
{Heap before GC invocations=11 (full 2):
 PSYoungGen      total 87040K, used 6598K [0x00000000e0000000, 0x00000000e6180000, 0x0000000100000000)
  eden space 76288K, 0% used [0x00000000e0000000,0x00000000e0000000,0x00000000e4a80000)
  from space 10752K, 61% used [0x00000000e4a80000,0x00000000e50f1bf8,0x00000000e5500000)
  to   space 10752K, 0% used [0x00000000e5500000,0x00000000e5500000,0x00000000e5f80000)
 ParOldGen       total 72704K, used 9360K [0x00000000a0000000, 0x00000000a4700000, 0x00000000e0000000)
  object space 72704K, 12% used [0x00000000a0000000,0x00000000a09242d8,0x00000000a4700000)
 Metaspace       used 34609K, capacity 35442K, committed 35496K, reserved 1079296K
  class space    used 4738K, capacity 5006K, committed 5040K, reserved 1048576K
Event: 6.799 GC heap after
Heap after GC invocations=11 (full 2):
 PSYoungGen      total 87040K, used 0K [0x00000000e0000000, 0x00000000e6180000, 0x0000000100000000)
  eden space 76288K, 0% used [0x00000000e0000000,0x00000000e0000000,0x00000000e4a80000)
  from space 10752K, 0% used [0x00000000e4a80000,0x00000000e4a80000,0x00000000e5500000)
  to   space 10752K, 0% used [0x00000000e5500000,0x00000000e5500000,0x00000000e5f80000)
 ParOldGen       total 72704K, used 14770K [0x00000000a0000000, 0x00000000a4700000, 0x00000000e0000000)
  object space 72704K, 20% used [0x00000000a0000000,0x00000000a0e6c980,0x00000000a4700000)
 Metaspace       used 34609K, capacity 35442K, committed 35496K, reserved 1079296K
  class space    used 4738K, capacity 5006K, committed 5040K, reserved 1048576K
}

Deoptimization events (10 events):
Event: 5.893 Thread 0x000000001894a000 Uncommon trap: reason=class_check action=maybe_recompile pc=0x0000000003a478c8 method=sun.misc.URLClassPath.getLoader(I)Lsun/misc/URLClassPath$Loader; @ 239
Event: 6.525 Thread 0x000000001894a000 Uncommon trap: reason=unstable_if action=reinterpret pc=0x00000000039e387c method=jdk.internal.org.objectweb.asm.Type.getArgumentsAndReturnSizes(Ljava/lang/String;)I @ 88
Event: 7.102 Thread 0x00000000192a2800 Uncommon trap: reason=unstable_if action=reinterpret pc=0x0000000003918690 method=java.util.concurrent.ConcurrentHashMap.addCount(JI)V @ 34
Event: 7.118 Thread 0x000000001894a000 Uncommon trap: reason=unstable_if action=reinterpret pc=0x0000000003814e5c method=java.util.concurrent.ConcurrentHashMap.addCount(JI)V @ 34
Event: 7.118 Thread 0x00000000192a7800 Uncommon trap: reason=unstable_if action=reinterpret pc=0x0000000003814e38 method=java.util.concurrent.ConcurrentHashMap.addCount(JI)V @ 7
Event: 7.118 Thread 0x00000000192a2800 Uncommon trap: reason=unstable_if action=reinterpret pc=0x0000000003814e5c method=java.util.concurrent.ConcurrentHashMap.addCount(JI)V @ 34
Event: 7.350 Thread 0x000000001894a000 Uncommon trap: reason=unstable_if action=reinterpret pc=0x000000000366ce6c method=java.util.jar.JarFile.match([C[B[I[I)Z @ 29
Event: 7.570 Thread 0x000000001894a000 Uncommon trap: reason=unstable_if action=reinterpret pc=0x000000000364cb10 method=java.util.regex.Pattern.has(I)Z @ 6
Event: 7.784 Thread 0x000000001894a000 Uncommon trap: reason=unstable_if action=reinterpret pc=0x0000000003a1a2bc method=java.io.BufferedInputStream.read([BII)I @ 56
Event: 7.832 Thread 0x000000001894a000 Uncommon trap: reason=predicate action=maybe_recompile pc=0x0000000003531a80 method=java.util.Arrays.binarySearch0([Ljava/lang/Object;IILjava/lang/Object;Ljava/util/Comparator;)I @ 28

Classes redefined (0 events):
No events

Internal exceptions (10 events):
Event: 7.577 Thread 0x0000000019040000 Exception <a 'java/lang/NoSuchMethodError': <clinit>> (0x00000000e01840c0) thrown at [C:\src\AOSP-openjdk-git\hotspot\src\share\vm\prims\jni.cpp, line 1615]
Event: 7.577 Thread 0x0000000019040000 Exception <a 'java/lang/NoSuchMethodError': <clinit>> (0x00000000e01859b8) thrown at [C:\src\AOSP-openjdk-git\hotspot\src\share\vm\prims\jni.cpp, line 1615]
Event: 7.577 Thread 0x0000000019040000 Exception <a 'java/lang/NoSuchMethodError': <clinit>> (0x00000000e2a5e6b8) thrown at [C:\src\AOSP-openjdk-git\hotspot\src\share\vm\prims\jni.cpp, line 1615]
Event: 7.581 Thread 0x0000000019040000 Exception <a 'java/lang/NoSuchMethodError': <clinit>> (0x00000000e2a68928) thrown at [C:\src\AOSP-openjdk-git\hotspot\src\share\vm\prims\jni.cpp, line 1615]
Event: 7.582 Thread 0x0000000019040000 Exception <a 'java/lang/NoSuchMethodError': <clinit>> (0x00000000e2a73848) thrown at [C:\src\AOSP-openjdk-git\hotspot\src\share\vm\prims\jni.cpp, line 1615]
Event: 7.586 Thread 0x0000000019040000 Exception <a 'java/lang/NoSuchMethodError': <clinit>> (0x00000000e2a86c50) thrown at [C:\src\AOSP-openjdk-git\hotspot\src\share\vm\prims\jni.cpp, line 1615]
Event: 7.609 Thread 0x000000001894a000 Exception <a 'java/lang/ClassNotFoundException': build_18mzxwa4u374hkw4lbfui4yq5BeanInfo> (0x00000000e2add2c8) thrown at [C:\src\AOSP-openjdk-git\hotspot\src\share\vm\classfile\systemDictionary.cpp, line 210]
Event: 7.609 Thread 0x000000001894a000 Exception <a 'java/lang/ClassNotFoundException': build_18mzxwa4u374hkw4lbfui4yq5Customizer> (0x00000000e2aea480) thrown at [C:\src\AOSP-openjdk-git\hotspot\src\share\vm\classfile\systemDictionary.cpp, line 210]
Event: 7.617 Thread 0x000000001894a000 Exception <a 'java/lang/ClassNotFoundException': org/gradle/api/internal/plugins/DefaultObjectConfigurationActionBeanInfo> (0x00000000e2b65090) thrown at [C:\src\AOSP-openjdk-git\hotspot\src\share\vm\classfile\systemDictionary.cpp, line 210]
Event: 7.618 Thread 0x000000001894a000 Exception <a 'java/lang/ClassNotFoundException': org/gradle/api/internal/plugins/DefaultObjectConfigurationActionCustomizer> (0x00000000e2baa260) thrown at [C:\src\AOSP-openjdk-git\hotspot\src\share\vm\classfile\systemDictionary.cpp, line 210]

Events (10 events):
Event: 7.936 loading class com/android/tools/analytics/Environment$Companion$SYSTEM$1 done
Event: 7.937 loading class com/google/common/base/Strings
Event: 7.937 loading class com/google/common/base/Strings done
Event: 7.938 loading class com/google/common/base/Platform
Event: 7.938 loading class com/google/common/base/Platform done
Event: 7.939 loading class com/google/common/base/PatternCompiler
Event: 7.939 loading class com/google/common/base/PatternCompiler done
Event: 7.939 loading class com/google/common/base/Platform$JdkPatternCompiler
Event: 7.939 loading class com/google/common/base/Platform$JdkPatternCompiler done
Event: 7.940 loading class java/nio/file/Paths


Dynamic libraries:
0x00007ff70dc20000 - 0x00007ff70dc51000 	C:\Program Files\Android\Android Studio\jre\bin\java.exe
0x00007ffec5380000 - 0x00007ffec5570000 	C:\WINDOWS\SYSTEM32\ntdll.dll
0x00007ffec3430000 - 0x00007ffec34e2000 	C:\WINDOWS\System32\KERNEL32.DLL
0x00007ffec23b0000 - 0x00007ffec2655000 	C:\WINDOWS\System32\KERNELBASE.dll
0x00007ffec51b0000 - 0x00007ffec5253000 	C:\WINDOWS\System32\ADVAPI32.dll
0x00007ffec3890000 - 0x00007ffec392e000 	C:\WINDOWS\System32\msvcrt.dll
0x00007ffec48c0000 - 0x00007ffec4957000 	C:\WINDOWS\System32\sechost.dll
0x00007ffec4c80000 - 0x00007ffec4da0000 	C:\WINDOWS\System32\RPCRT4.dll
0x00007ffec39a0000 - 0x00007ffec3b35000 	C:\WINDOWS\System32\USER32.dll
0x00007ffec2310000 - 0x00007ffec2331000 	C:\WINDOWS\System32\win32u.dll
0x00007ffec4af0000 - 0x00007ffec4b16000 	C:\WINDOWS\System32\GDI32.dll
0x00007ffec2b10000 - 0x00007ffec2ca6000 	C:\WINDOWS\System32\gdi32full.dll
0x00007ffec2660000 - 0x00007ffec26fe000 	C:\WINDOWS\System32\msvcp_win.dll
0x00007ffec2980000 - 0x00007ffec2a7a000 	C:\WINDOWS\System32\ucrtbase.dll
0x00007ffeb09e0000 - 0x00007ffeb0c64000 	C:\WINDOWS\WinSxS\amd64_microsoft.windows.common-controls_6595b64144ccf1df_6.0.18362.1082_none_9e8193e1e45b25c1\COMCTL32.dll
0x00007ffec34f0000 - 0x00007ffec3825000 	C:\WINDOWS\System32\combase.dll
0x00007ffec27b0000 - 0x00007ffec2830000 	C:\WINDOWS\System32\bcryptPrimitives.dll
0x00007ffec50a0000 - 0x00007ffec50ce000 	C:\WINDOWS\System32\IMM32.DLL
0x0000000052cc0000 - 0x0000000052d92000 	C:\Program Files\Android\Android Studio\jre\jre\bin\msvcr100.dll
0x00000000777b0000 - 0x0000000077ffb000 	C:\Program Files\Android\Android Studio\jre\jre\bin\server\jvm.dll
0x00007ffec50d0000 - 0x00007ffec50d8000 	C:\WINDOWS\System32\PSAPI.DLL
0x00007ffeba880000 - 0x00007ffeba88a000 	C:\WINDOWS\SYSTEM32\VERSION.dll
0x00007ffeb99b0000 - 0x00007ffeb99d4000 	C:\WINDOWS\SYSTEM32\WINMM.dll
0x00007ffeab6f0000 - 0x00007ffeab6f9000 	C:\WINDOWS\SYSTEM32\WSOCK32.dll
0x00007ffec5260000 - 0x00007ffec52cf000 	C:\WINDOWS\System32\WS2_32.dll
0x00007ffeb9910000 - 0x00007ffeb993d000 	C:\WINDOWS\SYSTEM32\WINMMBASE.dll
0x00007ffec2360000 - 0x00007ffec23aa000 	C:\WINDOWS\System32\cfgmgr32.dll
0x00007ffebece0000 - 0x00007ffebecef000 	C:\Program Files\Android\Android Studio\jre\jre\bin\verify.dll
0x00007ffeb0cd0000 - 0x00007ffeb0cf9000 	C:\Program Files\Android\Android Studio\jre\jre\bin\java.dll
0x00007ffebecc0000 - 0x00007ffebecd6000 	C:\Program Files\Android\Android Studio\jre\jre\bin\zip.dll
0x00007ffec3ba0000 - 0x00007ffec4287000 	C:\WINDOWS\System32\SHELL32.dll
0x00007ffec4a30000 - 0x00007ffec4ad9000 	C:\WINDOWS\System32\shcore.dll
0x00007ffec2cb0000 - 0x00007ffec3430000 	C:\WINDOWS\System32\windows.storage.dll
0x00007ffec22e0000 - 0x00007ffec2303000 	C:\WINDOWS\System32\profapi.dll
0x00007ffec2290000 - 0x00007ffec22da000 	C:\WINDOWS\System32\powrprof.dll
0x00007ffec2240000 - 0x00007ffec2250000 	C:\WINDOWS\System32\UMPDC.dll
0x00007ffec3830000 - 0x00007ffec3882000 	C:\WINDOWS\System32\shlwapi.dll
0x00007ffec2270000 - 0x00007ffec2281000 	C:\WINDOWS\System32\kernel.appcore.dll
0x00007ffec2340000 - 0x00007ffec2357000 	C:\WINDOWS\System32\cryptsp.dll
0x00007ffeb0930000 - 0x00007ffeb094a000 	C:\Program Files\Android\Android Studio\jre\jre\bin\net.dll
0x00007ffec1a90000 - 0x00007ffec1af7000 	C:\WINDOWS\system32\mswsock.dll
0x00007ffeb0910000 - 0x00007ffeb0923000 	C:\Program Files\Android\Android Studio\jre\jre\bin\nio.dll
0x00007ffeb6100000 - 0x00007ffeb6126000 	C:\Users\Sezgin\.gradle\native\31\windows-amd64\native-platform.dll
0x00007ffeb0900000 - 0x00007ffeb090d000 	C:\Program Files\Android\Android Studio\jre\jre\bin\management.dll
0x00007ffec1600000 - 0x00007ffec1633000 	C:\WINDOWS\system32\rsaenh.dll
0x00007ffec2ae0000 - 0x00007ffec2b06000 	C:\WINDOWS\System32\bcrypt.dll
0x00007ffec2160000 - 0x00007ffec2185000 	C:\WINDOWS\SYSTEM32\USERENV.dll
0x00007ffec1c60000 - 0x00007ffec1c6c000 	C:\WINDOWS\SYSTEM32\CRYPTBASE.dll
0x00007ffec17a0000 - 0x00007ffec17da000 	C:\WINDOWS\SYSTEM32\IPHLPAPI.DLL
0x00007ffec5330000 - 0x00007ffec5338000 	C:\WINDOWS\System32\NSI.dll
0x00007ffebb3d0000 - 0x00007ffebb3e6000 	C:\WINDOWS\SYSTEM32\dhcpcsvc6.DLL
0x00007ffebb3b0000 - 0x00007ffebb3cc000 	C:\WINDOWS\SYSTEM32\dhcpcsvc.DLL
0x00007ffec17e0000 - 0x00007ffec18ab000 	C:\WINDOWS\SYSTEM32\DNSAPI.dll

VM Arguments:
jvm_args: -Xmx1536m -Dfile.encoding=windows-1254 -Duser.country=TR -Duser.language=tr -Duser.variant 
java_command: org.gradle.launcher.daemon.bootstrap.GradleDaemon 6.1.1
java_class_path (initial): C:\Users\Sezgin\.gradle\wrapper\dists\gradle-6.1.1-all\cfmwm155h49vnt3hynmlrsdst\gradle-6.1.1\lib\gradle-launcher-6.1.1.jar
Launcher Type: SUN_STANDARD

Environment Variables:
USERNAME=Sezgin
OS=Windows_NT
PROCESSOR_IDENTIFIER=Intel64 Family 6 Model 69 Stepping 1, GenuineIntel



---------------  S Y S T E M  ---------------

OS: Windows 10.0 , 64 bit Build 18362 (10.0.18362.1082)

CPU:total 4 (initial active 4) (2 cores per cpu, 2 threads per core) family 6 model 69 stepping 1, cmov, cx8, fxsr, mmx, sse, sse2, sse3, ssse3, sse4.1, sse4.2, popcnt, avx, avx2, aes, clmul, erms, lzcnt, ht, tsc, tscinvbit, bmi1, bmi2

Memory: 4k page, physical 12472600k(1142364k free), swap 12472600k(5520k free)

vm_info: OpenJDK 64-Bit Server VM (25.242-b01) for windows-amd64 JRE (1.8.0_242-release-1644-b01), built by "builder" with MS VC++ 10.0 (VS2010)

time: Fri Oct 02 10:03:29 2020
timezone: Türkiye Standart Saati
elapsed time: 7 seconds (0d 0h 0m 7s)

