#
# There is insufficient memory for the Java Runtime Environment to continue.
# Native memory allocation (malloc) failed to allocate 706896 bytes for Chunk::new
# Possible reasons:
#   The system is out of physical RAM or swap space
#   The process is running with CompressedOops enabled, and the Java Heap may be blocking the growth of the native heap
# Possible solutions:
#   Reduce memory load on the system
#   Increase physical memory or swap space
#   Check if swap backing store is full
#   Decrease Java heap size (-Xmx/-Xms)
#   Decrease number of Java threads
#   Decrease Java thread stack sizes (-Xss)
#   Set larger code cache with -XX:ReservedCodeCacheSize=
#   JVM is running with Unscaled Compressed Oops mode in which the Java heap is
#     placed in the first 4GB address space. The Java Heap base address is the
#     maximum limit for the native heap growth. Please use -XX:HeapBaseMinAddress
#     to set the Java Heap base and to place the Java Heap above 4GB virtual address.
# This output file may be truncated or incomplete.
#
#  Out of Memory Error (allocation.cpp:389), pid=9128, tid=0x0000000000002a54
#
# JRE version: OpenJDK Runtime Environment (8.0_242-b01) (build 1.8.0_242-release-1644-b01)
# Java VM: OpenJDK 64-Bit Server VM (25.242-b01 mixed mode windows-amd64 compressed oops)
# Failed to write core dump. Minidumps are not enabled by default on client versions of Windows
#

---------------  T H R E A D  ---------------

Current thread (0x00000000168c0800):  JavaThread "C2 CompilerThread1" daemon [_thread_in_native, id=10836, stack(0x0000000017ff0000,0x00000000180f0000)]

Stack: [0x0000000017ff0000,0x00000000180f0000]
[error occurred during error reporting (printing stack bounds), id 0xc0000005]

Native frames: (J=compiled Java code, j=interpreted, Vv=VM code, C=native code)


Current CompileTask:
C2:  12428 6070       4       java.lang.invoke.MethodType::makeImpl (66 bytes)


---------------  P R O C E S S  ---------------

Java Threads: ( => current thread )
  0x0000000019113000 JavaThread "Execution worker for ':' Thread 3" [_thread_blocked, id=7472, stack(0x0000000023f10000,0x0000000024010000)]
  0x0000000019114800 JavaThread "Execution worker for ':' Thread 2" [_thread_in_native, id=13676, stack(0x0000000023e10000,0x0000000023f10000)]
  0x0000000019119800 JavaThread "Execution worker for ':'" [_thread_blocked, id=2544, stack(0x0000000023d10000,0x0000000023e10000)]
  0x0000000019116800 JavaThread "Cache worker for file content cache (C:\Users\Sezgin\Desktop\Android\MilkDoser\.gradle\6.1.1\fileContent)" [_thread_blocked, id=2800, stack(0x0000000023810000,0x0000000023910000)]
  0x0000000019117800 JavaThread "Cache worker for file content cache (C:\Users\Sezgin\.gradle\caches\6.1.1\fileContent)" [_thread_blocked, id=13624, stack(0x0000000023710000,0x0000000023810000)]
  0x0000000019113800 JavaThread "Memory manager" [_thread_blocked, id=5248, stack(0x0000000023610000,0x0000000023710000)]
  0x000000001910b800 JavaThread "Cache worker for Build Output Cleanup Cache (C:\Users\Sezgin\Desktop\Android\MilkDoser\.gradle\buildOutputCleanup)" [_thread_blocked, id=11692, stack(0x0000000022b10000,0x0000000022c10000)]
  0x0000000019110800 JavaThread "pool-1-thread-1" [_thread_blocked, id=10060, stack(0x0000000022810000,0x0000000022910000)]
  0x000000001910e800 JavaThread "Build operations Thread 4" [_thread_blocked, id=11896, stack(0x00000000212f0000,0x00000000213f0000)]
  0x0000000019112000 JavaThread "Build operations Thread 3" [_thread_blocked, id=14148, stack(0x00000000211f0000,0x00000000212f0000)]
  0x000000001910d800 JavaThread "Build operations Thread 2" [_thread_blocked, id=10620, stack(0x00000000210f0000,0x00000000211f0000)]
  0x000000001910d000 JavaThread "Build operations" [_thread_blocked, id=8592, stack(0x0000000020ff0000,0x00000000210f0000)]
  0x00000000168cf800 JavaThread "Cache worker for execution history cache (C:\Users\Sezgin\.gradle\caches\6.1.1\executionHistory)" [_thread_blocked, id=13720, stack(0x00000000202f0000,0x00000000203f0000)]
  0x00000000168d6800 JavaThread "Cache worker for cache directory md-rule (C:\Users\Sezgin\.gradle\caches\6.1.1\md-rule)" [_thread_blocked, id=6864, stack(0x000000001f150000,0x000000001f250000)]
  0x00000000168d5800 JavaThread "Cache worker for cache directory md-supplier (C:\Users\Sezgin\.gradle\caches\6.1.1\md-supplier)" [_thread_blocked, id=1212, stack(0x000000001ebb0000,0x000000001ecb0000)]
  0x00000000168d5000 JavaThread "Cache worker for file hash cache (C:\Users\Sezgin\Desktop\Android\MilkDoser\.gradle\6.1.1\fileHashes)" [_thread_blocked, id=16340, stack(0x000000001ee50000,0x000000001ef50000)]
  0x00000000168d4000 JavaThread "Cache worker for checksums cache (C:\Users\Sezgin\Desktop\Android\MilkDoser\.gradle\checksums)" [_thread_blocked, id=9752, stack(0x000000001ed50000,0x000000001ee50000)]
  0x00000000168d2800 JavaThread "Cache worker for file hash cache (C:\Users\Sezgin\.gradle\caches\6.1.1\fileHashes)" [_thread_blocked, id=5488, stack(0x000000001c610000,0x000000001c710000)]
  0x0000000018ae1800 JavaThread "File lock request listener" [_thread_in_native, id=2816, stack(0x000000001c510000,0x000000001c610000)]
  0x0000000018976800 JavaThread "Cache worker for journal cache (C:\Users\Sezgin\.gradle\caches\journal-1)" [_thread_blocked, id=1172, stack(0x000000001c410000,0x000000001c510000)]
  0x00000000182c9800 JavaThread "Thread-9" [_thread_blocked, id=14364, stack(0x000000001c110000,0x000000001c210000)]
  0x00000000182c7000 JavaThread "Stdin handler" [_thread_blocked, id=15808, stack(0x000000001c010000,0x000000001c110000)]
  0x0000000018abd000 JavaThread "Asynchronous log dispatcher for DefaultDaemonConnection: socket connection from /127.0.0.1:56120 to /127.0.0.1:56121" [_thread_blocked, id=14456, stack(0x000000001bf10000,0x000000001c010000)]
  0x0000000018318000 JavaThread "Daemon worker" [_thread_blocked, id=14476, stack(0x000000001be10000,0x000000001bf10000)]
  0x0000000018847800 JavaThread "Cancel handler" [_thread_blocked, id=14464, stack(0x000000001bd10000,0x000000001be10000)]
  0x000000001a451000 JavaThread "Handler for socket connection from /127.0.0.1:56120 to /127.0.0.1:56121" [_thread_in_native, id=14440, stack(0x000000001ba10000,0x000000001bb10000)]
  0x000000001a44f000 JavaThread "Daemon" [_thread_blocked, id=14468, stack(0x000000001b910000,0x000000001ba10000)]
  0x000000001a44b800 JavaThread "Daemon periodic checks" [_thread_blocked, id=14432, stack(0x000000001b810000,0x000000001b910000)]
  0x000000001a3e4000 JavaThread "Incoming local TCP Connector on port 56120" [_thread_in_native, id=14420, stack(0x000000001b5d0000,0x000000001b6d0000)]
  0x0000000019f01800 JavaThread "Daemon health stats" [_thread_blocked, id=14424, stack(0x000000001af90000,0x000000001b090000)]
  0x0000000018238800 JavaThread "Service Thread" daemon [_thread_blocked, id=14136, stack(0x00000000185f0000,0x00000000186f0000)]
  0x00000000168d3800 JavaThread "C1 CompilerThread2" daemon [_thread_blocked, id=12924, stack(0x00000000180f0000,0x00000000181f0000)]
=>0x00000000168c0800 JavaThread "C2 CompilerThread1" daemon [_thread_in_native, id=10836, stack(0x0000000017ff0000,0x00000000180f0000)]
  0x00000000168ba800 JavaThread "C2 CompilerThread0" daemon [_thread_in_native, id=9636, stack(0x0000000017ef0000,0x0000000017ff0000)]
  0x00000000168b9800 JavaThread "Attach Listener" daemon [_thread_blocked, id=6476, stack(0x0000000017df0000,0x0000000017ef0000)]
  0x00000000168b6000 JavaThread "Signal Dispatcher" daemon [_thread_blocked, id=16248, stack(0x0000000017cf0000,0x0000000017df0000)]
  0x0000000002f3d000 JavaThread "Finalizer" daemon [_thread_blocked, id=11580, stack(0x0000000017b00000,0x0000000017c00000)]
  0x0000000016899000 JavaThread "Reference Handler" daemon [_thread_blocked, id=1256, stack(0x0000000017a00000,0x0000000017b00000)]
  0x0000000002e43000 JavaThread "main" [_thread_blocked, id=10044, stack(0x0000000002d10000,0x0000000002e10000)]

Other Threads:
  0x0000000016877000 VMThread [stack: 0x0000000017900000,0x0000000017a00000] [id=9052]
  0x0000000018239800 WatcherThread [stack: 0x00000000186f0000,0x00000000187f0000] [id=12872]

VM state:not at safepoint (normal execution)

VM Mutex/Monitor currently owned by a thread: None

heap address: 0x00000000a0000000, size: 1536 MB, Compressed Oops mode: 32-bit
Narrow klass base: 0x0000000000000000, Narrow klass shift: 3
Compressed class space size: 1073741824 Address: 0x0000000100000000

Heap:
 PSYoungGen      total 196608K, used 62832K [0x00000000e0000000, 0x00000000ed680000, 0x0000000100000000)
  eden space 183296K, 34% used [0x00000000e0000000,0x00000000e3d5c2c0,0x00000000eb300000)
  from space 13312K, 0% used [0x00000000ebc80000,0x00000000ebc80000,0x00000000ec980000)
  to   space 11264K, 0% used [0x00000000ecb80000,0x00000000ecb80000,0x00000000ed680000)
 ParOldGen       total 142848K, used 33379K [0x00000000a0000000, 0x00000000a8b80000, 0x00000000e0000000)
  object space 142848K, 23% used [0x00000000a0000000,0x00000000a2098cc8,0x00000000a8b80000)
 Metaspace       used 59775K, capacity 62194K, committed 62376K, reserved 1103872K
  class space    used 8284K, capacity 8772K, committed 8880K, reserved 1048576K

Card table byte_map: [0x0000000012300000,0x0000000012610000] byte_map_base: 0x0000000011e00000

Marking Bits: (ParMarkBitMap*) 0x000000005527f030
 Begin Bits: [0x0000000012c10000, 0x0000000014410000)
 End Bits:   [0x0000000014410000, 0x0000000015c10000)

Polling page: 0x0000000000fd0000

CodeCache: size=245760Kb used=16920Kb max_used=18240Kb free=228839Kb
 bounds [0x0000000002f40000, 0x0000000004120000, 0x0000000011f40000]
 total_blobs=6312 nmethods=5526 adapters=698
 compilation: enabled

Compilation events (10 events):
Event: 12.426 Thread 0x00000000168d3800 nmethod 6138 0x00000000030c41d0 code [0x00000000030c4320, 0x00000000030c4410]
Event: 12.426 Thread 0x00000000168d3800 6139       1       org.gradle.internal.logging.events.ProgressStartEvent::getProgressOperationId (5 bytes)
Event: 12.426 Thread 0x00000000168d3800 nmethod 6139 0x000000000309b050 code [0x000000000309b1a0, 0x000000000309b2b0]
Event: 12.426 Thread 0x00000000168d3800 6140       1       com.google.common.collect.Synchronized$SynchronizedObject::delegate (5 bytes)
Event: 12.426 Thread 0x00000000168d3800 nmethod 6140 0x00000000030e9b50 code [0x00000000030e9ca0, 0x00000000030e9db0]
Event: 12.426 Thread 0x00000000168d3800 6141       3       com.google.common.collect.AbstractListMultimap::wrapCollection (11 bytes)
Event: 12.426 Thread 0x00000000168d3800 nmethod 6141 0x00000000031d5490 code [0x00000000031d5640, 0x00000000031d5dd8]
Event: 12.426 Thread 0x00000000168d3800 6142       3       org.gradle.internal.event.DefaultListenerManager$EventBroadcast::doStartNotification (48 bytes)
Event: 12.427 Thread 0x00000000168d3800 nmethod 6142 0x00000000031c00d0 code [0x00000000031c02c0, 0x00000000031c0c38]
Event: 12.427 Thread 0x00000000168d3800 6143   !   3       org.gradle.internal.event.DefaultListenerManager$EventBroadcast$ListenerDispatch::dispatch (55 bytes)

GC Heap History (10 events):
Event: 6.435 GC heap before
{Heap before GC invocations=8 (full 1):
 PSYoungGen      total 194560K, used 89185K [0x00000000e0000000, 0x00000000ed680000, 0x0000000100000000)
  eden space 183296K, 42% used [0x00000000e0000000,0x00000000e4c37970,0x00000000eb300000)
  from space 11264K, 98% used [0x00000000ecb80000,0x00000000ed660b08,0x00000000ed680000)
  to   space 13312K, 0% used [0x00000000ebc80000,0x00000000ebc80000,0x00000000ec980000)
 ParOldGen       total 65024K, used 7598K [0x00000000a0000000, 0x00000000a3f80000, 0x00000000e0000000)
  object space 65024K, 11% used [0x00000000a0000000,0x00000000a076bb20,0x00000000a3f80000)
 Metaspace       used 34507K, capacity 35386K, committed 35496K, reserved 1079296K
  class space    used 4725K, capacity 4970K, committed 5040K, reserved 1048576K
Event: 6.450 GC heap after
Heap after GC invocations=8 (full 1):
 PSYoungGen      total 196608K, used 9710K [0x00000000e0000000, 0x00000000ed680000, 0x0000000100000000)
  eden space 183296K, 0% used [0x00000000e0000000,0x00000000e0000000,0x00000000eb300000)
  from space 13312K, 72% used [0x00000000ebc80000,0x00000000ec5fba60,0x00000000ec980000)
  to   space 11264K, 0% used [0x00000000ecb80000,0x00000000ecb80000,0x00000000ed680000)
 ParOldGen       total 65024K, used 7606K [0x00000000a0000000, 0x00000000a3f80000, 0x00000000e0000000)
  object space 65024K, 11% used [0x00000000a0000000,0x00000000a076db20,0x00000000a3f80000)
 Metaspace       used 34507K, capacity 35386K, committed 35496K, reserved 1079296K
  class space    used 4725K, capacity 4970K, committed 5040K, reserved 1048576K
}
Event: 6.450 GC heap before
{Heap before GC invocations=9 (full 2):
 PSYoungGen      total 196608K, used 9710K [0x00000000e0000000, 0x00000000ed680000, 0x0000000100000000)
  eden space 183296K, 0% used [0x00000000e0000000,0x00000000e0000000,0x00000000eb300000)
  from space 13312K, 72% used [0x00000000ebc80000,0x00000000ec5fba60,0x00000000ec980000)
  to   space 11264K, 0% used [0x00000000ecb80000,0x00000000ecb80000,0x00000000ed680000)
 ParOldGen       total 65024K, used 7606K [0x00000000a0000000, 0x00000000a3f80000, 0x00000000e0000000)
  object space 65024K, 11% used [0x00000000a0000000,0x00000000a076db20,0x00000000a3f80000)
 Metaspace       used 34507K, capacity 35386K, committed 35496K, reserved 1079296K
  class space    used 4725K, capacity 4970K, committed 5040K, reserved 1048576K
Event: 6.572 GC heap after
Heap after GC invocations=9 (full 2):
 PSYoungGen      total 196608K, used 0K [0x00000000e0000000, 0x00000000ed680000, 0x0000000100000000)
  eden space 183296K, 0% used [0x00000000e0000000,0x00000000e0000000,0x00000000eb300000)
  from space 13312K, 0% used [0x00000000ebc80000,0x00000000ebc80000,0x00000000ec980000)
  to   space 11264K, 0% used [0x00000000ecb80000,0x00000000ecb80000,0x00000000ed680000)
 ParOldGen       total 94720K, used 16145K [0x00000000a0000000, 0x00000000a5c80000, 0x00000000e0000000)
  object space 94720K, 17% used [0x00000000a0000000,0x00000000a0fc47c0,0x00000000a5c80000)
 Metaspace       used 34507K, capacity 35386K, committed 35496K, reserved 1079296K
  class space    used 4725K, capacity 4970K, committed 5040K, reserved 1048576K
}
Event: 9.808 GC heap before
{Heap before GC invocations=10 (full 2):
 PSYoungGen      total 196608K, used 183296K [0x00000000e0000000, 0x00000000ed680000, 0x0000000100000000)
  eden space 183296K, 100% used [0x00000000e0000000,0x00000000eb300000,0x00000000eb300000)
  from space 13312K, 0% used [0x00000000ebc80000,0x00000000ebc80000,0x00000000ec980000)
  to   space 11264K, 0% used [0x00000000ecb80000,0x00000000ecb80000,0x00000000ed680000)
 ParOldGen       total 94720K, used 16145K [0x00000000a0000000, 0x00000000a5c80000, 0x00000000e0000000)
  object space 94720K, 17% used [0x00000000a0000000,0x00000000a0fc47c0,0x00000000a5c80000)
 Metaspace       used 49616K, capacity 51220K, committed 51368K, reserved 1093632K
  class space    used 6623K, capacity 7035K, committed 7088K, reserved 1048576K
Event: 9.832 GC heap after
Heap after GC invocations=10 (full 2):
 PSYoungGen      total 194560K, used 11260K [0x00000000e0000000, 0x00000000ed680000, 0x0000000100000000)
  eden space 183296K, 0% used [0x00000000e0000000,0x00000000e0000000,0x00000000eb300000)
  from space 11264K, 99% used [0x00000000ecb80000,0x00000000ed67f320,0x00000000ed680000)
  to   space 13312K, 0% used [0x00000000ebc80000,0x00000000ebc80000,0x00000000ec980000)
 ParOldGen       total 94720K, used 26414K [0x00000000a0000000, 0x00000000a5c80000, 0x00000000e0000000)
  object space 94720K, 27% used [0x00000000a0000000,0x00000000a19cbb08,0x00000000a5c80000)
 Metaspace       used 49616K, capacity 51220K, committed 51368K, reserved 1093632K
  class space    used 6623K, capacity 7035K, committed 7088K, reserved 1048576K
}
Event: 11.227 GC heap before
{Heap before GC invocations=11 (full 2):
 PSYoungGen      total 194560K, used 103775K [0x00000000e0000000, 0x00000000ed680000, 0x0000000100000000)
  eden space 183296K, 50% used [0x00000000e0000000,0x00000000e5a58ae0,0x00000000eb300000)
  from space 11264K, 99% used [0x00000000ecb80000,0x00000000ed67f320,0x00000000ed680000)
  to   space 13312K, 0% used [0x00000000ebc80000,0x00000000ebc80000,0x00000000ec980000)
 ParOldGen       total 94720K, used 26414K [0x00000000a0000000, 0x00000000a5c80000, 0x00000000e0000000)
  object space 94720K, 27% used [0x00000000a0000000,0x00000000a19cbb08,0x00000000a5c80000)
 Metaspace       used 57019K, capacity 59004K, committed 59160K, reserved 1099776K
  class space    used 7804K, capacity 8269K, committed 8368K, reserved 1048576K
Event: 11.248 GC heap after
Heap after GC invocations=11 (full 2):
 PSYoungGen      total 196608K, used 13301K [0x00000000e0000000, 0x00000000ed680000, 0x0000000100000000)
  eden space 183296K, 0% used [0x00000000e0000000,0x00000000e0000000,0x00000000eb300000)
  from space 13312K, 99% used [0x00000000ebc80000,0x00000000ec97d7c0,0x00000000ec980000)
  to   space 11264K, 0% used [0x00000000ecb80000,0x00000000ecb80000,0x00000000ed680000)
 ParOldGen       total 94720K, used 34007K [0x00000000a0000000, 0x00000000a5c80000, 0x00000000e0000000)
  object space 94720K, 35% used [0x00000000a0000000,0x00000000a2135e00,0x00000000a5c80000)
 Metaspace       used 57019K, capacity 59004K, committed 59160K, reserved 1099776K
  class space    used 7804K, capacity 8269K, committed 8368K, reserved 1048576K
}
Event: 11.248 GC heap before
{Heap before GC invocations=12 (full 3):
 PSYoungGen      total 196608K, used 13301K [0x00000000e0000000, 0x00000000ed680000, 0x0000000100000000)
  eden space 183296K, 0% used [0x00000000e0000000,0x00000000e0000000,0x00000000eb300000)
  from space 13312K, 99% used [0x00000000ebc80000,0x00000000ec97d7c0,0x00000000ec980000)
  to   space 11264K, 0% used [0x00000000ecb80000,0x00000000ecb80000,0x00000000ed680000)
 ParOldGen       total 94720K, used 34007K [0x00000000a0000000, 0x00000000a5c80000, 0x00000000e0000000)
  object space 94720K, 35% used [0x00000000a0000000,0x00000000a2135e00,0x00000000a5c80000)
 Metaspace       used 57019K, capacity 59004K, committed 59160K, reserved 1099776K
  class space    used 7804K, capacity 8269K, committed 8368K, reserved 1048576K
Event: 11.494 GC heap after
Heap after GC invocations=12 (full 3):
 PSYoungGen      total 196608K, used 0K [0x00000000e0000000, 0x00000000ed680000, 0x0000000100000000)
  eden space 183296K, 0% used [0x00000000e0000000,0x00000000e0000000,0x00000000eb300000)
  from space 13312K, 0% used [0x00000000ebc80000,0x00000000ebc80000,0x00000000ec980000)
  to   space 11264K, 0% used [0x00000000ecb80000,0x00000000ecb80000,0x00000000ed680000)
 ParOldGen       total 142848K, used 33379K [0x00000000a0000000, 0x00000000a8b80000, 0x00000000e0000000)
  object space 142848K, 23% used [0x00000000a0000000,0x00000000a2098cc8,0x00000000a8b80000)
 Metaspace       used 57019K, capacity 59004K, committed 59160K, reserved 1099776K
  class space    used 7804K, capacity 8269K, committed 8368K, reserved 1048576K
}

Deoptimization events (10 events):
Event: 12.229 Thread 0x0000000018318000 Uncommon trap: reason=speculate_class_check action=maybe_recompile pc=0x0000000003bfd0e8 method=com.google.common.collect.AbstractIndexedListIterator.next()Ljava/lang/Object; @ 27
Event: 12.229 Thread 0x0000000018318000 Uncommon trap: reason=speculate_class_check action=maybe_recompile pc=0x0000000003bfd0e8 method=com.google.common.collect.AbstractIndexedListIterator.next()Ljava/lang/Object; @ 27
Event: 12.258 Thread 0x0000000019113000 Uncommon trap: reason=unstable_if action=reinterpret pc=0x0000000003c1052c method=java.util.concurrent.ConcurrentHashMap.putVal(Ljava/lang/Object;Ljava/lang/Object;Z)Ljava/lang/Object; @ 98
Event: 12.258 Thread 0x0000000018318000 Uncommon trap: reason=class_check action=maybe_recompile pc=0x0000000003c10560 method=java.util.concurrent.ConcurrentHashMap.putVal(Ljava/lang/Object;Ljava/lang/Object;Z)Ljava/lang/Object; @ 192
Event: 12.266 Thread 0x0000000019113000 Uncommon trap: reason=unstable_if action=reinterpret pc=0x0000000003c0bbdc method=java.util.concurrent.ConcurrentHashMap.addCount(JI)V @ 34
Event: 12.285 Thread 0x0000000018318000 Uncommon trap: reason=bimorphic action=maybe_recompile pc=0x000000000386f334 method=java.util.Arrays.binarySearch0([Ljava/lang/Object;IILjava/lang/Object;Ljava/util/Comparator;)I @ 48
Event: 12.285 Thread 0x0000000018318000 Uncommon trap: reason=bimorphic action=maybe_recompile pc=0x000000000386f334 method=java.util.Arrays.binarySearch0([Ljava/lang/Object;IILjava/lang/Object;Ljava/util/Comparator;)I @ 48
Event: 12.287 Thread 0x0000000018318000 Uncommon trap: reason=unstable_if action=reinterpret pc=0x0000000003d270d8 method=java.util.concurrent.ConcurrentHashMap.addCount(JI)V @ 7
Event: 12.333 Thread 0x00000000168cf800 Uncommon trap: reason=bimorphic action=maybe_recompile pc=0x000000000386f334 method=java.util.Arrays.binarySearch0([Ljava/lang/Object;IILjava/lang/Object;Ljava/util/Comparator;)I @ 48
Event: 12.333 Thread 0x00000000168cf800 Uncommon trap: reason=bimorphic action=maybe_recompile pc=0x000000000386f334 method=java.util.Arrays.binarySearch0([Ljava/lang/Object;IILjava/lang/Object;Ljava/util/Comparator;)I @ 48

Classes redefined (0 events):
No events

Internal exceptions (10 events):
Event: 10.627 Thread 0x0000000018318000 Exception <a 'java/lang/ClassNotFoundException': com/android/build/gradle/internal/api/ApkVariantOutputImplBeanInfo> (0x00000000e29390c8) thrown at [C:\src\AOSP-openjdk-git\hotspot\src\share\vm\classfile\systemDictionary.cpp, line 210]
Event: 10.628 Thread 0x0000000018318000 Exception <a 'java/lang/ClassNotFoundException': com/android/build/gradle/internal/api/BaseVariantOutputImplBeanInfo> (0x00000000e29574f0) thrown at [C:\src\AOSP-openjdk-git\hotspot\src\share\vm\classfile\systemDictionary.cpp, line 210]
Event: 10.628 Thread 0x0000000018318000 Exception <a 'java/lang/ClassNotFoundException': com/android/build/gradle/internal/api/BaseVariantOutputImplCustomizer> (0x00000000e2975e70) thrown at [C:\src\AOSP-openjdk-git\hotspot\src\share\vm\classfile\systemDictionary.cpp, line 210]
Event: 10.630 Thread 0x0000000018318000 Exception <a 'java/lang/ClassNotFoundException': com/android/build/gradle/internal/api/ApkVariantOutputImplCustomizer> (0x00000000e29ae860) thrown at [C:\src\AOSP-openjdk-git\hotspot\src\share\vm\classfile\systemDictionary.cpp, line 210]
Event: 10.631 Thread 0x0000000018318000 Exception <a 'java/lang/ClassNotFoundException': com/android/build/gradle/internal/api/ApkVariantOutputImpl_DecoratedCustomizer> (0x00000000e29e23d0) thrown at [C:\src\AOSP-openjdk-git\hotspot\src\share\vm\classfile\systemDictionary.cpp, line 210]
Event: 10.954 Thread 0x0000000018318000 Exception <a 'java/lang/ClassNotFoundException': com/sun/org/glassfish/hk2/osgiresourcelocator/ServiceLoader> (0x00000000e42f35c8) thrown at [C:\src\AOSP-openjdk-git\hotspot\src\share\vm\classfile\systemDictionary.cpp, line 210]
Event: 11.004 Thread 0x0000000018318000 Exception <a 'java/lang/NullPointerException'> (0x00000000e47493d0) thrown at [C:\src\AOSP-openjdk-git\hotspot\src\share\vm\interpreter\linkResolver.cpp, line 1287]
Event: 12.291 Thread 0x0000000019113000 Exception <a 'java/lang/NoSuchMethodError': java.lang.Object.lambda$identity$2(Ljava/lang/Object;)Ljava/lang/Object;> (0x00000000e2dc3838) thrown at [C:\src\AOSP-openjdk-git\hotspot\src\share\vm\interpreter\linkResolver.cpp, line 620]
Event: 12.291 Thread 0x0000000019114800 Exception <a 'java/lang/NoSuchMethodError': java.lang.Object.lambda$identity$2(Ljava/lang/Object;)Ljava/lang/Object;> (0x00000000e2d42948) thrown at [C:\src\AOSP-openjdk-git\hotspot\src\share\vm\interpreter\linkResolver.cpp, line 620]
Event: 12.291 Thread 0x0000000019119800 Exception <a 'java/lang/NoSuchMethodError': java.lang.Object.lambda$identity$2(Ljava/lang/Object;)Ljava/lang/Object;> (0x00000000e2eb0670) thrown at [C:\src\AOSP-openjdk-git\hotspot\src\share\vm\interpreter\linkResolver.cpp, line 620]

Events (10 events):
Event: 12.407 Thread 0x00000000168d3800 flushing nmethod 0x0000000003c52610
Event: 12.407 Thread 0x00000000168d3800 flushing nmethod 0x0000000003c84c10
Event: 12.407 Thread 0x00000000168d3800 flushing nmethod 0x0000000003cac1d0
Event: 12.407 Thread 0x00000000168d3800 flushing nmethod 0x0000000003cb04d0
Event: 12.427 loading class org/gradle/internal/snapshot/VfsRelativePath
Event: 12.427 loading class org/gradle/internal/snapshot/VfsRelativePath done
Event: 12.427 loading class org/gradle/internal/snapshot/MetadataSnapshot
Event: 12.427 loading class org/gradle/internal/snapshot/MetadataSnapshot done
Event: 12.427 loading class org/gradle/internal/snapshot/VfsRelativePath
Event: 12.427 loading class org/gradle/internal/snapshot/VfsRelativePath done


Dynamic libraries:
0x00007ff677460000 - 0x00007ff677491000 	C:\Program Files\Android\Android Studio\jre\bin\java.exe
0x00007ffbc2640000 - 0x00007ffbc2830000 	C:\WINDOWS\SYSTEM32\ntdll.dll
0x00007ffbc2360000 - 0x00007ffbc2412000 	C:\WINDOWS\System32\KERNEL32.DLL
0x00007ffbc0130000 - 0x00007ffbc03d5000 	C:\WINDOWS\System32\KERNELBASE.dll
0x00007ffbc22b0000 - 0x00007ffbc2353000 	C:\WINDOWS\System32\ADVAPI32.dll
0x00007ffbc1bd0000 - 0x00007ffbc1c6e000 	C:\WINDOWS\System32\msvcrt.dll
0x00007ffbc2210000 - 0x00007ffbc22a7000 	C:\WINDOWS\System32\sechost.dll
0x00007ffbc06f0000 - 0x00007ffbc0810000 	C:\WINDOWS\System32\RPCRT4.dll
0x00007ffbc2430000 - 0x00007ffbc25c4000 	C:\WINDOWS\System32\USER32.dll
0x00007ffbbf6d0000 - 0x00007ffbbf6f1000 	C:\WINDOWS\System32\win32u.dll
0x00007ffbc14f0000 - 0x00007ffbc1516000 	C:\WINDOWS\System32\GDI32.dll
0x00007ffbc0550000 - 0x00007ffbc06e6000 	C:\WINDOWS\System32\gdi32full.dll
0x00007ffbc0460000 - 0x00007ffbc04fe000 	C:\WINDOWS\System32\msvcp_win.dll
0x00007ffbbf5d0000 - 0x00007ffbbf6ca000 	C:\WINDOWS\System32\ucrtbase.dll
0x00007ffbac010000 - 0x00007ffbac294000 	C:\WINDOWS\WinSxS\amd64_microsoft.windows.common-controls_6595b64144ccf1df_6.0.18362.1139_none_9e7bf2d3e4605ac6\COMCTL32.dll
0x00007ffbc1eb0000 - 0x00007ffbc21e5000 	C:\WINDOWS\System32\combase.dll
0x00007ffbc03e0000 - 0x00007ffbc0460000 	C:\WINDOWS\System32\bcryptPrimitives.dll
0x00007ffbc25d0000 - 0x00007ffbc25fe000 	C:\WINDOWS\System32\IMM32.DLL
0x00000000548f0000 - 0x00000000549c2000 	C:\Program Files\Android\Android Studio\jre\jre\bin\msvcr100.dll
0x0000000054ab0000 - 0x00000000552fb000 	C:\Program Files\Android\Android Studio\jre\jre\bin\server\jvm.dll
0x00007ffbc1ea0000 - 0x00007ffbc1ea8000 	C:\WINDOWS\System32\PSAPI.DLL
0x00007ffba8b20000 - 0x00007ffba8b29000 	C:\WINDOWS\SYSTEM32\WSOCK32.dll
0x00007ffbc1b60000 - 0x00007ffbc1bcf000 	C:\WINDOWS\System32\WS2_32.dll
0x00007ffbb7130000 - 0x00007ffbb7154000 	C:\WINDOWS\SYSTEM32\WINMM.dll
0x00007ffbb7780000 - 0x00007ffbb778a000 	C:\WINDOWS\SYSTEM32\VERSION.dll
0x00007ffbb70e0000 - 0x00007ffbb710d000 	C:\WINDOWS\SYSTEM32\winmmbase.dll
0x00007ffbc0500000 - 0x00007ffbc054a000 	C:\WINDOWS\System32\cfgmgr32.dll
0x00007ffbbbe60000 - 0x00007ffbbbe6f000 	C:\Program Files\Android\Android Studio\jre\jre\bin\verify.dll
0x00007ffb9bbd0000 - 0x00007ffb9bbf9000 	C:\Program Files\Android\Android Studio\jre\jre\bin\java.dll
0x00007ffbad440000 - 0x00007ffbad456000 	C:\Program Files\Android\Android Studio\jre\jre\bin\zip.dll
0x00007ffbc09e0000 - 0x00007ffbc10c7000 	C:\WINDOWS\System32\SHELL32.dll
0x00007ffbc1c70000 - 0x00007ffbc1d19000 	C:\WINDOWS\System32\shcore.dll
0x00007ffbbf700000 - 0x00007ffbbfe80000 	C:\WINDOWS\System32\windows.storage.dll
0x00007ffbbf580000 - 0x00007ffbbf5a3000 	C:\WINDOWS\System32\profapi.dll
0x00007ffbbf510000 - 0x00007ffbbf55a000 	C:\WINDOWS\System32\powrprof.dll
0x00007ffbbf500000 - 0x00007ffbbf510000 	C:\WINDOWS\System32\UMPDC.dll
0x00007ffbc1130000 - 0x00007ffbc1182000 	C:\WINDOWS\System32\shlwapi.dll
0x00007ffbbf5b0000 - 0x00007ffbbf5c1000 	C:\WINDOWS\System32\kernel.appcore.dll
0x00007ffbbfee0000 - 0x00007ffbbfef7000 	C:\WINDOWS\System32\cryptsp.dll
0x00007ffb9b610000 - 0x00007ffb9b62a000 	C:\Program Files\Android\Android Studio\jre\jre\bin\net.dll
0x00007ffbbed50000 - 0x00007ffbbedb7000 	C:\WINDOWS\system32\mswsock.dll
0x00007ffb9b050000 - 0x00007ffb9b063000 	C:\Program Files\Android\Android Studio\jre\jre\bin\nio.dll
0x00007ffbad250000 - 0x00007ffbad276000 	C:\Users\Sezgin\.gradle\native\31\windows-amd64\native-platform.dll
0x00007ffbbbe00000 - 0x00007ffbbbe0d000 	C:\Program Files\Android\Android Studio\jre\jre\bin\management.dll
0x00007ffbbe8c0000 - 0x00007ffbbe8f3000 	C:\WINDOWS\system32\rsaenh.dll
0x00007ffbc0050000 - 0x00007ffbc0076000 	C:\WINDOWS\System32\bcrypt.dll
0x00007ffbbf420000 - 0x00007ffbbf445000 	C:\WINDOWS\SYSTEM32\USERENV.dll
0x00007ffbbef20000 - 0x00007ffbbef2c000 	C:\WINDOWS\SYSTEM32\CRYPTBASE.dll
0x00007ffbbea60000 - 0x00007ffbbea9a000 	C:\WINDOWS\SYSTEM32\IPHLPAPI.DLL
0x00007ffbc2420000 - 0x00007ffbc2428000 	C:\WINDOWS\System32\NSI.dll
0x00007ffbb7e50000 - 0x00007ffbb7e66000 	C:\WINDOWS\SYSTEM32\dhcpcsvc6.DLL
0x00007ffbb7e30000 - 0x00007ffbb7e4c000 	C:\WINDOWS\SYSTEM32\dhcpcsvc.DLL
0x00007ffbbeaa0000 - 0x00007ffbbeb6b000 	C:\WINDOWS\SYSTEM32\DNSAPI.dll

VM Arguments:
jvm_args: -Xmx1536m -Dfile.encoding=windows-1254 -Duser.country=TR -Duser.language=tr -Duser.variant 
java_command: org.gradle.launcher.daemon.bootstrap.GradleDaemon 6.1.1
java_class_path (initial): C:\Users\Sezgin\.gradle\wrapper\dists\gradle-6.1.1-all\cfmwm155h49vnt3hynmlrsdst\gradle-6.1.1\lib\gradle-launcher-6.1.1.jar
Launcher Type: SUN_STANDARD

Environment Variables:
USERNAME=Sezgin
OS=Windows_NT
PROCESSOR_IDENTIFIER=Intel64 Family 6 Model 69 Stepping 1, GenuineIntel



---------------  S Y S T E M  ---------------

OS: Windows 10.0 , 64 bit Build 18362 (10.0.18362.1110)

CPU:total 4 (initial active 4) (2 cores per cpu, 2 threads per core) family 6 model 69 stepping 1, cmov, cx8, fxsr, mmx, sse, sse2, sse3, ssse3, sse4.1, sse4.2, popcnt, avx, avx2, aes, clmul, erms, lzcnt, ht, tsc, tscinvbit, bmi1, bmi2

Memory: 4k page, physical 12472600k(1472376k free), swap 12472600k(5680k free)

vm_info: OpenJDK 64-Bit Server VM (25.242-b01) for windows-amd64 JRE (1.8.0_242-release-1644-b01), built by "builder" with MS VC++ 10.0 (VS2010)

time: Tue Oct 20 15:18:29 2020
timezone: Türkiye Standart Saati
elapsed time: 12 seconds (0d 0h 0m 12s)

